Virtual User Script started at: 25.09.2020 21:31:51	[MsgId: MMSG-15967]
Starting action vuser_init.	[MsgId: MMSG-15919]
Web Turbo Replay of LoadRunner 12.55.0 for Windows 10; build 911 (èþë 24 2017 19:46:00)  	[MsgId: MMSG-26983]
Run mode: HTML  	[MsgId: MMSG-26993]
Replay user agent: Mozilla/5.0 (compatible; MSIE 10.0; Windows NT 6.1; Trident/6.0)  	[MsgId: MMSG-26988]
Run-Time Settings file: "C:\Users\mtemu\AppData\Local\Temp\lr5tmpdirS7L.400\lrcfgG2B.401\cfg5ZF.406"  	[MsgId: MMSG-27141]
Ending action vuser_init.	[MsgId: MMSG-15918]
Running Vuser...	[MsgId: MMSG-15964]
Starting iteration 1.	[MsgId: MMSG-15968]
Maximum number of concurrent connections per server: 6  	[MsgId: MMSG-26989]
Starting action Action.	[MsgId: MMSG-15919]
Action.c(5): Notify: Transaction "UC_05_ViewingPurchasedTickets" started.	[MsgId: MMSG-16999]
..\\QueryLibrary\\go_to_site_request.h(6): Notify: Transaction "go_to_site" started.	[MsgId: MMSG-16999]
..\\QueryLibrary\\go_to_site_request.h(8): web_set_sockets_option started  	[MsgId: MMSG-26355]
..\\QueryLibrary\\go_to_site_request.h(8): web_set_sockets_option was successful  	[MsgId: MMSG-26392]
..\\QueryLibrary\\go_to_site_request.h(10): web_add_auto_header("Sec-Fetch-Site") started  	[MsgId: MMSG-26355]
..\\QueryLibrary\\go_to_site_request.h(10): web_add_auto_header("Sec-Fetch-Site") was successful  	[MsgId: MMSG-26392]
..\\QueryLibrary\\go_to_site_request.h(13): web_add_auto_header("Sec-Fetch-Dest") started  	[MsgId: MMSG-26355]
..\\QueryLibrary\\go_to_site_request.h(13): web_add_auto_header("Sec-Fetch-Dest") was successful  	[MsgId: MMSG-26392]
..\\QueryLibrary\\go_to_site_request.h(16): web_add_auto_header("Sec-Fetch-Mode") started  	[MsgId: MMSG-26355]
..\\QueryLibrary\\go_to_site_request.h(16): web_add_auto_header("Sec-Fetch-Mode") was successful  	[MsgId: MMSG-26392]
..\\QueryLibrary\\go_to_site_request.h(19): web_add_auto_header("DNT") started  	[MsgId: MMSG-26355]
..\\QueryLibrary\\go_to_site_request.h(19): web_add_auto_header("DNT") was successful  	[MsgId: MMSG-26392]
..\\QueryLibrary\\go_to_site_request.h(22): web_add_header("Sec-Fetch-User") started  	[MsgId: MMSG-26355]
..\\QueryLibrary\\go_to_site_request.h(22): web_add_header("Sec-Fetch-User") was successful  	[MsgId: MMSG-26392]
..\\QueryLibrary\\go_to_site_request.h(25): web_add_header("Upgrade-Insecure-Requests") started  	[MsgId: MMSG-26355]
..\\QueryLibrary\\go_to_site_request.h(25): web_add_header("Upgrade-Insecure-Requests") was successful  	[MsgId: MMSG-26392]
..\\QueryLibrary\\go_to_site_request.h(29): web_reg_save_param_ex started  	[MsgId: MMSG-26355]
..\\QueryLibrary\\go_to_site_request.h(29): Registering web_reg_save_param_ex was successful  	[MsgId: MMSG-26390]
..\\QueryLibrary\\go_to_site_request.h(41): web_reg_find started  	[MsgId: MMSG-26355]
..\\QueryLibrary\\go_to_site_request.h(41): Registering web_reg_find was successful  	[MsgId: MMSG-26390]
..\\QueryLibrary\\go_to_site_request.h(45): web_url("WebTours") started  	[MsgId: MMSG-26355]
..\\QueryLibrary\\go_to_site_request.h(45): Error -27792: Failed to connect to server "localhost:1080": [10061] Connection refused  	[MsgId: MERR-27792]
..\\QueryLibrary\\go_to_site_request.h(45): Notify: Saving Parameter "userSession = ".	[MsgId: MMSG-13798]
..\\QueryLibrary\\go_to_site_request.h(45): Error -35061: No match found for the requested parameter "userSession". Either the specified boundaries were not found in the response or the matched text is longer than current max html parameter size of 256 bytes. The total length of the response is 0 bytes. You can use "web_set_max_html_param_len" to increase the max parameter size.  	[MsgId: MERR-35061]
..\\QueryLibrary\\go_to_site_request.h(45): Error -26366: "Text=Welcome to the Web Tours site." not found for web_reg_find  	[MsgId: MERR-26366]
..\\QueryLibrary\\go_to_site_request.h(45): Error -26374: The above "not found" error(s) may be explained by header and body byte counts being 0 and 0, respectively.  	[MsgId: MERR-26374]
..\\QueryLibrary\\go_to_site_request.h(45): web_url("WebTours") highest severity level was "ERROR", 0 body bytes, 0 header bytes  	[MsgId: MMSG-26388]
..\\QueryLibrary\\go_to_site_request.h(45): Notify: Transaction "go_to_site" ended with a "Fail" status (Duration: 2,0084 Wasted Time: 0,0002).	[MsgId: MMSG-16871]
..\\QueryLibrary\\go_to_site_request.h(45): Notify: Transaction "go_to_site" has 3 error message(s).	[MsgId: MMSG-16818]
..\\QueryLibrary\\go_to_site_request.h(45): Notify: The 1st error message associated with transaction "go_to_site" is "Error -27792: Failed to connect to server "localhost:1080": [10061] Connection refused"	[MsgId: MMSG-16819]
..\\QueryLibrary\\go_to_site_request.h(45): Notify: The 2nd error message associated with transaction "go_to_site" is "Error -26366: "Text=Welcome to the Web Tours site." not found for web_reg_find"	[MsgId: MMSG-16819]
..\\QueryLibrary\\go_to_site_request.h(45): Notify: The 3rd error message associated with transaction "go_to_site" is "Error -26374: The above "not found" error(s) may be explained by header and body byte counts being 0 and 0, respectively."	[MsgId: MMSG-16819]
..\\QueryLibrary\\go_to_site_request.h(45): Notify: Transaction "UC_05_ViewingPurchasedTickets" ended with a "Fail" status (Duration: 2,0085 Wasted Time: 0,0002).	[MsgId: MMSG-16871]
..\\QueryLibrary\\go_to_site_request.h(45): Notify: Transaction "UC_05_ViewingPurchasedTickets" has 3 error message(s).	[MsgId: MMSG-16818]
..\\QueryLibrary\\go_to_site_request.h(45): Notify: The 1st error message associated with transaction "UC_05_ViewingPurchasedTickets" is "Error -27792: Failed to connect to server "localhost:1080": [10061] Connection refused"	[MsgId: MMSG-16819]
..\\QueryLibrary\\go_to_site_request.h(45): Notify: The 2nd error message associated with transaction "UC_05_ViewingPurchasedTickets" is "Error -26366: "Text=Welcome to the Web Tours site." not found for web_reg_find"	[MsgId: MMSG-16819]
..\\QueryLibrary\\go_to_site_request.h(45): Notify: The 3rd error message associated with transaction "UC_05_ViewingPurchasedTickets" is "Error -26374: The above "not found" error(s) may be explained by header and body byte counts being 0 and 0, respectively."	[MsgId: MMSG-16819]
Ending action Action.	[MsgId: MMSG-15918]
Ending iteration 1.	[MsgId: MMSG-15965]
Waiting 61,9900 seconds for iteration pacing.	[MsgId: MMSG-15996]
Action was aborted.	[MsgId: MMSG-10694]
Ending Vuser...	[MsgId: MMSG-15966]
Starting action vuser_end.	[MsgId: MMSG-15919]
Ending action vuser_end.	[MsgId: MMSG-15918]
Vuser Terminated.	[MsgId: MMSG-15963]
Vuser 0 (thread 7132), ended OK."	[MsgId: MMSG-10695]
