Virtual User Script started at: 24.09.2020 13:55:57	[MsgId: MMSG-15967]
Starting action vuser_init.	[MsgId: MMSG-15919]
Web Turbo Replay of LoadRunner 12.55.0 for Windows 10; build 911 (èþë 24 2017 19:46:00)  	[MsgId: MMSG-26983]
Run mode: HTML  	[MsgId: MMSG-26993]
Replay user agent: Mozilla/5.0 (Windows NT 10.0; Win64; x64) AppleWebKit/537.36 (KHTML, like Gecko) Chrome/85.0.4183.102 Safari/537.36  	[MsgId: MMSG-26988]
Run-Time Settings file: "C:\Users\mtemu\AppData\Local\Temp\lr5tmpdirjNm.78\lrcfgnm3.87\cfgEcY.96"  	[MsgId: MMSG-27141]
Ending action vuser_init.	[MsgId: MMSG-15918]
Running Vuser...	[MsgId: MMSG-15964]
Starting iteration 1.	[MsgId: MMSG-15968]
Maximum number of concurrent connections per server: 6  	[MsgId: MMSG-26989]
Starting action Action.	[MsgId: MMSG-15919]
Action.c(28): Notify: Transaction "UC_02_ReissuanceTicket" started.	[MsgId: MMSG-16999]
..\\QueryLibrary\\go_to_site_request.h(6): Notify: Transaction "go_to_site" started.	[MsgId: MMSG-16999]
..\\QueryLibrary\\go_to_site_request.h(8): web_set_sockets_option started  	[MsgId: MMSG-26355]
..\\QueryLibrary\\go_to_site_request.h(8): web_set_sockets_option was successful  	[MsgId: MMSG-26392]
..\\QueryLibrary\\go_to_site_request.h(10): web_add_auto_header("Sec-Fetch-Site") started  	[MsgId: MMSG-26355]
..\\QueryLibrary\\go_to_site_request.h(10): web_add_auto_header("Sec-Fetch-Site") was successful  	[MsgId: MMSG-26392]
..\\QueryLibrary\\go_to_site_request.h(13): web_add_auto_header("Sec-Fetch-Dest") started  	[MsgId: MMSG-26355]
..\\QueryLibrary\\go_to_site_request.h(13): web_add_auto_header("Sec-Fetch-Dest") was successful  	[MsgId: MMSG-26392]
..\\QueryLibrary\\go_to_site_request.h(16): web_add_auto_header("Sec-Fetch-Mode") started  	[MsgId: MMSG-26355]
..\\QueryLibrary\\go_to_site_request.h(16): web_add_auto_header("Sec-Fetch-Mode") was successful  	[MsgId: MMSG-26392]
..\\QueryLibrary\\go_to_site_request.h(19): web_add_auto_header("DNT") started  	[MsgId: MMSG-26355]
..\\QueryLibrary\\go_to_site_request.h(19): web_add_auto_header("DNT") was successful  	[MsgId: MMSG-26392]
..\\QueryLibrary\\go_to_site_request.h(22): web_add_header("Sec-Fetch-User") started  	[MsgId: MMSG-26355]
..\\QueryLibrary\\go_to_site_request.h(22): web_add_header("Sec-Fetch-User") was successful  	[MsgId: MMSG-26392]
..\\QueryLibrary\\go_to_site_request.h(25): web_add_header("Upgrade-Insecure-Requests") started  	[MsgId: MMSG-26355]
..\\QueryLibrary\\go_to_site_request.h(25): web_add_header("Upgrade-Insecure-Requests") was successful  	[MsgId: MMSG-26392]
..\\QueryLibrary\\go_to_site_request.h(29): web_reg_save_param_ex started  	[MsgId: MMSG-26355]
..\\QueryLibrary\\go_to_site_request.h(29): Registering web_reg_save_param_ex was successful  	[MsgId: MMSG-26390]
..\\QueryLibrary\\go_to_site_request.h(41): web_reg_find started  	[MsgId: MMSG-26355]
..\\QueryLibrary\\go_to_site_request.h(41): Registering web_reg_find was successful  	[MsgId: MMSG-26390]
..\\QueryLibrary\\go_to_site_request.h(45): web_url("WebTours") started  	[MsgId: MMSG-26355]
..\\QueryLibrary\\go_to_site_request.h(45): Redirecting "http://localhost:1080/WebTours" (redirection depth is 0)  	[MsgId: MMSG-26694]
..\\QueryLibrary\\go_to_site_request.h(45): To location "http://localhost:1080/WebTours/"  	[MsgId: MMSG-26693]
..\\QueryLibrary\\go_to_site_request.h(45): Detected non-resource "http://localhost:1080/WebTours/header.html" in "http://localhost:1080/WebTours/"  	[MsgId: MMSG-26574]
..\\QueryLibrary\\go_to_site_request.h(45): Detected non-resource "http://localhost:1080/cgi-bin/welcome.pl?signOff=true" in "http://localhost:1080/WebTours/"  	[MsgId: MMSG-26574]
..\\QueryLibrary\\go_to_site_request.h(45): Found resource "http://localhost:1080/WebTours/images/hp_logo.png" in HTML "http://localhost:1080/WebTours/header.html"  	[MsgId: MMSG-26659]
..\\QueryLibrary\\go_to_site_request.h(45): Found resource "http://localhost:1080/WebTours/images/webtours.png" in HTML "http://localhost:1080/WebTours/header.html"  	[MsgId: MMSG-26659]
..\\QueryLibrary\\go_to_site_request.h(45): Detected non-resource "http://localhost:1080/cgi-bin/nav.pl?in=home" in "http://localhost:1080/cgi-bin/welcome.pl?signOff=true"  	[MsgId: MMSG-26574]
..\\QueryLibrary\\go_to_site_request.h(45): Detected non-resource "http://localhost:1080/WebTours/home.html" in "http://localhost:1080/cgi-bin/welcome.pl?signOff=true"  	[MsgId: MMSG-26574]
..\\QueryLibrary\\go_to_site_request.h(45): Found resource "http://localhost:1080/WebTours/images/mer_login.gif" in HTML "http://localhost:1080/cgi-bin/nav.pl?in=home"  	[MsgId: MMSG-26659]
..\\QueryLibrary\\go_to_site_request.h(45): Registered web_reg_find successful for "Text=Welcome to the Web Tours site." (count=1)  	[MsgId: MMSG-26364]
..\\QueryLibrary\\go_to_site_request.h(45): web_url("WebTours") was successful, 10315 body bytes, 2683 header bytes, 24 chunking overhead bytes  	[MsgId: MMSG-26385]
..\\QueryLibrary\\go_to_site_request.h(55): web_add_auto_header("Sec-Fetch-Dest") started  	[MsgId: MMSG-26355]
..\\QueryLibrary\\go_to_site_request.h(55): web_add_auto_header("Sec-Fetch-Dest") was successful  	[MsgId: MMSG-26392]
..\\QueryLibrary\\go_to_site_request.h(58): web_add_auto_header("Sec-Fetch-Mode") started  	[MsgId: MMSG-26355]
..\\QueryLibrary\\go_to_site_request.h(58): web_add_auto_header("Sec-Fetch-Mode") was successful  	[MsgId: MMSG-26392]
..\\QueryLibrary\\go_to_site_request.h(61): web_add_header("Origin") started  	[MsgId: MMSG-26355]
..\\QueryLibrary\\go_to_site_request.h(61): web_add_header("Origin") was successful  	[MsgId: MMSG-26392]
..\\QueryLibrary\\go_to_site_request.h(64): web_add_auto_header("Origin") started  	[MsgId: MMSG-26355]
..\\QueryLibrary\\go_to_site_request.h(64): web_add_auto_header("Origin") was successful  	[MsgId: MMSG-26392]
..\\QueryLibrary\\go_to_site_request.h(67): web_add_auto_header("Sec-Fetch-Mode") started  	[MsgId: MMSG-26355]
..\\QueryLibrary\\go_to_site_request.h(67): web_add_auto_header("Sec-Fetch-Mode") was successful  	[MsgId: MMSG-26392]
..\\QueryLibrary\\go_to_site_request.h(70): Notify: Transaction "go_to_site" ended with a "Pass" status (Duration: 0,0989 Wasted Time: 0,0008).	[MsgId: MMSG-16871]
..\\QueryLibrary\\login_request.h(6): Notify: Transaction "login" started.	[MsgId: MMSG-16999]
..\\QueryLibrary\\login_request.h(8): lr_think_time: 5,00 seconds.	[MsgId: MMSG-15948]
..\\QueryLibrary\\login_request.h(10): web_remove_auto_header("Origin") started  	[MsgId: MMSG-26355]
..\\QueryLibrary\\login_request.h(10): Previous automatically added web header for "Origin" removed  	[MsgId: MMSG-26587]
..\\QueryLibrary\\login_request.h(10): web_remove/revert_auto_header("Origin") was successful  	[MsgId: MMSG-26392]
..\\QueryLibrary\\login_request.h(12): web_add_auto_header("Sec-Fetch-Mode") started  	[MsgId: MMSG-26355]
..\\QueryLibrary\\login_request.h(12): web_add_auto_header("Sec-Fetch-Mode") was successful  	[MsgId: MMSG-26392]
..\\QueryLibrary\\login_request.h(15): web_add_auto_header("Sec-Fetch-Dest") started  	[MsgId: MMSG-26355]
..\\QueryLibrary\\login_request.h(15): web_add_auto_header("Sec-Fetch-Dest") was successful  	[MsgId: MMSG-26392]
..\\QueryLibrary\\login_request.h(18): web_add_auto_header("Sec-Fetch-Site") started  	[MsgId: MMSG-26355]
..\\QueryLibrary\\login_request.h(18): web_add_auto_header("Sec-Fetch-Site") was successful  	[MsgId: MMSG-26392]
..\\QueryLibrary\\login_request.h(21): web_add_auto_header("Sec-Fetch-User") started  	[MsgId: MMSG-26355]
..\\QueryLibrary\\login_request.h(21): web_add_auto_header("Sec-Fetch-User") was successful  	[MsgId: MMSG-26392]
..\\QueryLibrary\\login_request.h(24): web_add_auto_header("Upgrade-Insecure-Requests") started  	[MsgId: MMSG-26355]
..\\QueryLibrary\\login_request.h(24): web_add_auto_header("Upgrade-Insecure-Requests") was successful  	[MsgId: MMSG-26392]
..\\QueryLibrary\\login_request.h(28): web_reg_find started  	[MsgId: MMSG-26355]
..\\QueryLibrary\\login_request.h(28): Registering web_reg_find was successful  	[MsgId: MMSG-26390]
..\\QueryLibrary\\login_request.h(32): web_submit_data("login.pl") started  	[MsgId: MMSG-26355]
..\\QueryLibrary\\login_request.h(32): Detected non-resource "http://localhost:1080/cgi-bin/nav.pl?page=menu&in=home" in "http://localhost:1080/cgi-bin/login.pl"  	[MsgId: MMSG-26574]
..\\QueryLibrary\\login_request.h(32): Detected non-resource "http://localhost:1080/cgi-bin/login.pl?intro=true" in "http://localhost:1080/cgi-bin/login.pl"  	[MsgId: MMSG-26574]
..\\QueryLibrary\\login_request.h(32): Found resource "http://localhost:1080/WebTours/images/flights.gif" in HTML "http://localhost:1080/cgi-bin/nav.pl?page=menu&in=home"  	[MsgId: MMSG-26659]
..\\QueryLibrary\\login_request.h(32): Found resource "http://localhost:1080/WebTours/images/itinerary.gif" in HTML "http://localhost:1080/cgi-bin/nav.pl?page=menu&in=home"  	[MsgId: MMSG-26659]
..\\QueryLibrary\\login_request.h(32): Found resource "http://localhost:1080/WebTours/images/in_home.gif" in HTML "http://localhost:1080/cgi-bin/nav.pl?page=menu&in=home"  	[MsgId: MMSG-26659]
..\\QueryLibrary\\login_request.h(32): Found resource "http://localhost:1080/WebTours/images/signoff.gif" in HTML "http://localhost:1080/cgi-bin/nav.pl?page=menu&in=home"  	[MsgId: MMSG-26659]
..\\QueryLibrary\\login_request.h(32): Registered web_reg_find successful for "Text=Welcome, <b>sasha</b>, to the Web Tours reservation pages." (count=1)  	[MsgId: MMSG-26364]
..\\QueryLibrary\\login_request.h(32): web_submit_data("login.pl") was successful, 5780 body bytes, 2063 header bytes, 36 chunking overhead bytes  	[MsgId: MMSG-26385]
..\\QueryLibrary\\login_request.h(49): Notify: Transaction "login" ended with a "Pass" status (Duration: 5,1049 Think Time: 5,0000 Wasted Time: 0,0000).	[MsgId: MMSG-16870]
..\\QueryLibrary\\click_flight_request.h(6): Notify: Transaction "click_flight" started.	[MsgId: MMSG-16999]
..\\QueryLibrary\\click_flight_request.h(8): lr_think_time: 5,00 seconds.	[MsgId: MMSG-15948]
..\\QueryLibrary\\click_flight_request.h(10): web_remove_auto_header("Sec-Fetch-User") started  	[MsgId: MMSG-26355]
..\\QueryLibrary\\click_flight_request.h(10): Previous automatically added web header for "Sec-Fetch-User" removed  	[MsgId: MMSG-26587]
..\\QueryLibrary\\click_flight_request.h(10): web_remove/revert_auto_header("Sec-Fetch-User") was successful  	[MsgId: MMSG-26392]
..\\QueryLibrary\\click_flight_request.h(12): web_remove_auto_header("Upgrade-Insecure-Requests") started  	[MsgId: MMSG-26355]
..\\QueryLibrary\\click_flight_request.h(12): Previous automatically added web header for "Upgrade-Insecure-Requests" removed  	[MsgId: MMSG-26587]
..\\QueryLibrary\\click_flight_request.h(12): web_remove/revert_auto_header("Upgrade-Insecure-Requests") was successful  	[MsgId: MMSG-26392]
..\\QueryLibrary\\click_flight_request.h(15): web_reg_find started  	[MsgId: MMSG-26355]
..\\QueryLibrary\\click_flight_request.h(15): Registering web_reg_find was successful  	[MsgId: MMSG-26390]
..\\QueryLibrary\\click_flight_request.h(19): web_url("Search Flights Button") started  	[MsgId: MMSG-26355]
..\\QueryLibrary\\click_flight_request.h(19): Detected non-resource "http://localhost:1080/cgi-bin/nav.pl?page=menu&in=flights" in "http://localhost:1080/cgi-bin/welcome.pl?page=search"  	[MsgId: MMSG-26574]
..\\QueryLibrary\\click_flight_request.h(19): Detected non-resource "http://localhost:1080/cgi-bin/reservations.pl?page=welcome" in "http://localhost:1080/cgi-bin/welcome.pl?page=search"  	[MsgId: MMSG-26574]
..\\QueryLibrary\\click_flight_request.h(19): Found resource "http://localhost:1080/WebTours/images/button_next.gif" in HTML "http://localhost:1080/cgi-bin/reservations.pl?page=welcome"  	[MsgId: MMSG-26659]
..\\QueryLibrary\\click_flight_request.h(19): Found resource "http://localhost:1080/WebTours/images/in_flights.gif" in HTML "http://localhost:1080/cgi-bin/nav.pl?page=menu&in=flights"  	[MsgId: MMSG-26659]
..\\QueryLibrary\\click_flight_request.h(19): Resource "http://localhost:1080/WebTours/images/itinerary.gif" is in the cache already and will not be downloaded again  	[MsgId: MMSG-26655]
..\\QueryLibrary\\click_flight_request.h(19): Found resource "http://localhost:1080/WebTours/images/home.gif" in HTML "http://localhost:1080/cgi-bin/nav.pl?page=menu&in=flights"  	[MsgId: MMSG-26659]
..\\QueryLibrary\\click_flight_request.h(19): Resource "http://localhost:1080/WebTours/images/signoff.gif" is in the cache already and will not be downloaded again  	[MsgId: MMSG-26655]
..\\QueryLibrary\\click_flight_request.h(19): Registered web_reg_find successful for "Text=No. of Passengers :" (count=1)  	[MsgId: MMSG-26364]
..\\QueryLibrary\\click_flight_request.h(19): web_url("Search Flights Button") was successful, 8516 body bytes, 1619 header bytes, 43 chunking overhead bytes  	[MsgId: MMSG-26385]
..\\QueryLibrary\\click_flight_request.h(29): Notify: Transaction "click_flight" ended with a "Pass" status (Duration: 5,1569 Think Time: 4,9999 Wasted Time: 0,0000).	[MsgId: MMSG-16870]
Action.c(47): Notify: Transaction "fill_find_flight" started.	[MsgId: MMSG-16999]
Action.c(49): lr_think_time: 5,00 seconds.	[MsgId: MMSG-15948]
Action.c(55): web_reg_save_param_regexp started  	[MsgId: MMSG-26355]
Action.c(55): Registering web_reg_save_param_regexp was successful  	[MsgId: MMSG-26390]
Action.c(66): web_reg_save_param_ex started  	[MsgId: MMSG-26355]
Action.c(66): Registering web_reg_save_param_ex was successful  	[MsgId: MMSG-26390]
Action.c(84): web_reg_save_param_ex started  	[MsgId: MMSG-26355]
Action.c(84): Registering web_reg_save_param_ex was successful  	[MsgId: MMSG-26390]
Action.c(97): web_reg_save_param_ex started  	[MsgId: MMSG-26355]
Action.c(97): Registering web_reg_save_param_ex was successful  	[MsgId: MMSG-26390]
Action.c(109): web_reg_find started  	[MsgId: MMSG-26355]
Action.c(109): Registering web_reg_find was successful  	[MsgId: MMSG-26390]
Action.c(114): web_reg_find started  	[MsgId: MMSG-26355]
Action.c(114): Registering web_reg_find was successful  	[MsgId: MMSG-26390]
Action.c(117): web_submit_data("reservations.pl") started  	[MsgId: MMSG-26355]
Action.c(117): Resource "http://localhost:1080/WebTours/images/button_next.gif" is in the cache already and will not be downloaded again  	[MsgId: MMSG-26655]
Action.c(117): Registered web_reg_find successful for "Text=Flight departing from <B>Seattle</B> to <B>Frankfurt</B> on <B>09/24/2020</B>" (count=1)  	[MsgId: MMSG-26364]
Action.c(117): Registered web_reg_find successful for "Text=Flight departing from <B>Frankfurt</B> to <B>Seattle</B> on <B>10/05/2020</B>" (count=1)  	[MsgId: MMSG-26364]
Action.c(117): web_submit_data("reservations.pl") was successful, 3599 body bytes, 256 header bytes, 12 chunking overhead bytes  	[MsgId: MMSG-26385]
Action.c(174): Notify: Transaction "fill_find_flight" ended with a "Pass" status (Duration: 5,0627 Think Time: 4,9997 Wasted Time: 0,0021).	[MsgId: MMSG-16870]
Action.c(182): Notify: Transaction "choose_flight" started.	[MsgId: MMSG-16999]
Action.c(184): lr_think_time: 5,00 seconds.	[MsgId: MMSG-15948]
Action.c(187): web_reg_find started  	[MsgId: MMSG-26355]
Action.c(187): Registering web_reg_find was successful  	[MsgId: MMSG-26390]
Action.c(194): web_reg_find started  	[MsgId: MMSG-26355]
Action.c(194): Registering web_reg_find was successful  	[MsgId: MMSG-26390]
Action.c(198): web_submit_form("reservations.pl_2") started  	[MsgId: MMSG-26355]
Action.c(198): Submitting form to "http://localhost:1080/cgi-bin/reservations.pl", Target Frame=""  	[MsgId: MMSG-27978]
Action.c(198): Resource "http://localhost:1080/WebTours/images/button_next.gif" is in the cache already and will not be downloaded again  	[MsgId: MMSG-26655]
Action.c(198): Downloading resource "http://localhost:1080/cgi-bin/reservations.pl" (specified by argument number 17)  	[MsgId: MMSG-26577]
Action.c(198): Registered web_reg_find successful for "Text=name="outboundFlight" value="710;957;09/24/2020"  />" (count=1)  	[MsgId: MMSG-26364]
Action.c(198): Registered web_reg_find successful for "Text=name="returnFlight" value="170;957;10/05/2020"  />" (count=1)  	[MsgId: MMSG-26364]
Action.c(198): web_submit_form("reservations.pl_2") was successful, 7221 body bytes, 511 header bytes, 31 chunking overhead bytes  	[MsgId: MMSG-26385]
Action.c(222): Notify: Transaction "choose_flight" ended with a "Pass" status (Duration: 5,1175 Think Time: 5,0002 Wasted Time: 0,0000).	[MsgId: MMSG-16870]
Action.c(390): Notify: Transaction "insert_payment_info" started.	[MsgId: MMSG-16999]
Action.c(392): lr_think_time: 5,00 seconds.	[MsgId: MMSG-15948]
Action.c(394): web_add_auto_header("Sec-Fetch-Dest") started  	[MsgId: MMSG-26355]
Action.c(394): web_add_auto_header("Sec-Fetch-Dest") was successful  	[MsgId: MMSG-26392]
Action.c(397): web_add_auto_header("Sec-Fetch-Site") started  	[MsgId: MMSG-26355]
Action.c(397): web_add_auto_header("Sec-Fetch-Site") was successful  	[MsgId: MMSG-26392]
Action.c(400): web_add_auto_header("Sec-Fetch-Mode") started  	[MsgId: MMSG-26355]
Action.c(400): web_add_auto_header("Sec-Fetch-Mode") was successful  	[MsgId: MMSG-26392]
Action.c(403): web_add_auto_header("Sec-Fetch-Dest") started  	[MsgId: MMSG-26355]
Action.c(403): web_add_auto_header("Sec-Fetch-Dest") was successful  	[MsgId: MMSG-26392]
Action.c(406): web_add_header("Origin") started  	[MsgId: MMSG-26355]
Action.c(406): web_add_header("Origin") was successful  	[MsgId: MMSG-26392]
Action.c(409): web_add_auto_header("Sec-Fetch-Site") started  	[MsgId: MMSG-26355]
Action.c(409): web_add_auto_header("Sec-Fetch-Site") was successful  	[MsgId: MMSG-26392]
Action.c(412): web_add_header("Sec-Fetch-User") started  	[MsgId: MMSG-26355]
Action.c(412): web_add_header("Sec-Fetch-User") was successful  	[MsgId: MMSG-26392]
Action.c(415): web_add_header("Upgrade-Insecure-Requests") started  	[MsgId: MMSG-26355]
Action.c(415): web_add_header("Upgrade-Insecure-Requests") was successful  	[MsgId: MMSG-26392]
Action.c(419): web_reg_find started  	[MsgId: MMSG-26355]
Action.c(419): Registering web_reg_find was successful  	[MsgId: MMSG-26390]
Action.c(433): web_reg_find started  	[MsgId: MMSG-26355]
Action.c(433): Registering web_reg_find was successful  	[MsgId: MMSG-26390]
Action.c(440): web_custom_request("itinerare.pl") started  	[MsgId: MMSG-26355]
Action.c(440): Found resource "http://localhost:1080/WebTours/images/bookanother.gif" in HTML "http://localhost:1080/cgi-bin/reservations.pl"  	[MsgId: MMSG-26659]
Action.c(440): Registered web_reg_find successful for "Text=09/24/2020 :  8am : Flight 710 leaves Seattle  for Frankfurt" (count=1)  	[MsgId: MMSG-26364]
Action.c(440): Registered web_reg_find successful for "Text=10/05/2020 :  8am : Flight 170 leaves Frankfurt  for Seattle" (count=1)  	[MsgId: MMSG-26364]
Action.c(440): web_custom_request("itinerare.pl") was successful, 3383 body bytes, 689 header bytes, 12 chunking overhead bytes  	[MsgId: MMSG-26385]
Action.c(448): Notify: Transaction "insert_payment_info" ended with a "Pass" status (Duration: 5,0589 Think Time: 5,0000 Wasted Time: 0,0000).	[MsgId: MMSG-16870]
Action.c(453): Notify: Transaction "viewing_receipts" started.	[MsgId: MMSG-16999]
Action.c(455): lr_think_time: 5,00 seconds.	[MsgId: MMSG-15948]
Action.c(463): web_reg_save_param_ex started  	[MsgId: MMSG-26355]
Action.c(463): Registering web_reg_save_param_ex was successful  	[MsgId: MMSG-26390]
Action.c(474): web_reg_save_param_ex started  	[MsgId: MMSG-26355]
Action.c(474): Registering web_reg_save_param_ex was successful  	[MsgId: MMSG-26390]
Action.c(485): web_add_auto_header("Sec-Fetch-Site") started  	[MsgId: MMSG-26355]
Action.c(485): web_add_auto_header("Sec-Fetch-Site") was successful  	[MsgId: MMSG-26392]
Action.c(488): web_add_auto_header("Sec-Fetch-Mode") started  	[MsgId: MMSG-26355]
Action.c(488): web_add_auto_header("Sec-Fetch-Mode") was successful  	[MsgId: MMSG-26392]
Action.c(491): web_add_auto_header("Sec-Fetch-Dest") started  	[MsgId: MMSG-26355]
Action.c(491): web_add_auto_header("Sec-Fetch-Dest") was successful  	[MsgId: MMSG-26392]
Action.c(494): web_add_header("Origin") started  	[MsgId: MMSG-26355]
Action.c(494): web_add_header("Origin") was successful  	[MsgId: MMSG-26392]
Action.c(497): web_add_auto_header("Sec-Fetch-Mode") started  	[MsgId: MMSG-26355]
Action.c(497): web_add_auto_header("Sec-Fetch-Mode") was successful  	[MsgId: MMSG-26392]
Action.c(500): web_add_auto_header("Sec-Fetch-Mode") started  	[MsgId: MMSG-26355]
Action.c(500): web_add_auto_header("Sec-Fetch-Mode") was successful  	[MsgId: MMSG-26392]
Action.c(503): web_add_auto_header("Sec-Fetch-Dest") started  	[MsgId: MMSG-26355]
Action.c(503): web_add_auto_header("Sec-Fetch-Dest") was successful  	[MsgId: MMSG-26392]
Action.c(506): web_add_auto_header("Sec-Fetch-Site") started  	[MsgId: MMSG-26355]
Action.c(506): web_add_auto_header("Sec-Fetch-Site") was successful  	[MsgId: MMSG-26392]
Action.c(509): web_add_auto_header("Sec-Fetch-User") started  	[MsgId: MMSG-26355]
Action.c(509): web_add_auto_header("Sec-Fetch-User") was successful  	[MsgId: MMSG-26392]
Action.c(512): web_add_auto_header("Upgrade-Insecure-Requests") started  	[MsgId: MMSG-26355]
Action.c(512): web_add_auto_header("Upgrade-Insecure-Requests") was successful  	[MsgId: MMSG-26392]
Action.c(515): web_reg_find started  	[MsgId: MMSG-26355]
Action.c(515): Registering web_reg_find was successful  	[MsgId: MMSG-26390]
Action.c(519): web_url("welcome.pl") started  	[MsgId: MMSG-26355]
Action.c(519): Detected non-resource "http://localhost:1080/cgi-bin/nav.pl?page=menu&in=itinerary" in "http://localhost:1080/cgi-bin/welcome.pl?page=itinerary"  	[MsgId: MMSG-26574]
Action.c(519): Detected non-resource "http://localhost:1080/cgi-bin/itinerary.pl" in "http://localhost:1080/cgi-bin/welcome.pl?page=itinerary"  	[MsgId: MMSG-26574]
Action.c(519): Found resource "http://localhost:1080/WebTours/images/cancelreservation.gif" in HTML "http://localhost:1080/cgi-bin/itinerary.pl"  	[MsgId: MMSG-26659]
Action.c(519): Found resource "http://localhost:1080/WebTours/images/cancelallreservations.gif" in HTML "http://localhost:1080/cgi-bin/itinerary.pl"  	[MsgId: MMSG-26659]
Action.c(519): Resource "http://localhost:1080/WebTours/images/flights.gif" is in the cache already and will not be downloaded again  	[MsgId: MMSG-26655]
Action.c(519): Found resource "http://localhost:1080/WebTours/images/in_itinerary.gif" in HTML "http://localhost:1080/cgi-bin/nav.pl?page=menu&in=itinerary"  	[MsgId: MMSG-26659]
Action.c(519): Resource "http://localhost:1080/WebTours/images/home.gif" is in the cache already and will not be downloaded again  	[MsgId: MMSG-26655]
Action.c(519): Resource "http://localhost:1080/WebTours/images/signoff.gif" is in the cache already and will not be downloaded again  	[MsgId: MMSG-26655]
Action.c(519): Registered web_reg_find successful for "Text=<B>Sasha Carrington
 's Flight Transaction Summary</B>" (count=1)  	[MsgId: MMSG-26364]
Action.c(519): web_url("welcome.pl") was successful, 61766 body bytes, 1619 header bytes, 146 chunking overhead bytes  	[MsgId: MMSG-26385]
Action.c(529): Notify: Transaction "viewing_receipts" ended with a "Pass" status (Duration: 5,1143 Think Time: 5,0000 Wasted Time: 0,0015).	[MsgId: MMSG-16870]
Action.c(702): Notify: Transaction "ñancel_reservation" started.	[MsgId: MMSG-16999]
Action.c(704): lr_think_time: 5,00 seconds.	[MsgId: MMSG-15948]
Action.c(706): web_add_header("Origin") started  	[MsgId: MMSG-26355]
Action.c(706): web_add_header("Origin") was successful  	[MsgId: MMSG-26392]
Action.c(711): web_reg_save_param_ex started  	[MsgId: MMSG-26355]
Action.c(711): Registering web_reg_save_param_ex was successful  	[MsgId: MMSG-26390]
Action.c(722): web_reg_find started  	[MsgId: MMSG-26355]
Action.c(722): Registering web_reg_find was successful  	[MsgId: MMSG-26390]
Action.c(726): web_custom_request("itinerare.pl") started  	[MsgId: MMSG-26355]
Action.c(726): Resource "http://localhost:1080/WebTours/images/cancelreservation.gif" is in the cache already and will not be downloaded again  	[MsgId: MMSG-26655]
Action.c(726): Resource "http://localhost:1080/WebTours/images/cancelallreservations.gif" is in the cache already and will not be downloaded again  	[MsgId: MMSG-26655]
Action.c(726): Registered web_reg_find successful for "Text=<B>Sasha Carrington
 's Flight Transaction Summary</B>" (count=1)  	[MsgId: MMSG-26364]
Action.c(726): web_custom_request("itinerare.pl") was successful, 56096 body bytes, 256 header bytes, 115 chunking overhead bytes  	[MsgId: MMSG-26385]
Action.c(767): Notify: Transaction "ñancel_reservation" ended with a "Pass" status (Duration: 5,0642 Think Time: 5,0000 Wasted Time: 0,0007).	[MsgId: MMSG-16870]
..\\QueryLibrary\\click_sing_off_request.h(6): Notify: Transaction "click_sing_off" started.	[MsgId: MMSG-16999]
..\\QueryLibrary\\click_sing_off_request.h(8): lr_think_time: 5,00 seconds.	[MsgId: MMSG-15948]
..\\QueryLibrary\\click_sing_off_request.h(10): web_add_auto_header("Sec-Fetch-Site") started  	[MsgId: MMSG-26355]
..\\QueryLibrary\\click_sing_off_request.h(10): web_add_auto_header("Sec-Fetch-Site") was successful  	[MsgId: MMSG-26392]
..\\QueryLibrary\\click_sing_off_request.h(13): web_add_auto_header("Sec-Fetch-Mode") started  	[MsgId: MMSG-26355]
..\\QueryLibrary\\click_sing_off_request.h(13): web_add_auto_header("Sec-Fetch-Mode") was successful  	[MsgId: MMSG-26392]
..\\QueryLibrary\\click_sing_off_request.h(16): web_add_auto_header("Sec-Fetch-Dest") started  	[MsgId: MMSG-26355]
..\\QueryLibrary\\click_sing_off_request.h(16): web_add_auto_header("Sec-Fetch-Dest") was successful  	[MsgId: MMSG-26392]
..\\QueryLibrary\\click_sing_off_request.h(19): web_add_header("Origin") started  	[MsgId: MMSG-26355]
..\\QueryLibrary\\click_sing_off_request.h(19): web_add_header("Origin") was successful  	[MsgId: MMSG-26392]
..\\QueryLibrary\\click_sing_off_request.h(22): web_add_auto_header("Sec-Fetch-Site") started  	[MsgId: MMSG-26355]
..\\QueryLibrary\\click_sing_off_request.h(22): web_add_auto_header("Sec-Fetch-Site") was successful  	[MsgId: MMSG-26392]
..\\QueryLibrary\\click_sing_off_request.h(25): web_add_auto_header("Sec-Fetch-Mode") started  	[MsgId: MMSG-26355]
..\\QueryLibrary\\click_sing_off_request.h(25): web_add_auto_header("Sec-Fetch-Mode") was successful  	[MsgId: MMSG-26392]
..\\QueryLibrary\\click_sing_off_request.h(28): web_add_auto_header("Sec-Fetch-Dest") started  	[MsgId: MMSG-26355]
..\\QueryLibrary\\click_sing_off_request.h(28): web_add_auto_header("Sec-Fetch-Dest") was successful  	[MsgId: MMSG-26392]
..\\QueryLibrary\\click_sing_off_request.h(31): web_add_header("Sec-Fetch-User") started  	[MsgId: MMSG-26355]
..\\QueryLibrary\\click_sing_off_request.h(31): web_add_header("Sec-Fetch-User") was successful  	[MsgId: MMSG-26392]
..\\QueryLibrary\\click_sing_off_request.h(34): web_add_header("Upgrade-Insecure-Requests") started  	[MsgId: MMSG-26355]
..\\QueryLibrary\\click_sing_off_request.h(34): web_add_header("Upgrade-Insecure-Requests") was successful  	[MsgId: MMSG-26392]
..\\QueryLibrary\\click_sing_off_request.h(37): web_reg_find started  	[MsgId: MMSG-26355]
..\\QueryLibrary\\click_sing_off_request.h(37): Registering web_reg_find was successful  	[MsgId: MMSG-26390]
..\\QueryLibrary\\click_sing_off_request.h(41): web_url("welcome.pl") started  	[MsgId: MMSG-26355]
..\\QueryLibrary\\click_sing_off_request.h(41): Detected non-resource "http://localhost:1080/cgi-bin/nav.pl?in=home" in "http://localhost:1080/cgi-bin/welcome.pl?signOff=1"  	[MsgId: MMSG-26574]
..\\QueryLibrary\\click_sing_off_request.h(41): Detected non-resource "http://localhost:1080/WebTours/home.html" in "http://localhost:1080/cgi-bin/welcome.pl?signOff=1"  	[MsgId: MMSG-26574]
..\\QueryLibrary\\click_sing_off_request.h(41): Retrieving data from cache for "http://localhost:1080/WebTours/home.html"  	[MsgId: MMSG-26558]
..\\QueryLibrary\\click_sing_off_request.h(41): Resource "http://localhost:1080/WebTours/images/mer_login.gif" is in the cache already and will not be downloaded again  	[MsgId: MMSG-26655]
..\\QueryLibrary\\click_sing_off_request.h(41): Registered web_reg_find successful for "Text=Welcome to the Web Tours site." (count=1)  	[MsgId: MMSG-26364]
..\\QueryLibrary\\click_sing_off_request.h(41): web_url("welcome.pl") was successful, 2176 body bytes, 629 header bytes, 24 chunking overhead bytes  	[MsgId: MMSG-26385]
..\\QueryLibrary\\click_sing_off_request.h(51): web_add_auto_header("Sec-Fetch-Site") started  	[MsgId: MMSG-26355]
..\\QueryLibrary\\click_sing_off_request.h(51): web_add_auto_header("Sec-Fetch-Site") was successful  	[MsgId: MMSG-26392]
..\\QueryLibrary\\click_sing_off_request.h(54): web_add_auto_header("Sec-Fetch-Mode") started  	[MsgId: MMSG-26355]
..\\QueryLibrary\\click_sing_off_request.h(54): web_add_auto_header("Sec-Fetch-Mode") was successful  	[MsgId: MMSG-26392]
..\\QueryLibrary\\click_sing_off_request.h(57): web_add_auto_header("Sec-Fetch-Dest") started  	[MsgId: MMSG-26355]
..\\QueryLibrary\\click_sing_off_request.h(57): web_add_auto_header("Sec-Fetch-Dest") was successful  	[MsgId: MMSG-26392]
..\\QueryLibrary\\click_sing_off_request.h(60): Notify: Transaction "click_sing_off" ended with a "Pass" status (Duration: 5,0955 Think Time: 5,0001 Wasted Time: 0,0000).	[MsgId: MMSG-16870]
Action.c(775): Notify: Transaction "UC_02_ReissuanceTicket" ended with a "Pass" status (Duration: 40,8759 Think Time: 39,9998 Wasted Time: 0,0051).	[MsgId: MMSG-16870]
Ending action Action.	[MsgId: MMSG-15918]
Ending Vuser...	[MsgId: MMSG-15966]
Starting action vuser_end.	[MsgId: MMSG-15919]
Ending action vuser_end.	[MsgId: MMSG-15918]
Vuser Terminated.	[MsgId: MMSG-15963]
