Virtual User Script started at: 21.09.2020 17:31:42	[MsgId: MMSG-15967]
Starting action vuser_init.	[MsgId: MMSG-15919]
Web Turbo Replay of LoadRunner 12.55.0 for Windows 10; build 911 (èþë 24 2017 19:46:00)  	[MsgId: MMSG-26983]
Run mode: HTML  	[MsgId: MMSG-26993]
Replay user agent: Mozilla/5.0 (Windows NT 10.0; Win64; x64) AppleWebKit/537.36 (KHTML, like Gecko) Chrome/85.0.4183.102 Safari/537.36  	[MsgId: MMSG-26988]
Run-Time Settings file: "C:\Users\mtemu\AppData\Local\Temp\lr5tmpdirH62.644\lrcfg7qi.645\cfg697.650"  	[MsgId: MMSG-27141]
Ending action vuser_init.	[MsgId: MMSG-15918]
Running Vuser...	[MsgId: MMSG-15964]
Starting iteration 1.	[MsgId: MMSG-15968]
Maximum number of concurrent connections per server: 6  	[MsgId: MMSG-26989]
Starting action Action.	[MsgId: MMSG-15919]
Action.c(25): Notify: Transaction "UC_02_ReissuanceTicket" started.	[MsgId: MMSG-16999]
..\\QueryLibrary\\go_to_site_request.h(6): Notify: Transaction "go_to_site" started.	[MsgId: MMSG-16999]
..\\QueryLibrary\\go_to_site_request.h(8): web_set_sockets_option started  	[MsgId: MMSG-26355]
..\\QueryLibrary\\go_to_site_request.h(8): web_set_sockets_option was successful  	[MsgId: MMSG-26392]
..\\QueryLibrary\\go_to_site_request.h(10): web_add_auto_header("Sec-Fetch-Site") started  	[MsgId: MMSG-26355]
..\\QueryLibrary\\go_to_site_request.h(10): web_add_auto_header("Sec-Fetch-Site") was successful  	[MsgId: MMSG-26392]
..\\QueryLibrary\\go_to_site_request.h(13): web_add_auto_header("Sec-Fetch-Dest") started  	[MsgId: MMSG-26355]
..\\QueryLibrary\\go_to_site_request.h(13): web_add_auto_header("Sec-Fetch-Dest") was successful  	[MsgId: MMSG-26392]
..\\QueryLibrary\\go_to_site_request.h(16): web_add_auto_header("Sec-Fetch-Mode") started  	[MsgId: MMSG-26355]
..\\QueryLibrary\\go_to_site_request.h(16): web_add_auto_header("Sec-Fetch-Mode") was successful  	[MsgId: MMSG-26392]
..\\QueryLibrary\\go_to_site_request.h(19): web_add_auto_header("DNT") started  	[MsgId: MMSG-26355]
..\\QueryLibrary\\go_to_site_request.h(19): web_add_auto_header("DNT") was successful  	[MsgId: MMSG-26392]
..\\QueryLibrary\\go_to_site_request.h(22): web_add_header("Sec-Fetch-User") started  	[MsgId: MMSG-26355]
..\\QueryLibrary\\go_to_site_request.h(22): web_add_header("Sec-Fetch-User") was successful  	[MsgId: MMSG-26392]
..\\QueryLibrary\\go_to_site_request.h(25): web_add_header("Upgrade-Insecure-Requests") started  	[MsgId: MMSG-26355]
..\\QueryLibrary\\go_to_site_request.h(25): web_add_header("Upgrade-Insecure-Requests") was successful  	[MsgId: MMSG-26392]
..\\QueryLibrary\\go_to_site_request.h(29): web_reg_save_param_ex started  	[MsgId: MMSG-26355]
..\\QueryLibrary\\go_to_site_request.h(29): Registering web_reg_save_param_ex was successful  	[MsgId: MMSG-26390]
..\\QueryLibrary\\go_to_site_request.h(41): web_reg_find started  	[MsgId: MMSG-26355]
..\\QueryLibrary\\go_to_site_request.h(41): Registering web_reg_find was successful  	[MsgId: MMSG-26390]
..\\QueryLibrary\\go_to_site_request.h(45): web_url("WebTours") started  	[MsgId: MMSG-26355]
..\\QueryLibrary\\go_to_site_request.h(45): Redirecting "http://localhost:1080/WebTours" (redirection depth is 0)  	[MsgId: MMSG-26694]
..\\QueryLibrary\\go_to_site_request.h(45): To location "http://localhost:1080/WebTours/"  	[MsgId: MMSG-26693]
..\\QueryLibrary\\go_to_site_request.h(45): Detected non-resource "http://localhost:1080/WebTours/header.html" in "http://localhost:1080/WebTours/"  	[MsgId: MMSG-26574]
..\\QueryLibrary\\go_to_site_request.h(45): Detected non-resource "http://localhost:1080/cgi-bin/welcome.pl?signOff=true" in "http://localhost:1080/WebTours/"  	[MsgId: MMSG-26574]
..\\QueryLibrary\\go_to_site_request.h(45): Found resource "http://localhost:1080/WebTours/images/hp_logo.png" in HTML "http://localhost:1080/WebTours/header.html"  	[MsgId: MMSG-26659]
..\\QueryLibrary\\go_to_site_request.h(45): Found resource "http://localhost:1080/WebTours/images/webtours.png" in HTML "http://localhost:1080/WebTours/header.html"  	[MsgId: MMSG-26659]
..\\QueryLibrary\\go_to_site_request.h(45): Detected non-resource "http://localhost:1080/cgi-bin/nav.pl?in=home" in "http://localhost:1080/cgi-bin/welcome.pl?signOff=true"  	[MsgId: MMSG-26574]
..\\QueryLibrary\\go_to_site_request.h(45): Detected non-resource "http://localhost:1080/WebTours/home.html" in "http://localhost:1080/cgi-bin/welcome.pl?signOff=true"  	[MsgId: MMSG-26574]
..\\QueryLibrary\\go_to_site_request.h(45): Found resource "http://localhost:1080/WebTours/images/mer_login.gif" in HTML "http://localhost:1080/cgi-bin/nav.pl?in=home"  	[MsgId: MMSG-26659]
..\\QueryLibrary\\go_to_site_request.h(45): Registered web_reg_find successful for "Text=Welcome to the Web Tours site." (count=1)  	[MsgId: MMSG-26364]
..\\QueryLibrary\\go_to_site_request.h(45): web_url("WebTours") was successful, 10312 body bytes, 2683 header bytes, 24 chunking overhead bytes  	[MsgId: MMSG-26385]
..\\QueryLibrary\\go_to_site_request.h(55): web_add_auto_header("Sec-Fetch-Dest") started  	[MsgId: MMSG-26355]
..\\QueryLibrary\\go_to_site_request.h(55): web_add_auto_header("Sec-Fetch-Dest") was successful  	[MsgId: MMSG-26392]
..\\QueryLibrary\\go_to_site_request.h(58): web_add_auto_header("Sec-Fetch-Mode") started  	[MsgId: MMSG-26355]
..\\QueryLibrary\\go_to_site_request.h(58): web_add_auto_header("Sec-Fetch-Mode") was successful  	[MsgId: MMSG-26392]
..\\QueryLibrary\\go_to_site_request.h(61): web_add_header("Origin") started  	[MsgId: MMSG-26355]
..\\QueryLibrary\\go_to_site_request.h(61): web_add_header("Origin") was successful  	[MsgId: MMSG-26392]
..\\QueryLibrary\\go_to_site_request.h(64): web_add_auto_header("Origin") started  	[MsgId: MMSG-26355]
..\\QueryLibrary\\go_to_site_request.h(64): web_add_auto_header("Origin") was successful  	[MsgId: MMSG-26392]
..\\QueryLibrary\\go_to_site_request.h(67): web_add_auto_header("Sec-Fetch-Mode") started  	[MsgId: MMSG-26355]
..\\QueryLibrary\\go_to_site_request.h(67): web_add_auto_header("Sec-Fetch-Mode") was successful  	[MsgId: MMSG-26392]
..\\QueryLibrary\\go_to_site_request.h(70): Notify: Transaction "go_to_site" ended with a "Pass" status (Duration: 0,0843 Wasted Time: 0,0008).	[MsgId: MMSG-16871]
..\\QueryLibrary\\login_request.h(6): Notify: Transaction "login" started.	[MsgId: MMSG-16999]
..\\QueryLibrary\\login_request.h(8): lr_think_time: 5,00 seconds.	[MsgId: MMSG-15948]
..\\QueryLibrary\\login_request.h(10): web_remove_auto_header("Origin") started  	[MsgId: MMSG-26355]
..\\QueryLibrary\\login_request.h(10): Previous automatically added web header for "Origin" removed  	[MsgId: MMSG-26587]
..\\QueryLibrary\\login_request.h(10): web_remove/revert_auto_header("Origin") was successful  	[MsgId: MMSG-26392]
..\\QueryLibrary\\login_request.h(12): web_add_auto_header("Sec-Fetch-Mode") started  	[MsgId: MMSG-26355]
..\\QueryLibrary\\login_request.h(12): web_add_auto_header("Sec-Fetch-Mode") was successful  	[MsgId: MMSG-26392]
..\\QueryLibrary\\login_request.h(15): web_add_auto_header("Sec-Fetch-Dest") started  	[MsgId: MMSG-26355]
..\\QueryLibrary\\login_request.h(15): web_add_auto_header("Sec-Fetch-Dest") was successful  	[MsgId: MMSG-26392]
..\\QueryLibrary\\login_request.h(18): web_add_auto_header("Sec-Fetch-Site") started  	[MsgId: MMSG-26355]
..\\QueryLibrary\\login_request.h(18): web_add_auto_header("Sec-Fetch-Site") was successful  	[MsgId: MMSG-26392]
..\\QueryLibrary\\login_request.h(21): web_add_auto_header("Sec-Fetch-User") started  	[MsgId: MMSG-26355]
..\\QueryLibrary\\login_request.h(21): web_add_auto_header("Sec-Fetch-User") was successful  	[MsgId: MMSG-26392]
..\\QueryLibrary\\login_request.h(24): web_add_auto_header("Upgrade-Insecure-Requests") started  	[MsgId: MMSG-26355]
..\\QueryLibrary\\login_request.h(24): web_add_auto_header("Upgrade-Insecure-Requests") was successful  	[MsgId: MMSG-26392]
..\\QueryLibrary\\login_request.h(28): web_reg_find started  	[MsgId: MMSG-26355]
..\\QueryLibrary\\login_request.h(28): Registering web_reg_find was successful  	[MsgId: MMSG-26390]
..\\QueryLibrary\\login_request.h(32): web_submit_data("login.pl") started  	[MsgId: MMSG-26355]
..\\QueryLibrary\\login_request.h(32): Detected non-resource "http://localhost:1080/cgi-bin/nav.pl?page=menu&in=home" in "http://localhost:1080/cgi-bin/login.pl"  	[MsgId: MMSG-26574]
..\\QueryLibrary\\login_request.h(32): Detected non-resource "http://localhost:1080/cgi-bin/login.pl?intro=true" in "http://localhost:1080/cgi-bin/login.pl"  	[MsgId: MMSG-26574]
..\\QueryLibrary\\login_request.h(32): Found resource "http://localhost:1080/WebTours/images/flights.gif" in HTML "http://localhost:1080/cgi-bin/nav.pl?page=menu&in=home"  	[MsgId: MMSG-26659]
..\\QueryLibrary\\login_request.h(32): Found resource "http://localhost:1080/WebTours/images/itinerary.gif" in HTML "http://localhost:1080/cgi-bin/nav.pl?page=menu&in=home"  	[MsgId: MMSG-26659]
..\\QueryLibrary\\login_request.h(32): Found resource "http://localhost:1080/WebTours/images/in_home.gif" in HTML "http://localhost:1080/cgi-bin/nav.pl?page=menu&in=home"  	[MsgId: MMSG-26659]
..\\QueryLibrary\\login_request.h(32): Found resource "http://localhost:1080/WebTours/images/signoff.gif" in HTML "http://localhost:1080/cgi-bin/nav.pl?page=menu&in=home"  	[MsgId: MMSG-26659]
..\\QueryLibrary\\login_request.h(32): Registered web_reg_find successful for "Text=Welcome, <b>sasha</b>, to the Web Tours reservation pages." (count=1)  	[MsgId: MMSG-26364]
..\\QueryLibrary\\login_request.h(32): web_submit_data("login.pl") was successful, 5780 body bytes, 2063 header bytes, 36 chunking overhead bytes  	[MsgId: MMSG-26385]
..\\QueryLibrary\\login_request.h(49): Notify: Transaction "login" ended with a "Pass" status (Duration: 5,0934 Think Time: 5,0009 Wasted Time: 0,0001).	[MsgId: MMSG-16870]
..\\QueryLibrary\\click_flight_request.h(6): Notify: Transaction "click_flight" started.	[MsgId: MMSG-16999]
..\\QueryLibrary\\click_flight_request.h(8): lr_think_time: 5,00 seconds.	[MsgId: MMSG-15948]
..\\QueryLibrary\\click_flight_request.h(10): web_remove_auto_header("Sec-Fetch-User") started  	[MsgId: MMSG-26355]
..\\QueryLibrary\\click_flight_request.h(10): Previous automatically added web header for "Sec-Fetch-User" removed  	[MsgId: MMSG-26587]
..\\QueryLibrary\\click_flight_request.h(10): web_remove/revert_auto_header("Sec-Fetch-User") was successful  	[MsgId: MMSG-26392]
..\\QueryLibrary\\click_flight_request.h(12): web_remove_auto_header("Upgrade-Insecure-Requests") started  	[MsgId: MMSG-26355]
..\\QueryLibrary\\click_flight_request.h(12): Previous automatically added web header for "Upgrade-Insecure-Requests" removed  	[MsgId: MMSG-26587]
..\\QueryLibrary\\click_flight_request.h(12): web_remove/revert_auto_header("Upgrade-Insecure-Requests") was successful  	[MsgId: MMSG-26392]
..\\QueryLibrary\\click_flight_request.h(15): web_reg_find started  	[MsgId: MMSG-26355]
..\\QueryLibrary\\click_flight_request.h(15): Registering web_reg_find was successful  	[MsgId: MMSG-26390]
..\\QueryLibrary\\click_flight_request.h(19): web_url("Search Flights Button") started  	[MsgId: MMSG-26355]
..\\QueryLibrary\\click_flight_request.h(19): Detected non-resource "http://localhost:1080/cgi-bin/nav.pl?page=menu&in=flights" in "http://localhost:1080/cgi-bin/welcome.pl?page=search"  	[MsgId: MMSG-26574]
..\\QueryLibrary\\click_flight_request.h(19): Detected non-resource "http://localhost:1080/cgi-bin/reservations.pl?page=welcome" in "http://localhost:1080/cgi-bin/welcome.pl?page=search"  	[MsgId: MMSG-26574]
..\\QueryLibrary\\click_flight_request.h(19): Found resource "http://localhost:1080/WebTours/images/in_flights.gif" in HTML "http://localhost:1080/cgi-bin/nav.pl?page=menu&in=flights"  	[MsgId: MMSG-26659]
..\\QueryLibrary\\click_flight_request.h(19): Resource "http://localhost:1080/WebTours/images/itinerary.gif" is in the cache already and will not be downloaded again  	[MsgId: MMSG-26655]
..\\QueryLibrary\\click_flight_request.h(19): Found resource "http://localhost:1080/WebTours/images/home.gif" in HTML "http://localhost:1080/cgi-bin/nav.pl?page=menu&in=flights"  	[MsgId: MMSG-26659]
..\\QueryLibrary\\click_flight_request.h(19): Resource "http://localhost:1080/WebTours/images/signoff.gif" is in the cache already and will not be downloaded again  	[MsgId: MMSG-26655]
..\\QueryLibrary\\click_flight_request.h(19): Found resource "http://localhost:1080/WebTours/images/button_next.gif" in HTML "http://localhost:1080/cgi-bin/reservations.pl?page=welcome"  	[MsgId: MMSG-26659]
..\\QueryLibrary\\click_flight_request.h(19): Registered web_reg_find successful for "Text=No. of Passengers :" (count=1)  	[MsgId: MMSG-26364]
..\\QueryLibrary\\click_flight_request.h(19): web_url("Search Flights Button") was successful, 8516 body bytes, 1620 header bytes, 43 chunking overhead bytes  	[MsgId: MMSG-26385]
..\\QueryLibrary\\click_flight_request.h(29): Notify: Transaction "click_flight" ended with a "Pass" status (Duration: 5,0949 Think Time: 5,0009 Wasted Time: 0,0000).	[MsgId: MMSG-16870]
Action.c(44): Notify: Transaction "fill_find_flight" started.	[MsgId: MMSG-16999]
Action.c(46): lr_think_time: 5,00 seconds.	[MsgId: MMSG-15948]
Action.c(52): web_reg_save_param_regexp started  	[MsgId: MMSG-26355]
Action.c(52): Registering web_reg_save_param_regexp was successful  	[MsgId: MMSG-26390]
Action.c(63): web_reg_save_param_ex started  	[MsgId: MMSG-26355]
Action.c(63): Registering web_reg_save_param_ex was successful  	[MsgId: MMSG-26390]
Action.c(81): web_reg_save_param_ex started  	[MsgId: MMSG-26355]
Action.c(81): Registering web_reg_save_param_ex was successful  	[MsgId: MMSG-26390]
Action.c(94): web_reg_save_param_ex started  	[MsgId: MMSG-26355]
Action.c(94): Registering web_reg_save_param_ex was successful  	[MsgId: MMSG-26390]
Action.c(106): web_reg_find started  	[MsgId: MMSG-26355]
Action.c(106): Registering web_reg_find was successful  	[MsgId: MMSG-26390]
Action.c(111): web_reg_find started  	[MsgId: MMSG-26355]
Action.c(111): Registering web_reg_find was successful  	[MsgId: MMSG-26390]
Action.c(114): web_submit_data("reservations.pl") started  	[MsgId: MMSG-26355]
Action.c(114): Resource "http://localhost:1080/WebTours/images/button_next.gif" is in the cache already and will not be downloaded again  	[MsgId: MMSG-26655]
Action.c(114): Registered web_reg_find successful for "Text=Flight departing from <B>Seattle</B> to <B>Frankfurt</B> on <B>09/21/2020</B>" (count=1)  	[MsgId: MMSG-26364]
Action.c(114): Registered web_reg_find successful for "Text=Flight departing from <B>Frankfurt</B> to <B>Seattle</B> on <B>09/30/2020</B>" (count=1)  	[MsgId: MMSG-26364]
Action.c(114): web_submit_data("reservations.pl") was successful, 3599 body bytes, 256 header bytes, 12 chunking overhead bytes  	[MsgId: MMSG-26385]
Action.c(171): Notify: Transaction "fill_find_flight" ended with a "Pass" status (Duration: 5,0516 Think Time: 5,0010 Wasted Time: 0,0021).	[MsgId: MMSG-16870]
Action.c(179): Notify: Transaction "choose_flight" started.	[MsgId: MMSG-16999]
Action.c(181): lr_think_time: 5,00 seconds.	[MsgId: MMSG-15948]
Action.c(184): web_reg_find started  	[MsgId: MMSG-26355]
Action.c(184): Registering web_reg_find was successful  	[MsgId: MMSG-26390]
Action.c(191): web_reg_find started  	[MsgId: MMSG-26355]
Action.c(191): Registering web_reg_find was successful  	[MsgId: MMSG-26390]
Action.c(195): web_submit_form("reservations.pl_2") started  	[MsgId: MMSG-26355]
Action.c(195): Submitting form to "http://localhost:1080/cgi-bin/reservations.pl", Target Frame=""  	[MsgId: MMSG-27978]
Action.c(195): Resource "http://localhost:1080/WebTours/images/button_next.gif" is in the cache already and will not be downloaded again  	[MsgId: MMSG-26655]
Action.c(195): Downloading resource "http://localhost:1080/cgi-bin/reservations.pl" (specified by argument number 17)  	[MsgId: MMSG-26577]
Action.c(195): Registered web_reg_find successful for "Text=name="outboundFlight" value="710;957;09/21/2020"  />" (count=1)  	[MsgId: MMSG-26364]
Action.c(195): Registered web_reg_find successful for "Text=name="returnFlight" value="171;852;09/30/2020"  />" (count=1)  	[MsgId: MMSG-26364]
Action.c(195): web_submit_form("reservations.pl_2") was successful, 7083 body bytes, 511 header bytes, 31 chunking overhead bytes  	[MsgId: MMSG-26385]
Action.c(219): Notify: Transaction "choose_flight" ended with a "Pass" status (Duration: 5,0993 Think Time: 5,0005 Wasted Time: 0,0000).	[MsgId: MMSG-16870]
Action.c(388): Notify: Transaction "insert_payment_info" started.	[MsgId: MMSG-16999]
Action.c(390): lr_think_time: 5,00 seconds.	[MsgId: MMSG-15948]
Action.c(392): web_add_auto_header("Sec-Fetch-Dest") started  	[MsgId: MMSG-26355]
Action.c(392): web_add_auto_header("Sec-Fetch-Dest") was successful  	[MsgId: MMSG-26392]
Action.c(395): web_add_auto_header("Sec-Fetch-Site") started  	[MsgId: MMSG-26355]
Action.c(395): web_add_auto_header("Sec-Fetch-Site") was successful  	[MsgId: MMSG-26392]
Action.c(398): web_add_auto_header("Sec-Fetch-Mode") started  	[MsgId: MMSG-26355]
Action.c(398): web_add_auto_header("Sec-Fetch-Mode") was successful  	[MsgId: MMSG-26392]
Action.c(401): web_add_auto_header("Sec-Fetch-Dest") started  	[MsgId: MMSG-26355]
Action.c(401): web_add_auto_header("Sec-Fetch-Dest") was successful  	[MsgId: MMSG-26392]
Action.c(404): web_add_header("Origin") started  	[MsgId: MMSG-26355]
Action.c(404): web_add_header("Origin") was successful  	[MsgId: MMSG-26392]
Action.c(407): web_add_auto_header("Sec-Fetch-Site") started  	[MsgId: MMSG-26355]
Action.c(407): web_add_auto_header("Sec-Fetch-Site") was successful  	[MsgId: MMSG-26392]
Action.c(410): web_add_header("Sec-Fetch-User") started  	[MsgId: MMSG-26355]
Action.c(410): web_add_header("Sec-Fetch-User") was successful  	[MsgId: MMSG-26392]
Action.c(413): web_add_header("Upgrade-Insecure-Requests") started  	[MsgId: MMSG-26355]
Action.c(413): web_add_header("Upgrade-Insecure-Requests") was successful  	[MsgId: MMSG-26392]
Action.c(417): web_reg_find started  	[MsgId: MMSG-26355]
Action.c(417): Registering web_reg_find was successful  	[MsgId: MMSG-26390]
Action.c(431): web_reg_find started  	[MsgId: MMSG-26355]
Action.c(431): Registering web_reg_find was successful  	[MsgId: MMSG-26390]
Action.c(438): web_custom_request("itinerare.pl") started  	[MsgId: MMSG-26355]
Action.c(438): Found resource "http://localhost:1080/WebTours/images/bookanother.gif" in HTML "http://localhost:1080/cgi-bin/reservations.pl"  	[MsgId: MMSG-26659]
Action.c(438): Registered web_reg_find successful for "Text=09/21/2020 :  8am : Flight 710 leaves Seattle  for Frankfurt" (count=1)  	[MsgId: MMSG-26364]
Action.c(438): Registered web_reg_find successful for "Text=09/30/2020 :  1pm : Flight 171 leaves Frankfurt  for Seattle" (count=1)  	[MsgId: MMSG-26364]
Action.c(438): web_custom_request("itinerare.pl") was successful, 3383 body bytes, 689 header bytes, 12 chunking overhead bytes  	[MsgId: MMSG-26385]
Action.c(446): Notify: Transaction "insert_payment_info" ended with a "Pass" status (Duration: 5,0557 Think Time: 5,0005 Wasted Time: 0,0000).	[MsgId: MMSG-16870]
Action.c(451): Notify: Transaction "viewing_receipts" started.	[MsgId: MMSG-16999]
Action.c(453): lr_think_time: 5,00 seconds.	[MsgId: MMSG-15948]
Action.c(461): web_reg_save_param_ex started  	[MsgId: MMSG-26355]
Action.c(461): Registering web_reg_save_param_ex was successful  	[MsgId: MMSG-26390]
Action.c(472): web_reg_save_param_ex started  	[MsgId: MMSG-26355]
Action.c(472): Registering web_reg_save_param_ex was successful  	[MsgId: MMSG-26390]
Action.c(483): web_add_auto_header("Sec-Fetch-Site") started  	[MsgId: MMSG-26355]
Action.c(483): web_add_auto_header("Sec-Fetch-Site") was successful  	[MsgId: MMSG-26392]
Action.c(486): web_add_auto_header("Sec-Fetch-Mode") started  	[MsgId: MMSG-26355]
Action.c(486): web_add_auto_header("Sec-Fetch-Mode") was successful  	[MsgId: MMSG-26392]
Action.c(489): web_add_auto_header("Sec-Fetch-Dest") started  	[MsgId: MMSG-26355]
Action.c(489): web_add_auto_header("Sec-Fetch-Dest") was successful  	[MsgId: MMSG-26392]
Action.c(492): web_add_header("Origin") started  	[MsgId: MMSG-26355]
Action.c(492): web_add_header("Origin") was successful  	[MsgId: MMSG-26392]
Action.c(495): web_add_auto_header("Sec-Fetch-Mode") started  	[MsgId: MMSG-26355]
Action.c(495): web_add_auto_header("Sec-Fetch-Mode") was successful  	[MsgId: MMSG-26392]
Action.c(498): web_add_auto_header("Sec-Fetch-Mode") started  	[MsgId: MMSG-26355]
Action.c(498): web_add_auto_header("Sec-Fetch-Mode") was successful  	[MsgId: MMSG-26392]
Action.c(501): web_add_auto_header("Sec-Fetch-Dest") started  	[MsgId: MMSG-26355]
Action.c(501): web_add_auto_header("Sec-Fetch-Dest") was successful  	[MsgId: MMSG-26392]
Action.c(504): web_add_auto_header("Sec-Fetch-Site") started  	[MsgId: MMSG-26355]
Action.c(504): web_add_auto_header("Sec-Fetch-Site") was successful  	[MsgId: MMSG-26392]
Action.c(507): web_add_auto_header("Sec-Fetch-User") started  	[MsgId: MMSG-26355]
Action.c(507): web_add_auto_header("Sec-Fetch-User") was successful  	[MsgId: MMSG-26392]
Action.c(510): web_add_auto_header("Upgrade-Insecure-Requests") started  	[MsgId: MMSG-26355]
Action.c(510): web_add_auto_header("Upgrade-Insecure-Requests") was successful  	[MsgId: MMSG-26392]
Action.c(513): web_reg_find started  	[MsgId: MMSG-26355]
Action.c(513): Registering web_reg_find was successful  	[MsgId: MMSG-26390]
Action.c(517): web_url("welcome.pl") started  	[MsgId: MMSG-26355]
Action.c(517): Detected non-resource "http://localhost:1080/cgi-bin/nav.pl?page=menu&in=itinerary" in "http://localhost:1080/cgi-bin/welcome.pl?page=itinerary"  	[MsgId: MMSG-26574]
Action.c(517): Detected non-resource "http://localhost:1080/cgi-bin/itinerary.pl" in "http://localhost:1080/cgi-bin/welcome.pl?page=itinerary"  	[MsgId: MMSG-26574]
Action.c(517): Resource "http://localhost:1080/WebTours/images/flights.gif" is in the cache already and will not be downloaded again  	[MsgId: MMSG-26655]
Action.c(517): Found resource "http://localhost:1080/WebTours/images/in_itinerary.gif" in HTML "http://localhost:1080/cgi-bin/nav.pl?page=menu&in=itinerary"  	[MsgId: MMSG-26659]
Action.c(517): Resource "http://localhost:1080/WebTours/images/home.gif" is in the cache already and will not be downloaded again  	[MsgId: MMSG-26655]
Action.c(517): Resource "http://localhost:1080/WebTours/images/signoff.gif" is in the cache already and will not be downloaded again  	[MsgId: MMSG-26655]
Action.c(517): Found resource "http://localhost:1080/WebTours/images/cancelreservation.gif" in HTML "http://localhost:1080/cgi-bin/itinerary.pl"  	[MsgId: MMSG-26659]
Action.c(517): Found resource "http://localhost:1080/WebTours/images/cancelallreservations.gif" in HTML "http://localhost:1080/cgi-bin/itinerary.pl"  	[MsgId: MMSG-26659]
Action.c(517): Registered web_reg_find successful for "Text=<B>Sasha Carrington
 's Flight Transaction Summary</B>" (count=1)  	[MsgId: MMSG-26364]
Action.c(517): web_url("welcome.pl") was successful, 15733 body bytes, 1619 header bytes, 51 chunking overhead bytes  	[MsgId: MMSG-26385]
Action.c(527): Notify: Transaction "viewing_receipts" ended with a "Pass" status (Duration: 5,1308 Think Time: 5,0012 Wasted Time: 0,0012).	[MsgId: MMSG-16870]
Action.c(758): Notify: Transaction "ñancel_reservation" started.	[MsgId: MMSG-16999]
Action.c(760): lr_think_time: 5,00 seconds.	[MsgId: MMSG-15948]
Action.c(762): web_add_header("Origin") started  	[MsgId: MMSG-26355]
Action.c(762): web_add_header("Origin") was successful  	[MsgId: MMSG-26392]
Action.c(767): web_reg_save_param_ex started  	[MsgId: MMSG-26355]
Action.c(767): Registering web_reg_save_param_ex was successful  	[MsgId: MMSG-26390]
Action.c(778): web_reg_find started  	[MsgId: MMSG-26355]
Action.c(778): Registering web_reg_find was successful  	[MsgId: MMSG-26390]
Action.c(782): web_custom_request("itinerare.pl") started  	[MsgId: MMSG-26355]
Action.c(782): Resource "http://localhost:1080/WebTours/images/cancelreservation.gif" is in the cache already and will not be downloaded again  	[MsgId: MMSG-26655]
Action.c(782): Resource "http://localhost:1080/WebTours/images/cancelallreservations.gif" is in the cache already and will not be downloaded again  	[MsgId: MMSG-26655]
Action.c(782): Registered web_reg_find successful for "Text=<B>Sasha Carrington
 's Flight Transaction Summary</B>" (count=1)  	[MsgId: MMSG-26364]
Action.c(782): web_custom_request("itinerare.pl") was successful, 10189 body bytes, 256 header bytes, 27 chunking overhead bytes  	[MsgId: MMSG-26385]
Action.c(821): Notify: Transaction "ñancel_reservation" ended with a "Pass" status (Duration: 5,0496 Think Time: 5,0009 Wasted Time: 0,0005).	[MsgId: MMSG-16870]
..\\QueryLibrary\\click_sing_off_request.h(6): Notify: Transaction "click_sing_off" started.	[MsgId: MMSG-16999]
..\\QueryLibrary\\click_sing_off_request.h(8): lr_think_time: 5,00 seconds.	[MsgId: MMSG-15948]
..\\QueryLibrary\\click_sing_off_request.h(10): web_add_auto_header("Sec-Fetch-Site") started  	[MsgId: MMSG-26355]
..\\QueryLibrary\\click_sing_off_request.h(10): web_add_auto_header("Sec-Fetch-Site") was successful  	[MsgId: MMSG-26392]
..\\QueryLibrary\\click_sing_off_request.h(13): web_add_auto_header("Sec-Fetch-Mode") started  	[MsgId: MMSG-26355]
..\\QueryLibrary\\click_sing_off_request.h(13): web_add_auto_header("Sec-Fetch-Mode") was successful  	[MsgId: MMSG-26392]
..\\QueryLibrary\\click_sing_off_request.h(16): web_add_auto_header("Sec-Fetch-Dest") started  	[MsgId: MMSG-26355]
..\\QueryLibrary\\click_sing_off_request.h(16): web_add_auto_header("Sec-Fetch-Dest") was successful  	[MsgId: MMSG-26392]
..\\QueryLibrary\\click_sing_off_request.h(19): web_add_header("Origin") started  	[MsgId: MMSG-26355]
..\\QueryLibrary\\click_sing_off_request.h(19): web_add_header("Origin") was successful  	[MsgId: MMSG-26392]
..\\QueryLibrary\\click_sing_off_request.h(22): web_add_auto_header("Sec-Fetch-Site") started  	[MsgId: MMSG-26355]
..\\QueryLibrary\\click_sing_off_request.h(22): web_add_auto_header("Sec-Fetch-Site") was successful  	[MsgId: MMSG-26392]
..\\QueryLibrary\\click_sing_off_request.h(25): web_add_auto_header("Sec-Fetch-Mode") started  	[MsgId: MMSG-26355]
..\\QueryLibrary\\click_sing_off_request.h(25): web_add_auto_header("Sec-Fetch-Mode") was successful  	[MsgId: MMSG-26392]
..\\QueryLibrary\\click_sing_off_request.h(28): web_add_auto_header("Sec-Fetch-Dest") started  	[MsgId: MMSG-26355]
..\\QueryLibrary\\click_sing_off_request.h(28): web_add_auto_header("Sec-Fetch-Dest") was successful  	[MsgId: MMSG-26392]
..\\QueryLibrary\\click_sing_off_request.h(31): web_add_header("Sec-Fetch-User") started  	[MsgId: MMSG-26355]
..\\QueryLibrary\\click_sing_off_request.h(31): web_add_header("Sec-Fetch-User") was successful  	[MsgId: MMSG-26392]
..\\QueryLibrary\\click_sing_off_request.h(34): web_add_header("Upgrade-Insecure-Requests") started  	[MsgId: MMSG-26355]
..\\QueryLibrary\\click_sing_off_request.h(34): web_add_header("Upgrade-Insecure-Requests") was successful  	[MsgId: MMSG-26392]
..\\QueryLibrary\\click_sing_off_request.h(37): web_reg_find started  	[MsgId: MMSG-26355]
..\\QueryLibrary\\click_sing_off_request.h(37): Registering web_reg_find was successful  	[MsgId: MMSG-26390]
..\\QueryLibrary\\click_sing_off_request.h(41): web_url("welcome.pl") started  	[MsgId: MMSG-26355]
..\\QueryLibrary\\click_sing_off_request.h(41): Detected non-resource "http://localhost:1080/cgi-bin/nav.pl?in=home" in "http://localhost:1080/cgi-bin/welcome.pl?signOff=1"  	[MsgId: MMSG-26574]
..\\QueryLibrary\\click_sing_off_request.h(41): Detected non-resource "http://localhost:1080/WebTours/home.html" in "http://localhost:1080/cgi-bin/welcome.pl?signOff=1"  	[MsgId: MMSG-26574]
..\\QueryLibrary\\click_sing_off_request.h(41): Retrieving data from cache for "http://localhost:1080/WebTours/home.html"  	[MsgId: MMSG-26558]
..\\QueryLibrary\\click_sing_off_request.h(41): Resource "http://localhost:1080/WebTours/images/mer_login.gif" is in the cache already and will not be downloaded again  	[MsgId: MMSG-26655]
..\\QueryLibrary\\click_sing_off_request.h(41): Registered web_reg_find successful for "Text=Welcome to the Web Tours site." (count=1)  	[MsgId: MMSG-26364]
..\\QueryLibrary\\click_sing_off_request.h(41): web_url("welcome.pl") was successful, 2176 body bytes, 629 header bytes, 24 chunking overhead bytes  	[MsgId: MMSG-26385]
..\\QueryLibrary\\click_sing_off_request.h(51): web_add_auto_header("Sec-Fetch-Site") started  	[MsgId: MMSG-26355]
..\\QueryLibrary\\click_sing_off_request.h(51): web_add_auto_header("Sec-Fetch-Site") was successful  	[MsgId: MMSG-26392]
..\\QueryLibrary\\click_sing_off_request.h(54): web_add_auto_header("Sec-Fetch-Mode") started  	[MsgId: MMSG-26355]
..\\QueryLibrary\\click_sing_off_request.h(54): web_add_auto_header("Sec-Fetch-Mode") was successful  	[MsgId: MMSG-26392]
..\\QueryLibrary\\click_sing_off_request.h(57): web_add_auto_header("Sec-Fetch-Dest") started  	[MsgId: MMSG-26355]
..\\QueryLibrary\\click_sing_off_request.h(57): web_add_auto_header("Sec-Fetch-Dest") was successful  	[MsgId: MMSG-26392]
..\\QueryLibrary\\click_sing_off_request.h(60): Notify: Transaction "click_sing_off" ended with a "Pass" status (Duration: 5,0811 Think Time: 4,9998 Wasted Time: 0,0000).	[MsgId: MMSG-16870]
Action.c(829): Notify: Transaction "UC_02_ReissuanceTicket" ended with a "Pass" status (Duration: 40,7424 Think Time: 40,0056 Wasted Time: 0,0047).	[MsgId: MMSG-16870]
Ending action Action.	[MsgId: MMSG-15918]
Ending iteration 1.	[MsgId: MMSG-15965]
Waiting 319,2560 seconds for iteration pacing.	[MsgId: MMSG-15996]
Starting iteration 2.	[MsgId: MMSG-15968]
Starting action Action.	[MsgId: MMSG-15919]
Action.c(25): Notify: Transaction "UC_02_ReissuanceTicket" started.	[MsgId: MMSG-16999]
..\\QueryLibrary\\go_to_site_request.h(6): Notify: Transaction "go_to_site" started.	[MsgId: MMSG-16999]
..\\QueryLibrary\\go_to_site_request.h(8): web_set_sockets_option started  	[MsgId: MMSG-26355]
..\\QueryLibrary\\go_to_site_request.h(8): web_set_sockets_option was successful  	[MsgId: MMSG-26392]
..\\QueryLibrary\\go_to_site_request.h(10): web_add_auto_header("Sec-Fetch-Site") started  	[MsgId: MMSG-26355]
..\\QueryLibrary\\go_to_site_request.h(10): web_add_auto_header("Sec-Fetch-Site") was successful  	[MsgId: MMSG-26392]
..\\QueryLibrary\\go_to_site_request.h(13): web_add_auto_header("Sec-Fetch-Dest") started  	[MsgId: MMSG-26355]
..\\QueryLibrary\\go_to_site_request.h(13): web_add_auto_header("Sec-Fetch-Dest") was successful  	[MsgId: MMSG-26392]
..\\QueryLibrary\\go_to_site_request.h(16): web_add_auto_header("Sec-Fetch-Mode") started  	[MsgId: MMSG-26355]
..\\QueryLibrary\\go_to_site_request.h(16): web_add_auto_header("Sec-Fetch-Mode") was successful  	[MsgId: MMSG-26392]
..\\QueryLibrary\\go_to_site_request.h(19): web_add_auto_header("DNT") started  	[MsgId: MMSG-26355]
..\\QueryLibrary\\go_to_site_request.h(19): web_add_auto_header("DNT") was successful  	[MsgId: MMSG-26392]
..\\QueryLibrary\\go_to_site_request.h(22): web_add_header("Sec-Fetch-User") started  	[MsgId: MMSG-26355]
..\\QueryLibrary\\go_to_site_request.h(22): web_add_header("Sec-Fetch-User") was successful  	[MsgId: MMSG-26392]
..\\QueryLibrary\\go_to_site_request.h(25): web_add_header("Upgrade-Insecure-Requests") started  	[MsgId: MMSG-26355]
..\\QueryLibrary\\go_to_site_request.h(25): web_add_header("Upgrade-Insecure-Requests") was successful  	[MsgId: MMSG-26392]
..\\QueryLibrary\\go_to_site_request.h(29): web_reg_save_param_ex started  	[MsgId: MMSG-26355]
..\\QueryLibrary\\go_to_site_request.h(29): Registering web_reg_save_param_ex was successful  	[MsgId: MMSG-26390]
..\\QueryLibrary\\go_to_site_request.h(41): web_reg_find started  	[MsgId: MMSG-26355]
..\\QueryLibrary\\go_to_site_request.h(41): Registering web_reg_find was successful  	[MsgId: MMSG-26390]
..\\QueryLibrary\\go_to_site_request.h(45): web_url("WebTours") started  	[MsgId: MMSG-26355]
..\\QueryLibrary\\go_to_site_request.h(45): Redirecting "http://localhost:1080/WebTours" (redirection depth is 0)  	[MsgId: MMSG-26694]
..\\QueryLibrary\\go_to_site_request.h(45): To location "http://localhost:1080/WebTours/"  	[MsgId: MMSG-26693]
..\\QueryLibrary\\go_to_site_request.h(45): Detected non-resource "http://localhost:1080/WebTours/header.html" in "http://localhost:1080/WebTours/"  	[MsgId: MMSG-26574]
..\\QueryLibrary\\go_to_site_request.h(45): Detected non-resource "http://localhost:1080/cgi-bin/welcome.pl?signOff=true" in "http://localhost:1080/WebTours/"  	[MsgId: MMSG-26574]
..\\QueryLibrary\\go_to_site_request.h(45): Found resource "http://localhost:1080/WebTours/images/hp_logo.png" in HTML "http://localhost:1080/WebTours/header.html"  	[MsgId: MMSG-26659]
..\\QueryLibrary\\go_to_site_request.h(45): Found resource "http://localhost:1080/WebTours/images/webtours.png" in HTML "http://localhost:1080/WebTours/header.html"  	[MsgId: MMSG-26659]
..\\QueryLibrary\\go_to_site_request.h(45): Detected non-resource "http://localhost:1080/cgi-bin/nav.pl?in=home" in "http://localhost:1080/cgi-bin/welcome.pl?signOff=true"  	[MsgId: MMSG-26574]
..\\QueryLibrary\\go_to_site_request.h(45): Detected non-resource "http://localhost:1080/WebTours/home.html" in "http://localhost:1080/cgi-bin/welcome.pl?signOff=true"  	[MsgId: MMSG-26574]
..\\QueryLibrary\\go_to_site_request.h(45): Found resource "http://localhost:1080/WebTours/images/mer_login.gif" in HTML "http://localhost:1080/cgi-bin/nav.pl?in=home"  	[MsgId: MMSG-26659]
..\\QueryLibrary\\go_to_site_request.h(45): Registered web_reg_find successful for "Text=Welcome to the Web Tours site." (count=1)  	[MsgId: MMSG-26364]
..\\QueryLibrary\\go_to_site_request.h(45): web_url("WebTours") was successful, 10313 body bytes, 2683 header bytes, 24 chunking overhead bytes  	[MsgId: MMSG-26385]
..\\QueryLibrary\\go_to_site_request.h(55): web_add_auto_header("Sec-Fetch-Dest") started  	[MsgId: MMSG-26355]
..\\QueryLibrary\\go_to_site_request.h(55): web_add_auto_header("Sec-Fetch-Dest") was successful  	[MsgId: MMSG-26392]
..\\QueryLibrary\\go_to_site_request.h(58): web_add_auto_header("Sec-Fetch-Mode") started  	[MsgId: MMSG-26355]
..\\QueryLibrary\\go_to_site_request.h(58): web_add_auto_header("Sec-Fetch-Mode") was successful  	[MsgId: MMSG-26392]
..\\QueryLibrary\\go_to_site_request.h(61): web_add_header("Origin") started  	[MsgId: MMSG-26355]
..\\QueryLibrary\\go_to_site_request.h(61): web_add_header("Origin") was successful  	[MsgId: MMSG-26392]
..\\QueryLibrary\\go_to_site_request.h(64): web_add_auto_header("Origin") started  	[MsgId: MMSG-26355]
..\\QueryLibrary\\go_to_site_request.h(64): web_add_auto_header("Origin") was successful  	[MsgId: MMSG-26392]
..\\QueryLibrary\\go_to_site_request.h(67): web_add_auto_header("Sec-Fetch-Mode") started  	[MsgId: MMSG-26355]
..\\QueryLibrary\\go_to_site_request.h(67): web_add_auto_header("Sec-Fetch-Mode") was successful  	[MsgId: MMSG-26392]
..\\QueryLibrary\\go_to_site_request.h(70): Notify: Transaction "go_to_site" ended with a "Pass" status (Duration: 0,0810 Wasted Time: 0,0006).	[MsgId: MMSG-16871]
..\\QueryLibrary\\login_request.h(6): Notify: Transaction "login" started.	[MsgId: MMSG-16999]
..\\QueryLibrary\\login_request.h(8): lr_think_time: 5,00 seconds.	[MsgId: MMSG-15948]
..\\QueryLibrary\\login_request.h(10): web_remove_auto_header("Origin") started  	[MsgId: MMSG-26355]
..\\QueryLibrary\\login_request.h(10): Previous automatically added web header for "Origin" removed  	[MsgId: MMSG-26587]
..\\QueryLibrary\\login_request.h(10): web_remove/revert_auto_header("Origin") was successful  	[MsgId: MMSG-26392]
..\\QueryLibrary\\login_request.h(12): web_add_auto_header("Sec-Fetch-Mode") started  	[MsgId: MMSG-26355]
..\\QueryLibrary\\login_request.h(12): web_add_auto_header("Sec-Fetch-Mode") was successful  	[MsgId: MMSG-26392]
..\\QueryLibrary\\login_request.h(15): web_add_auto_header("Sec-Fetch-Dest") started  	[MsgId: MMSG-26355]
..\\QueryLibrary\\login_request.h(15): web_add_auto_header("Sec-Fetch-Dest") was successful  	[MsgId: MMSG-26392]
..\\QueryLibrary\\login_request.h(18): web_add_auto_header("Sec-Fetch-Site") started  	[MsgId: MMSG-26355]
..\\QueryLibrary\\login_request.h(18): web_add_auto_header("Sec-Fetch-Site") was successful  	[MsgId: MMSG-26392]
..\\QueryLibrary\\login_request.h(21): web_add_auto_header("Sec-Fetch-User") started  	[MsgId: MMSG-26355]
..\\QueryLibrary\\login_request.h(21): web_add_auto_header("Sec-Fetch-User") was successful  	[MsgId: MMSG-26392]
..\\QueryLibrary\\login_request.h(24): web_add_auto_header("Upgrade-Insecure-Requests") started  	[MsgId: MMSG-26355]
..\\QueryLibrary\\login_request.h(24): web_add_auto_header("Upgrade-Insecure-Requests") was successful  	[MsgId: MMSG-26392]
..\\QueryLibrary\\login_request.h(28): web_reg_find started  	[MsgId: MMSG-26355]
..\\QueryLibrary\\login_request.h(28): Registering web_reg_find was successful  	[MsgId: MMSG-26390]
..\\QueryLibrary\\login_request.h(32): web_submit_data("login.pl") started  	[MsgId: MMSG-26355]
..\\QueryLibrary\\login_request.h(32): Detected non-resource "http://localhost:1080/cgi-bin/nav.pl?page=menu&in=home" in "http://localhost:1080/cgi-bin/login.pl"  	[MsgId: MMSG-26574]
..\\QueryLibrary\\login_request.h(32): Detected non-resource "http://localhost:1080/cgi-bin/login.pl?intro=true" in "http://localhost:1080/cgi-bin/login.pl"  	[MsgId: MMSG-26574]
..\\QueryLibrary\\login_request.h(32): Found resource "http://localhost:1080/WebTours/images/flights.gif" in HTML "http://localhost:1080/cgi-bin/nav.pl?page=menu&in=home"  	[MsgId: MMSG-26659]
..\\QueryLibrary\\login_request.h(32): Found resource "http://localhost:1080/WebTours/images/itinerary.gif" in HTML "http://localhost:1080/cgi-bin/nav.pl?page=menu&in=home"  	[MsgId: MMSG-26659]
..\\QueryLibrary\\login_request.h(32): Found resource "http://localhost:1080/WebTours/images/in_home.gif" in HTML "http://localhost:1080/cgi-bin/nav.pl?page=menu&in=home"  	[MsgId: MMSG-26659]
..\\QueryLibrary\\login_request.h(32): Found resource "http://localhost:1080/WebTours/images/signoff.gif" in HTML "http://localhost:1080/cgi-bin/nav.pl?page=menu&in=home"  	[MsgId: MMSG-26659]
..\\QueryLibrary\\login_request.h(32): Registered web_reg_find successful for "Text=Welcome, <b>vanya</b>, to the Web Tours reservation pages." (count=1)  	[MsgId: MMSG-26364]
..\\QueryLibrary\\login_request.h(32): web_submit_data("login.pl") was successful, 5780 body bytes, 2059 header bytes, 36 chunking overhead bytes  	[MsgId: MMSG-26385]
..\\QueryLibrary\\login_request.h(49): Notify: Transaction "login" ended with a "Pass" status (Duration: 5,0935 Think Time: 5,0008 Wasted Time: 0,0000).	[MsgId: MMSG-16870]
..\\QueryLibrary\\click_flight_request.h(6): Notify: Transaction "click_flight" started.	[MsgId: MMSG-16999]
..\\QueryLibrary\\click_flight_request.h(8): lr_think_time: 5,00 seconds.	[MsgId: MMSG-15948]
..\\QueryLibrary\\click_flight_request.h(10): web_remove_auto_header("Sec-Fetch-User") started  	[MsgId: MMSG-26355]
..\\QueryLibrary\\click_flight_request.h(10): Previous automatically added web header for "Sec-Fetch-User" removed  	[MsgId: MMSG-26587]
..\\QueryLibrary\\click_flight_request.h(10): web_remove/revert_auto_header("Sec-Fetch-User") was successful  	[MsgId: MMSG-26392]
..\\QueryLibrary\\click_flight_request.h(12): web_remove_auto_header("Upgrade-Insecure-Requests") started  	[MsgId: MMSG-26355]
..\\QueryLibrary\\click_flight_request.h(12): Previous automatically added web header for "Upgrade-Insecure-Requests" removed  	[MsgId: MMSG-26587]
..\\QueryLibrary\\click_flight_request.h(12): web_remove/revert_auto_header("Upgrade-Insecure-Requests") was successful  	[MsgId: MMSG-26392]
..\\QueryLibrary\\click_flight_request.h(15): web_reg_find started  	[MsgId: MMSG-26355]
..\\QueryLibrary\\click_flight_request.h(15): Registering web_reg_find was successful  	[MsgId: MMSG-26390]
..\\QueryLibrary\\click_flight_request.h(19): web_url("Search Flights Button") started  	[MsgId: MMSG-26355]
..\\QueryLibrary\\click_flight_request.h(19): Detected non-resource "http://localhost:1080/cgi-bin/nav.pl?page=menu&in=flights" in "http://localhost:1080/cgi-bin/welcome.pl?page=search"  	[MsgId: MMSG-26574]
..\\QueryLibrary\\click_flight_request.h(19): Detected non-resource "http://localhost:1080/cgi-bin/reservations.pl?page=welcome" in "http://localhost:1080/cgi-bin/welcome.pl?page=search"  	[MsgId: MMSG-26574]
..\\QueryLibrary\\click_flight_request.h(19): Found resource "http://localhost:1080/WebTours/images/in_flights.gif" in HTML "http://localhost:1080/cgi-bin/nav.pl?page=menu&in=flights"  	[MsgId: MMSG-26659]
..\\QueryLibrary\\click_flight_request.h(19): Resource "http://localhost:1080/WebTours/images/itinerary.gif" is in the cache already and will not be downloaded again  	[MsgId: MMSG-26655]
..\\QueryLibrary\\click_flight_request.h(19): Found resource "http://localhost:1080/WebTours/images/home.gif" in HTML "http://localhost:1080/cgi-bin/nav.pl?page=menu&in=flights"  	[MsgId: MMSG-26659]
..\\QueryLibrary\\click_flight_request.h(19): Resource "http://localhost:1080/WebTours/images/signoff.gif" is in the cache already and will not be downloaded again  	[MsgId: MMSG-26655]
..\\QueryLibrary\\click_flight_request.h(19): Found resource "http://localhost:1080/WebTours/images/button_next.gif" in HTML "http://localhost:1080/cgi-bin/reservations.pl?page=welcome"  	[MsgId: MMSG-26659]
..\\QueryLibrary\\click_flight_request.h(19): Registered web_reg_find successful for "Text=No. of Passengers :" (count=1)  	[MsgId: MMSG-26364]
..\\QueryLibrary\\click_flight_request.h(19): web_url("Search Flights Button") was successful, 8516 body bytes, 1620 header bytes, 43 chunking overhead bytes  	[MsgId: MMSG-26385]
..\\QueryLibrary\\click_flight_request.h(29): Notify: Transaction "click_flight" ended with a "Pass" status (Duration: 5,0943 Think Time: 5,0003 Wasted Time: 0,0000).	[MsgId: MMSG-16870]
Action.c(44): Notify: Transaction "fill_find_flight" started.	[MsgId: MMSG-16999]
Action.c(46): lr_think_time: 5,00 seconds.	[MsgId: MMSG-15948]
Action.c(52): web_reg_save_param_regexp started  	[MsgId: MMSG-26355]
Action.c(52): Registering web_reg_save_param_regexp was successful  	[MsgId: MMSG-26390]
Action.c(63): web_reg_save_param_ex started  	[MsgId: MMSG-26355]
Action.c(63): Registering web_reg_save_param_ex was successful  	[MsgId: MMSG-26390]
Action.c(81): web_reg_save_param_ex started  	[MsgId: MMSG-26355]
Action.c(81): Registering web_reg_save_param_ex was successful  	[MsgId: MMSG-26390]
Action.c(94): web_reg_save_param_ex started  	[MsgId: MMSG-26355]
Action.c(94): Registering web_reg_save_param_ex was successful  	[MsgId: MMSG-26390]
Action.c(106): web_reg_find started  	[MsgId: MMSG-26355]
Action.c(106): Registering web_reg_find was successful  	[MsgId: MMSG-26390]
Action.c(111): web_reg_find started  	[MsgId: MMSG-26355]
Action.c(111): Registering web_reg_find was successful  	[MsgId: MMSG-26390]
Action.c(114): web_submit_data("reservations.pl") started  	[MsgId: MMSG-26355]
Action.c(114): Resource "http://localhost:1080/WebTours/images/button_next.gif" is in the cache already and will not be downloaded again  	[MsgId: MMSG-26655]
Action.c(114): Registered web_reg_find successful for "Text=Flight departing from <B>Zurich</B> to <B>London</B> on <B>09/21/2020</B>" (count=1)  	[MsgId: MMSG-26364]
Action.c(114): Registered web_reg_find successful for "Text=Flight departing from <B>London</B> to <B>Zurich</B> on <B>09/30/2020</B>" (count=1)  	[MsgId: MMSG-26364]
Action.c(114): web_submit_data("reservations.pl") was successful, 3583 body bytes, 256 header bytes, 12 chunking overhead bytes  	[MsgId: MMSG-26385]
Action.c(171): Notify: Transaction "fill_find_flight" ended with a "Pass" status (Duration: 5,0530 Think Time: 5,0000 Wasted Time: 0,0019).	[MsgId: MMSG-16870]
Action.c(179): Notify: Transaction "choose_flight" started.	[MsgId: MMSG-16999]
Action.c(181): lr_think_time: 5,00 seconds.	[MsgId: MMSG-15948]
Action.c(184): web_reg_find started  	[MsgId: MMSG-26355]
Action.c(184): Registering web_reg_find was successful  	[MsgId: MMSG-26390]
Action.c(191): web_reg_find started  	[MsgId: MMSG-26355]
Action.c(191): Registering web_reg_find was successful  	[MsgId: MMSG-26390]
Action.c(195): web_submit_form("reservations.pl_2") started  	[MsgId: MMSG-26355]
Action.c(195): Submitting form to "http://localhost:1080/cgi-bin/reservations.pl", Target Frame=""  	[MsgId: MMSG-27978]
Action.c(195): Resource "http://localhost:1080/WebTours/images/button_next.gif" is in the cache already and will not be downloaded again  	[MsgId: MMSG-26655]
Action.c(195): Downloading resource "http://localhost:1080/cgi-bin/reservations.pl" (specified by argument number 17)  	[MsgId: MMSG-26577]
Action.c(195): Registered web_reg_find successful for "Text=name="outboundFlight" value="922;176;09/21/2020"  />" (count=1)  	[MsgId: MMSG-26364]
Action.c(195): Registered web_reg_find successful for "Text=name="returnFlight" value="291;166;09/30/2020"  />" (count=1)  	[MsgId: MMSG-26364]
Action.c(195): web_submit_form("reservations.pl_2") was successful, 7005 body bytes, 511 header bytes, 31 chunking overhead bytes  	[MsgId: MMSG-26385]
Action.c(219): Notify: Transaction "choose_flight" ended with a "Pass" status (Duration: 5,0984 Think Time: 5,0015 Wasted Time: 0,0000).	[MsgId: MMSG-16870]
Action.c(388): Notify: Transaction "insert_payment_info" started.	[MsgId: MMSG-16999]
Action.c(390): lr_think_time: 5,00 seconds.	[MsgId: MMSG-15948]
Action.c(392): web_add_auto_header("Sec-Fetch-Dest") started  	[MsgId: MMSG-26355]
Action.c(392): web_add_auto_header("Sec-Fetch-Dest") was successful  	[MsgId: MMSG-26392]
Action.c(395): web_add_auto_header("Sec-Fetch-Site") started  	[MsgId: MMSG-26355]
Action.c(395): web_add_auto_header("Sec-Fetch-Site") was successful  	[MsgId: MMSG-26392]
Action.c(398): web_add_auto_header("Sec-Fetch-Mode") started  	[MsgId: MMSG-26355]
Action.c(398): web_add_auto_header("Sec-Fetch-Mode") was successful  	[MsgId: MMSG-26392]
Action.c(401): web_add_auto_header("Sec-Fetch-Dest") started  	[MsgId: MMSG-26355]
Action.c(401): web_add_auto_header("Sec-Fetch-Dest") was successful  	[MsgId: MMSG-26392]
Action.c(404): web_add_header("Origin") started  	[MsgId: MMSG-26355]
Action.c(404): web_add_header("Origin") was successful  	[MsgId: MMSG-26392]
Action.c(407): web_add_auto_header("Sec-Fetch-Site") started  	[MsgId: MMSG-26355]
Action.c(407): web_add_auto_header("Sec-Fetch-Site") was successful  	[MsgId: MMSG-26392]
Action.c(410): web_add_header("Sec-Fetch-User") started  	[MsgId: MMSG-26355]
Action.c(410): web_add_header("Sec-Fetch-User") was successful  	[MsgId: MMSG-26392]
Action.c(413): web_add_header("Upgrade-Insecure-Requests") started  	[MsgId: MMSG-26355]
Action.c(413): web_add_header("Upgrade-Insecure-Requests") was successful  	[MsgId: MMSG-26392]
Action.c(417): web_reg_find started  	[MsgId: MMSG-26355]
Action.c(417): Registering web_reg_find was successful  	[MsgId: MMSG-26390]
Action.c(431): web_reg_find started  	[MsgId: MMSG-26355]
Action.c(431): Registering web_reg_find was successful  	[MsgId: MMSG-26390]
Action.c(438): web_custom_request("itinerare.pl") started  	[MsgId: MMSG-26355]
Action.c(438): Found resource "http://localhost:1080/WebTours/images/bookanother.gif" in HTML "http://localhost:1080/cgi-bin/reservations.pl"  	[MsgId: MMSG-26659]
Action.c(438): Registered web_reg_find successful for "Text=09/21/2020 :  5pm : Flight 922 leaves Zurich  for London" (count=1)  	[MsgId: MMSG-26364]
Action.c(438): Registered web_reg_find successful for "Text=09/30/2020 :  1pm : Flight 291 leaves London  for Zurich" (count=1)  	[MsgId: MMSG-26364]
Action.c(438): web_custom_request("itinerare.pl") was successful, 3367 body bytes, 685 header bytes, 12 chunking overhead bytes  	[MsgId: MMSG-26385]
Action.c(446): Notify: Transaction "insert_payment_info" ended with a "Pass" status (Duration: 5,0537 Think Time: 4,9999 Wasted Time: 0,0000).	[MsgId: MMSG-16870]
Action.c(451): Notify: Transaction "viewing_receipts" started.	[MsgId: MMSG-16999]
Action.c(453): lr_think_time: 5,00 seconds.	[MsgId: MMSG-15948]
Action.c(461): web_reg_save_param_ex started  	[MsgId: MMSG-26355]
Action.c(461): Registering web_reg_save_param_ex was successful  	[MsgId: MMSG-26390]
Action.c(472): web_reg_save_param_ex started  	[MsgId: MMSG-26355]
Action.c(472): Registering web_reg_save_param_ex was successful  	[MsgId: MMSG-26390]
Action.c(483): web_add_auto_header("Sec-Fetch-Site") started  	[MsgId: MMSG-26355]
Action.c(483): web_add_auto_header("Sec-Fetch-Site") was successful  	[MsgId: MMSG-26392]
Action.c(486): web_add_auto_header("Sec-Fetch-Mode") started  	[MsgId: MMSG-26355]
Action.c(486): web_add_auto_header("Sec-Fetch-Mode") was successful  	[MsgId: MMSG-26392]
Action.c(489): web_add_auto_header("Sec-Fetch-Dest") started  	[MsgId: MMSG-26355]
Action.c(489): web_add_auto_header("Sec-Fetch-Dest") was successful  	[MsgId: MMSG-26392]
Action.c(492): web_add_header("Origin") started  	[MsgId: MMSG-26355]
Action.c(492): web_add_header("Origin") was successful  	[MsgId: MMSG-26392]
Action.c(495): web_add_auto_header("Sec-Fetch-Mode") started  	[MsgId: MMSG-26355]
Action.c(495): web_add_auto_header("Sec-Fetch-Mode") was successful  	[MsgId: MMSG-26392]
Action.c(498): web_add_auto_header("Sec-Fetch-Mode") started  	[MsgId: MMSG-26355]
Action.c(498): web_add_auto_header("Sec-Fetch-Mode") was successful  	[MsgId: MMSG-26392]
Action.c(501): web_add_auto_header("Sec-Fetch-Dest") started  	[MsgId: MMSG-26355]
Action.c(501): web_add_auto_header("Sec-Fetch-Dest") was successful  	[MsgId: MMSG-26392]
Action.c(504): web_add_auto_header("Sec-Fetch-Site") started  	[MsgId: MMSG-26355]
Action.c(504): web_add_auto_header("Sec-Fetch-Site") was successful  	[MsgId: MMSG-26392]
Action.c(507): web_add_auto_header("Sec-Fetch-User") started  	[MsgId: MMSG-26355]
Action.c(507): web_add_auto_header("Sec-Fetch-User") was successful  	[MsgId: MMSG-26392]
Action.c(510): web_add_auto_header("Upgrade-Insecure-Requests") started  	[MsgId: MMSG-26355]
Action.c(510): web_add_auto_header("Upgrade-Insecure-Requests") was successful  	[MsgId: MMSG-26392]
Action.c(513): web_reg_find started  	[MsgId: MMSG-26355]
Action.c(513): Registering web_reg_find was successful  	[MsgId: MMSG-26390]
Action.c(517): web_url("welcome.pl") started  	[MsgId: MMSG-26355]
Action.c(517): Detected non-resource "http://localhost:1080/cgi-bin/nav.pl?page=menu&in=itinerary" in "http://localhost:1080/cgi-bin/welcome.pl?page=itinerary"  	[MsgId: MMSG-26574]
Action.c(517): Detected non-resource "http://localhost:1080/cgi-bin/itinerary.pl" in "http://localhost:1080/cgi-bin/welcome.pl?page=itinerary"  	[MsgId: MMSG-26574]
Action.c(517): Resource "http://localhost:1080/WebTours/images/flights.gif" is in the cache already and will not be downloaded again  	[MsgId: MMSG-26655]
Action.c(517): Found resource "http://localhost:1080/WebTours/images/in_itinerary.gif" in HTML "http://localhost:1080/cgi-bin/nav.pl?page=menu&in=itinerary"  	[MsgId: MMSG-26659]
Action.c(517): Resource "http://localhost:1080/WebTours/images/home.gif" is in the cache already and will not be downloaded again  	[MsgId: MMSG-26655]
Action.c(517): Resource "http://localhost:1080/WebTours/images/signoff.gif" is in the cache already and will not be downloaded again  	[MsgId: MMSG-26655]
Action.c(517): Found resource "http://localhost:1080/WebTours/images/cancelreservation.gif" in HTML "http://localhost:1080/cgi-bin/itinerary.pl"  	[MsgId: MMSG-26659]
Action.c(517): Found resource "http://localhost:1080/WebTours/images/cancelallreservations.gif" in HTML "http://localhost:1080/cgi-bin/itinerary.pl"  	[MsgId: MMSG-26659]
Action.c(517): Registered web_reg_find successful for "Text=<B>Vanya Cramer
 's Flight Transaction Summary</B>" (count=1)  	[MsgId: MMSG-26364]
Action.c(517): web_url("welcome.pl") was successful, 18013 body bytes, 1619 header bytes, 59 chunking overhead bytes  	[MsgId: MMSG-26385]
Action.c(527): Notify: Transaction "viewing_receipts" ended with a "Pass" status (Duration: 5,1244 Think Time: 4,9995 Wasted Time: 0,0012).	[MsgId: MMSG-16870]
Action.c(758): Notify: Transaction "ñancel_reservation" started.	[MsgId: MMSG-16999]
Action.c(760): lr_think_time: 5,00 seconds.	[MsgId: MMSG-15948]
Action.c(762): web_add_header("Origin") started  	[MsgId: MMSG-26355]
Action.c(762): web_add_header("Origin") was successful  	[MsgId: MMSG-26392]
Action.c(767): web_reg_save_param_ex started  	[MsgId: MMSG-26355]
Action.c(767): Registering web_reg_save_param_ex was successful  	[MsgId: MMSG-26390]
Action.c(778): web_reg_find started  	[MsgId: MMSG-26355]
Action.c(778): Registering web_reg_find was successful  	[MsgId: MMSG-26390]
Action.c(782): web_custom_request("itinerare.pl") started  	[MsgId: MMSG-26355]
Action.c(782): Resource "http://localhost:1080/WebTours/images/cancelreservation.gif" is in the cache already and will not be downloaded again  	[MsgId: MMSG-26655]
Action.c(782): Resource "http://localhost:1080/WebTours/images/cancelallreservations.gif" is in the cache already and will not be downloaded again  	[MsgId: MMSG-26655]
Action.c(782): Registered web_reg_find successful for "Text=<B>Vanya Cramer
 's Flight Transaction Summary</B>" (count=1)  	[MsgId: MMSG-26364]
Action.c(782): web_custom_request("itinerare.pl") was successful, 11280 body bytes, 256 header bytes, 27 chunking overhead bytes  	[MsgId: MMSG-26385]
Action.c(821): Notify: Transaction "ñancel_reservation" ended with a "Pass" status (Duration: 5,0501 Think Time: 5,0008 Wasted Time: 0,0005).	[MsgId: MMSG-16870]
..\\QueryLibrary\\click_sing_off_request.h(6): Notify: Transaction "click_sing_off" started.	[MsgId: MMSG-16999]
..\\QueryLibrary\\click_sing_off_request.h(8): lr_think_time: 5,00 seconds.	[MsgId: MMSG-15948]
..\\QueryLibrary\\click_sing_off_request.h(10): web_add_auto_header("Sec-Fetch-Site") started  	[MsgId: MMSG-26355]
..\\QueryLibrary\\click_sing_off_request.h(10): web_add_auto_header("Sec-Fetch-Site") was successful  	[MsgId: MMSG-26392]
..\\QueryLibrary\\click_sing_off_request.h(13): web_add_auto_header("Sec-Fetch-Mode") started  	[MsgId: MMSG-26355]
..\\QueryLibrary\\click_sing_off_request.h(13): web_add_auto_header("Sec-Fetch-Mode") was successful  	[MsgId: MMSG-26392]
..\\QueryLibrary\\click_sing_off_request.h(16): web_add_auto_header("Sec-Fetch-Dest") started  	[MsgId: MMSG-26355]
..\\QueryLibrary\\click_sing_off_request.h(16): web_add_auto_header("Sec-Fetch-Dest") was successful  	[MsgId: MMSG-26392]
..\\QueryLibrary\\click_sing_off_request.h(19): web_add_header("Origin") started  	[MsgId: MMSG-26355]
..\\QueryLibrary\\click_sing_off_request.h(19): web_add_header("Origin") was successful  	[MsgId: MMSG-26392]
..\\QueryLibrary\\click_sing_off_request.h(22): web_add_auto_header("Sec-Fetch-Site") started  	[MsgId: MMSG-26355]
..\\QueryLibrary\\click_sing_off_request.h(22): web_add_auto_header("Sec-Fetch-Site") was successful  	[MsgId: MMSG-26392]
..\\QueryLibrary\\click_sing_off_request.h(25): web_add_auto_header("Sec-Fetch-Mode") started  	[MsgId: MMSG-26355]
..\\QueryLibrary\\click_sing_off_request.h(25): web_add_auto_header("Sec-Fetch-Mode") was successful  	[MsgId: MMSG-26392]
..\\QueryLibrary\\click_sing_off_request.h(28): web_add_auto_header("Sec-Fetch-Dest") started  	[MsgId: MMSG-26355]
..\\QueryLibrary\\click_sing_off_request.h(28): web_add_auto_header("Sec-Fetch-Dest") was successful  	[MsgId: MMSG-26392]
..\\QueryLibrary\\click_sing_off_request.h(31): web_add_header("Sec-Fetch-User") started  	[MsgId: MMSG-26355]
..\\QueryLibrary\\click_sing_off_request.h(31): web_add_header("Sec-Fetch-User") was successful  	[MsgId: MMSG-26392]
..\\QueryLibrary\\click_sing_off_request.h(34): web_add_header("Upgrade-Insecure-Requests") started  	[MsgId: MMSG-26355]
..\\QueryLibrary\\click_sing_off_request.h(34): web_add_header("Upgrade-Insecure-Requests") was successful  	[MsgId: MMSG-26392]
..\\QueryLibrary\\click_sing_off_request.h(37): web_reg_find started  	[MsgId: MMSG-26355]
..\\QueryLibrary\\click_sing_off_request.h(37): Registering web_reg_find was successful  	[MsgId: MMSG-26390]
..\\QueryLibrary\\click_sing_off_request.h(41): web_url("welcome.pl") started  	[MsgId: MMSG-26355]
..\\QueryLibrary\\click_sing_off_request.h(41): Detected non-resource "http://localhost:1080/cgi-bin/nav.pl?in=home" in "http://localhost:1080/cgi-bin/welcome.pl?signOff=1"  	[MsgId: MMSG-26574]
..\\QueryLibrary\\click_sing_off_request.h(41): Detected non-resource "http://localhost:1080/WebTours/home.html" in "http://localhost:1080/cgi-bin/welcome.pl?signOff=1"  	[MsgId: MMSG-26574]
..\\QueryLibrary\\click_sing_off_request.h(41): Retrieving data from cache for "http://localhost:1080/WebTours/home.html"  	[MsgId: MMSG-26558]
..\\QueryLibrary\\click_sing_off_request.h(41): Resource "http://localhost:1080/WebTours/images/mer_login.gif" is in the cache already and will not be downloaded again  	[MsgId: MMSG-26655]
..\\QueryLibrary\\click_sing_off_request.h(41): Registered web_reg_find successful for "Text=Welcome to the Web Tours site." (count=1)  	[MsgId: MMSG-26364]
..\\QueryLibrary\\click_sing_off_request.h(41): web_url("welcome.pl") was successful, 2176 body bytes, 629 header bytes, 24 chunking overhead bytes  	[MsgId: MMSG-26385]
..\\QueryLibrary\\click_sing_off_request.h(51): web_add_auto_header("Sec-Fetch-Site") started  	[MsgId: MMSG-26355]
..\\QueryLibrary\\click_sing_off_request.h(51): web_add_auto_header("Sec-Fetch-Site") was successful  	[MsgId: MMSG-26392]
..\\QueryLibrary\\click_sing_off_request.h(54): web_add_auto_header("Sec-Fetch-Mode") started  	[MsgId: MMSG-26355]
..\\QueryLibrary\\click_sing_off_request.h(54): web_add_auto_header("Sec-Fetch-Mode") was successful  	[MsgId: MMSG-26392]
..\\QueryLibrary\\click_sing_off_request.h(57): web_add_auto_header("Sec-Fetch-Dest") started  	[MsgId: MMSG-26355]
..\\QueryLibrary\\click_sing_off_request.h(57): web_add_auto_header("Sec-Fetch-Dest") was successful  	[MsgId: MMSG-26392]
..\\QueryLibrary\\click_sing_off_request.h(60): Notify: Transaction "click_sing_off" ended with a "Pass" status (Duration: 5,0795 Think Time: 4,9991 Wasted Time: 0,0000).	[MsgId: MMSG-16870]
Action.c(829): Notify: Transaction "UC_02_ReissuanceTicket" ended with a "Pass" status (Duration: 40,7296 Think Time: 40,0020 Wasted Time: 0,0042).	[MsgId: MMSG-16870]
Ending action Action.	[MsgId: MMSG-15918]
Ending iteration 2.	[MsgId: MMSG-15965]
Waiting 319,2690 seconds for iteration pacing.	[MsgId: MMSG-15996]
Starting iteration 3.	[MsgId: MMSG-15968]
Starting action Action.	[MsgId: MMSG-15919]
Action.c(25): Notify: Transaction "UC_02_ReissuanceTicket" started.	[MsgId: MMSG-16999]
..\\QueryLibrary\\go_to_site_request.h(6): Notify: Transaction "go_to_site" started.	[MsgId: MMSG-16999]
..\\QueryLibrary\\go_to_site_request.h(8): web_set_sockets_option started  	[MsgId: MMSG-26355]
..\\QueryLibrary\\go_to_site_request.h(8): web_set_sockets_option was successful  	[MsgId: MMSG-26392]
..\\QueryLibrary\\go_to_site_request.h(10): web_add_auto_header("Sec-Fetch-Site") started  	[MsgId: MMSG-26355]
..\\QueryLibrary\\go_to_site_request.h(10): web_add_auto_header("Sec-Fetch-Site") was successful  	[MsgId: MMSG-26392]
..\\QueryLibrary\\go_to_site_request.h(13): web_add_auto_header("Sec-Fetch-Dest") started  	[MsgId: MMSG-26355]
..\\QueryLibrary\\go_to_site_request.h(13): web_add_auto_header("Sec-Fetch-Dest") was successful  	[MsgId: MMSG-26392]
..\\QueryLibrary\\go_to_site_request.h(16): web_add_auto_header("Sec-Fetch-Mode") started  	[MsgId: MMSG-26355]
..\\QueryLibrary\\go_to_site_request.h(16): web_add_auto_header("Sec-Fetch-Mode") was successful  	[MsgId: MMSG-26392]
..\\QueryLibrary\\go_to_site_request.h(19): web_add_auto_header("DNT") started  	[MsgId: MMSG-26355]
..\\QueryLibrary\\go_to_site_request.h(19): web_add_auto_header("DNT") was successful  	[MsgId: MMSG-26392]
..\\QueryLibrary\\go_to_site_request.h(22): web_add_header("Sec-Fetch-User") started  	[MsgId: MMSG-26355]
..\\QueryLibrary\\go_to_site_request.h(22): web_add_header("Sec-Fetch-User") was successful  	[MsgId: MMSG-26392]
..\\QueryLibrary\\go_to_site_request.h(25): web_add_header("Upgrade-Insecure-Requests") started  	[MsgId: MMSG-26355]
..\\QueryLibrary\\go_to_site_request.h(25): web_add_header("Upgrade-Insecure-Requests") was successful  	[MsgId: MMSG-26392]
..\\QueryLibrary\\go_to_site_request.h(29): web_reg_save_param_ex started  	[MsgId: MMSG-26355]
..\\QueryLibrary\\go_to_site_request.h(29): Registering web_reg_save_param_ex was successful  	[MsgId: MMSG-26390]
..\\QueryLibrary\\go_to_site_request.h(41): web_reg_find started  	[MsgId: MMSG-26355]
..\\QueryLibrary\\go_to_site_request.h(41): Registering web_reg_find was successful  	[MsgId: MMSG-26390]
..\\QueryLibrary\\go_to_site_request.h(45): web_url("WebTours") started  	[MsgId: MMSG-26355]
..\\QueryLibrary\\go_to_site_request.h(45): Redirecting "http://localhost:1080/WebTours" (redirection depth is 0)  	[MsgId: MMSG-26694]
..\\QueryLibrary\\go_to_site_request.h(45): To location "http://localhost:1080/WebTours/"  	[MsgId: MMSG-26693]
..\\QueryLibrary\\go_to_site_request.h(45): Detected non-resource "http://localhost:1080/WebTours/header.html" in "http://localhost:1080/WebTours/"  	[MsgId: MMSG-26574]
..\\QueryLibrary\\go_to_site_request.h(45): Detected non-resource "http://localhost:1080/cgi-bin/welcome.pl?signOff=true" in "http://localhost:1080/WebTours/"  	[MsgId: MMSG-26574]
..\\QueryLibrary\\go_to_site_request.h(45): Found resource "http://localhost:1080/WebTours/images/hp_logo.png" in HTML "http://localhost:1080/WebTours/header.html"  	[MsgId: MMSG-26659]
..\\QueryLibrary\\go_to_site_request.h(45): Found resource "http://localhost:1080/WebTours/images/webtours.png" in HTML "http://localhost:1080/WebTours/header.html"  	[MsgId: MMSG-26659]
..\\QueryLibrary\\go_to_site_request.h(45): Detected non-resource "http://localhost:1080/cgi-bin/nav.pl?in=home" in "http://localhost:1080/cgi-bin/welcome.pl?signOff=true"  	[MsgId: MMSG-26574]
..\\QueryLibrary\\go_to_site_request.h(45): Detected non-resource "http://localhost:1080/WebTours/home.html" in "http://localhost:1080/cgi-bin/welcome.pl?signOff=true"  	[MsgId: MMSG-26574]
..\\QueryLibrary\\go_to_site_request.h(45): Found resource "http://localhost:1080/WebTours/images/mer_login.gif" in HTML "http://localhost:1080/cgi-bin/nav.pl?in=home"  	[MsgId: MMSG-26659]
..\\QueryLibrary\\go_to_site_request.h(45): Registered web_reg_find successful for "Text=Welcome to the Web Tours site." (count=1)  	[MsgId: MMSG-26364]
..\\QueryLibrary\\go_to_site_request.h(45): web_url("WebTours") was successful, 10313 body bytes, 2683 header bytes, 24 chunking overhead bytes  	[MsgId: MMSG-26385]
..\\QueryLibrary\\go_to_site_request.h(55): web_add_auto_header("Sec-Fetch-Dest") started  	[MsgId: MMSG-26355]
..\\QueryLibrary\\go_to_site_request.h(55): web_add_auto_header("Sec-Fetch-Dest") was successful  	[MsgId: MMSG-26392]
..\\QueryLibrary\\go_to_site_request.h(58): web_add_auto_header("Sec-Fetch-Mode") started  	[MsgId: MMSG-26355]
..\\QueryLibrary\\go_to_site_request.h(58): web_add_auto_header("Sec-Fetch-Mode") was successful  	[MsgId: MMSG-26392]
..\\QueryLibrary\\go_to_site_request.h(61): web_add_header("Origin") started  	[MsgId: MMSG-26355]
..\\QueryLibrary\\go_to_site_request.h(61): web_add_header("Origin") was successful  	[MsgId: MMSG-26392]
..\\QueryLibrary\\go_to_site_request.h(64): web_add_auto_header("Origin") started  	[MsgId: MMSG-26355]
..\\QueryLibrary\\go_to_site_request.h(64): web_add_auto_header("Origin") was successful  	[MsgId: MMSG-26392]
..\\QueryLibrary\\go_to_site_request.h(67): web_add_auto_header("Sec-Fetch-Mode") started  	[MsgId: MMSG-26355]
..\\QueryLibrary\\go_to_site_request.h(67): web_add_auto_header("Sec-Fetch-Mode") was successful  	[MsgId: MMSG-26392]
..\\QueryLibrary\\go_to_site_request.h(70): Notify: Transaction "go_to_site" ended with a "Pass" status (Duration: 0,0804 Wasted Time: 0,0006).	[MsgId: MMSG-16871]
..\\QueryLibrary\\login_request.h(6): Notify: Transaction "login" started.	[MsgId: MMSG-16999]
..\\QueryLibrary\\login_request.h(8): lr_think_time: 5,00 seconds.	[MsgId: MMSG-15948]
..\\QueryLibrary\\login_request.h(10): web_remove_auto_header("Origin") started  	[MsgId: MMSG-26355]
..\\QueryLibrary\\login_request.h(10): Previous automatically added web header for "Origin" removed  	[MsgId: MMSG-26587]
..\\QueryLibrary\\login_request.h(10): web_remove/revert_auto_header("Origin") was successful  	[MsgId: MMSG-26392]
..\\QueryLibrary\\login_request.h(12): web_add_auto_header("Sec-Fetch-Mode") started  	[MsgId: MMSG-26355]
..\\QueryLibrary\\login_request.h(12): web_add_auto_header("Sec-Fetch-Mode") was successful  	[MsgId: MMSG-26392]
..\\QueryLibrary\\login_request.h(15): web_add_auto_header("Sec-Fetch-Dest") started  	[MsgId: MMSG-26355]
..\\QueryLibrary\\login_request.h(15): web_add_auto_header("Sec-Fetch-Dest") was successful  	[MsgId: MMSG-26392]
..\\QueryLibrary\\login_request.h(18): web_add_auto_header("Sec-Fetch-Site") started  	[MsgId: MMSG-26355]
..\\QueryLibrary\\login_request.h(18): web_add_auto_header("Sec-Fetch-Site") was successful  	[MsgId: MMSG-26392]
..\\QueryLibrary\\login_request.h(21): web_add_auto_header("Sec-Fetch-User") started  	[MsgId: MMSG-26355]
..\\QueryLibrary\\login_request.h(21): web_add_auto_header("Sec-Fetch-User") was successful  	[MsgId: MMSG-26392]
..\\QueryLibrary\\login_request.h(24): web_add_auto_header("Upgrade-Insecure-Requests") started  	[MsgId: MMSG-26355]
..\\QueryLibrary\\login_request.h(24): web_add_auto_header("Upgrade-Insecure-Requests") was successful  	[MsgId: MMSG-26392]
..\\QueryLibrary\\login_request.h(28): web_reg_find started  	[MsgId: MMSG-26355]
..\\QueryLibrary\\login_request.h(28): Registering web_reg_find was successful  	[MsgId: MMSG-26390]
..\\QueryLibrary\\login_request.h(32): web_submit_data("login.pl") started  	[MsgId: MMSG-26355]
..\\QueryLibrary\\login_request.h(32): Detected non-resource "http://localhost:1080/cgi-bin/nav.pl?page=menu&in=home" in "http://localhost:1080/cgi-bin/login.pl"  	[MsgId: MMSG-26574]
..\\QueryLibrary\\login_request.h(32): Detected non-resource "http://localhost:1080/cgi-bin/login.pl?intro=true" in "http://localhost:1080/cgi-bin/login.pl"  	[MsgId: MMSG-26574]
..\\QueryLibrary\\login_request.h(32): Found resource "http://localhost:1080/WebTours/images/flights.gif" in HTML "http://localhost:1080/cgi-bin/nav.pl?page=menu&in=home"  	[MsgId: MMSG-26659]
..\\QueryLibrary\\login_request.h(32): Found resource "http://localhost:1080/WebTours/images/itinerary.gif" in HTML "http://localhost:1080/cgi-bin/nav.pl?page=menu&in=home"  	[MsgId: MMSG-26659]
..\\QueryLibrary\\login_request.h(32): Found resource "http://localhost:1080/WebTours/images/in_home.gif" in HTML "http://localhost:1080/cgi-bin/nav.pl?page=menu&in=home"  	[MsgId: MMSG-26659]
..\\QueryLibrary\\login_request.h(32): Found resource "http://localhost:1080/WebTours/images/signoff.gif" in HTML "http://localhost:1080/cgi-bin/nav.pl?page=menu&in=home"  	[MsgId: MMSG-26659]
..\\QueryLibrary\\login_request.h(32): Registered web_reg_find successful for "Text=Welcome, <b>lilRock</b>, to the Web Tours reservation pages." (count=1)  	[MsgId: MMSG-26364]
..\\QueryLibrary\\login_request.h(32): web_submit_data("login.pl") was successful, 5782 body bytes, 2066 header bytes, 36 chunking overhead bytes  	[MsgId: MMSG-26385]
..\\QueryLibrary\\login_request.h(49): Notify: Transaction "login" ended with a "Pass" status (Duration: 5,0931 Think Time: 5,0011 Wasted Time: 0,0000).	[MsgId: MMSG-16870]
..\\QueryLibrary\\click_flight_request.h(6): Notify: Transaction "click_flight" started.	[MsgId: MMSG-16999]
..\\QueryLibrary\\click_flight_request.h(8): lr_think_time: 5,00 seconds.	[MsgId: MMSG-15948]
..\\QueryLibrary\\click_flight_request.h(10): web_remove_auto_header("Sec-Fetch-User") started  	[MsgId: MMSG-26355]
..\\QueryLibrary\\click_flight_request.h(10): Previous automatically added web header for "Sec-Fetch-User" removed  	[MsgId: MMSG-26587]
..\\QueryLibrary\\click_flight_request.h(10): web_remove/revert_auto_header("Sec-Fetch-User") was successful  	[MsgId: MMSG-26392]
..\\QueryLibrary\\click_flight_request.h(12): web_remove_auto_header("Upgrade-Insecure-Requests") started  	[MsgId: MMSG-26355]
..\\QueryLibrary\\click_flight_request.h(12): Previous automatically added web header for "Upgrade-Insecure-Requests" removed  	[MsgId: MMSG-26587]
..\\QueryLibrary\\click_flight_request.h(12): web_remove/revert_auto_header("Upgrade-Insecure-Requests") was successful  	[MsgId: MMSG-26392]
..\\QueryLibrary\\click_flight_request.h(15): web_reg_find started  	[MsgId: MMSG-26355]
..\\QueryLibrary\\click_flight_request.h(15): Registering web_reg_find was successful  	[MsgId: MMSG-26390]
..\\QueryLibrary\\click_flight_request.h(19): web_url("Search Flights Button") started  	[MsgId: MMSG-26355]
..\\QueryLibrary\\click_flight_request.h(19): Detected non-resource "http://localhost:1080/cgi-bin/nav.pl?page=menu&in=flights" in "http://localhost:1080/cgi-bin/welcome.pl?page=search"  	[MsgId: MMSG-26574]
..\\QueryLibrary\\click_flight_request.h(19): Detected non-resource "http://localhost:1080/cgi-bin/reservations.pl?page=welcome" in "http://localhost:1080/cgi-bin/welcome.pl?page=search"  	[MsgId: MMSG-26574]
..\\QueryLibrary\\click_flight_request.h(19): Found resource "http://localhost:1080/WebTours/images/in_flights.gif" in HTML "http://localhost:1080/cgi-bin/nav.pl?page=menu&in=flights"  	[MsgId: MMSG-26659]
..\\QueryLibrary\\click_flight_request.h(19): Resource "http://localhost:1080/WebTours/images/itinerary.gif" is in the cache already and will not be downloaded again  	[MsgId: MMSG-26655]
..\\QueryLibrary\\click_flight_request.h(19): Found resource "http://localhost:1080/WebTours/images/home.gif" in HTML "http://localhost:1080/cgi-bin/nav.pl?page=menu&in=flights"  	[MsgId: MMSG-26659]
..\\QueryLibrary\\click_flight_request.h(19): Resource "http://localhost:1080/WebTours/images/signoff.gif" is in the cache already and will not be downloaded again  	[MsgId: MMSG-26655]
..\\QueryLibrary\\click_flight_request.h(19): Found resource "http://localhost:1080/WebTours/images/button_next.gif" in HTML "http://localhost:1080/cgi-bin/reservations.pl?page=welcome"  	[MsgId: MMSG-26659]
..\\QueryLibrary\\click_flight_request.h(19): Registered web_reg_find successful for "Text=No. of Passengers :" (count=1)  	[MsgId: MMSG-26364]
..\\QueryLibrary\\click_flight_request.h(19): web_url("Search Flights Button") was successful, 8516 body bytes, 1620 header bytes, 43 chunking overhead bytes  	[MsgId: MMSG-26385]
..\\QueryLibrary\\click_flight_request.h(29): Notify: Transaction "click_flight" ended with a "Pass" status (Duration: 5,0934 Think Time: 5,0003 Wasted Time: 0,0000).	[MsgId: MMSG-16870]
Action.c(44): Notify: Transaction "fill_find_flight" started.	[MsgId: MMSG-16999]
Action.c(46): lr_think_time: 5,00 seconds.	[MsgId: MMSG-15948]
Action.c(52): web_reg_save_param_regexp started  	[MsgId: MMSG-26355]
Action.c(52): Registering web_reg_save_param_regexp was successful  	[MsgId: MMSG-26390]
Action.c(63): web_reg_save_param_ex started  	[MsgId: MMSG-26355]
Action.c(63): Registering web_reg_save_param_ex was successful  	[MsgId: MMSG-26390]
Action.c(94): web_reg_save_param_ex started  	[MsgId: MMSG-26355]
Action.c(94): Registering web_reg_save_param_ex was successful  	[MsgId: MMSG-26390]
Action.c(106): web_reg_find started  	[MsgId: MMSG-26355]
Action.c(106): Registering web_reg_find was successful  	[MsgId: MMSG-26390]
Action.c(142): web_submit_data("reservations.pl") started  	[MsgId: MMSG-26355]
Action.c(142): Resource "http://localhost:1080/WebTours/images/button_next.gif" is in the cache already and will not be downloaded again  	[MsgId: MMSG-26655]
Action.c(142): Registered web_reg_find successful for "Text=Flight departing from <B>Seattle</B> to <B>Los Angeles</B> on <B>09/21/2020</B>" (count=1)  	[MsgId: MMSG-26364]
Action.c(142): web_submit_data("reservations.pl") was successful, 2453 body bytes, 256 header bytes, 12 chunking overhead bytes  	[MsgId: MMSG-26385]
Action.c(171): Notify: Transaction "fill_find_flight" ended with a "Pass" status (Duration: 5,0539 Think Time: 5,0007 Wasted Time: 0,0015).	[MsgId: MMSG-16870]
Action.c(179): Notify: Transaction "choose_flight" started.	[MsgId: MMSG-16999]
Action.c(181): lr_think_time: 5,00 seconds.	[MsgId: MMSG-15948]
Action.c(184): web_reg_find started  	[MsgId: MMSG-26355]
Action.c(184): Registering web_reg_find was successful  	[MsgId: MMSG-26390]
Action.c(207): web_submit_form("reservations.pl_2") started  	[MsgId: MMSG-26355]
Action.c(207): Submitting form to "http://localhost:1080/cgi-bin/reservations.pl", Target Frame=""  	[MsgId: MMSG-27978]
Action.c(207): Resource "http://localhost:1080/WebTours/images/button_next.gif" is in the cache already and will not be downloaded again  	[MsgId: MMSG-26655]
Action.c(207): Downloading resource "http://localhost:1080/cgi-bin/reservations.pl" (specified by argument number 14)  	[MsgId: MMSG-26577]
Action.c(207): Registered web_reg_find successful for "Text=name="outboundFlight" value="730;253;09/21/2020"  />" (count=1)  	[MsgId: MMSG-26364]
Action.c(207): web_submit_form("reservations.pl_2") was successful, 7203 body bytes, 511 header bytes, 31 chunking overhead bytes  	[MsgId: MMSG-26385]
Action.c(219): Notify: Transaction "choose_flight" ended with a "Pass" status (Duration: 5,0980 Think Time: 5,0008 Wasted Time: 0,0000).	[MsgId: MMSG-16870]
Action.c(388): Notify: Transaction "insert_payment_info" started.	[MsgId: MMSG-16999]
Action.c(390): lr_think_time: 5,00 seconds.	[MsgId: MMSG-15948]
Action.c(392): web_add_auto_header("Sec-Fetch-Dest") started  	[MsgId: MMSG-26355]
Action.c(392): web_add_auto_header("Sec-Fetch-Dest") was successful  	[MsgId: MMSG-26392]
Action.c(395): web_add_auto_header("Sec-Fetch-Site") started  	[MsgId: MMSG-26355]
Action.c(395): web_add_auto_header("Sec-Fetch-Site") was successful  	[MsgId: MMSG-26392]
Action.c(398): web_add_auto_header("Sec-Fetch-Mode") started  	[MsgId: MMSG-26355]
Action.c(398): web_add_auto_header("Sec-Fetch-Mode") was successful  	[MsgId: MMSG-26392]
Action.c(401): web_add_auto_header("Sec-Fetch-Dest") started  	[MsgId: MMSG-26355]
Action.c(401): web_add_auto_header("Sec-Fetch-Dest") was successful  	[MsgId: MMSG-26392]
Action.c(404): web_add_header("Origin") started  	[MsgId: MMSG-26355]
Action.c(404): web_add_header("Origin") was successful  	[MsgId: MMSG-26392]
Action.c(407): web_add_auto_header("Sec-Fetch-Site") started  	[MsgId: MMSG-26355]
Action.c(407): web_add_auto_header("Sec-Fetch-Site") was successful  	[MsgId: MMSG-26392]
Action.c(410): web_add_header("Sec-Fetch-User") started  	[MsgId: MMSG-26355]
Action.c(410): web_add_header("Sec-Fetch-User") was successful  	[MsgId: MMSG-26392]
Action.c(413): web_add_header("Upgrade-Insecure-Requests") started  	[MsgId: MMSG-26355]
Action.c(413): web_add_header("Upgrade-Insecure-Requests") was successful  	[MsgId: MMSG-26392]
Action.c(417): web_reg_find started  	[MsgId: MMSG-26355]
Action.c(417): Registering web_reg_find was successful  	[MsgId: MMSG-26390]
Action.c(438): web_custom_request("itinerare.pl") started  	[MsgId: MMSG-26355]
Action.c(438): Found resource "http://localhost:1080/WebTours/images/bookanother.gif" in HTML "http://localhost:1080/cgi-bin/reservations.pl"  	[MsgId: MMSG-26659]
Action.c(438): Registered web_reg_find successful for "Text=09/21/2020 :  8am : Flight 730 leaves Seattle  for Los Angeles" (count=1)  	[MsgId: MMSG-26364]
Action.c(438): web_custom_request("itinerare.pl") was successful, 3297 body bytes, 692 header bytes, 12 chunking overhead bytes  	[MsgId: MMSG-26385]
Action.c(446): Notify: Transaction "insert_payment_info" ended with a "Pass" status (Duration: 5,0550 Think Time: 5,0010 Wasted Time: 0,0000).	[MsgId: MMSG-16870]
Action.c(451): Notify: Transaction "viewing_receipts" started.	[MsgId: MMSG-16999]
Action.c(453): lr_think_time: 5,00 seconds.	[MsgId: MMSG-15948]
Action.c(461): web_reg_save_param_ex started  	[MsgId: MMSG-26355]
Action.c(461): Registering web_reg_save_param_ex was successful  	[MsgId: MMSG-26390]
Action.c(472): web_reg_save_param_ex started  	[MsgId: MMSG-26355]
Action.c(472): Registering web_reg_save_param_ex was successful  	[MsgId: MMSG-26390]
Action.c(483): web_add_auto_header("Sec-Fetch-Site") started  	[MsgId: MMSG-26355]
Action.c(483): web_add_auto_header("Sec-Fetch-Site") was successful  	[MsgId: MMSG-26392]
Action.c(486): web_add_auto_header("Sec-Fetch-Mode") started  	[MsgId: MMSG-26355]
Action.c(486): web_add_auto_header("Sec-Fetch-Mode") was successful  	[MsgId: MMSG-26392]
Action.c(489): web_add_auto_header("Sec-Fetch-Dest") started  	[MsgId: MMSG-26355]
Action.c(489): web_add_auto_header("Sec-Fetch-Dest") was successful  	[MsgId: MMSG-26392]
Action.c(492): web_add_header("Origin") started  	[MsgId: MMSG-26355]
Action.c(492): web_add_header("Origin") was successful  	[MsgId: MMSG-26392]
Action.c(495): web_add_auto_header("Sec-Fetch-Mode") started  	[MsgId: MMSG-26355]
Action.c(495): web_add_auto_header("Sec-Fetch-Mode") was successful  	[MsgId: MMSG-26392]
Action.c(498): web_add_auto_header("Sec-Fetch-Mode") started  	[MsgId: MMSG-26355]
Action.c(498): web_add_auto_header("Sec-Fetch-Mode") was successful  	[MsgId: MMSG-26392]
Action.c(501): web_add_auto_header("Sec-Fetch-Dest") started  	[MsgId: MMSG-26355]
Action.c(501): web_add_auto_header("Sec-Fetch-Dest") was successful  	[MsgId: MMSG-26392]
Action.c(504): web_add_auto_header("Sec-Fetch-Site") started  	[MsgId: MMSG-26355]
Action.c(504): web_add_auto_header("Sec-Fetch-Site") was successful  	[MsgId: MMSG-26392]
Action.c(507): web_add_auto_header("Sec-Fetch-User") started  	[MsgId: MMSG-26355]
Action.c(507): web_add_auto_header("Sec-Fetch-User") was successful  	[MsgId: MMSG-26392]
Action.c(510): web_add_auto_header("Upgrade-Insecure-Requests") started  	[MsgId: MMSG-26355]
Action.c(510): web_add_auto_header("Upgrade-Insecure-Requests") was successful  	[MsgId: MMSG-26392]
Action.c(513): web_reg_find started  	[MsgId: MMSG-26355]
Action.c(513): Registering web_reg_find was successful  	[MsgId: MMSG-26390]
Action.c(517): web_url("welcome.pl") started  	[MsgId: MMSG-26355]
Action.c(517): Detected non-resource "http://localhost:1080/cgi-bin/nav.pl?page=menu&in=itinerary" in "http://localhost:1080/cgi-bin/welcome.pl?page=itinerary"  	[MsgId: MMSG-26574]
Action.c(517): Detected non-resource "http://localhost:1080/cgi-bin/itinerary.pl" in "http://localhost:1080/cgi-bin/welcome.pl?page=itinerary"  	[MsgId: MMSG-26574]
Action.c(517): Resource "http://localhost:1080/WebTours/images/flights.gif" is in the cache already and will not be downloaded again  	[MsgId: MMSG-26655]
Action.c(517): Found resource "http://localhost:1080/WebTours/images/in_itinerary.gif" in HTML "http://localhost:1080/cgi-bin/nav.pl?page=menu&in=itinerary"  	[MsgId: MMSG-26659]
Action.c(517): Resource "http://localhost:1080/WebTours/images/home.gif" is in the cache already and will not be downloaded again  	[MsgId: MMSG-26655]
Action.c(517): Resource "http://localhost:1080/WebTours/images/signoff.gif" is in the cache already and will not be downloaded again  	[MsgId: MMSG-26655]
Action.c(517): Found resource "http://localhost:1080/WebTours/images/cancelreservation.gif" in HTML "http://localhost:1080/cgi-bin/itinerary.pl"  	[MsgId: MMSG-26659]
Action.c(517): Found resource "http://localhost:1080/WebTours/images/cancelallreservations.gif" in HTML "http://localhost:1080/cgi-bin/itinerary.pl"  	[MsgId: MMSG-26659]
Action.c(517): Registered web_reg_find successful for "Text=<B>Lil Ivanov
 's Flight Transaction Summary</B>" (count=1)  	[MsgId: MMSG-26364]
Action.c(517): web_url("welcome.pl") was successful, 22648 body bytes, 1619 header bytes, 67 chunking overhead bytes  	[MsgId: MMSG-26385]
Action.c(527): Notify: Transaction "viewing_receipts" ended with a "Pass" status (Duration: 5,1262 Think Time: 5,0000 Wasted Time: 0,0012).	[MsgId: MMSG-16870]
Action.c(758): Notify: Transaction "ñancel_reservation" started.	[MsgId: MMSG-16999]
Action.c(760): lr_think_time: 5,00 seconds.	[MsgId: MMSG-15948]
Action.c(762): web_add_header("Origin") started  	[MsgId: MMSG-26355]
Action.c(762): web_add_header("Origin") was successful  	[MsgId: MMSG-26392]
Action.c(767): web_reg_save_param_ex started  	[MsgId: MMSG-26355]
Action.c(767): Registering web_reg_save_param_ex was successful  	[MsgId: MMSG-26390]
Action.c(778): web_reg_find started  	[MsgId: MMSG-26355]
Action.c(778): Registering web_reg_find was successful  	[MsgId: MMSG-26390]
Action.c(782): web_custom_request("itinerare.pl") started  	[MsgId: MMSG-26355]
Action.c(782): Resource "http://localhost:1080/WebTours/images/cancelreservation.gif" is in the cache already and will not be downloaded again  	[MsgId: MMSG-26655]
Action.c(782): Resource "http://localhost:1080/WebTours/images/cancelallreservations.gif" is in the cache already and will not be downloaded again  	[MsgId: MMSG-26655]
Action.c(782): Registered web_reg_find successful for "Text=<B>Lil Ivanov
 's Flight Transaction Summary</B>" (count=1)  	[MsgId: MMSG-26364]
Action.c(782): web_custom_request("itinerare.pl") was successful, 17087 body bytes, 256 header bytes, 43 chunking overhead bytes  	[MsgId: MMSG-26385]
Action.c(821): Notify: Transaction "ñancel_reservation" ended with a "Pass" status (Duration: 5,0498 Think Time: 5,0001 Wasted Time: 0,0005).	[MsgId: MMSG-16870]
..\\QueryLibrary\\click_sing_off_request.h(6): Notify: Transaction "click_sing_off" started.	[MsgId: MMSG-16999]
..\\QueryLibrary\\click_sing_off_request.h(8): lr_think_time: 5,00 seconds.	[MsgId: MMSG-15948]
..\\QueryLibrary\\click_sing_off_request.h(10): web_add_auto_header("Sec-Fetch-Site") started  	[MsgId: MMSG-26355]
..\\QueryLibrary\\click_sing_off_request.h(10): web_add_auto_header("Sec-Fetch-Site") was successful  	[MsgId: MMSG-26392]
..\\QueryLibrary\\click_sing_off_request.h(13): web_add_auto_header("Sec-Fetch-Mode") started  	[MsgId: MMSG-26355]
..\\QueryLibrary\\click_sing_off_request.h(13): web_add_auto_header("Sec-Fetch-Mode") was successful  	[MsgId: MMSG-26392]
..\\QueryLibrary\\click_sing_off_request.h(16): web_add_auto_header("Sec-Fetch-Dest") started  	[MsgId: MMSG-26355]
..\\QueryLibrary\\click_sing_off_request.h(16): web_add_auto_header("Sec-Fetch-Dest") was successful  	[MsgId: MMSG-26392]
..\\QueryLibrary\\click_sing_off_request.h(19): web_add_header("Origin") started  	[MsgId: MMSG-26355]
..\\QueryLibrary\\click_sing_off_request.h(19): web_add_header("Origin") was successful  	[MsgId: MMSG-26392]
..\\QueryLibrary\\click_sing_off_request.h(22): web_add_auto_header("Sec-Fetch-Site") started  	[MsgId: MMSG-26355]
..\\QueryLibrary\\click_sing_off_request.h(22): web_add_auto_header("Sec-Fetch-Site") was successful  	[MsgId: MMSG-26392]
..\\QueryLibrary\\click_sing_off_request.h(25): web_add_auto_header("Sec-Fetch-Mode") started  	[MsgId: MMSG-26355]
..\\QueryLibrary\\click_sing_off_request.h(25): web_add_auto_header("Sec-Fetch-Mode") was successful  	[MsgId: MMSG-26392]
..\\QueryLibrary\\click_sing_off_request.h(28): web_add_auto_header("Sec-Fetch-Dest") started  	[MsgId: MMSG-26355]
..\\QueryLibrary\\click_sing_off_request.h(28): web_add_auto_header("Sec-Fetch-Dest") was successful  	[MsgId: MMSG-26392]
..\\QueryLibrary\\click_sing_off_request.h(31): web_add_header("Sec-Fetch-User") started  	[MsgId: MMSG-26355]
..\\QueryLibrary\\click_sing_off_request.h(31): web_add_header("Sec-Fetch-User") was successful  	[MsgId: MMSG-26392]
..\\QueryLibrary\\click_sing_off_request.h(34): web_add_header("Upgrade-Insecure-Requests") started  	[MsgId: MMSG-26355]
..\\QueryLibrary\\click_sing_off_request.h(34): web_add_header("Upgrade-Insecure-Requests") was successful  	[MsgId: MMSG-26392]
..\\QueryLibrary\\click_sing_off_request.h(37): web_reg_find started  	[MsgId: MMSG-26355]
..\\QueryLibrary\\click_sing_off_request.h(37): Registering web_reg_find was successful  	[MsgId: MMSG-26390]
..\\QueryLibrary\\click_sing_off_request.h(41): web_url("welcome.pl") started  	[MsgId: MMSG-26355]
..\\QueryLibrary\\click_sing_off_request.h(41): Detected non-resource "http://localhost:1080/cgi-bin/nav.pl?in=home" in "http://localhost:1080/cgi-bin/welcome.pl?signOff=1"  	[MsgId: MMSG-26574]
..\\QueryLibrary\\click_sing_off_request.h(41): Detected non-resource "http://localhost:1080/WebTours/home.html" in "http://localhost:1080/cgi-bin/welcome.pl?signOff=1"  	[MsgId: MMSG-26574]
..\\QueryLibrary\\click_sing_off_request.h(41): Retrieving data from cache for "http://localhost:1080/WebTours/home.html"  	[MsgId: MMSG-26558]
..\\QueryLibrary\\click_sing_off_request.h(41): Resource "http://localhost:1080/WebTours/images/mer_login.gif" is in the cache already and will not be downloaded again  	[MsgId: MMSG-26655]
..\\QueryLibrary\\click_sing_off_request.h(41): Registered web_reg_find successful for "Text=Welcome to the Web Tours site." (count=1)  	[MsgId: MMSG-26364]
..\\QueryLibrary\\click_sing_off_request.h(41): web_url("welcome.pl") was successful, 2176 body bytes, 629 header bytes, 24 chunking overhead bytes  	[MsgId: MMSG-26385]
..\\QueryLibrary\\click_sing_off_request.h(51): web_add_auto_header("Sec-Fetch-Site") started  	[MsgId: MMSG-26355]
..\\QueryLibrary\\click_sing_off_request.h(51): web_add_auto_header("Sec-Fetch-Site") was successful  	[MsgId: MMSG-26392]
..\\QueryLibrary\\click_sing_off_request.h(54): web_add_auto_header("Sec-Fetch-Mode") started  	[MsgId: MMSG-26355]
..\\QueryLibrary\\click_sing_off_request.h(54): web_add_auto_header("Sec-Fetch-Mode") was successful  	[MsgId: MMSG-26392]
..\\QueryLibrary\\click_sing_off_request.h(57): web_add_auto_header("Sec-Fetch-Dest") started  	[MsgId: MMSG-26355]
..\\QueryLibrary\\click_sing_off_request.h(57): web_add_auto_header("Sec-Fetch-Dest") was successful  	[MsgId: MMSG-26392]
..\\QueryLibrary\\click_sing_off_request.h(60): Notify: Transaction "click_sing_off" ended with a "Pass" status (Duration: 5,0828 Think Time: 5,0015 Wasted Time: 0,0000).	[MsgId: MMSG-16870]
Action.c(829): Notify: Transaction "UC_02_ReissuanceTicket" ended with a "Pass" status (Duration: 40,7342 Think Time: 40,0057 Wasted Time: 0,0039).	[MsgId: MMSG-16870]
Ending action Action.	[MsgId: MMSG-15918]
Ending iteration 3.	[MsgId: MMSG-15965]
Waiting 319,2640 seconds for iteration pacing.	[MsgId: MMSG-15996]
Ending Vuser...	[MsgId: MMSG-15966]
Starting action vuser_end.	[MsgId: MMSG-15919]
Ending action vuser_end.	[MsgId: MMSG-15918]
Vuser Terminated.	[MsgId: MMSG-15963]
