Start auto log messages stack - Iteration 21.	[MsgId: MMSG-10545]
Action.c(227): Resource "http://localhost:1080/WebTours/images/cancelreservation.gif" is in the cache already and will not be downloaded again  	[MsgId: MMSG-26655]
Action.c(227): Resource "http://localhost:1080/WebTours/images/cancelallreservations.gif" is in the cache already and will not be downloaded again  	[MsgId: MMSG-26655]
Action.c(227): Registered web_reg_find successful for "Text=<B>Eachern Eagar
 's Flight Transaction Summary</B>" (count=1)  	[MsgId: MMSG-26364]
Action.c(227): web_custom_request("itinerare.pl") was successful, 35759 body bytes, 256 header bytes, 75 chunking overhead bytes  	[MsgId: MMSG-26385]
Action.c(261): Notify: Transaction "ñancel_reservation" ended with a "Fail" status (Duration: 5,0605 Think Time: 5,0000 Wasted Time: 0,0003).	[MsgId: MMSG-16870]
Action.c(261): Notify: Transaction "ñancel_reservation" has 0 error message(s).	[MsgId: MMSG-16818]
Action.c(261): Error: Failed to end Transaction "ñancel_reservation" (by name). Please check that you made a call to start transaction operation.	[MsgId: MERR-16985]
Action.c(261): Error: Failed to end Transaction "ñancel_reservation" (by name). Please check that you made a call to start transaction operation.	[MsgId: MERR-16985]
Action.c(261): Error: Failed to end Transaction "ñancel_reservation" (by name). Please check that you made a call to start transaction operation.	[MsgId: MERR-16985]
Action.c(261): Error: Failed to end Transaction "ñancel_reservation" (by name). Please check that you made a call to start transaction operation.	[MsgId: MERR-16985]
Action.c(261): Error: Failed to end Transaction "ñancel_reservation" (by name). Please check that you made a call to start transaction operation.	[MsgId: MERR-16985]
Action.c(267): Error: Failed to end Transaction "ñancel_reservation" (by name). Please check that you made a call to start transaction operation.	[MsgId: MERR-16985]
End auto log messages stack.	[MsgId: MMSG-10544]


Start auto log messages stack - Iteration 26.	[MsgId: MMSG-10545]
Action.c(107): Notify: Transaction "viewing_receipts" ended with a "Pass" status (Duration: 5,1303 Think Time: 5,0005 Wasted Time: 0,0012).	[MsgId: MMSG-16870]
Action.c(203): Notify: Transaction "ñancel_reservation" started.	[MsgId: MMSG-16999]
Action.c(205): lr_think_time: 5,00 seconds.	[MsgId: MMSG-15948]
Action.c(207): web_add_header("Origin") started  	[MsgId: MMSG-26355]
Action.c(207): web_add_header("Origin") was successful  	[MsgId: MMSG-26392]
Action.c(212): web_reg_save_param_ex started  	[MsgId: MMSG-26355]
Action.c(212): Registering web_reg_save_param_ex was successful  	[MsgId: MMSG-26390]
Action.c(223): web_reg_find started  	[MsgId: MMSG-26355]
Action.c(223): Registering web_reg_find was successful  	[MsgId: MMSG-26390]
Action.c(227): web_custom_request("itinerare.pl") started  	[MsgId: MMSG-26355]
Action.c(227): Error -35061: No match found for the requested parameter "ticketsPartID". Either the specified boundaries were not found in the response or the matched text is longer than current max html parameter size of 256 bytes. The total length of the response is 932 bytes. You can use "web_set_max_html_param_len" to increase the max parameter size.  	[MsgId: MERR-35061]
Action.c(227): Error -26366: "Text=<B>Cacie Cabazon
 's Flight Transaction Summary</B>" not found for web_reg_find  	[MsgId: MERR-26366]
End auto log messages stack.	[MsgId: MMSG-10544]


Start auto log messages stack - Iteration 34.	[MsgId: MMSG-10545]
Action.c(107): Notify: Transaction "viewing_receipts" ended with a "Pass" status (Duration: 5,1252 Think Time: 5,0001 Wasted Time: 0,0011).	[MsgId: MMSG-16870]
Action.c(203): Notify: Transaction "ñancel_reservation" started.	[MsgId: MMSG-16999]
Action.c(205): lr_think_time: 5,00 seconds.	[MsgId: MMSG-15948]
Action.c(207): web_add_header("Origin") started  	[MsgId: MMSG-26355]
Action.c(207): web_add_header("Origin") was successful  	[MsgId: MMSG-26392]
Action.c(212): web_reg_save_param_ex started  	[MsgId: MMSG-26355]
Action.c(212): Registering web_reg_save_param_ex was successful  	[MsgId: MMSG-26390]
Action.c(223): web_reg_find started  	[MsgId: MMSG-26355]
Action.c(223): Registering web_reg_find was successful  	[MsgId: MMSG-26390]
Action.c(227): web_custom_request("itinerare.pl") started  	[MsgId: MMSG-26355]
Action.c(227): Error -35061: No match found for the requested parameter "ticketsPartID". Either the specified boundaries were not found in the response or the matched text is longer than current max html parameter size of 256 bytes. The total length of the response is 932 bytes. You can use "web_set_max_html_param_len" to increase the max parameter size.  	[MsgId: MERR-35061]
Action.c(227): Error -26366: "Text=<B>Dace Dacula
 's Flight Transaction Summary</B>" not found for web_reg_find  	[MsgId: MERR-26366]
End auto log messages stack.	[MsgId: MMSG-10544]


Start auto log messages stack - Iteration 37.	[MsgId: MMSG-10545]
Action.c(107): Notify: Transaction "viewing_receipts" ended with a "Pass" status (Duration: 5,1295 Think Time: 5,0008 Wasted Time: 0,0010).	[MsgId: MMSG-16870]
Action.c(203): Notify: Transaction "ñancel_reservation" started.	[MsgId: MMSG-16999]
Action.c(205): lr_think_time: 5,00 seconds.	[MsgId: MMSG-15948]
Action.c(207): web_add_header("Origin") started  	[MsgId: MMSG-26355]
Action.c(207): web_add_header("Origin") was successful  	[MsgId: MMSG-26392]
Action.c(212): web_reg_save_param_ex started  	[MsgId: MMSG-26355]
Action.c(212): Registering web_reg_save_param_ex was successful  	[MsgId: MMSG-26390]
Action.c(223): web_reg_find started  	[MsgId: MMSG-26355]
Action.c(223): Registering web_reg_find was successful  	[MsgId: MMSG-26390]
Action.c(227): web_custom_request("itinerare.pl") started  	[MsgId: MMSG-26355]
Action.c(227): Error -35061: No match found for the requested parameter "ticketsPartID". Either the specified boundaries were not found in the response or the matched text is longer than current max html parameter size of 256 bytes. The total length of the response is 932 bytes. You can use "web_set_max_html_param_len" to increase the max parameter size.  	[MsgId: MERR-35061]
Action.c(227): Error -26366: "Text=<B>Aaren Abbottstown
 's Flight Transaction Summary</B>" not found for web_reg_find  	[MsgId: MERR-26366]
End auto log messages stack.	[MsgId: MMSG-10544]


Start auto log messages stack - Iteration 38.	[MsgId: MMSG-10545]
Action.c(107): Notify: Transaction "viewing_receipts" ended with a "Pass" status (Duration: 5,1261 Think Time: 4,9999 Wasted Time: 0,0010).	[MsgId: MMSG-16870]
Action.c(203): Notify: Transaction "ñancel_reservation" started.	[MsgId: MMSG-16999]
Action.c(205): lr_think_time: 5,00 seconds.	[MsgId: MMSG-15948]
Action.c(207): web_add_header("Origin") started  	[MsgId: MMSG-26355]
Action.c(207): web_add_header("Origin") was successful  	[MsgId: MMSG-26392]
Action.c(212): web_reg_save_param_ex started  	[MsgId: MMSG-26355]
Action.c(212): Registering web_reg_save_param_ex was successful  	[MsgId: MMSG-26390]
Action.c(223): web_reg_find started  	[MsgId: MMSG-26355]
Action.c(223): Registering web_reg_find was successful  	[MsgId: MMSG-26390]
Action.c(227): web_custom_request("itinerare.pl") started  	[MsgId: MMSG-26355]
Action.c(227): Error -35061: No match found for the requested parameter "ticketsPartID". Either the specified boundaries were not found in the response or the matched text is longer than current max html parameter size of 256 bytes. The total length of the response is 932 bytes. You can use "web_set_max_html_param_len" to increase the max parameter size.  	[MsgId: MERR-35061]
Action.c(227): Error -26366: "Text=<B>Faber Fabius
 's Flight Transaction Summary</B>" not found for web_reg_find  	[MsgId: MERR-26366]
End auto log messages stack.	[MsgId: MMSG-10544]


Start auto log messages stack - Iteration 41.	[MsgId: MMSG-10545]
Action.c(107): Notify: Transaction "viewing_receipts" ended with a "Pass" status (Duration: 5,1318 Think Time: 5,0001 Wasted Time: 0,0008).	[MsgId: MMSG-16870]
Action.c(203): Notify: Transaction "ñancel_reservation" started.	[MsgId: MMSG-16999]
Action.c(205): lr_think_time: 5,00 seconds.	[MsgId: MMSG-15948]
Action.c(207): web_add_header("Origin") started  	[MsgId: MMSG-26355]
Action.c(207): web_add_header("Origin") was successful  	[MsgId: MMSG-26392]
Action.c(212): web_reg_save_param_ex started  	[MsgId: MMSG-26355]
Action.c(212): Registering web_reg_save_param_ex was successful  	[MsgId: MMSG-26390]
Action.c(223): web_reg_find started  	[MsgId: MMSG-26355]
Action.c(223): Registering web_reg_find was successful  	[MsgId: MMSG-26390]
Action.c(227): web_custom_request("itinerare.pl") started  	[MsgId: MMSG-26355]
Action.c(227): Error -35061: No match found for the requested parameter "ticketsPartID". Either the specified boundaries were not found in the response or the matched text is longer than current max html parameter size of 256 bytes. The total length of the response is 932 bytes. You can use "web_set_max_html_param_len" to increase the max parameter size.  	[MsgId: MERR-35061]
Action.c(227): Error -26366: "Text=<B>Aaren Abbottstown
 's Flight Transaction Summary</B>" not found for web_reg_find  	[MsgId: MERR-26366]
End auto log messages stack.	[MsgId: MMSG-10544]


Start auto log messages stack - Iteration 45.	[MsgId: MMSG-10545]
Action.c(107): Notify: Transaction "viewing_receipts" ended with a "Pass" status (Duration: 5,1210 Think Time: 5,0008 Wasted Time: 0,0006).	[MsgId: MMSG-16870]
Action.c(203): Notify: Transaction "ñancel_reservation" started.	[MsgId: MMSG-16999]
Action.c(205): lr_think_time: 5,00 seconds.	[MsgId: MMSG-15948]
Action.c(207): web_add_header("Origin") started  	[MsgId: MMSG-26355]
Action.c(207): web_add_header("Origin") was successful  	[MsgId: MMSG-26392]
Action.c(212): web_reg_save_param_ex started  	[MsgId: MMSG-26355]
Action.c(212): Registering web_reg_save_param_ex was successful  	[MsgId: MMSG-26390]
Action.c(223): web_reg_find started  	[MsgId: MMSG-26355]
Action.c(223): Registering web_reg_find was successful  	[MsgId: MMSG-26390]
Action.c(227): web_custom_request("itinerare.pl") started  	[MsgId: MMSG-26355]
Action.c(227): Error -35061: No match found for the requested parameter "ticketsPartID". Either the specified boundaries were not found in the response or the matched text is longer than current max html parameter size of 256 bytes. The total length of the response is 932 bytes. You can use "web_set_max_html_param_len" to increase the max parameter size.  	[MsgId: MERR-35061]
Action.c(227): Error -26366: "Text=<B>Aaren Abbottstown
 's Flight Transaction Summary</B>" not found for web_reg_find  	[MsgId: MERR-26366]
End auto log messages stack.	[MsgId: MMSG-10544]


Start auto log messages stack - Iteration 47.	[MsgId: MMSG-10545]
Action.c(107): Notify: Transaction "viewing_receipts" ended with a "Pass" status (Duration: 5,1279 Think Time: 5,0001 Wasted Time: 0,0010).	[MsgId: MMSG-16870]
Action.c(203): Notify: Transaction "ñancel_reservation" started.	[MsgId: MMSG-16999]
Action.c(205): lr_think_time: 5,00 seconds.	[MsgId: MMSG-15948]
Action.c(207): web_add_header("Origin") started  	[MsgId: MMSG-26355]
Action.c(207): web_add_header("Origin") was successful  	[MsgId: MMSG-26392]
Action.c(212): web_reg_save_param_ex started  	[MsgId: MMSG-26355]
Action.c(212): Registering web_reg_save_param_ex was successful  	[MsgId: MMSG-26390]
Action.c(223): web_reg_find started  	[MsgId: MMSG-26355]
Action.c(223): Registering web_reg_find was successful  	[MsgId: MMSG-26390]
Action.c(227): web_custom_request("itinerare.pl") started  	[MsgId: MMSG-26355]
Action.c(227): Error -35061: No match found for the requested parameter "ticketsPartID". Either the specified boundaries were not found in the response or the matched text is longer than current max html parameter size of 256 bytes. The total length of the response is 932 bytes. You can use "web_set_max_html_param_len" to increase the max parameter size.  	[MsgId: MERR-35061]
Action.c(227): Error -26366: "Text=<B>Gabbie Gadsden
 's Flight Transaction Summary</B>" not found for web_reg_find  	[MsgId: MERR-26366]
End auto log messages stack.	[MsgId: MMSG-10544]


Start auto log messages stack - Iteration 46.	[MsgId: MMSG-10545]
Action.c(107): Notify: Transaction "viewing_receipts" ended with a "Pass" status (Duration: 5,1181 Think Time: 5,0000 Wasted Time: 0,0005).	[MsgId: MMSG-16870]
Action.c(203): Notify: Transaction "ñancel_reservation" started.	[MsgId: MMSG-16999]
Action.c(205): lr_think_time: 5,00 seconds.	[MsgId: MMSG-15948]
Action.c(207): web_add_header("Origin") started  	[MsgId: MMSG-26355]
Action.c(207): web_add_header("Origin") was successful  	[MsgId: MMSG-26392]
Action.c(212): web_reg_save_param_ex started  	[MsgId: MMSG-26355]
Action.c(212): Registering web_reg_save_param_ex was successful  	[MsgId: MMSG-26390]
Action.c(223): web_reg_find started  	[MsgId: MMSG-26355]
Action.c(223): Registering web_reg_find was successful  	[MsgId: MMSG-26390]
Action.c(227): web_custom_request("itinerare.pl") started  	[MsgId: MMSG-26355]
Action.c(227): Error -35061: No match found for the requested parameter "ticketsPartID". Either the specified boundaries were not found in the response or the matched text is longer than current max html parameter size of 256 bytes. The total length of the response is 932 bytes. You can use "web_set_max_html_param_len" to increase the max parameter size.  	[MsgId: MERR-35061]
Action.c(227): Error -26366: "Text=<B>Gabbie Gadsden
 's Flight Transaction Summary</B>" not found for web_reg_find  	[MsgId: MERR-26366]
End auto log messages stack.	[MsgId: MMSG-10544]


