Start auto log messages stack - Iteration 9.	[MsgId: MMSG-10545]
Action.c(227):     </style><BR/><BR/><h1>&nbsp;&nbsp;<b>Itinerary</b></h1>\n
Action.c(227):     <blockquote><P break>Unfortunately, we could not delete your entire itinerary because of a
Action.c(227):      database synchronization error.  If you could please re-load your itinerary and try again
Action.c(227):     , we would appreciate it.  Thank you for your patience.</blockquote>\n
Action.c(227):     </body>\n
Action.c(227):     </html>
Action.c(227): t=495504ms: 5-byte chunked response overhead for "http://localhost:1080/cgi-bin/itinerary.pl" (RelFrameId=1, Internal ID=240)
Action.c(227):     0\r\n
Action.c(227):     \r\n
Action.c(227): Error -35061: No match found for the requested parameter "ticketsPartID". Either the specified boundaries were not found in the response or the matched text is longer than current max html parameter size of 256 bytes. The total length of the response is 932 bytes. You can use "web_set_max_html_param_len" to increase the max parameter size.  	[MsgId: MERR-35061]
End auto log messages stack.	[MsgId: MMSG-10544]


Start auto log messages stack - Iteration 9.	[MsgId: MMSG-10545]
Action.c(227): Notify: Saving Parameter "ticketsPartID_count = 0".	[MsgId: MMSG-13798]
Action.c(227): Error -26366: "Text=<B>Olya Oldman
 's Flight Transaction Summary</B>" not found for web_reg_find  	[MsgId: MERR-26366]
End auto log messages stack.	[MsgId: MMSG-10544]


Start auto log messages stack - Iteration 3.	[MsgId: MMSG-10545]
Action.c(227):     </style><BR/><BR/><h1>&nbsp;&nbsp;<b>Itinerary</b></h1>\n
Action.c(227):     <blockquote><P break>Unfortunately, we could not delete your entire itinerary because of a
Action.c(227):      database synchronization error.  If you could please re-load your itinerary and try again
Action.c(227):     , we would appreciate it.  Thank you for your patience.</blockquote>\n
Action.c(227):     </body>\n
Action.c(227):     </html>
Action.c(227): t=1499537ms: 5-byte chunked response overhead for "http://localhost:1080/cgi-bin/itinerary.pl" (RelFrameId=1, Internal ID=78)
Action.c(227):     0\r\n
Action.c(227):     \r\n
Action.c(227): Error -35061: No match found for the requested parameter "ticketsPartID". Either the specified boundaries were not found in the response or the matched text is longer than current max html parameter size of 256 bytes. The total length of the response is 932 bytes. You can use "web_set_max_html_param_len" to increase the max parameter size.  	[MsgId: MERR-35061]
End auto log messages stack.	[MsgId: MMSG-10544]


Start auto log messages stack - Iteration 3.	[MsgId: MMSG-10545]
Action.c(227): Notify: Saving Parameter "ticketsPartID_count = 0".	[MsgId: MMSG-13798]
Action.c(227): Error -26366: "Text=<B>Babara Baconton
 's Flight Transaction Summary</B>" not found for web_reg_find  	[MsgId: MERR-26366]
End auto log messages stack.	[MsgId: MMSG-10544]


Start auto log messages stack - Iteration 12.	[MsgId: MMSG-10545]
Action.c(227):     </style><BR/><BR/><h1>&nbsp;&nbsp;<b>Itinerary</b></h1>\n
Action.c(227):     <blockquote><P break>Unfortunately, we could not delete your entire itinerary because of a
Action.c(227):      database synchronization error.  If you could please re-load your itinerary and try again
Action.c(227):     , we would appreciate it.  Thank you for your patience.</blockquote>\n
Action.c(227):     </body>\n
Action.c(227):     </html>
Action.c(227): t=2067671ms: 5-byte chunked response overhead for "http://localhost:1080/cgi-bin/itinerary.pl" (RelFrameId=1, Internal ID=321)
Action.c(227):     0\r\n
Action.c(227):     \r\n
Action.c(227): Error -35061: No match found for the requested parameter "ticketsPartID". Either the specified boundaries were not found in the response or the matched text is longer than current max html parameter size of 256 bytes. The total length of the response is 932 bytes. You can use "web_set_max_html_param_len" to increase the max parameter size.  	[MsgId: MERR-35061]
End auto log messages stack.	[MsgId: MMSG-10544]


Start auto log messages stack - Iteration 12.	[MsgId: MMSG-10545]
Action.c(227): Notify: Saving Parameter "ticketsPartID_count = 0".	[MsgId: MMSG-13798]
Action.c(227): Error -26366: "Text=<B>Eachern Eagar
 's Flight Transaction Summary</B>" not found for web_reg_find  	[MsgId: MERR-26366]
End auto log messages stack.	[MsgId: MMSG-10544]


Start auto log messages stack - Iteration 19.	[MsgId: MMSG-10545]
Action.c(227):     </style><BR/><BR/><h1>&nbsp;&nbsp;<b>Itinerary</b></h1>\n
Action.c(227):     <blockquote><P break>Unfortunately, we could not delete your entire itinerary because of a
Action.c(227):      database synchronization error.  If you could please re-load your itinerary and try again
Action.c(227):     , we would appreciate it.  Thank you for your patience.</blockquote>\n
Action.c(227):     </body>\n
Action.c(227):     </html>
Action.c(227): t=2487661ms: 5-byte chunked response overhead for "http://localhost:1080/cgi-bin/itinerary.pl" (RelFrameId=1, Internal ID=507)
Action.c(227):     0\r\n
Action.c(227):     \r\n
Action.c(227): Error -35061: No match found for the requested parameter "ticketsPartID". Either the specified boundaries were not found in the response or the matched text is longer than current max html parameter size of 256 bytes. The total length of the response is 932 bytes. You can use "web_set_max_html_param_len" to increase the max parameter size.  	[MsgId: MERR-35061]
End auto log messages stack.	[MsgId: MMSG-10544]


Start auto log messages stack - Iteration 19.	[MsgId: MMSG-10545]
Action.c(227): Notify: Saving Parameter "ticketsPartID_count = 0".	[MsgId: MMSG-13798]
Action.c(227): Error -26366: "Text=<B>Fabian Fackler
 's Flight Transaction Summary</B>" not found for web_reg_find  	[MsgId: MERR-26366]
End auto log messages stack.	[MsgId: MMSG-10544]


Start auto log messages stack - Iteration 21.	[MsgId: MMSG-10545]
Action.c(227):     </style><BR/><BR/><h1>&nbsp;&nbsp;<b>Itinerary</b></h1>\n
Action.c(227):     <blockquote><P break>Unfortunately, we could not delete your entire itinerary because of a
Action.c(227):      database synchronization error.  If you could please re-load your itinerary and try again
Action.c(227):     , we would appreciate it.  Thank you for your patience.</blockquote>\n
Action.c(227):     </body>\n
Action.c(227):     </html>
Action.c(227): t=2579519ms: 5-byte chunked response overhead for "http://localhost:1080/cgi-bin/itinerary.pl" (RelFrameId=1, Internal ID=561)
Action.c(227):     0\r\n
Action.c(227):     \r\n
Action.c(227): Error -35061: No match found for the requested parameter "ticketsPartID". Either the specified boundaries were not found in the response or the matched text is longer than current max html parameter size of 256 bytes. The total length of the response is 932 bytes. You can use "web_set_max_html_param_len" to increase the max parameter size.  	[MsgId: MERR-35061]
End auto log messages stack.	[MsgId: MMSG-10544]


Start auto log messages stack - Iteration 21.	[MsgId: MMSG-10545]
Action.c(227): Notify: Saving Parameter "ticketsPartID_count = 0".	[MsgId: MMSG-13798]
Action.c(227): Error -26366: "Text=<B>Eachern Eagar
 's Flight Transaction Summary</B>" not found for web_reg_find  	[MsgId: MERR-26366]
End auto log messages stack.	[MsgId: MMSG-10544]


Start auto log messages stack - Iteration 23.	[MsgId: MMSG-10545]
Action.c(227):     </style><BR/><BR/><h1>&nbsp;&nbsp;<b>Itinerary</b></h1>\n
Action.c(227):     <blockquote><P break>Unfortunately, we could not delete your entire itinerary because of a
Action.c(227):      database synchronization error.  If you could please re-load your itinerary and try again
Action.c(227):     , we would appreciate it.  Thank you for your patience.</blockquote>\n
Action.c(227):     </body>\n
Action.c(227):     </html>
Action.c(227): t=2727724ms: 5-byte chunked response overhead for "http://localhost:1080/cgi-bin/itinerary.pl" (RelFrameId=1, Internal ID=612)
Action.c(227):     0\r\n
Action.c(227):     \r\n
Action.c(227): Error -35061: No match found for the requested parameter "ticketsPartID". Either the specified boundaries were not found in the response or the matched text is longer than current max html parameter size of 256 bytes. The total length of the response is 932 bytes. You can use "web_set_max_html_param_len" to increase the max parameter size.  	[MsgId: MERR-35061]
End auto log messages stack.	[MsgId: MMSG-10544]


Start auto log messages stack - Iteration 23.	[MsgId: MMSG-10545]
Action.c(227): Notify: Saving Parameter "ticketsPartID_count = 0".	[MsgId: MMSG-13798]
Action.c(227): Error -26366: "Text=<B>Eachern Eagar
 's Flight Transaction Summary</B>" not found for web_reg_find  	[MsgId: MERR-26366]
End auto log messages stack.	[MsgId: MMSG-10544]


Start auto log messages stack - Iteration 2.	[MsgId: MMSG-10545]
Action.c(97):     <h1>Internal Server Error</h1>\n
Action.c(97):     <p>The server encountered an internal error or\n
Action.c(97):     misconfiguration and was unable to complete\n
Action.c(97):     your request.</p>\n
Action.c(97):     <p>Please contact the server administrator,\n
Action.c(97):      admin@localhost and inform them of the time the error occurred,\n
Action.c(97):     and anything you might have done that may have\n
Action.c(97):     caused the error.</p>\n
Action.c(97):     <p>More information about this error may be available\n
Action.c(97):     in the server error log.</p>\n
Action.c(97):     </body></html>\n
Action.c(97): Error -26612: HTTP Status-Code=500 (Internal Server Error) for "http://localhost:1080/cgi-bin/itinerary.pl"  	[MsgId: MERR-26612]
End auto log messages stack.	[MsgId: MMSG-10544]


Start auto log messages stack - Iteration 2.	[MsgId: MMSG-10545]
Action.c(97):     Date: Sat, 26 Sep 2020 13:01:53 GMT\r\n
Action.c(97):     Server: Apache/2.2.21 (Win32)\r\n
Action.c(97):     Last-Modified: Thu, 12 Jan 2012 13:30:27 GMT\r\n
Action.c(97):     ETag: "30000000286d5-2b0-4b654c052c2c0"\r\n
Action.c(97):     Accept-Ranges: bytes\r\n
Action.c(97):     Content-Length: 688\r\n
Action.c(97):     Keep-Alive: timeout=5, max=100\r\n
Action.c(97):     Connection: Keep-Alive\r\n
Action.c(97):     Content-Type: image/gif\r\n
Action.c(97):     \r\n
Action.c(97): t=2807649ms: 688-byte response body for "http://localhost:1080/WebTours/images/home.gif" (RelFrameId=, Internal ID=48)
Action.c(97): Error -35061: No match found for the requested parameter "arrayFlightID". Either the specified boundaries were not found in the response or the matched text is longer than current max html parameter size of 256 bytes. The total length of the response is 4029 bytes. You can use "web_set_max_html_param_len" to increase the max parameter size.  	[MsgId: MERR-35061]
End auto log messages stack.	[MsgId: MMSG-10544]


Start auto log messages stack - Iteration 2.	[MsgId: MMSG-10545]
Action.c(97): Notify: Saving Parameter "arrayFlightID_count = 0".	[MsgId: MMSG-13798]
Action.c(97): Error -35061: No match found for the requested parameter "array_cgifields". Either the specified boundaries were not found in the response or the matched text is longer than current max html parameter size of 256 bytes. The total length of the response is 4029 bytes. You can use "web_set_max_html_param_len" to increase the max parameter size.  	[MsgId: MERR-35061]
End auto log messages stack.	[MsgId: MMSG-10544]


Start auto log messages stack - Iteration 2.	[MsgId: MMSG-10545]
Action.c(97): Notify: Saving Parameter "array_cgifields_count = 0".	[MsgId: MMSG-13798]
Action.c(97): Error -26366: "Text=<B>Dabney Dacono
 's Flight Transaction Summary</B>" not found for web_reg_find  	[MsgId: MERR-26366]
End auto log messages stack.	[MsgId: MMSG-10544]


Start auto log messages stack - Iteration 27.	[MsgId: MMSG-10545]
Action.c(227):     </style><BR/><BR/><h1>&nbsp;&nbsp;<b>Itinerary</b></h1>\n
Action.c(227):     <blockquote><P break>Unfortunately, we could not delete your entire itinerary because of a
Action.c(227):      database synchronization error.  If you could please re-load your itinerary and try again
Action.c(227):     , we would appreciate it.  Thank you for your patience.</blockquote>\n
Action.c(227):     </body>\n
Action.c(227):     </html>
Action.c(227): t=2967662ms: 5-byte chunked response overhead for "http://localhost:1080/cgi-bin/itinerary.pl" (RelFrameId=1, Internal ID=717)
Action.c(227):     0\r\n
Action.c(227):     \r\n
Action.c(227): Error -35061: No match found for the requested parameter "ticketsPartID". Either the specified boundaries were not found in the response or the matched text is longer than current max html parameter size of 256 bytes. The total length of the response is 932 bytes. You can use "web_set_max_html_param_len" to increase the max parameter size.  	[MsgId: MERR-35061]
End auto log messages stack.	[MsgId: MMSG-10544]


Start auto log messages stack - Iteration 27.	[MsgId: MMSG-10545]
Action.c(227): Notify: Saving Parameter "ticketsPartID_count = 0".	[MsgId: MMSG-13798]
Action.c(227): Error -26366: "Text=<B>Haag Hackensack
 's Flight Transaction Summary</B>" not found for web_reg_find  	[MsgId: MERR-26366]
End auto log messages stack.	[MsgId: MMSG-10544]


Start auto log messages stack - Iteration 55.	[MsgId: MMSG-10545]
Action.c(227):     </style><BR/><BR/><h1>&nbsp;&nbsp;<b>Itinerary</b></h1>\n
Action.c(227):     <blockquote><P break>Unfortunately, we could not delete your entire itinerary because of a
Action.c(227):      database synchronization error.  If you could please re-load your itinerary and try again
Action.c(227):     , we would appreciate it.  Thank you for your patience.</blockquote>\n
Action.c(227):     </body>\n
Action.c(227):     </html>
Action.c(227): t=3284873ms: 5-byte chunked response overhead for "http://localhost:1080/cgi-bin/itinerary.pl" (RelFrameId=1, Internal ID=1482)
Action.c(227):     0\r\n
Action.c(227):     \r\n
Action.c(227): Error -35061: No match found for the requested parameter "ticketsPartID". Either the specified boundaries were not found in the response or the matched text is longer than current max html parameter size of 256 bytes. The total length of the response is 932 bytes. You can use "web_set_max_html_param_len" to increase the max parameter size.  	[MsgId: MERR-35061]
End auto log messages stack.	[MsgId: MMSG-10544]


Start auto log messages stack - Iteration 55.	[MsgId: MMSG-10545]
Action.c(227): Notify: Saving Parameter "ticketsPartID_count = 0".	[MsgId: MMSG-13798]
Action.c(227): Error -26366: "Text=<B>Cacilia Cabery
 's Flight Transaction Summary</B>" not found for web_reg_find  	[MsgId: MERR-26366]
End auto log messages stack.	[MsgId: MMSG-10544]


Start auto log messages stack - Iteration 39.	[MsgId: MMSG-10545]
Action.c(227):     </style><BR/><BR/><h1>&nbsp;&nbsp;<b>Itinerary</b></h1>\n
Action.c(227):     <blockquote><P break>Unfortunately, we could not delete your entire itinerary because of a
Action.c(227):      database synchronization error.  If you could please re-load your itinerary and try again
Action.c(227):     , we would appreciate it.  Thank you for your patience.</blockquote>\n
Action.c(227):     </body>\n
Action.c(227):     </html>
Action.c(227): t=3687691ms: 5-byte chunked response overhead for "http://localhost:1080/cgi-bin/itinerary.pl" (RelFrameId=1, Internal ID=1038)
Action.c(227):     0\r\n
Action.c(227):     \r\n
Action.c(227): Error -35061: No match found for the requested parameter "ticketsPartID". Either the specified boundaries were not found in the response or the matched text is longer than current max html parameter size of 256 bytes. The total length of the response is 932 bytes. You can use "web_set_max_html_param_len" to increase the max parameter size.  	[MsgId: MERR-35061]
End auto log messages stack.	[MsgId: MMSG-10544]


Start auto log messages stack - Iteration 39.	[MsgId: MMSG-10545]
Action.c(227): Notify: Saving Parameter "ticketsPartID_count = 0".	[MsgId: MMSG-13798]
Action.c(227): Error -26366: "Text=<B>Haag Hackensack
 's Flight Transaction Summary</B>" not found for web_reg_find  	[MsgId: MERR-26366]
End auto log messages stack.	[MsgId: MMSG-10544]


Start auto log messages stack - Iteration 41.	[MsgId: MMSG-10545]
Action.c(227):     </style><BR/><BR/><h1>&nbsp;&nbsp;<b>Itinerary</b></h1>\n
Action.c(227):     <blockquote><P break>Unfortunately, we could not delete your entire itinerary because of a
Action.c(227):      database synchronization error.  If you could please re-load your itinerary and try again
Action.c(227):     , we would appreciate it.  Thank you for your patience.</blockquote>\n
Action.c(227):     </body>\n
Action.c(227):     </html>
Action.c(227): t=3779682ms: 5-byte chunked response overhead for "http://localhost:1080/cgi-bin/itinerary.pl" (RelFrameId=1, Internal ID=1098)
Action.c(227):     0\r\n
Action.c(227):     \r\n
Action.c(227): Error -35061: No match found for the requested parameter "ticketsPartID". Either the specified boundaries were not found in the response or the matched text is longer than current max html parameter size of 256 bytes. The total length of the response is 932 bytes. You can use "web_set_max_html_param_len" to increase the max parameter size.  	[MsgId: MERR-35061]
End auto log messages stack.	[MsgId: MMSG-10544]


Start auto log messages stack - Iteration 41.	[MsgId: MMSG-10545]
Action.c(227): Notify: Saving Parameter "ticketsPartID_count = 0".	[MsgId: MMSG-13798]
Action.c(227): Error -26366: "Text=<B>Eachern Eagar
 's Flight Transaction Summary</B>" not found for web_reg_find  	[MsgId: MERR-26366]
End auto log messages stack.	[MsgId: MMSG-10544]


Start auto log messages stack - Iteration 67.	[MsgId: MMSG-10545]
Action.c(227):     </style><BR/><BR/><h1>&nbsp;&nbsp;<b>Itinerary</b></h1>\n
Action.c(227):     <blockquote><P break>Unfortunately, we could not delete your entire itinerary because of a
Action.c(227):      database synchronization error.  If you could please re-load your itinerary and try again
Action.c(227):     , we would appreciate it.  Thank you for your patience.</blockquote>\n
Action.c(227):     </body>\n
Action.c(227):     </html>
Action.c(227): t=4004872ms: 5-byte chunked response overhead for "http://localhost:1080/cgi-bin/itinerary.pl" (RelFrameId=1, Internal ID=1803)
Action.c(227):     0\r\n
Action.c(227):     \r\n
Action.c(227): Error -35061: No match found for the requested parameter "ticketsPartID". Either the specified boundaries were not found in the response or the matched text is longer than current max html parameter size of 256 bytes. The total length of the response is 932 bytes. You can use "web_set_max_html_param_len" to increase the max parameter size.  	[MsgId: MERR-35061]
End auto log messages stack.	[MsgId: MMSG-10544]


Start auto log messages stack - Iteration 67.	[MsgId: MMSG-10545]
Action.c(227): Notify: Saving Parameter "ticketsPartID_count = 0".	[MsgId: MMSG-13798]
Action.c(227): Error -26366: "Text=<B>Eada Eagarville
 's Flight Transaction Summary</B>" not found for web_reg_find  	[MsgId: MERR-26366]
End auto log messages stack.	[MsgId: MMSG-10544]


Start auto log messages stack - Iteration 47.	[MsgId: MMSG-10545]
Action.c(227):     </style><BR/><BR/><h1>&nbsp;&nbsp;<b>Itinerary</b></h1>\n
Action.c(227):     <blockquote><P break>Unfortunately, we could not delete your entire itinerary because of a
Action.c(227):      database synchronization error.  If you could please re-load your itinerary and try again
Action.c(227):     , we would appreciate it.  Thank you for your patience.</blockquote>\n
Action.c(227):     </body>\n
Action.c(227):     </html>
Action.c(227): t=4167726ms: 5-byte chunked response overhead for "http://localhost:1080/cgi-bin/itinerary.pl" (RelFrameId=1, Internal ID=1257)
Action.c(227):     0\r\n
Action.c(227):     \r\n
Action.c(227): Error -35061: No match found for the requested parameter "ticketsPartID". Either the specified boundaries were not found in the response or the matched text is longer than current max html parameter size of 256 bytes. The total length of the response is 932 bytes. You can use "web_set_max_html_param_len" to increase the max parameter size.  	[MsgId: MERR-35061]
End auto log messages stack.	[MsgId: MMSG-10544]


Start auto log messages stack - Iteration 47.	[MsgId: MMSG-10545]
Action.c(227): Notify: Saving Parameter "ticketsPartID_count = 0".	[MsgId: MMSG-13798]
Action.c(227): Error -26366: "Text=<B>Eachern Eagar
 's Flight Transaction Summary</B>" not found for web_reg_find  	[MsgId: MERR-26366]
End auto log messages stack.	[MsgId: MMSG-10544]


Start auto log messages stack - Iteration 70.	[MsgId: MMSG-10545]
Action.c(227):     </style><BR/><BR/><h1>&nbsp;&nbsp;<b>Itinerary</b></h1>\n
Action.c(227):     <blockquote><P break>Unfortunately, we could not delete your entire itinerary because of a
Action.c(227):      database synchronization error.  If you could please re-load your itinerary and try again
Action.c(227):     , we would appreciate it.  Thank you for your patience.</blockquote>\n
Action.c(227):     </body>\n
Action.c(227):     </html>
Action.c(227): t=4231811ms: 5-byte chunked response overhead for "http://localhost:1080/cgi-bin/itinerary.pl" (RelFrameId=1, Internal ID=1881)
Action.c(227):     0\r\n
Action.c(227):     \r\n
Action.c(227): Error -35061: No match found for the requested parameter "ticketsPartID". Either the specified boundaries were not found in the response or the matched text is longer than current max html parameter size of 256 bytes. The total length of the response is 932 bytes. You can use "web_set_max_html_param_len" to increase the max parameter size.  	[MsgId: MERR-35061]
End auto log messages stack.	[MsgId: MMSG-10544]


Start auto log messages stack - Iteration 70.	[MsgId: MMSG-10545]
Action.c(227): Notify: Saving Parameter "ticketsPartID_count = 0".	[MsgId: MMSG-13798]
Action.c(227): Error -26366: "Text=<B>Eachern Eagar
 's Flight Transaction Summary</B>" not found for web_reg_find  	[MsgId: MERR-26366]
End auto log messages stack.	[MsgId: MMSG-10544]


Start auto log messages stack - Iteration 25.	[MsgId: MMSG-10545]
Action.c(227):     </style><BR/><BR/><h1>&nbsp;&nbsp;<b>Itinerary</b></h1>\n
Action.c(227):     <blockquote><P break>Unfortunately, we could not delete your entire itinerary because of a
Action.c(227):      database synchronization error.  If you could please re-load your itinerary and try again
Action.c(227):     , we would appreciate it.  Thank you for your patience.</blockquote>\n
Action.c(227):     </body>\n
Action.c(227):     </html>
Action.c(227): t=4233992ms: 5-byte chunked response overhead for "http://localhost:1080/cgi-bin/itinerary.pl" (RelFrameId=1, Internal ID=666)
Action.c(227):     0\r\n
Action.c(227):     \r\n
Action.c(227): Error -35061: No match found for the requested parameter "ticketsPartID". Either the specified boundaries were not found in the response or the matched text is longer than current max html parameter size of 256 bytes. The total length of the response is 932 bytes. You can use "web_set_max_html_param_len" to increase the max parameter size.  	[MsgId: MERR-35061]
End auto log messages stack.	[MsgId: MMSG-10544]


Start auto log messages stack - Iteration 25.	[MsgId: MMSG-10545]
Action.c(227): Notify: Saving Parameter "ticketsPartID_count = 0".	[MsgId: MMSG-13798]
Action.c(227): Error -26366: "Text=<B>Eachern Eagar
 's Flight Transaction Summary</B>" not found for web_reg_find  	[MsgId: MERR-26366]
End auto log messages stack.	[MsgId: MMSG-10544]


Start auto log messages stack - Iteration 71.	[MsgId: MMSG-10545]
Action.c(227):     </style><BR/><BR/><h1>&nbsp;&nbsp;<b>Itinerary</b></h1>\n
Action.c(227):     <blockquote><P break>Unfortunately, we could not delete your entire itinerary because of a
Action.c(227):      database synchronization error.  If you could please re-load your itinerary and try again
Action.c(227):     , we would appreciate it.  Thank you for your patience.</blockquote>\n
Action.c(227):     </body>\n
Action.c(227):     </html>
Action.c(227): t=4289227ms: 5-byte chunked response overhead for "http://localhost:1080/cgi-bin/itinerary.pl" (RelFrameId=1, Internal ID=1905)
Action.c(227):     0\r\n
Action.c(227):     \r\n
Action.c(227): Error -35061: No match found for the requested parameter "ticketsPartID". Either the specified boundaries were not found in the response or the matched text is longer than current max html parameter size of 256 bytes. The total length of the response is 932 bytes. You can use "web_set_max_html_param_len" to increase the max parameter size.  	[MsgId: MERR-35061]
End auto log messages stack.	[MsgId: MMSG-10544]


Start auto log messages stack - Iteration 71.	[MsgId: MMSG-10545]
Action.c(227): Notify: Saving Parameter "ticketsPartID_count = 0".	[MsgId: MMSG-13798]
Action.c(227): Error -26366: "Text=<B>Vanya Cramer
 's Flight Transaction Summary</B>" not found for web_reg_find  	[MsgId: MERR-26366]
End auto log messages stack.	[MsgId: MMSG-10544]


Start auto log messages stack - Iteration 5.	[MsgId: MMSG-10545]
Action.c(227):     </style><BR/><BR/><h1>&nbsp;&nbsp;<b>Itinerary</b></h1>\n
Action.c(227):     <blockquote><P break>Unfortunately, we could not delete your entire itinerary because of a
Action.c(227):      database synchronization error.  If you could please re-load your itinerary and try again
Action.c(227):     , we would appreciate it.  Thank you for your patience.</blockquote>\n
Action.c(227):     </body>\n
Action.c(227):     </html>
Action.c(227): t=4410328ms: 5-byte chunked response overhead for "http://localhost:1080/cgi-bin/itinerary.pl" (RelFrameId=1, Internal ID=132)
Action.c(227):     0\r\n
Action.c(227):     \r\n
Action.c(227): Error -35061: No match found for the requested parameter "ticketsPartID". Either the specified boundaries were not found in the response or the matched text is longer than current max html parameter size of 256 bytes. The total length of the response is 932 bytes. You can use "web_set_max_html_param_len" to increase the max parameter size.  	[MsgId: MERR-35061]
End auto log messages stack.	[MsgId: MMSG-10544]


Start auto log messages stack - Iteration 5.	[MsgId: MMSG-10545]
Action.c(227): Notify: Saving Parameter "ticketsPartID_count = 0".	[MsgId: MMSG-13798]
Action.c(227): Error -26366: "Text=<B>Sasha Carrington
 's Flight Transaction Summary</B>" not found for web_reg_find  	[MsgId: MERR-26366]
End auto log messages stack.	[MsgId: MMSG-10544]


Start auto log messages stack - Iteration 28.	[MsgId: MMSG-10545]
Action.c(227):     </style><BR/><BR/><h1>&nbsp;&nbsp;<b>Itinerary</b></h1>\n
Action.c(227):     <blockquote><P break>Unfortunately, we could not delete your entire itinerary because of a
Action.c(227):      database synchronization error.  If you could please re-load your itinerary and try again
Action.c(227):     , we would appreciate it.  Thank you for your patience.</blockquote>\n
Action.c(227):     </body>\n
Action.c(227):     </html>
Action.c(227): t=4426267ms: 5-byte chunked response overhead for "http://localhost:1080/cgi-bin/itinerary.pl" (RelFrameId=1, Internal ID=744)
Action.c(227):     0\r\n
Action.c(227):     \r\n
Action.c(227): Error -35061: No match found for the requested parameter "ticketsPartID". Either the specified boundaries were not found in the response or the matched text is longer than current max html parameter size of 256 bytes. The total length of the response is 932 bytes. You can use "web_set_max_html_param_len" to increase the max parameter size.  	[MsgId: MERR-35061]
End auto log messages stack.	[MsgId: MMSG-10544]


Start auto log messages stack - Iteration 28.	[MsgId: MMSG-10545]
Action.c(227): Notify: Saving Parameter "ticketsPartID_count = 0".	[MsgId: MMSG-13798]
Action.c(227): Error -26366: "Text=<B>Eachern Eagar
 's Flight Transaction Summary</B>" not found for web_reg_find  	[MsgId: MERR-26366]
End auto log messages stack.	[MsgId: MMSG-10544]


Start auto log messages stack - Iteration 6.	[MsgId: MMSG-10545]
Action.c(248): Notify: Parameter Substitution: parameter "arrayFlightID_27" =  "60-208942-aC"	[MsgId: MMSG-13992]
Action.c(250): Notify: Parameter Substitution: parameter "ticketsPartID_34" =  "0"	[MsgId: MMSG-13992]
Action.c(248): Notify: Parameter Substitution: parameter "arrayFlightID_27" =  "60-208942-aC"	[MsgId: MMSG-13992]
Action.c(250): Notify: Parameter Substitution: parameter "ticketsPartID_35" =  "0"	[MsgId: MMSG-13992]
Action.c(248): Notify: Parameter Substitution: parameter "arrayFlightID_27" =  "60-208942-aC"	[MsgId: MMSG-13992]
Action.c(250): Notify: Parameter Substitution: parameter "ticketsPartID_36" =  "9"	[MsgId: MMSG-13992]
Action.c(248): Notify: Parameter Substitution: parameter "arrayFlightID_27" =  "60-208942-aC"	[MsgId: MMSG-13992]
Action.c(250): Notify: Parameter Substitution: parameter "ticketsPartID_37" =  "0"	[MsgId: MMSG-13992]
Action.c(248): Notify: Parameter Substitution: parameter "arrayFlightID_27" =  "60-208942-aC"	[MsgId: MMSG-13992]
Action.c(250): Notify: Parameter Substitution: parameter "ticketsPartID_38" =  "0"	[MsgId: MMSG-13992]
Action.c(248): Notify: Parameter Substitution: parameter "arrayFlightID_27" =  "60-208942-aC"	[MsgId: MMSG-13992]
Action.c(250): Notify: Parameter Substitution: parameter "ticketsPartID_39" =  "0"	[MsgId: MMSG-13992]
Action.c(248): Notify: Parameter Substitution: parameter "arrayFlightID_27" =  "60-208942-aC"	[MsgId: MMSG-13992]
Action.c(250): Notify: Parameter Substitution: parameter "ticketsPartID_40" =  "0"	[MsgId: MMSG-13992]
Action.c(248): Notify: Parameter Substitution: parameter "arrayFlightID_27" =  "60-208942-aC"	[MsgId: MMSG-13992]
Action.c(250): Notify: Parameter Substitution: parameter "ticketsPartID_41" =  "0"	[MsgId: MMSG-13992]
Action.c(267): Error: Failed to end Transaction "ñancel_reservation" (by name). Please check that you made a call to start transaction operation.	[MsgId: MERR-16985]
End auto log messages stack.	[MsgId: MMSG-10544]


Start auto log messages stack - Iteration 7.	[MsgId: MMSG-10545]
Action.c(227):     </style><BR/><BR/><h1>&nbsp;&nbsp;<b>Itinerary</b></h1>\n
Action.c(227):     <blockquote><P break>Unfortunately, we could not delete your entire itinerary because of a
Action.c(227):      database synchronization error.  If you could please re-load your itinerary and try again
Action.c(227):     , we would appreciate it.  Thank you for your patience.</blockquote>\n
Action.c(227):     </body>\n
Action.c(227):     </html>
Action.c(227): t=4528619ms: 5-byte chunked response overhead for "http://localhost:1080/cgi-bin/itinerary.pl" (RelFrameId=1, Internal ID=186)
Action.c(227):     0\r\n
Action.c(227):     \r\n
Action.c(227): Error -35061: No match found for the requested parameter "ticketsPartID". Either the specified boundaries were not found in the response or the matched text is longer than current max html parameter size of 256 bytes. The total length of the response is 932 bytes. You can use "web_set_max_html_param_len" to increase the max parameter size.  	[MsgId: MERR-35061]
End auto log messages stack.	[MsgId: MMSG-10544]


Start auto log messages stack - Iteration 7.	[MsgId: MMSG-10545]
Action.c(227): Notify: Saving Parameter "ticketsPartID_count = 0".	[MsgId: MMSG-13798]
Action.c(227): Error -26366: "Text=<B>Cacilie Cabins
 's Flight Transaction Summary</B>" not found for web_reg_find  	[MsgId: MERR-26366]
End auto log messages stack.	[MsgId: MMSG-10544]


Start auto log messages stack - Iteration 76.	[MsgId: MMSG-10545]
Action.c(227):     </style><BR/><BR/><h1>&nbsp;&nbsp;<b>Itinerary</b></h1>\n
Action.c(227):     <blockquote><P break>Unfortunately, we could not delete your entire itinerary because of a
Action.c(227):      database synchronization error.  If you could please re-load your itinerary and try again
Action.c(227):     , we would appreciate it.  Thank you for your patience.</blockquote>\n
Action.c(227):     </body>\n
Action.c(227):     </html>
Action.c(227): t=4597867ms: 5-byte chunked response overhead for "http://localhost:1080/cgi-bin/itinerary.pl" (RelFrameId=1, Internal ID=2037)
Action.c(227):     0\r\n
Action.c(227):     \r\n
Action.c(227): Error -35061: No match found for the requested parameter "ticketsPartID". Either the specified boundaries were not found in the response or the matched text is longer than current max html parameter size of 256 bytes. The total length of the response is 932 bytes. You can use "web_set_max_html_param_len" to increase the max parameter size.  	[MsgId: MERR-35061]
End auto log messages stack.	[MsgId: MMSG-10544]


Start auto log messages stack - Iteration 76.	[MsgId: MMSG-10545]
Action.c(227): Notify: Saving Parameter "ticketsPartID_count = 0".	[MsgId: MMSG-13798]
Action.c(227): Error -26366: "Text=<B>Aaren Abbottstown
 's Flight Transaction Summary</B>" not found for web_reg_find  	[MsgId: MERR-26366]
End auto log messages stack.	[MsgId: MMSG-10544]


Start auto log messages stack - Iteration 77.	[MsgId: MMSG-10545]
Action.c(227):     </style><BR/><BR/><h1>&nbsp;&nbsp;<b>Itinerary</b></h1>\n
Action.c(227):     <blockquote><P break>Unfortunately, we could not delete your entire itinerary because of a
Action.c(227):      database synchronization error.  If you could please re-load your itinerary and try again
Action.c(227):     , we would appreciate it.  Thank you for your patience.</blockquote>\n
Action.c(227):     </body>\n
Action.c(227):     </html>
Action.c(227): t=4652204ms: 5-byte chunked response overhead for "http://localhost:1080/cgi-bin/itinerary.pl" (RelFrameId=1, Internal ID=2061)
Action.c(227):     0\r\n
Action.c(227):     \r\n
Action.c(227): Error -35061: No match found for the requested parameter "ticketsPartID". Either the specified boundaries were not found in the response or the matched text is longer than current max html parameter size of 256 bytes. The total length of the response is 932 bytes. You can use "web_set_max_html_param_len" to increase the max parameter size.  	[MsgId: MERR-35061]
End auto log messages stack.	[MsgId: MMSG-10544]


Start auto log messages stack - Iteration 77.	[MsgId: MMSG-10545]
Action.c(227): Notify: Saving Parameter "ticketsPartID_count = 0".	[MsgId: MMSG-13798]
Action.c(227): Error -26366: "Text=<B>Nikita Zinchenco
 's Flight Transaction Summary</B>" not found for web_reg_find  	[MsgId: MERR-26366]
End auto log messages stack.	[MsgId: MMSG-10544]


Start auto log messages stack - Iteration 32.	[MsgId: MMSG-10545]
Action.c(227):     </style><BR/><BR/><h1>&nbsp;&nbsp;<b>Itinerary</b></h1>\n
Action.c(227):     <blockquote><P break>Unfortunately, we could not delete your entire itinerary because of a
Action.c(227):      database synchronization error.  If you could please re-load your itinerary and try again
Action.c(227):     , we would appreciate it.  Thank you for your patience.</blockquote>\n
Action.c(227):     </body>\n
Action.c(227):     </html>
Action.c(227): t=4678221ms: 5-byte chunked response overhead for "http://localhost:1080/cgi-bin/itinerary.pl" (RelFrameId=1, Internal ID=849)
Action.c(227):     0\r\n
Action.c(227):     \r\n
Action.c(227): Error -35061: No match found for the requested parameter "ticketsPartID". Either the specified boundaries were not found in the response or the matched text is longer than current max html parameter size of 256 bytes. The total length of the response is 932 bytes. You can use "web_set_max_html_param_len" to increase the max parameter size.  	[MsgId: MERR-35061]
End auto log messages stack.	[MsgId: MMSG-10544]


Start auto log messages stack - Iteration 32.	[MsgId: MMSG-10545]
Action.c(227): Notify: Saving Parameter "ticketsPartID_count = 0".	[MsgId: MMSG-13798]
Action.c(227): Error -26366: "Text=<B>Dabbs Dabolt
 's Flight Transaction Summary</B>" not found for web_reg_find  	[MsgId: MERR-26366]
End auto log messages stack.	[MsgId: MMSG-10544]


Start auto log messages stack - Iteration 56.	[MsgId: MMSG-10545]
Action.c(227):     </style><BR/><BR/><h1>&nbsp;&nbsp;<b>Itinerary</b></h1>\n
Action.c(227):     <blockquote><P break>Unfortunately, we could not delete your entire itinerary because of a
Action.c(227):      database synchronization error.  If you could please re-load your itinerary and try again
Action.c(227):     , we would appreciate it.  Thank you for your patience.</blockquote>\n
Action.c(227):     </body>\n
Action.c(227):     </html>
Action.c(227): t=4751633ms: 5-byte chunked response overhead for "http://localhost:1080/cgi-bin/itinerary.pl" (RelFrameId=1, Internal ID=1497)
Action.c(227):     0\r\n
Action.c(227):     \r\n
Action.c(227): Error -35061: No match found for the requested parameter "ticketsPartID". Either the specified boundaries were not found in the response or the matched text is longer than current max html parameter size of 256 bytes. The total length of the response is 932 bytes. You can use "web_set_max_html_param_len" to increase the max parameter size.  	[MsgId: MERR-35061]
End auto log messages stack.	[MsgId: MMSG-10544]


Start auto log messages stack - Iteration 56.	[MsgId: MMSG-10545]
Action.c(227): Notify: Saving Parameter "ticketsPartID_count = 0".	[MsgId: MMSG-13798]
Action.c(227): Error -26366: "Text=<B>Iams Icard
 's Flight Transaction Summary</B>" not found for web_reg_find  	[MsgId: MERR-26366]
End auto log messages stack.	[MsgId: MMSG-10544]


Start auto log messages stack - Iteration 79.	[MsgId: MMSG-10545]
Action.c(227):     </style><BR/><BR/><h1>&nbsp;&nbsp;<b>Itinerary</b></h1>\n
Action.c(227):     <blockquote><P break>Unfortunately, we could not delete your entire itinerary because of a
Action.c(227):      database synchronization error.  If you could please re-load your itinerary and try again
Action.c(227):     , we would appreciate it.  Thank you for your patience.</blockquote>\n
Action.c(227):     </body>\n
Action.c(227):     </html>
Action.c(227): t=4814451ms: 5-byte chunked response overhead for "http://localhost:1080/cgi-bin/itinerary.pl" (RelFrameId=1, Internal ID=2127)
Action.c(227):     0\r\n
Action.c(227):     \r\n
Action.c(227): Error -35061: No match found for the requested parameter "ticketsPartID". Either the specified boundaries were not found in the response or the matched text is longer than current max html parameter size of 256 bytes. The total length of the response is 932 bytes. You can use "web_set_max_html_param_len" to increase the max parameter size.  	[MsgId: MERR-35061]
End auto log messages stack.	[MsgId: MMSG-10544]


Start auto log messages stack - Iteration 79.	[MsgId: MMSG-10545]
Action.c(227): Notify: Saving Parameter "ticketsPartID_count = 0".	[MsgId: MMSG-13798]
Action.c(227): Error -26366: "Text=<B>Haag Hackensack
 's Flight Transaction Summary</B>" not found for web_reg_find  	[MsgId: MERR-26366]
End auto log messages stack.	[MsgId: MMSG-10544]


Start auto log messages stack - Iteration 34.	[MsgId: MMSG-10545]
Action.c(227):     </style><BR/><BR/><h1>&nbsp;&nbsp;<b>Itinerary</b></h1>\n
Action.c(227):     <blockquote><P break>Unfortunately, we could not delete your entire itinerary because of a
Action.c(227):      database synchronization error.  If you could please re-load your itinerary and try again
Action.c(227):     , we would appreciate it.  Thank you for your patience.</blockquote>\n
Action.c(227):     </body>\n
Action.c(227):     </html>
Action.c(227): t=4814453ms: 5-byte chunked response overhead for "http://localhost:1080/cgi-bin/itinerary.pl" (RelFrameId=1, Internal ID=900)
Action.c(227):     0\r\n
Action.c(227):     \r\n
Action.c(227): Error -35061: No match found for the requested parameter "ticketsPartID". Either the specified boundaries were not found in the response or the matched text is longer than current max html parameter size of 256 bytes. The total length of the response is 932 bytes. You can use "web_set_max_html_param_len" to increase the max parameter size.  	[MsgId: MERR-35061]
End auto log messages stack.	[MsgId: MMSG-10544]


Start auto log messages stack - Iteration 34.	[MsgId: MMSG-10545]
Action.c(227): Notify: Saving Parameter "ticketsPartID_count = 0".	[MsgId: MMSG-13798]
Action.c(227): Error -26366: "Text=<B>Daberath Dacoma
 's Flight Transaction Summary</B>" not found for web_reg_find  	[MsgId: MERR-26366]
End auto log messages stack.	[MsgId: MMSG-10544]


Start auto log messages stack - Iteration 58.	[MsgId: MMSG-10545]
Action.c(227):     </style><BR/><BR/><h1>&nbsp;&nbsp;<b>Itinerary</b></h1>\n
Action.c(227):     <blockquote><P break>Unfortunately, we could not delete your entire itinerary because of a
Action.c(227):      database synchronization error.  If you could please re-load your itinerary and try again
Action.c(227):     , we would appreciate it.  Thank you for your patience.</blockquote>\n
Action.c(227):     </body>\n
Action.c(227):     </html>
Action.c(227): t=4904598ms: 5-byte chunked response overhead for "http://localhost:1080/cgi-bin/itinerary.pl" (RelFrameId=1, Internal ID=1548)
Action.c(227):     0\r\n
Action.c(227):     \r\n
Action.c(227): Error -35061: No match found for the requested parameter "ticketsPartID". Either the specified boundaries were not found in the response or the matched text is longer than current max html parameter size of 256 bytes. The total length of the response is 932 bytes. You can use "web_set_max_html_param_len" to increase the max parameter size.  	[MsgId: MERR-35061]
End auto log messages stack.	[MsgId: MMSG-10544]


Start auto log messages stack - Iteration 58.	[MsgId: MMSG-10545]
Action.c(227): Notify: Saving Parameter "ticketsPartID_count = 0".	[MsgId: MMSG-13798]
Action.c(227): Error -26366: "Text=<B>Eadie Eagletown
 's Flight Transaction Summary</B>" not found for web_reg_find  	[MsgId: MERR-26366]
End auto log messages stack.	[MsgId: MMSG-10544]


Start auto log messages stack - Iteration 13.	[MsgId: MMSG-10545]
Action.c(227):     </style><BR/><BR/><h1>&nbsp;&nbsp;<b>Itinerary</b></h1>\n
Action.c(227):     <blockquote><P break>Unfortunately, we could not delete your entire itinerary because of a
Action.c(227):      database synchronization error.  If you could please re-load your itinerary and try again
Action.c(227):     , we would appreciate it.  Thank you for your patience.</blockquote>\n
Action.c(227):     </body>\n
Action.c(227):     </html>
Action.c(227): t=4950930ms: 5-byte chunked response overhead for "http://localhost:1080/cgi-bin/itinerary.pl" (RelFrameId=1, Internal ID=345)
Action.c(227):     0\r\n
Action.c(227):     \r\n
Action.c(227): Error -35061: No match found for the requested parameter "ticketsPartID". Either the specified boundaries were not found in the response or the matched text is longer than current max html parameter size of 256 bytes. The total length of the response is 932 bytes. You can use "web_set_max_html_param_len" to increase the max parameter size.  	[MsgId: MERR-35061]
End auto log messages stack.	[MsgId: MMSG-10544]


Start auto log messages stack - Iteration 13.	[MsgId: MMSG-10545]
Action.c(227): Notify: Saving Parameter "ticketsPartID_count = 0".	[MsgId: MMSG-13798]
Action.c(227): Error -26366: "Text=<B>Haag Hackensack
 's Flight Transaction Summary</B>" not found for web_reg_find  	[MsgId: MERR-26366]
End auto log messages stack.	[MsgId: MMSG-10544]


Start auto log messages stack - Iteration 59.	[MsgId: MMSG-10545]
Action.c(227):     </style><BR/><BR/><h1>&nbsp;&nbsp;<b>Itinerary</b></h1>\n
Action.c(227):     <blockquote><P break>Unfortunately, we could not delete your entire itinerary because of a
Action.c(227):      database synchronization error.  If you could please re-load your itinerary and try again
Action.c(227):     , we would appreciate it.  Thank you for your patience.</blockquote>\n
Action.c(227):     </body>\n
Action.c(227):     </html>
Action.c(227): t=4974093ms: 5-byte chunked response overhead for "http://localhost:1080/cgi-bin/itinerary.pl" (RelFrameId=1, Internal ID=1572)
Action.c(227):     0\r\n
Action.c(227):     \r\n
Action.c(227): Error -35061: No match found for the requested parameter "ticketsPartID". Either the specified boundaries were not found in the response or the matched text is longer than current max html parameter size of 256 bytes. The total length of the response is 932 bytes. You can use "web_set_max_html_param_len" to increase the max parameter size.  	[MsgId: MERR-35061]
End auto log messages stack.	[MsgId: MMSG-10544]


Start auto log messages stack - Iteration 59.	[MsgId: MMSG-10545]
Action.c(227): Notify: Saving Parameter "ticketsPartID_count = 0".	[MsgId: MMSG-13798]
Action.c(227): Error -26366: "Text=<B>Nikita Zinchenco
 's Flight Transaction Summary</B>" not found for web_reg_find  	[MsgId: MERR-26366]
End auto log messages stack.	[MsgId: MMSG-10544]


Start auto log messages stack - Iteration 60.	[MsgId: MMSG-10545]
Action.c(227):     </style><BR/><BR/><h1>&nbsp;&nbsp;<b>Itinerary</b></h1>\n
Action.c(227):     <blockquote><P break>Unfortunately, we could not delete your entire itinerary because of a
Action.c(227):      database synchronization error.  If you could please re-load your itinerary and try again
Action.c(227):     , we would appreciate it.  Thank you for your patience.</blockquote>\n
Action.c(227):     </body>\n
Action.c(227):     </html>
Action.c(227): t=5033767ms: 5-byte chunked response overhead for "http://localhost:1080/cgi-bin/itinerary.pl" (RelFrameId=1, Internal ID=1596)
Action.c(227):     0\r\n
Action.c(227):     \r\n
Action.c(227): Error -35061: No match found for the requested parameter "ticketsPartID". Either the specified boundaries were not found in the response or the matched text is longer than current max html parameter size of 256 bytes. The total length of the response is 932 bytes. You can use "web_set_max_html_param_len" to increase the max parameter size.  	[MsgId: MERR-35061]
End auto log messages stack.	[MsgId: MMSG-10544]


Start auto log messages stack - Iteration 60.	[MsgId: MMSG-10545]
Action.c(227): Notify: Saving Parameter "ticketsPartID_count = 0".	[MsgId: MMSG-13798]
Action.c(227): Error -26366: "Text=<B>Sasha Carrington
 's Flight Transaction Summary</B>" not found for web_reg_find  	[MsgId: MERR-26366]
End auto log messages stack.	[MsgId: MMSG-10544]


Start auto log messages stack - Iteration 61.	[MsgId: MMSG-10545]
Action.c(227):     </style><BR/><BR/><h1>&nbsp;&nbsp;<b>Itinerary</b></h1>\n
Action.c(227):     <blockquote><P break>Unfortunately, we could not delete your entire itinerary because of a
Action.c(227):      database synchronization error.  If you could please re-load your itinerary and try again
Action.c(227):     , we would appreciate it.  Thank you for your patience.</blockquote>\n
Action.c(227):     </body>\n
Action.c(227):     </html>
Action.c(227): t=5086100ms: 5-byte chunked response overhead for "http://localhost:1080/cgi-bin/itinerary.pl" (RelFrameId=1, Internal ID=1629)
Action.c(227):     0\r\n
Action.c(227):     \r\n
Action.c(227): Error -35061: No match found for the requested parameter "ticketsPartID". Either the specified boundaries were not found in the response or the matched text is longer than current max html parameter size of 256 bytes. The total length of the response is 932 bytes. You can use "web_set_max_html_param_len" to increase the max parameter size.  	[MsgId: MERR-35061]
End auto log messages stack.	[MsgId: MMSG-10544]


Start auto log messages stack - Iteration 61.	[MsgId: MMSG-10545]
Action.c(227): Notify: Saving Parameter "ticketsPartID_count = 0".	[MsgId: MMSG-13798]
Action.c(227): Error -26366: "Text=<B>Aaberg Aaronsburg
 's Flight Transaction Summary</B>" not found for web_reg_find  	[MsgId: MERR-26366]
End auto log messages stack.	[MsgId: MMSG-10544]


Start auto log messages stack - Iteration 17.	[MsgId: MMSG-10545]
Action.c(227):     </style><BR/><BR/><h1>&nbsp;&nbsp;<b>Itinerary</b></h1>\n
Action.c(227):     <blockquote><P break>Unfortunately, we could not delete your entire itinerary because of a
Action.c(227):      database synchronization error.  If you could please re-load your itinerary and try again
Action.c(227):     , we would appreciate it.  Thank you for your patience.</blockquote>\n
Action.c(227):     </body>\n
Action.c(227):     </html>
Action.c(227): t=5205500ms: 5-byte chunked response overhead for "http://localhost:1080/cgi-bin/itinerary.pl" (RelFrameId=1, Internal ID=450)
Action.c(227):     0\r\n
Action.c(227):     \r\n
Action.c(227): Error -35061: No match found for the requested parameter "ticketsPartID". Either the specified boundaries were not found in the response or the matched text is longer than current max html parameter size of 256 bytes. The total length of the response is 932 bytes. You can use "web_set_max_html_param_len" to increase the max parameter size.  	[MsgId: MERR-35061]
End auto log messages stack.	[MsgId: MMSG-10544]


Start auto log messages stack - Iteration 17.	[MsgId: MMSG-10545]
Action.c(227): Notify: Saving Parameter "ticketsPartID_count = 0".	[MsgId: MMSG-13798]
Action.c(227): Error -26366: "Text=<B>Lena Bukina
 's Flight Transaction Summary</B>" not found for web_reg_find  	[MsgId: MERR-26366]
End auto log messages stack.	[MsgId: MMSG-10544]


Start auto log messages stack - Iteration 18.	[MsgId: MMSG-10545]
Action.c(227):     </style><BR/><BR/><h1>&nbsp;&nbsp;<b>Itinerary</b></h1>\n
Action.c(227):     <blockquote><P break>Unfortunately, we could not delete your entire itinerary because of a
Action.c(227):      database synchronization error.  If you could please re-load your itinerary and try again
Action.c(227):     , we would appreciate it.  Thank you for your patience.</blockquote>\n
Action.c(227):     </body>\n
Action.c(227):     </html>
Action.c(227): t=5258845ms: 5-byte chunked response overhead for "http://localhost:1080/cgi-bin/itinerary.pl" (RelFrameId=1, Internal ID=474)
Action.c(227):     0\r\n
Action.c(227):     \r\n
Action.c(227): Error -35061: No match found for the requested parameter "ticketsPartID". Either the specified boundaries were not found in the response or the matched text is longer than current max html parameter size of 256 bytes. The total length of the response is 932 bytes. You can use "web_set_max_html_param_len" to increase the max parameter size.  	[MsgId: MERR-35061]
End auto log messages stack.	[MsgId: MMSG-10544]


Start auto log messages stack - Iteration 18.	[MsgId: MMSG-10545]
Action.c(227): Notify: Saving Parameter "ticketsPartID_count = 0".	[MsgId: MMSG-13798]
Action.c(227): Error -26366: "Text=<B>Lena Bukina
 's Flight Transaction Summary</B>" not found for web_reg_find  	[MsgId: MERR-26366]
End auto log messages stack.	[MsgId: MMSG-10544]


Start auto log messages stack - Iteration 20.	[MsgId: MMSG-10545]
Action.c(227):     </style><BR/><BR/><h1>&nbsp;&nbsp;<b>Itinerary</b></h1>\n
Action.c(227):     <blockquote><P break>Unfortunately, we could not delete your entire itinerary because of a
Action.c(227):      database synchronization error.  If you could please re-load your itinerary and try again
Action.c(227):     , we would appreciate it.  Thank you for your patience.</blockquote>\n
Action.c(227):     </body>\n
Action.c(227):     </html>
Action.c(227): t=5394212ms: 5-byte chunked response overhead for "http://localhost:1080/cgi-bin/itinerary.pl" (RelFrameId=1, Internal ID=525)
Action.c(227):     0\r\n
Action.c(227):     \r\n
Action.c(227): Error -35061: No match found for the requested parameter "ticketsPartID". Either the specified boundaries were not found in the response or the matched text is longer than current max html parameter size of 256 bytes. The total length of the response is 932 bytes. You can use "web_set_max_html_param_len" to increase the max parameter size.  	[MsgId: MERR-35061]
End auto log messages stack.	[MsgId: MMSG-10544]


Start auto log messages stack - Iteration 20.	[MsgId: MMSG-10545]
Action.c(227): Notify: Saving Parameter "ticketsPartID_count = 0".	[MsgId: MMSG-13798]
Action.c(227): Error -26366: "Text=<B>Haag Hackensack
 's Flight Transaction Summary</B>" not found for web_reg_find  	[MsgId: MERR-26366]
End auto log messages stack.	[MsgId: MMSG-10544]


Start auto log messages stack - Iteration 89.	[MsgId: MMSG-10545]
Action.c(227):     </style><BR/><BR/><h1>&nbsp;&nbsp;<b>Itinerary</b></h1>\n
Action.c(227):     <blockquote><P break>Unfortunately, we could not delete your entire itinerary because of a
Action.c(227):      database synchronization error.  If you could please re-load your itinerary and try again
Action.c(227):     , we would appreciate it.  Thank you for your patience.</blockquote>\n
Action.c(227):     </body>\n
Action.c(227):     </html>
Action.c(227): t=5430203ms: 5-byte chunked response overhead for "http://localhost:1080/cgi-bin/itinerary.pl" (RelFrameId=1, Internal ID=2382)
Action.c(227):     0\r\n
Action.c(227):     \r\n
Action.c(227): Error -35061: No match found for the requested parameter "ticketsPartID". Either the specified boundaries were not found in the response or the matched text is longer than current max html parameter size of 256 bytes. The total length of the response is 932 bytes. You can use "web_set_max_html_param_len" to increase the max parameter size.  	[MsgId: MERR-35061]
End auto log messages stack.	[MsgId: MMSG-10544]


Start auto log messages stack - Iteration 89.	[MsgId: MMSG-10545]
Action.c(227): Notify: Saving Parameter "ticketsPartID_count = 0".	[MsgId: MMSG-13798]
Action.c(227): Error -26366: "Text=<B>Eachern Eagar
 's Flight Transaction Summary</B>" not found for web_reg_find  	[MsgId: MERR-26366]
End auto log messages stack.	[MsgId: MMSG-10544]


Start auto log messages stack - Iteration 24.	[MsgId: MMSG-10545]
Action.c(227):     </style><BR/><BR/><h1>&nbsp;&nbsp;<b>Itinerary</b></h1>\n
Action.c(227):     <blockquote><P break>Unfortunately, we could not delete your entire itinerary because of a
Action.c(227):      database synchronization error.  If you could please re-load your itinerary and try again
Action.c(227):     , we would appreciate it.  Thank you for your patience.</blockquote>\n
Action.c(227):     </body>\n
Action.c(227):     </html>
Action.c(227): t=5687707ms: 5-byte chunked response overhead for "http://localhost:1080/cgi-bin/itinerary.pl" (RelFrameId=1, Internal ID=630)
Action.c(227):     0\r\n
Action.c(227):     \r\n
Action.c(227): Error -35061: No match found for the requested parameter "ticketsPartID". Either the specified boundaries were not found in the response or the matched text is longer than current max html parameter size of 256 bytes. The total length of the response is 932 bytes. You can use "web_set_max_html_param_len" to increase the max parameter size.  	[MsgId: MERR-35061]
End auto log messages stack.	[MsgId: MMSG-10544]


Start auto log messages stack - Iteration 24.	[MsgId: MMSG-10545]
Action.c(227): Notify: Saving Parameter "ticketsPartID_count = 0".	[MsgId: MMSG-13798]
Action.c(227): Error -26366: "Text=<B>Fabian Fackler
 's Flight Transaction Summary</B>" not found for web_reg_find  	[MsgId: MERR-26366]
End auto log messages stack.	[MsgId: MMSG-10544]


Start auto log messages stack - Iteration 48.	[MsgId: MMSG-10545]
Action.c(227):     </style><BR/><BR/><h1>&nbsp;&nbsp;<b>Itinerary</b></h1>\n
Action.c(227):     <blockquote><P break>Unfortunately, we could not delete your entire itinerary because of a
Action.c(227):      database synchronization error.  If you could please re-load your itinerary and try again
Action.c(227):     , we would appreciate it.  Thank you for your patience.</blockquote>\n
Action.c(227):     </body>\n
Action.c(227):     </html>
Action.c(227): t=5783210ms: 5-byte chunked response overhead for "http://localhost:1080/cgi-bin/itinerary.pl" (RelFrameId=1, Internal ID=1275)
Action.c(227):     0\r\n
Action.c(227):     \r\n
Action.c(227): Error -35061: No match found for the requested parameter "ticketsPartID". Either the specified boundaries were not found in the response or the matched text is longer than current max html parameter size of 256 bytes. The total length of the response is 932 bytes. You can use "web_set_max_html_param_len" to increase the max parameter size.  	[MsgId: MERR-35061]
End auto log messages stack.	[MsgId: MMSG-10544]


Start auto log messages stack - Iteration 48.	[MsgId: MMSG-10545]
Action.c(227): Notify: Saving Parameter "ticketsPartID_count = 0".	[MsgId: MMSG-13798]
Action.c(227): Error -26366: "Text=<B>Eachern Eagar
 's Flight Transaction Summary</B>" not found for web_reg_find  	[MsgId: MERR-26366]
End auto log messages stack.	[MsgId: MMSG-10544]


Start auto log messages stack - Iteration 26.	[MsgId: MMSG-10545]
Action.c(227):     </style><BR/><BR/><h1>&nbsp;&nbsp;<b>Itinerary</b></h1>\n
Action.c(227):     <blockquote><P break>Unfortunately, we could not delete your entire itinerary because of a
Action.c(227):      database synchronization error.  If you could please re-load your itinerary and try again
Action.c(227):     , we would appreciate it.  Thank you for your patience.</blockquote>\n
Action.c(227):     </body>\n
Action.c(227):     </html>
Action.c(227): t=5871541ms: 5-byte chunked response overhead for "http://localhost:1080/cgi-bin/itinerary.pl" (RelFrameId=1, Internal ID=696)
Action.c(227):     0\r\n
Action.c(227):     \r\n
Action.c(227): Error -35061: No match found for the requested parameter "ticketsPartID". Either the specified boundaries were not found in the response or the matched text is longer than current max html parameter size of 256 bytes. The total length of the response is 932 bytes. You can use "web_set_max_html_param_len" to increase the max parameter size.  	[MsgId: MERR-35061]
End auto log messages stack.	[MsgId: MMSG-10544]


Start auto log messages stack - Iteration 26.	[MsgId: MMSG-10545]
Action.c(227): Notify: Saving Parameter "ticketsPartID_count = 0".	[MsgId: MMSG-13798]
Action.c(227): Error -26366: "Text=<B>Gena Bukin
 's Flight Transaction Summary</B>" not found for web_reg_find  	[MsgId: MERR-26366]
End auto log messages stack.	[MsgId: MMSG-10544]


Start auto log messages stack - Iteration 6.	[MsgId: MMSG-10545]
Action.c(227):     </style><BR/><BR/><h1>&nbsp;&nbsp;<b>Itinerary</b></h1>\n
Action.c(227):     <blockquote><P break>Unfortunately, we could not delete your entire itinerary because of a
Action.c(227):      database synchronization error.  If you could please re-load your itinerary and try again
Action.c(227):     , we would appreciate it.  Thank you for your patience.</blockquote>\n
Action.c(227):     </body>\n
Action.c(227):     </html>
Action.c(227): t=5923080ms: 5-byte chunked response overhead for "http://localhost:1080/cgi-bin/itinerary.pl" (RelFrameId=1, Internal ID=159)
Action.c(227):     0\r\n
Action.c(227):     \r\n
Action.c(227): Error -35061: No match found for the requested parameter "ticketsPartID". Either the specified boundaries were not found in the response or the matched text is longer than current max html parameter size of 256 bytes. The total length of the response is 932 bytes. You can use "web_set_max_html_param_len" to increase the max parameter size.  	[MsgId: MERR-35061]
End auto log messages stack.	[MsgId: MMSG-10544]


Start auto log messages stack - Iteration 6.	[MsgId: MMSG-10545]
Action.c(227): Notify: Saving Parameter "ticketsPartID_count = 0".	[MsgId: MMSG-13798]
Action.c(227): Error -26366: "Text=<B>Dabbs Dabolt
 's Flight Transaction Summary</B>" not found for web_reg_find  	[MsgId: MERR-26366]
End auto log messages stack.	[MsgId: MMSG-10544]


Start auto log messages stack - Iteration 51.	[MsgId: MMSG-10545]
Action.c(227):     </style><BR/><BR/><h1>&nbsp;&nbsp;<b>Itinerary</b></h1>\n
Action.c(227):     <blockquote><P break>Unfortunately, we could not delete your entire itinerary because of a
Action.c(227):      database synchronization error.  If you could please re-load your itinerary and try again
Action.c(227):     , we would appreciate it.  Thank you for your patience.</blockquote>\n
Action.c(227):     </body>\n
Action.c(227):     </html>
Action.c(227): t=6015044ms: 5-byte chunked response overhead for "http://localhost:1080/cgi-bin/itinerary.pl" (RelFrameId=1, Internal ID=1353)
Action.c(227):     0\r\n
Action.c(227):     \r\n
Action.c(227): Error -35061: No match found for the requested parameter "ticketsPartID". Either the specified boundaries were not found in the response or the matched text is longer than current max html parameter size of 256 bytes. The total length of the response is 932 bytes. You can use "web_set_max_html_param_len" to increase the max parameter size.  	[MsgId: MERR-35061]
End auto log messages stack.	[MsgId: MMSG-10544]


Start auto log messages stack - Iteration 51.	[MsgId: MMSG-10545]
Action.c(227): Notify: Saving Parameter "ticketsPartID_count = 0".	[MsgId: MMSG-13798]
Action.c(227): Error -26366: "Text=<B>Bab Bacliff
 's Flight Transaction Summary</B>" not found for web_reg_find  	[MsgId: MERR-26366]
End auto log messages stack.	[MsgId: MMSG-10544]


Start auto log messages stack - Iteration 74.	[MsgId: MMSG-10545]
Action.c(227):     </style><BR/><BR/><h1>&nbsp;&nbsp;<b>Itinerary</b></h1>\n
Action.c(227):     <blockquote><P break>Unfortunately, we could not delete your entire itinerary because of a
Action.c(227):      database synchronization error.  If you could please re-load your itinerary and try again
Action.c(227):     , we would appreciate it.  Thank you for your patience.</blockquote>\n
Action.c(227):     </body>\n
Action.c(227):     </html>
Action.c(227): t=6057584ms: 5-byte chunked response overhead for "http://localhost:1080/cgi-bin/itinerary.pl" (RelFrameId=1, Internal ID=1971)
Action.c(227):     0\r\n
Action.c(227):     \r\n
Action.c(227): Error -35061: No match found for the requested parameter "ticketsPartID". Either the specified boundaries were not found in the response or the matched text is longer than current max html parameter size of 256 bytes. The total length of the response is 932 bytes. You can use "web_set_max_html_param_len" to increase the max parameter size.  	[MsgId: MERR-35061]
End auto log messages stack.	[MsgId: MMSG-10544]


Start auto log messages stack - Iteration 74.	[MsgId: MMSG-10545]
Action.c(227): Notify: Saving Parameter "ticketsPartID_count = 0".	[MsgId: MMSG-13798]
Action.c(227): Error -26366: "Text=<B>Eachern Eagar
 's Flight Transaction Summary</B>" not found for web_reg_find  	[MsgId: MERR-26366]
End auto log messages stack.	[MsgId: MMSG-10544]


Start auto log messages stack - Iteration 74.	[MsgId: MMSG-10545]
Action.c(227):     </style><BR/><BR/><h1>&nbsp;&nbsp;<b>Itinerary</b></h1>\n
Action.c(227):     <blockquote><P break>Unfortunately, we could not delete your entire itinerary because of a
Action.c(227):      database synchronization error.  If you could please re-load your itinerary and try again
Action.c(227):     , we would appreciate it.  Thank you for your patience.</blockquote>\n
Action.c(227):     </body>\n
Action.c(227):     </html>
Action.c(227): t=6064237ms: 5-byte chunked response overhead for "http://localhost:1080/cgi-bin/itinerary.pl" (RelFrameId=1, Internal ID=1977)
Action.c(227):     0\r\n
Action.c(227):     \r\n
Action.c(227): Error -35061: No match found for the requested parameter "ticketsPartID". Either the specified boundaries were not found in the response or the matched text is longer than current max html parameter size of 256 bytes. The total length of the response is 932 bytes. You can use "web_set_max_html_param_len" to increase the max parameter size.  	[MsgId: MERR-35061]
End auto log messages stack.	[MsgId: MMSG-10544]


Start auto log messages stack - Iteration 74.	[MsgId: MMSG-10545]
Action.c(227): Notify: Saving Parameter "ticketsPartID_count = 0".	[MsgId: MMSG-13798]
Action.c(227): Error -26366: "Text=<B>Dabney Dacono
 's Flight Transaction Summary</B>" not found for web_reg_find  	[MsgId: MERR-26366]
End auto log messages stack.	[MsgId: MMSG-10544]


Start auto log messages stack - Iteration 30.	[MsgId: MMSG-10545]
Action.c(227):     </style><BR/><BR/><h1>&nbsp;&nbsp;<b>Itinerary</b></h1>\n
Action.c(227):     <blockquote><P break>Unfortunately, we could not delete your entire itinerary because of a
Action.c(227):      database synchronization error.  If you could please re-load your itinerary and try again
Action.c(227):     , we would appreciate it.  Thank you for your patience.</blockquote>\n
Action.c(227):     </body>\n
Action.c(227):     </html>
Action.c(227): t=6156599ms: 5-byte chunked response overhead for "http://localhost:1080/cgi-bin/itinerary.pl" (RelFrameId=1, Internal ID=789)
Action.c(227):     0\r\n
Action.c(227):     \r\n
Action.c(227): Error -35061: No match found for the requested parameter "ticketsPartID". Either the specified boundaries were not found in the response or the matched text is longer than current max html parameter size of 256 bytes. The total length of the response is 932 bytes. You can use "web_set_max_html_param_len" to increase the max parameter size.  	[MsgId: MERR-35061]
End auto log messages stack.	[MsgId: MMSG-10544]


Start auto log messages stack - Iteration 30.	[MsgId: MMSG-10545]
Action.c(227): Notify: Saving Parameter "ticketsPartID_count = 0".	[MsgId: MMSG-13798]
Action.c(227): Error -26366: "Text=<B>Nikita Zinchenco
 's Flight Transaction Summary</B>" not found for web_reg_find  	[MsgId: MERR-26366]
End auto log messages stack.	[MsgId: MMSG-10544]


Start auto log messages stack - Iteration 98.	[MsgId: MMSG-10545]
Action.c(227):     </style><BR/><BR/><h1>&nbsp;&nbsp;<b>Itinerary</b></h1>\n
Action.c(227):     <blockquote><P break>Unfortunately, we could not delete your entire itinerary because of a
Action.c(227):      database synchronization error.  If you could please re-load your itinerary and try again
Action.c(227):     , we would appreciate it.  Thank you for your patience.</blockquote>\n
Action.c(227):     </body>\n
Action.c(227):     </html>
Action.c(227): t=6206186ms: 5-byte chunked response overhead for "http://localhost:1080/cgi-bin/itinerary.pl" (RelFrameId=1, Internal ID=2637)
Action.c(227):     0\r\n
Action.c(227):     \r\n
Action.c(227): Error -35061: No match found for the requested parameter "ticketsPartID". Either the specified boundaries were not found in the response or the matched text is longer than current max html parameter size of 256 bytes. The total length of the response is 932 bytes. You can use "web_set_max_html_param_len" to increase the max parameter size.  	[MsgId: MERR-35061]
End auto log messages stack.	[MsgId: MMSG-10544]


Start auto log messages stack - Iteration 98.	[MsgId: MMSG-10545]
Action.c(227): Notify: Saving Parameter "ticketsPartID_count = 0".	[MsgId: MMSG-13798]
Action.c(227): Error -26366: "Text=<B>Eachern Eagar
 's Flight Transaction Summary</B>" not found for web_reg_find  	[MsgId: MERR-26366]
End auto log messages stack.	[MsgId: MMSG-10544]


Start auto log messages stack - Iteration 101.	[MsgId: MMSG-10545]
Action.c(227):     </style><BR/><BR/><h1>&nbsp;&nbsp;<b>Itinerary</b></h1>\n
Action.c(227):     <blockquote><P break>Unfortunately, we could not delete your entire itinerary because of a
Action.c(227):      database synchronization error.  If you could please re-load your itinerary and try again
Action.c(227):     , we would appreciate it.  Thank you for your patience.</blockquote>\n
Action.c(227):     </body>\n
Action.c(227):     </html>
Action.c(227): t=6368563ms: 5-byte chunked response overhead for "http://localhost:1080/cgi-bin/itinerary.pl" (RelFrameId=1, Internal ID=2703)
Action.c(227):     0\r\n
Action.c(227):     \r\n
Action.c(227): Error -35061: No match found for the requested parameter "ticketsPartID". Either the specified boundaries were not found in the response or the matched text is longer than current max html parameter size of 256 bytes. The total length of the response is 932 bytes. You can use "web_set_max_html_param_len" to increase the max parameter size.  	[MsgId: MERR-35061]
End auto log messages stack.	[MsgId: MMSG-10544]


Start auto log messages stack - Iteration 101.	[MsgId: MMSG-10545]
Action.c(227): Notify: Saving Parameter "ticketsPartID_count = 0".	[MsgId: MMSG-13798]
Action.c(227): Error -26366: "Text=<B>Aaren Abbottstown
 's Flight Transaction Summary</B>" not found for web_reg_find  	[MsgId: MERR-26366]
End auto log messages stack.	[MsgId: MMSG-10544]


Start auto log messages stack - Iteration 102.	[MsgId: MMSG-10545]
Action.c(227):     </style><BR/><BR/><h1>&nbsp;&nbsp;<b>Itinerary</b></h1>\n
Action.c(227):     <blockquote><P break>Unfortunately, we could not delete your entire itinerary because of a
Action.c(227):      database synchronization error.  If you could please re-load your itinerary and try again
Action.c(227):     , we would appreciate it.  Thank you for your patience.</blockquote>\n
Action.c(227):     </body>\n
Action.c(227):     </html>
Action.c(227): t=6441278ms: 5-byte chunked response overhead for "http://localhost:1080/cgi-bin/itinerary.pl" (RelFrameId=1, Internal ID=2727)
Action.c(227):     0\r\n
Action.c(227):     \r\n
Action.c(227): Error -35061: No match found for the requested parameter "ticketsPartID". Either the specified boundaries were not found in the response or the matched text is longer than current max html parameter size of 256 bytes. The total length of the response is 932 bytes. You can use "web_set_max_html_param_len" to increase the max parameter size.  	[MsgId: MERR-35061]
End auto log messages stack.	[MsgId: MMSG-10544]


Start auto log messages stack - Iteration 102.	[MsgId: MMSG-10545]
Action.c(227): Notify: Saving Parameter "ticketsPartID_count = 0".	[MsgId: MMSG-13798]
Action.c(227): Error -26366: "Text=<B>Cacilie Cabins
 's Flight Transaction Summary</B>" not found for web_reg_find  	[MsgId: MERR-26366]
End auto log messages stack.	[MsgId: MMSG-10544]


Start auto log messages stack - Iteration 57.	[MsgId: MMSG-10545]
Action.c(227):     </style><BR/><BR/><h1>&nbsp;&nbsp;<b>Itinerary</b></h1>\n
Action.c(227):     <blockquote><P break>Unfortunately, we could not delete your entire itinerary because of a
Action.c(227):      database synchronization error.  If you could please re-load your itinerary and try again
Action.c(227):     , we would appreciate it.  Thank you for your patience.</blockquote>\n
Action.c(227):     </body>\n
Action.c(227):     </html>
Action.c(227): t=6484495ms: 5-byte chunked response overhead for "http://localhost:1080/cgi-bin/itinerary.pl" (RelFrameId=1, Internal ID=1512)
Action.c(227):     0\r\n
Action.c(227):     \r\n
Action.c(227): Error -35061: No match found for the requested parameter "ticketsPartID". Either the specified boundaries were not found in the response or the matched text is longer than current max html parameter size of 256 bytes. The total length of the response is 932 bytes. You can use "web_set_max_html_param_len" to increase the max parameter size.  	[MsgId: MERR-35061]
End auto log messages stack.	[MsgId: MMSG-10544]


Start auto log messages stack - Iteration 57.	[MsgId: MMSG-10545]
Action.c(227): Notify: Saving Parameter "ticketsPartID_count = 0".	[MsgId: MMSG-13798]
Action.c(227): Error -26366: "Text=<B>Gabbie Gadsden
 's Flight Transaction Summary</B>" not found for web_reg_find  	[MsgId: MERR-26366]
End auto log messages stack.	[MsgId: MMSG-10544]


Start auto log messages stack - Iteration 80.	[MsgId: MMSG-10545]
Action.c(227):     </style><BR/><BR/><h1>&nbsp;&nbsp;<b>Itinerary</b></h1>\n
Action.c(227):     <blockquote><P break>Unfortunately, we could not delete your entire itinerary because of a
Action.c(227):      database synchronization error.  If you could please re-load your itinerary and try again
Action.c(227):     , we would appreciate it.  Thank you for your patience.</blockquote>\n
Action.c(227):     </body>\n
Action.c(227):     </html>
Action.c(227): t=6508908ms: 5-byte chunked response overhead for "http://localhost:1080/cgi-bin/itinerary.pl" (RelFrameId=1, Internal ID=2130)
Action.c(227):     0\r\n
Action.c(227):     \r\n
Action.c(227): Error -35061: No match found for the requested parameter "ticketsPartID". Either the specified boundaries were not found in the response or the matched text is longer than current max html parameter size of 256 bytes. The total length of the response is 932 bytes. You can use "web_set_max_html_param_len" to increase the max parameter size.  	[MsgId: MERR-35061]
End auto log messages stack.	[MsgId: MMSG-10544]


Start auto log messages stack - Iteration 80.	[MsgId: MMSG-10545]
Action.c(227): Notify: Saving Parameter "ticketsPartID_count = 0".	[MsgId: MMSG-13798]
Action.c(227): Error -26366: "Text=<B>Vanya Cramer
 's Flight Transaction Summary</B>" not found for web_reg_find  	[MsgId: MERR-26366]
End auto log messages stack.	[MsgId: MMSG-10544]


Start auto log messages stack - Iteration 35.	[MsgId: MMSG-10545]
Action.c(227):     </style><BR/><BR/><h1>&nbsp;&nbsp;<b>Itinerary</b></h1>\n
Action.c(227):     <blockquote><P break>Unfortunately, we could not delete your entire itinerary because of a
Action.c(227):      database synchronization error.  If you could please re-load your itinerary and try again
Action.c(227):     , we would appreciate it.  Thank you for your patience.</blockquote>\n
Action.c(227):     </body>\n
Action.c(227):     </html>
Action.c(227): t=6566663ms: 5-byte chunked response overhead for "http://localhost:1080/cgi-bin/itinerary.pl" (RelFrameId=1, Internal ID=936)
Action.c(227):     0\r\n
Action.c(227):     \r\n
Action.c(227): Error -35061: No match found for the requested parameter "ticketsPartID". Either the specified boundaries were not found in the response or the matched text is longer than current max html parameter size of 256 bytes. The total length of the response is 932 bytes. You can use "web_set_max_html_param_len" to increase the max parameter size.  	[MsgId: MERR-35061]
End auto log messages stack.	[MsgId: MMSG-10544]


Start auto log messages stack - Iteration 35.	[MsgId: MMSG-10545]
Action.c(227): Notify: Saving Parameter "ticketsPartID_count = 0".	[MsgId: MMSG-13798]
Action.c(227): Error -26366: "Text=<B>Cacie Cabazon
 's Flight Transaction Summary</B>" not found for web_reg_find  	[MsgId: MERR-26366]
End auto log messages stack.	[MsgId: MMSG-10544]


Start auto log messages stack - Iteration 104.	[MsgId: MMSG-10545]
Action.c(227):     </style><BR/><BR/><h1>&nbsp;&nbsp;<b>Itinerary</b></h1>\n
Action.c(227):     <blockquote><P break>Unfortunately, we could not delete your entire itinerary because of a
Action.c(227):      database synchronization error.  If you could please re-load your itinerary and try again
Action.c(227):     , we would appreciate it.  Thank you for your patience.</blockquote>\n
Action.c(227):     </body>\n
Action.c(227):     </html>
Action.c(227): t=6593559ms: 5-byte chunked response overhead for "http://localhost:1080/cgi-bin/itinerary.pl" (RelFrameId=1, Internal ID=2778)
Action.c(227):     0\r\n
Action.c(227):     \r\n
Action.c(227): Error -35061: No match found for the requested parameter "ticketsPartID". Either the specified boundaries were not found in the response or the matched text is longer than current max html parameter size of 256 bytes. The total length of the response is 932 bytes. You can use "web_set_max_html_param_len" to increase the max parameter size.  	[MsgId: MERR-35061]
End auto log messages stack.	[MsgId: MMSG-10544]


Start auto log messages stack - Iteration 104.	[MsgId: MMSG-10545]
Action.c(227): Notify: Saving Parameter "ticketsPartID_count = 0".	[MsgId: MMSG-13798]
Action.c(227): Error -26366: "Text=<B>Nadya Nelson
 's Flight Transaction Summary</B>" not found for web_reg_find  	[MsgId: MERR-26366]
End auto log messages stack.	[MsgId: MMSG-10544]


Start auto log messages stack - Iteration 103.	[MsgId: MMSG-10545]
Action.c(227):     </style><BR/><BR/><h1>&nbsp;&nbsp;<b>Itinerary</b></h1>\n
Action.c(227):     <blockquote><P break>Unfortunately, we could not delete your entire itinerary because of a
Action.c(227):      database synchronization error.  If you could please re-load your itinerary and try again
Action.c(227):     , we would appreciate it.  Thank you for your patience.</blockquote>\n
Action.c(227):     </body>\n
Action.c(227):     </html>
Action.c(227): t=6601033ms: 5-byte chunked response overhead for "http://localhost:1080/cgi-bin/itinerary.pl" (RelFrameId=1, Internal ID=2769)
Action.c(227):     0\r\n
Action.c(227):     \r\n
Action.c(227): Error -35061: No match found for the requested parameter "ticketsPartID". Either the specified boundaries were not found in the response or the matched text is longer than current max html parameter size of 256 bytes. The total length of the response is 932 bytes. You can use "web_set_max_html_param_len" to increase the max parameter size.  	[MsgId: MERR-35061]
End auto log messages stack.	[MsgId: MMSG-10544]


Start auto log messages stack - Iteration 103.	[MsgId: MMSG-10545]
Action.c(227): Notify: Saving Parameter "ticketsPartID_count = 0".	[MsgId: MMSG-13798]
Action.c(227): Error -26366: "Text=<B>Aaren Abbottstown
 's Flight Transaction Summary</B>" not found for web_reg_find  	[MsgId: MERR-26366]
End auto log messages stack.	[MsgId: MMSG-10544]


Start auto log messages stack - Iteration 81.	[MsgId: MMSG-10545]
Action.c(227):     </style><BR/><BR/><h1>&nbsp;&nbsp;<b>Itinerary</b></h1>\n
Action.c(227):     <blockquote><P break>Unfortunately, we could not delete your entire itinerary because of a
Action.c(227):      database synchronization error.  If you could please re-load your itinerary and try again
Action.c(227):     , we would appreciate it.  Thank you for your patience.</blockquote>\n
Action.c(227):     </body>\n
Action.c(227):     </html>
Action.c(227): t=6622861ms: 5-byte chunked response overhead for "http://localhost:1080/cgi-bin/itinerary.pl" (RelFrameId=1, Internal ID=2163)
Action.c(227):     0\r\n
Action.c(227):     \r\n
Action.c(227): Error -35061: No match found for the requested parameter "ticketsPartID". Either the specified boundaries were not found in the response or the matched text is longer than current max html parameter size of 256 bytes. The total length of the response is 932 bytes. You can use "web_set_max_html_param_len" to increase the max parameter size.  	[MsgId: MERR-35061]
End auto log messages stack.	[MsgId: MMSG-10544]


Start auto log messages stack - Iteration 81.	[MsgId: MMSG-10545]
Action.c(227): Notify: Saving Parameter "ticketsPartID_count = 0".	[MsgId: MMSG-13798]
Action.c(227): Error -26366: "Text=<B>Aaren Abbottstown
 's Flight Transaction Summary</B>" not found for web_reg_find  	[MsgId: MERR-26366]
End auto log messages stack.	[MsgId: MMSG-10544]


Start auto log messages stack - Iteration 36.	[MsgId: MMSG-10545]
Action.c(227):     </style><BR/><BR/><h1>&nbsp;&nbsp;<b>Itinerary</b></h1>\n
Action.c(227):     <blockquote><P break>Unfortunately, we could not delete your entire itinerary because of a
Action.c(227):      database synchronization error.  If you could please re-load your itinerary and try again
Action.c(227):     , we would appreciate it.  Thank you for your patience.</blockquote>\n
Action.c(227):     </body>\n
Action.c(227):     </html>
Action.c(227): t=6624975ms: 5-byte chunked response overhead for "http://localhost:1080/cgi-bin/itinerary.pl" (RelFrameId=1, Internal ID=948)
Action.c(227):     0\r\n
Action.c(227):     \r\n
Action.c(227): Error -35061: No match found for the requested parameter "ticketsPartID". Either the specified boundaries were not found in the response or the matched text is longer than current max html parameter size of 256 bytes. The total length of the response is 932 bytes. You can use "web_set_max_html_param_len" to increase the max parameter size.  	[MsgId: MERR-35061]
End auto log messages stack.	[MsgId: MMSG-10544]


Start auto log messages stack - Iteration 36.	[MsgId: MMSG-10545]
Action.c(227): Notify: Saving Parameter "ticketsPartID_count = 0".	[MsgId: MMSG-13798]
Action.c(227): Error -26366: "Text=<B>Dabbs Dabolt
 's Flight Transaction Summary</B>" not found for web_reg_find  	[MsgId: MERR-26366]
End auto log messages stack.	[MsgId: MMSG-10544]


Start auto log messages stack - Iteration 37.	[MsgId: MMSG-10545]
Action.c(227):     </style><BR/><BR/><h1>&nbsp;&nbsp;<b>Itinerary</b></h1>\n
Action.c(227):     <blockquote><P break>Unfortunately, we could not delete your entire itinerary because of a
Action.c(227):      database synchronization error.  If you could please re-load your itinerary and try again
Action.c(227):     , we would appreciate it.  Thank you for your patience.</blockquote>\n
Action.c(227):     </body>\n
Action.c(227):     </html>
Action.c(227): t=6694282ms: 5-byte chunked response overhead for "http://localhost:1080/cgi-bin/itinerary.pl" (RelFrameId=1, Internal ID=972)
Action.c(227):     0\r\n
Action.c(227):     \r\n
Action.c(227): Error -35061: No match found for the requested parameter "ticketsPartID". Either the specified boundaries were not found in the response or the matched text is longer than current max html parameter size of 256 bytes. The total length of the response is 932 bytes. You can use "web_set_max_html_param_len" to increase the max parameter size.  	[MsgId: MERR-35061]
End auto log messages stack.	[MsgId: MMSG-10544]


Start auto log messages stack - Iteration 37.	[MsgId: MMSG-10545]
Action.c(227): Notify: Saving Parameter "ticketsPartID_count = 0".	[MsgId: MMSG-13798]
Action.c(227): Error -26366: "Text=<B>Haag Hackensack
 's Flight Transaction Summary</B>" not found for web_reg_find  	[MsgId: MERR-26366]
End auto log messages stack.	[MsgId: MMSG-10544]


Start auto log messages stack - Iteration 38.	[MsgId: MMSG-10545]
Action.c(227):     </style><BR/><BR/><h1>&nbsp;&nbsp;<b>Itinerary</b></h1>\n
Action.c(227):     <blockquote><P break>Unfortunately, we could not delete your entire itinerary because of a
Action.c(227):      database synchronization error.  If you could please re-load your itinerary and try again
Action.c(227):     , we would appreciate it.  Thank you for your patience.</blockquote>\n
Action.c(227):     </body>\n
Action.c(227):     </html>
Action.c(227): t=6765416ms: 5-byte chunked response overhead for "http://localhost:1080/cgi-bin/itinerary.pl" (RelFrameId=1, Internal ID=996)
Action.c(227):     0\r\n
Action.c(227):     \r\n
Action.c(227): Error -35061: No match found for the requested parameter "ticketsPartID". Either the specified boundaries were not found in the response or the matched text is longer than current max html parameter size of 256 bytes. The total length of the response is 932 bytes. You can use "web_set_max_html_param_len" to increase the max parameter size.  	[MsgId: MERR-35061]
End auto log messages stack.	[MsgId: MMSG-10544]


Start auto log messages stack - Iteration 38.	[MsgId: MMSG-10545]
Action.c(227): Notify: Saving Parameter "ticketsPartID_count = 0".	[MsgId: MMSG-13798]
Action.c(227): Error -26366: "Text=<B>Haag Hackensack
 's Flight Transaction Summary</B>" not found for web_reg_find  	[MsgId: MERR-26366]
End auto log messages stack.	[MsgId: MMSG-10544]


Start auto log messages stack - Iteration 61.	[MsgId: MMSG-10545]
Action.c(227):     </style><BR/><BR/><h1>&nbsp;&nbsp;<b>Itinerary</b></h1>\n
Action.c(227):     <blockquote><P break>Unfortunately, we could not delete your entire itinerary because of a
Action.c(227):      database synchronization error.  If you could please re-load your itinerary and try again
Action.c(227):     , we would appreciate it.  Thank you for your patience.</blockquote>\n
Action.c(227):     </body>\n
Action.c(227):     </html>
Action.c(227): t=6802823ms: 5-byte chunked response overhead for "http://localhost:1080/cgi-bin/itinerary.pl" (RelFrameId=1, Internal ID=1617)
Action.c(227):     0\r\n
Action.c(227):     \r\n
Action.c(227): Error -35061: No match found for the requested parameter "ticketsPartID". Either the specified boundaries were not found in the response or the matched text is longer than current max html parameter size of 256 bytes. The total length of the response is 932 bytes. You can use "web_set_max_html_param_len" to increase the max parameter size.  	[MsgId: MERR-35061]
End auto log messages stack.	[MsgId: MMSG-10544]


Start auto log messages stack - Iteration 61.	[MsgId: MMSG-10545]
Action.c(227): Notify: Saving Parameter "ticketsPartID_count = 0".	[MsgId: MMSG-13798]
Action.c(227): Error -26366: "Text=<B>Fabi Fabyan
 's Flight Transaction Summary</B>" not found for web_reg_find  	[MsgId: MERR-26366]
End auto log messages stack.	[MsgId: MMSG-10544]


Start auto log messages stack - Iteration 84.	[MsgId: MMSG-10545]
Action.c(227):     </style><BR/><BR/><h1>&nbsp;&nbsp;<b>Itinerary</b></h1>\n
Action.c(227):     <blockquote><P break>Unfortunately, we could not delete your entire itinerary because of a
Action.c(227):      database synchronization error.  If you could please re-load your itinerary and try again
Action.c(227):     , we would appreciate it.  Thank you for your patience.</blockquote>\n
Action.c(227):     </body>\n
Action.c(227):     </html>
Action.c(227): t=6809374ms: 5-byte chunked response overhead for "http://localhost:1080/cgi-bin/itinerary.pl" (RelFrameId=1, Internal ID=2235)
Action.c(227):     0\r\n
Action.c(227):     \r\n
Action.c(227): Error -35061: No match found for the requested parameter "ticketsPartID". Either the specified boundaries were not found in the response or the matched text is longer than current max html parameter size of 256 bytes. The total length of the response is 932 bytes. You can use "web_set_max_html_param_len" to increase the max parameter size.  	[MsgId: MERR-35061]
End auto log messages stack.	[MsgId: MMSG-10544]


Start auto log messages stack - Iteration 84.	[MsgId: MMSG-10545]
Action.c(227): Notify: Saving Parameter "ticketsPartID_count = 0".	[MsgId: MMSG-13798]
Action.c(227): Error -26366: "Text=<B>Aaren Abbottstown
 's Flight Transaction Summary</B>" not found for web_reg_find  	[MsgId: MERR-26366]
End auto log messages stack.	[MsgId: MMSG-10544]


