Start auto log messages stack - Iteration 1.	[MsgId: MMSG-10545]
Action.c(227):     </style><BR/><BR/><h1>&nbsp;&nbsp;<b>Itinerary</b></h1>\n
Action.c(227):     <blockquote><P break>Unfortunately, we could not delete your entire itinerary because of a
Action.c(227):      database synchronization error.  If you could please re-load your itinerary and try again
Action.c(227):     , we would appreciate it.  Thank you for your patience.</blockquote>\n
Action.c(227):     </body>\n
Action.c(227):     </html>
Action.c(227): t=2751989ms: 5-byte chunked response overhead for "http://localhost:1080/cgi-bin/itinerary.pl" (RelFrameId=1, Internal ID=24)
Action.c(227):     0\r\n
Action.c(227):     \r\n
Action.c(227): Error -35061: No match found for the requested parameter "ticketsPartID". Either the specified boundaries were not found in the response or the matched text is longer than current max html parameter size of 256 bytes. The total length of the response is 932 bytes. You can use "web_set_max_html_param_len" to increase the max parameter size.  	[MsgId: MERR-35061]
End auto log messages stack.	[MsgId: MMSG-10544]


Start auto log messages stack - Iteration 1.	[MsgId: MMSG-10545]
Action.c(227): Notify: Saving Parameter "ticketsPartID_count = 0".	[MsgId: MMSG-13798]
Action.c(227): Error -26366: "Text=<B>Sasha Carrington
 's Flight Transaction Summary</B>" not found for web_reg_find  	[MsgId: MERR-26366]
End auto log messages stack.	[MsgId: MMSG-10544]


Start auto log messages stack - Iteration 33.	[MsgId: MMSG-10545]
Action.c(227):     </style><BR/><BR/><h1>&nbsp;&nbsp;<b>Itinerary</b></h1>\n
Action.c(227):     <blockquote><P break>Unfortunately, we could not delete your entire itinerary because of a
Action.c(227):      database synchronization error.  If you could please re-load your itinerary and try again
Action.c(227):     , we would appreciate it.  Thank you for your patience.</blockquote>\n
Action.c(227):     </body>\n
Action.c(227):     </html>
Action.c(227): t=3857176ms: 5-byte chunked response overhead for "http://localhost:1080/cgi-bin/itinerary.pl" (RelFrameId=1, Internal ID=888)
Action.c(227):     0\r\n
Action.c(227):     \r\n
Action.c(227): Error -35061: No match found for the requested parameter "ticketsPartID". Either the specified boundaries were not found in the response or the matched text is longer than current max html parameter size of 256 bytes. The total length of the response is 932 bytes. You can use "web_set_max_html_param_len" to increase the max parameter size.  	[MsgId: MERR-35061]
End auto log messages stack.	[MsgId: MMSG-10544]


Start auto log messages stack - Iteration 33.	[MsgId: MMSG-10545]
Action.c(227): Notify: Saving Parameter "ticketsPartID_count = 0".	[MsgId: MMSG-13798]
Action.c(227): Error -26366: "Text=<B>Nadya Nelson
 's Flight Transaction Summary</B>" not found for web_reg_find  	[MsgId: MERR-26366]
End auto log messages stack.	[MsgId: MMSG-10544]


Start auto log messages stack - Iteration 1.	[MsgId: MMSG-10545]
Action.c(227):     </style><BR/><BR/><h1>&nbsp;&nbsp;<b>Itinerary</b></h1>\n
Action.c(227):     <blockquote><P break>Unfortunately, we could not delete your entire itinerary because of a
Action.c(227):      database synchronization error.  If you could please re-load your itinerary and try again
Action.c(227):     , we would appreciate it.  Thank you for your patience.</blockquote>\n
Action.c(227):     </body>\n
Action.c(227):     </html>
Action.c(227): t=4097176ms: 5-byte chunked response overhead for "http://localhost:1080/cgi-bin/itinerary.pl" (RelFrameId=1, Internal ID=24)
Action.c(227):     0\r\n
Action.c(227):     \r\n
Action.c(227): Error -35061: No match found for the requested parameter "ticketsPartID". Either the specified boundaries were not found in the response or the matched text is longer than current max html parameter size of 256 bytes. The total length of the response is 932 bytes. You can use "web_set_max_html_param_len" to increase the max parameter size.  	[MsgId: MERR-35061]
End auto log messages stack.	[MsgId: MMSG-10544]


Start auto log messages stack - Iteration 1.	[MsgId: MMSG-10545]
Action.c(227): Notify: Saving Parameter "ticketsPartID_count = 0".	[MsgId: MMSG-13798]
Action.c(227): Error -26366: "Text=<B>Sasha Carrington
 's Flight Transaction Summary</B>" not found for web_reg_find  	[MsgId: MERR-26366]
End auto log messages stack.	[MsgId: MMSG-10544]


Start auto log messages stack - Iteration 35.	[MsgId: MMSG-10545]
Action.c(227):     </style><BR/><BR/><h1>&nbsp;&nbsp;<b>Itinerary</b></h1>\n
Action.c(227):     <blockquote><P break>Unfortunately, we could not delete your entire itinerary because of a
Action.c(227):      database synchronization error.  If you could please re-load your itinerary and try again
Action.c(227):     , we would appreciate it.  Thank you for your patience.</blockquote>\n
Action.c(227):     </body>\n
Action.c(227):     </html>
Action.c(227): t=4098129ms: 5-byte chunked response overhead for "http://localhost:1080/cgi-bin/itinerary.pl" (RelFrameId=1, Internal ID=939)
Action.c(227):     0\r\n
Action.c(227):     \r\n
Action.c(227): Error -35061: No match found for the requested parameter "ticketsPartID". Either the specified boundaries were not found in the response or the matched text is longer than current max html parameter size of 256 bytes. The total length of the response is 932 bytes. You can use "web_set_max_html_param_len" to increase the max parameter size.  	[MsgId: MERR-35061]
End auto log messages stack.	[MsgId: MMSG-10544]


Start auto log messages stack - Iteration 35.	[MsgId: MMSG-10545]
Action.c(227): Notify: Saving Parameter "ticketsPartID_count = 0".	[MsgId: MMSG-13798]
Action.c(227): Error -26366: "Text=<B>Nikita Zinchenco
 's Flight Transaction Summary</B>" not found for web_reg_find  	[MsgId: MERR-26366]
End auto log messages stack.	[MsgId: MMSG-10544]


Start auto log messages stack - Iteration 1.	[MsgId: MMSG-10545]
Action.c(227):     </style><BR/><BR/><h1>&nbsp;&nbsp;<b>Itinerary</b></h1>\n
Action.c(227):     <blockquote><P break>Unfortunately, we could not delete your entire itinerary because of a
Action.c(227):      database synchronization error.  If you could please re-load your itinerary and try again
Action.c(227):     , we would appreciate it.  Thank you for your patience.</blockquote>\n
Action.c(227):     </body>\n
Action.c(227):     </html>
Action.c(227): t=4117593ms: 5-byte chunked response overhead for "http://localhost:1080/cgi-bin/itinerary.pl" (RelFrameId=1, Internal ID=24)
Action.c(227):     0\r\n
Action.c(227):     \r\n
Action.c(227): Error -35061: No match found for the requested parameter "ticketsPartID". Either the specified boundaries were not found in the response or the matched text is longer than current max html parameter size of 256 bytes. The total length of the response is 932 bytes. You can use "web_set_max_html_param_len" to increase the max parameter size.  	[MsgId: MERR-35061]
End auto log messages stack.	[MsgId: MMSG-10544]


Start auto log messages stack - Iteration 1.	[MsgId: MMSG-10545]
Action.c(227): Notify: Saving Parameter "ticketsPartID_count = 0".	[MsgId: MMSG-13798]
Action.c(227): Error -26366: "Text=<B>Sasha Carrington
 's Flight Transaction Summary</B>" not found for web_reg_find  	[MsgId: MERR-26366]
End auto log messages stack.	[MsgId: MMSG-10544]


Start auto log messages stack - Iteration 37.	[MsgId: MMSG-10545]
Action.c(227):     </style><BR/><BR/><h1>&nbsp;&nbsp;<b>Itinerary</b></h1>\n
Action.c(227):     <blockquote><P break>Unfortunately, we could not delete your entire itinerary because of a
Action.c(227):      database synchronization error.  If you could please re-load your itinerary and try again
Action.c(227):     , we would appreciate it.  Thank you for your patience.</blockquote>\n
Action.c(227):     </body>\n
Action.c(227):     </html>
Action.c(227): t=4366400ms: 5-byte chunked response overhead for "http://localhost:1080/cgi-bin/itinerary.pl" (RelFrameId=1, Internal ID=996)
Action.c(227):     0\r\n
Action.c(227):     \r\n
Action.c(227): Error -35061: No match found for the requested parameter "ticketsPartID". Either the specified boundaries were not found in the response or the matched text is longer than current max html parameter size of 256 bytes. The total length of the response is 932 bytes. You can use "web_set_max_html_param_len" to increase the max parameter size.  	[MsgId: MERR-35061]
End auto log messages stack.	[MsgId: MMSG-10544]


Start auto log messages stack - Iteration 37.	[MsgId: MMSG-10545]
Action.c(227): Notify: Saving Parameter "ticketsPartID_count = 0".	[MsgId: MMSG-13798]
Action.c(227): Error -26366: "Text=<B>Alex Nevill
 's Flight Transaction Summary</B>" not found for web_reg_find  	[MsgId: MERR-26366]
End auto log messages stack.	[MsgId: MMSG-10544]


Start auto log messages stack - Iteration 34.	[MsgId: MMSG-10545]
Action.c(227):     </style><BR/><BR/><h1>&nbsp;&nbsp;<b>Itinerary</b></h1>\n
Action.c(227):     <blockquote><P break>Unfortunately, we could not delete your entire itinerary because of a
Action.c(227):      database synchronization error.  If you could please re-load your itinerary and try again
Action.c(227):     , we would appreciate it.  Thank you for your patience.</blockquote>\n
Action.c(227):     </body>\n
Action.c(227):     </html>
Action.c(227): t=5341244ms: 5-byte chunked response overhead for "http://localhost:1080/cgi-bin/itinerary.pl" (RelFrameId=1, Internal ID=915)
Action.c(227):     0\r\n
Action.c(227):     \r\n
Action.c(227): Error -35061: No match found for the requested parameter "ticketsPartID". Either the specified boundaries were not found in the response or the matched text is longer than current max html parameter size of 256 bytes. The total length of the response is 932 bytes. You can use "web_set_max_html_param_len" to increase the max parameter size.  	[MsgId: MERR-35061]
End auto log messages stack.	[MsgId: MMSG-10544]


Start auto log messages stack - Iteration 34.	[MsgId: MMSG-10545]
Action.c(227): Notify: Saving Parameter "ticketsPartID_count = 0".	[MsgId: MMSG-13798]
Action.c(227): Error -26366: "Text=<B>Stepan Oakman
 's Flight Transaction Summary</B>" not found for web_reg_find  	[MsgId: MERR-26366]
End auto log messages stack.	[MsgId: MMSG-10544]


Start auto log messages stack - Iteration 1.	[MsgId: MMSG-10545]
Action.c(227):     </style><BR/><BR/><h1>&nbsp;&nbsp;<b>Itinerary</b></h1>\n
Action.c(227):     <blockquote><P break>Unfortunately, we could not delete your entire itinerary because of a
Action.c(227):      database synchronization error.  If you could please re-load your itinerary and try again
Action.c(227):     , we would appreciate it.  Thank you for your patience.</blockquote>\n
Action.c(227):     </body>\n
Action.c(227):     </html>
Action.c(227): t=5473849ms: 5-byte chunked response overhead for "http://localhost:1080/cgi-bin/itinerary.pl" (RelFrameId=1, Internal ID=24)
Action.c(227):     0\r\n
Action.c(227):     \r\n
Action.c(227): Error -35061: No match found for the requested parameter "ticketsPartID". Either the specified boundaries were not found in the response or the matched text is longer than current max html parameter size of 256 bytes. The total length of the response is 932 bytes. You can use "web_set_max_html_param_len" to increase the max parameter size.  	[MsgId: MERR-35061]
End auto log messages stack.	[MsgId: MMSG-10544]


Start auto log messages stack - Iteration 1.	[MsgId: MMSG-10545]
Action.c(227): Notify: Saving Parameter "ticketsPartID_count = 0".	[MsgId: MMSG-13798]
Action.c(227): Error -26366: "Text=<B>Sasha Carrington
 's Flight Transaction Summary</B>" not found for web_reg_find  	[MsgId: MERR-26366]
End auto log messages stack.	[MsgId: MMSG-10544]


Start auto log messages stack - Iteration 36.	[MsgId: MMSG-10545]
Action.c(227):     </style><BR/><BR/><h1>&nbsp;&nbsp;<b>Itinerary</b></h1>\n
Action.c(227):     <blockquote><P break>Unfortunately, we could not delete your entire itinerary because of a
Action.c(227):      database synchronization error.  If you could please re-load your itinerary and try again
Action.c(227):     , we would appreciate it.  Thank you for your patience.</blockquote>\n
Action.c(227):     </body>\n
Action.c(227):     </html>
Action.c(227): t=5609460ms: 5-byte chunked response overhead for "http://localhost:1080/cgi-bin/itinerary.pl" (RelFrameId=1, Internal ID=969)
Action.c(227):     0\r\n
Action.c(227):     \r\n
Action.c(227): Error -35061: No match found for the requested parameter "ticketsPartID". Either the specified boundaries were not found in the response or the matched text is longer than current max html parameter size of 256 bytes. The total length of the response is 932 bytes. You can use "web_set_max_html_param_len" to increase the max parameter size.  	[MsgId: MERR-35061]
End auto log messages stack.	[MsgId: MMSG-10544]


Start auto log messages stack - Iteration 36.	[MsgId: MMSG-10545]
Action.c(227): Notify: Saving Parameter "ticketsPartID_count = 0".	[MsgId: MMSG-13798]
Action.c(227): Error -26366: "Text=<B>Olya Oldman
 's Flight Transaction Summary</B>" not found for web_reg_find  	[MsgId: MERR-26366]
End auto log messages stack.	[MsgId: MMSG-10544]


Start auto log messages stack - Iteration 37.	[MsgId: MMSG-10545]
Action.c(227):     </style><BR/><BR/><h1>&nbsp;&nbsp;<b>Itinerary</b></h1>\n
Action.c(227):     <blockquote><P break>Unfortunately, we could not delete your entire itinerary because of a
Action.c(227):      database synchronization error.  If you could please re-load your itinerary and try again
Action.c(227):     , we would appreciate it.  Thank you for your patience.</blockquote>\n
Action.c(227):     </body>\n
Action.c(227):     </html>
Action.c(227): t=5736496ms: 5-byte chunked response overhead for "http://localhost:1080/cgi-bin/itinerary.pl" (RelFrameId=1, Internal ID=993)
Action.c(227):     0\r\n
Action.c(227):     \r\n
Action.c(227): Error -35061: No match found for the requested parameter "ticketsPartID". Either the specified boundaries were not found in the response or the matched text is longer than current max html parameter size of 256 bytes. The total length of the response is 932 bytes. You can use "web_set_max_html_param_len" to increase the max parameter size.  	[MsgId: MERR-35061]
End auto log messages stack.	[MsgId: MMSG-10544]


Start auto log messages stack - Iteration 37.	[MsgId: MMSG-10545]
Action.c(227): Notify: Saving Parameter "ticketsPartID_count = 0".	[MsgId: MMSG-13798]
Action.c(227): Error -26366: "Text=<B>Alex Nevill
 's Flight Transaction Summary</B>" not found for web_reg_find  	[MsgId: MERR-26366]
End auto log messages stack.	[MsgId: MMSG-10544]


Start auto log messages stack - Iteration 18.	[MsgId: MMSG-10545]
Action.c(227):     </style><BR/><BR/><h1>&nbsp;&nbsp;<b>Itinerary</b></h1>\n
Action.c(227):     <blockquote><P break>Unfortunately, we could not delete your entire itinerary because of a
Action.c(227):      database synchronization error.  If you could please re-load your itinerary and try again
Action.c(227):     , we would appreciate it.  Thank you for your patience.</blockquote>\n
Action.c(227):     </body>\n
Action.c(227):     </html>
Action.c(227): t=6142642ms: 5-byte chunked response overhead for "http://localhost:1080/cgi-bin/itinerary.pl" (RelFrameId=1, Internal ID=480)
Action.c(227):     0\r\n
Action.c(227):     \r\n
Action.c(227): Error -35061: No match found for the requested parameter "ticketsPartID". Either the specified boundaries were not found in the response or the matched text is longer than current max html parameter size of 256 bytes. The total length of the response is 932 bytes. You can use "web_set_max_html_param_len" to increase the max parameter size.  	[MsgId: MERR-35061]
End auto log messages stack.	[MsgId: MMSG-10544]


Start auto log messages stack - Iteration 18.	[MsgId: MMSG-10545]
Action.c(227): Notify: Saving Parameter "ticketsPartID_count = 0".	[MsgId: MMSG-13798]
Action.c(227): Error -26366: "Text=<B>Gena Bukin
 's Flight Transaction Summary</B>" not found for web_reg_find  	[MsgId: MERR-26366]
End auto log messages stack.	[MsgId: MMSG-10544]


Start auto log messages stack - Iteration 18.	[MsgId: MMSG-10545]
Action.c(227):     </style><BR/><BR/><h1>&nbsp;&nbsp;<b>Itinerary</b></h1>\n
Action.c(227):     <blockquote><P break>Unfortunately, we could not delete your entire itinerary because of a
Action.c(227):      database synchronization error.  If you could please re-load your itinerary and try again
Action.c(227):     , we would appreciate it.  Thank you for your patience.</blockquote>\n
Action.c(227):     </body>\n
Action.c(227):     </html>
Action.c(227): t=6156613ms: 5-byte chunked response overhead for "http://localhost:1080/cgi-bin/itinerary.pl" (RelFrameId=1, Internal ID=480)
Action.c(227):     0\r\n
Action.c(227):     \r\n
Action.c(227): Error -35061: No match found for the requested parameter "ticketsPartID". Either the specified boundaries were not found in the response or the matched text is longer than current max html parameter size of 256 bytes. The total length of the response is 932 bytes. You can use "web_set_max_html_param_len" to increase the max parameter size.  	[MsgId: MERR-35061]
End auto log messages stack.	[MsgId: MMSG-10544]


Start auto log messages stack - Iteration 18.	[MsgId: MMSG-10545]
Action.c(227): Notify: Saving Parameter "ticketsPartID_count = 0".	[MsgId: MMSG-13798]
Action.c(227): Error -26366: "Text=<B>Gena Bukin
 's Flight Transaction Summary</B>" not found for web_reg_find  	[MsgId: MERR-26366]
End auto log messages stack.	[MsgId: MMSG-10544]


Start auto log messages stack - Iteration 19.	[MsgId: MMSG-10545]
Action.c(227):     </style><BR/><BR/><h1>&nbsp;&nbsp;<b>Itinerary</b></h1>\n
Action.c(227):     <blockquote><P break>Unfortunately, we could not delete your entire itinerary because of a
Action.c(227):      database synchronization error.  If you could please re-load your itinerary and try again
Action.c(227):     , we would appreciate it.  Thank you for your patience.</blockquote>\n
Action.c(227):     </body>\n
Action.c(227):     </html>
Action.c(227): t=6288537ms: 5-byte chunked response overhead for "http://localhost:1080/cgi-bin/itinerary.pl" (RelFrameId=1, Internal ID=504)
Action.c(227):     0\r\n
Action.c(227):     \r\n
Action.c(227): Error -35061: No match found for the requested parameter "ticketsPartID". Either the specified boundaries were not found in the response or the matched text is longer than current max html parameter size of 256 bytes. The total length of the response is 932 bytes. You can use "web_set_max_html_param_len" to increase the max parameter size.  	[MsgId: MERR-35061]
End auto log messages stack.	[MsgId: MMSG-10544]


Start auto log messages stack - Iteration 19.	[MsgId: MMSG-10545]
Action.c(227): Notify: Saving Parameter "ticketsPartID_count = 0".	[MsgId: MMSG-13798]
Action.c(227): Error -26366: "Text=<B>Nadya Nelson
 's Flight Transaction Summary</B>" not found for web_reg_find  	[MsgId: MERR-26366]
End auto log messages stack.	[MsgId: MMSG-10544]


Start auto log messages stack - Iteration 20.	[MsgId: MMSG-10545]
Action.c(227):     </style><BR/><BR/><h1>&nbsp;&nbsp;<b>Itinerary</b></h1>\n
Action.c(227):     <blockquote><P break>Unfortunately, we could not delete your entire itinerary because of a
Action.c(227):      database synchronization error.  If you could please re-load your itinerary and try again
Action.c(227):     , we would appreciate it.  Thank you for your patience.</blockquote>\n
Action.c(227):     </body>\n
Action.c(227):     </html>
Action.c(227): t=6376200ms: 5-byte chunked response overhead for "http://localhost:1080/cgi-bin/itinerary.pl" (RelFrameId=1, Internal ID=531)
Action.c(227):     0\r\n
Action.c(227):     \r\n
Action.c(227): Error -35061: No match found for the requested parameter "ticketsPartID". Either the specified boundaries were not found in the response or the matched text is longer than current max html parameter size of 256 bytes. The total length of the response is 932 bytes. You can use "web_set_max_html_param_len" to increase the max parameter size.  	[MsgId: MERR-35061]
End auto log messages stack.	[MsgId: MMSG-10544]


Start auto log messages stack - Iteration 20.	[MsgId: MMSG-10545]
Action.c(227): Notify: Saving Parameter "ticketsPartID_count = 0".	[MsgId: MMSG-13798]
Action.c(227): Error -26366: "Text=<B>Stepan Oakman
 's Flight Transaction Summary</B>" not found for web_reg_find  	[MsgId: MERR-26366]
End auto log messages stack.	[MsgId: MMSG-10544]


Start auto log messages stack - Iteration 20.	[MsgId: MMSG-10545]
Action.c(227):     </style><BR/><BR/><h1>&nbsp;&nbsp;<b>Itinerary</b></h1>\n
Action.c(227):     <blockquote><P break>Unfortunately, we could not delete your entire itinerary because of a
Action.c(227):      database synchronization error.  If you could please re-load your itinerary and try again
Action.c(227):     , we would appreciate it.  Thank you for your patience.</blockquote>\n
Action.c(227):     </body>\n
Action.c(227):     </html>
Action.c(227): t=6399374ms: 5-byte chunked response overhead for "http://localhost:1080/cgi-bin/itinerary.pl" (RelFrameId=1, Internal ID=528)
Action.c(227):     0\r\n
Action.c(227):     \r\n
Action.c(227): Error -35061: No match found for the requested parameter "ticketsPartID". Either the specified boundaries were not found in the response or the matched text is longer than current max html parameter size of 256 bytes. The total length of the response is 932 bytes. You can use "web_set_max_html_param_len" to increase the max parameter size.  	[MsgId: MERR-35061]
End auto log messages stack.	[MsgId: MMSG-10544]


Start auto log messages stack - Iteration 20.	[MsgId: MMSG-10545]
Action.c(227): Notify: Saving Parameter "ticketsPartID_count = 0".	[MsgId: MMSG-13798]
Action.c(227): Error -26366: "Text=<B>Stepan Oakman
 's Flight Transaction Summary</B>" not found for web_reg_find  	[MsgId: MERR-26366]
End auto log messages stack.	[MsgId: MMSG-10544]


Start auto log messages stack - Iteration 22.	[MsgId: MMSG-10545]
Action.c(227):     </style><BR/><BR/><h1>&nbsp;&nbsp;<b>Itinerary</b></h1>\n
Action.c(227):     <blockquote><P break>Unfortunately, we could not delete your entire itinerary because of a
Action.c(227):      database synchronization error.  If you could please re-load your itinerary and try again
Action.c(227):     , we would appreciate it.  Thank you for your patience.</blockquote>\n
Action.c(227):     </body>\n
Action.c(227):     </html>
Action.c(227): t=6636364ms: 5-byte chunked response overhead for "http://localhost:1080/cgi-bin/itinerary.pl" (RelFrameId=1, Internal ID=579)
Action.c(227):     0\r\n
Action.c(227):     \r\n
Action.c(227): Error -35061: No match found for the requested parameter "ticketsPartID". Either the specified boundaries were not found in the response or the matched text is longer than current max html parameter size of 256 bytes. The total length of the response is 932 bytes. You can use "web_set_max_html_param_len" to increase the max parameter size.  	[MsgId: MERR-35061]
End auto log messages stack.	[MsgId: MMSG-10544]


Start auto log messages stack - Iteration 22.	[MsgId: MMSG-10545]
Action.c(227): Notify: Saving Parameter "ticketsPartID_count = 0".	[MsgId: MMSG-13798]
Action.c(227): Error -26366: "Text=<B>Olya Oldman
 's Flight Transaction Summary</B>" not found for web_reg_find  	[MsgId: MERR-26366]
End auto log messages stack.	[MsgId: MMSG-10544]


Start auto log messages stack - Iteration 47.	[MsgId: MMSG-10545]
Action.c(227):     </style><BR/><BR/><h1>&nbsp;&nbsp;<b>Itinerary</b></h1>\n
Action.c(227):     <blockquote><P break>Unfortunately, we could not delete your entire itinerary because of a
Action.c(227):      database synchronization error.  If you could please re-load your itinerary and try again
Action.c(227):     , we would appreciate it.  Thank you for your patience.</blockquote>\n
Action.c(227):     </body>\n
Action.c(227):     </html>
Action.c(227): t=6901246ms: 5-byte chunked response overhead for "http://localhost:1080/cgi-bin/itinerary.pl" (RelFrameId=1, Internal ID=1263)
Action.c(227):     0\r\n
Action.c(227):     \r\n
Action.c(227): Error -35061: No match found for the requested parameter "ticketsPartID". Either the specified boundaries were not found in the response or the matched text is longer than current max html parameter size of 256 bytes. The total length of the response is 932 bytes. You can use "web_set_max_html_param_len" to increase the max parameter size.  	[MsgId: MERR-35061]
End auto log messages stack.	[MsgId: MMSG-10544]


Start auto log messages stack - Iteration 47.	[MsgId: MMSG-10545]
Action.c(227): Notify: Saving Parameter "ticketsPartID_count = 0".	[MsgId: MMSG-13798]
Action.c(227): Error -26366: "Text=<B>Nadya Nelson
 's Flight Transaction Summary</B>" not found for web_reg_find  	[MsgId: MERR-26366]
End auto log messages stack.	[MsgId: MMSG-10544]


Start auto log messages stack - Iteration 37.	[MsgId: MMSG-10545]
Action.c(227):     </style><BR/><BR/><h1>&nbsp;&nbsp;<b>Itinerary</b></h1>\n
Action.c(227):     <blockquote><P break>Unfortunately, we could not delete your entire itinerary because of a
Action.c(227):      database synchronization error.  If you could please re-load your itinerary and try again
Action.c(227):     , we would appreciate it.  Thank you for your patience.</blockquote>\n
Action.c(227):     </body>\n
Action.c(227):     </html>
Action.c(227): t=7080025ms: 5-byte chunked response overhead for "http://localhost:1080/cgi-bin/itinerary.pl" (RelFrameId=1, Internal ID=993)
Action.c(227):     0\r\n
Action.c(227):     \r\n
Action.c(227): Error -35061: No match found for the requested parameter "ticketsPartID". Either the specified boundaries were not found in the response or the matched text is longer than current max html parameter size of 256 bytes. The total length of the response is 932 bytes. You can use "web_set_max_html_param_len" to increase the max parameter size.  	[MsgId: MERR-35061]
End auto log messages stack.	[MsgId: MMSG-10544]


Start auto log messages stack - Iteration 37.	[MsgId: MMSG-10545]
Action.c(227): Notify: Saving Parameter "ticketsPartID_count = 0".	[MsgId: MMSG-13798]
Action.c(227): Error -26366: "Text=<B>Alex Nevill
 's Flight Transaction Summary</B>" not found for web_reg_find  	[MsgId: MERR-26366]
End auto log messages stack.	[MsgId: MMSG-10544]


