Start auto log messages stack - Iteration 5.	[MsgId: MMSG-10545]
Action.c(107): Notify: Transaction "viewing_receipts" ended with a "Pass" status (Duration: 5,1272 Think Time: 5,0009 Wasted Time: 0,0007).	[MsgId: MMSG-16870]
Action.c(203): Notify: Transaction "ñancel_reservation" started.	[MsgId: MMSG-16999]
Action.c(205): lr_think_time: 5,00 seconds.	[MsgId: MMSG-15948]
Action.c(207): web_add_header("Origin") started  	[MsgId: MMSG-26355]
Action.c(207): web_add_header("Origin") was successful  	[MsgId: MMSG-26392]
Action.c(212): web_reg_save_param_ex started  	[MsgId: MMSG-26355]
Action.c(212): Registering web_reg_save_param_ex was successful  	[MsgId: MMSG-26390]
Action.c(223): web_reg_find started  	[MsgId: MMSG-26355]
Action.c(223): Registering web_reg_find was successful  	[MsgId: MMSG-26390]
Action.c(227): web_custom_request("itinerare.pl") started  	[MsgId: MMSG-26355]
Action.c(227): Error -35061: No match found for the requested parameter "ticketsPartID". Either the specified boundaries were not found in the response or the matched text is longer than current max html parameter size of 256 bytes. The total length of the response is 932 bytes. You can use "web_set_max_html_param_len" to increase the max parameter size.  	[MsgId: MERR-35061]
Action.c(227): Error -26366: "Text=<B>Gena Bukin
 's Flight Transaction Summary</B>" not found for web_reg_find  	[MsgId: MERR-26366]
End auto log messages stack.	[MsgId: MMSG-10544]


Start auto log messages stack - Iteration 8.	[MsgId: MMSG-10545]
Action.c(107): Notify: Transaction "viewing_receipts" ended with a "Pass" status (Duration: 5,1344 Think Time: 4,9998 Wasted Time: 0,0012).	[MsgId: MMSG-16870]
Action.c(203): Notify: Transaction "ñancel_reservation" started.	[MsgId: MMSG-16999]
Action.c(205): lr_think_time: 5,00 seconds.	[MsgId: MMSG-15948]
Action.c(207): web_add_header("Origin") started  	[MsgId: MMSG-26355]
Action.c(207): web_add_header("Origin") was successful  	[MsgId: MMSG-26392]
Action.c(212): web_reg_save_param_ex started  	[MsgId: MMSG-26355]
Action.c(212): Registering web_reg_save_param_ex was successful  	[MsgId: MMSG-26390]
Action.c(223): web_reg_find started  	[MsgId: MMSG-26355]
Action.c(223): Registering web_reg_find was successful  	[MsgId: MMSG-26390]
Action.c(227): web_custom_request("itinerare.pl") started  	[MsgId: MMSG-26355]
Action.c(227): Error -35061: No match found for the requested parameter "ticketsPartID". Either the specified boundaries were not found in the response or the matched text is longer than current max html parameter size of 256 bytes. The total length of the response is 932 bytes. You can use "web_set_max_html_param_len" to increase the max parameter size.  	[MsgId: MERR-35061]
Action.c(227): Error -26366: "Text=<B>Nikita Zinchenco
 's Flight Transaction Summary</B>" not found for web_reg_find  	[MsgId: MERR-26366]
End auto log messages stack.	[MsgId: MMSG-10544]


Start auto log messages stack - Iteration 13.	[MsgId: MMSG-10545]
Action.c(107): Notify: Transaction "viewing_receipts" ended with a "Pass" status (Duration: 5,1304 Think Time: 5,0004 Wasted Time: 0,0008).	[MsgId: MMSG-16870]
Action.c(203): Notify: Transaction "ñancel_reservation" started.	[MsgId: MMSG-16999]
Action.c(205): lr_think_time: 5,00 seconds.	[MsgId: MMSG-15948]
Action.c(207): web_add_header("Origin") started  	[MsgId: MMSG-26355]
Action.c(207): web_add_header("Origin") was successful  	[MsgId: MMSG-26392]
Action.c(212): web_reg_save_param_ex started  	[MsgId: MMSG-26355]
Action.c(212): Registering web_reg_save_param_ex was successful  	[MsgId: MMSG-26390]
Action.c(223): web_reg_find started  	[MsgId: MMSG-26355]
Action.c(223): Registering web_reg_find was successful  	[MsgId: MMSG-26390]
Action.c(227): web_custom_request("itinerare.pl") started  	[MsgId: MMSG-26355]
Action.c(227): Error -35061: No match found for the requested parameter "ticketsPartID". Either the specified boundaries were not found in the response or the matched text is longer than current max html parameter size of 256 bytes. The total length of the response is 932 bytes. You can use "web_set_max_html_param_len" to increase the max parameter size.  	[MsgId: MERR-35061]
Action.c(227): Error -26366: "Text=<B>Lena Bukina
 's Flight Transaction Summary</B>" not found for web_reg_find  	[MsgId: MERR-26366]
End auto log messages stack.	[MsgId: MMSG-10544]


Start auto log messages stack - Iteration 15.	[MsgId: MMSG-10545]
Action.c(227): Resource "http://localhost:1080/WebTours/images/cancelreservation.gif" is in the cache already and will not be downloaded again  	[MsgId: MMSG-26655]
Action.c(227): Resource "http://localhost:1080/WebTours/images/cancelallreservations.gif" is in the cache already and will not be downloaded again  	[MsgId: MMSG-26655]
Action.c(227): Registered web_reg_find successful for "Text=<B>Haag Hackensack
 's Flight Transaction Summary</B>" (count=1)  	[MsgId: MMSG-26364]
Action.c(227): web_custom_request("itinerare.pl") was successful, 35829 body bytes, 256 header bytes, 75 chunking overhead bytes  	[MsgId: MMSG-26385]
Action.c(261): Notify: Transaction "ñancel_reservation" ended with a "Fail" status (Duration: 5,0539 Think Time: 5,0003 Wasted Time: 0,0005).	[MsgId: MMSG-16870]
Action.c(261): Notify: Transaction "ñancel_reservation" has 0 error message(s).	[MsgId: MMSG-16818]
Action.c(267): Error: Failed to end Transaction "ñancel_reservation" (by name). Please check that you made a call to start transaction operation.	[MsgId: MERR-16985]
End auto log messages stack.	[MsgId: MMSG-10544]


Start auto log messages stack - Iteration 19.	[MsgId: MMSG-10545]
Action.c(227): Resource "http://localhost:1080/WebTours/images/cancelreservation.gif" is in the cache already and will not be downloaded again  	[MsgId: MMSG-26655]
Action.c(227): Resource "http://localhost:1080/WebTours/images/cancelallreservations.gif" is in the cache already and will not be downloaded again  	[MsgId: MMSG-26655]
Action.c(227): Registered web_reg_find successful for "Text=<B>Eachern Eagar
 's Flight Transaction Summary</B>" (count=1)  	[MsgId: MMSG-26364]
Action.c(227): web_custom_request("itinerare.pl") was successful, 23093 body bytes, 256 header bytes, 51 chunking overhead bytes  	[MsgId: MMSG-26385]
Action.c(261): Notify: Transaction "ñancel_reservation" ended with a "Fail" status (Duration: 5,0552 Think Time: 5,0006 Wasted Time: 0,0004).	[MsgId: MMSG-16870]
Action.c(261): Notify: Transaction "ñancel_reservation" has 0 error message(s).	[MsgId: MMSG-16818]
Action.c(261): Error: Failed to end Transaction "ñancel_reservation" (by name). Please check that you made a call to start transaction operation.	[MsgId: MERR-16985]
Action.c(267): Error: Failed to end Transaction "ñancel_reservation" (by name). Please check that you made a call to start transaction operation.	[MsgId: MERR-16985]
End auto log messages stack.	[MsgId: MMSG-10544]


Start auto log messages stack - Iteration 22.	[MsgId: MMSG-10545]
Action.c(107): Notify: Transaction "viewing_receipts" ended with a "Pass" status (Duration: 5,1290 Think Time: 4,9997 Wasted Time: 0,0008).	[MsgId: MMSG-16870]
Action.c(203): Notify: Transaction "ñancel_reservation" started.	[MsgId: MMSG-16999]
Action.c(205): lr_think_time: 5,00 seconds.	[MsgId: MMSG-15948]
Action.c(207): web_add_header("Origin") started  	[MsgId: MMSG-26355]
Action.c(207): web_add_header("Origin") was successful  	[MsgId: MMSG-26392]
Action.c(212): web_reg_save_param_ex started  	[MsgId: MMSG-26355]
Action.c(212): Registering web_reg_save_param_ex was successful  	[MsgId: MMSG-26390]
Action.c(223): web_reg_find started  	[MsgId: MMSG-26355]
Action.c(223): Registering web_reg_find was successful  	[MsgId: MMSG-26390]
Action.c(227): web_custom_request("itinerare.pl") started  	[MsgId: MMSG-26355]
Action.c(227): Error -35061: No match found for the requested parameter "ticketsPartID". Either the specified boundaries were not found in the response or the matched text is longer than current max html parameter size of 256 bytes. The total length of the response is 932 bytes. You can use "web_set_max_html_param_len" to increase the max parameter size.  	[MsgId: MERR-35061]
Action.c(227): Error -26366: "Text=<B>Baalman Backus
 's Flight Transaction Summary</B>" not found for web_reg_find  	[MsgId: MERR-26366]
End auto log messages stack.	[MsgId: MMSG-10544]


Start auto log messages stack - Iteration 28.	[MsgId: MMSG-10545]
Action.c(212): web_reg_save_param_ex started  	[MsgId: MMSG-26355]
Action.c(212): Registering web_reg_save_param_ex was successful  	[MsgId: MMSG-26390]
Action.c(223): web_reg_find started  	[MsgId: MMSG-26355]
Action.c(223): Registering web_reg_find was successful  	[MsgId: MMSG-26390]
Action.c(227): web_custom_request("itinerare.pl") started  	[MsgId: MMSG-26355]
Action.c(227): Resource "http://localhost:1080/WebTours/images/cancelreservation.gif" is in the cache already and will not be downloaded again  	[MsgId: MMSG-26655]
Action.c(227): Resource "http://localhost:1080/WebTours/images/cancelallreservations.gif" is in the cache already and will not be downloaded again  	[MsgId: MMSG-26655]
Action.c(227): Error -26366: "Text=<B>Eachern Eagar
 's Flight Transaction Summary</B>" not found for web_reg_find  	[MsgId: MERR-26366]
End auto log messages stack.	[MsgId: MMSG-10544]


Start auto log messages stack - Iteration 29.	[MsgId: MMSG-10545]
Action.c(97): Found resource "http://localhost:1080/WebTours/images/cancelallreservations.gif" in HTML "http://localhost:1080/cgi-bin/itinerary.pl"  	[MsgId: MMSG-26659]
Action.c(97): Resource "http://localhost:1080/WebTours/images/flights.gif" is in the cache already and will not be downloaded again  	[MsgId: MMSG-26655]
Action.c(97): Found resource "http://localhost:1080/WebTours/images/in_itinerary.gif" in HTML "http://localhost:1080/cgi-bin/nav.pl?page=menu&in=itinerary"  	[MsgId: MMSG-26659]
Action.c(97): Found resource "http://localhost:1080/WebTours/images/home.gif" in HTML "http://localhost:1080/cgi-bin/nav.pl?page=menu&in=itinerary"  	[MsgId: MMSG-26659]
Action.c(97): Resource "http://localhost:1080/WebTours/images/signoff.gif" is in the cache already and will not be downloaded again  	[MsgId: MMSG-26655]
Action.c(97): Error -26366: "Text=<B>Eachern Eagar
 's Flight Transaction Summary</B>" not found for web_reg_find  	[MsgId: MERR-26366]
End auto log messages stack.	[MsgId: MMSG-10544]


Start auto log messages stack - Iteration 33.	[MsgId: MMSG-10545]
Action.c(107): Notify: Transaction "viewing_receipts" ended with a "Pass" status (Duration: 5,1353 Think Time: 5,0001 Wasted Time: 0,0010).	[MsgId: MMSG-16870]
Action.c(203): Notify: Transaction "ñancel_reservation" started.	[MsgId: MMSG-16999]
Action.c(205): lr_think_time: 5,00 seconds.	[MsgId: MMSG-15948]
Action.c(207): web_add_header("Origin") started  	[MsgId: MMSG-26355]
Action.c(207): web_add_header("Origin") was successful  	[MsgId: MMSG-26392]
Action.c(212): web_reg_save_param_ex started  	[MsgId: MMSG-26355]
Action.c(212): Registering web_reg_save_param_ex was successful  	[MsgId: MMSG-26390]
Action.c(223): web_reg_find started  	[MsgId: MMSG-26355]
Action.c(223): Registering web_reg_find was successful  	[MsgId: MMSG-26390]
Action.c(227): web_custom_request("itinerare.pl") started  	[MsgId: MMSG-26355]
Action.c(227): Error -35061: No match found for the requested parameter "ticketsPartID". Either the specified boundaries were not found in the response or the matched text is longer than current max html parameter size of 256 bytes. The total length of the response is 932 bytes. You can use "web_set_max_html_param_len" to increase the max parameter size.  	[MsgId: MERR-35061]
Action.c(227): Error -26366: "Text=<B>Iain Ibapah
 's Flight Transaction Summary</B>" not found for web_reg_find  	[MsgId: MERR-26366]
End auto log messages stack.	[MsgId: MMSG-10544]


Start auto log messages stack - Iteration 39.	[MsgId: MMSG-10545]
Action.c(107): Notify: Transaction "viewing_receipts" ended with a "Pass" status (Duration: 5,1308 Think Time: 5,0004 Wasted Time: 0,0010).	[MsgId: MMSG-16870]
Action.c(203): Notify: Transaction "ñancel_reservation" started.	[MsgId: MMSG-16999]
Action.c(205): lr_think_time: 5,00 seconds.	[MsgId: MMSG-15948]
Action.c(207): web_add_header("Origin") started  	[MsgId: MMSG-26355]
Action.c(207): web_add_header("Origin") was successful  	[MsgId: MMSG-26392]
Action.c(212): web_reg_save_param_ex started  	[MsgId: MMSG-26355]
Action.c(212): Registering web_reg_save_param_ex was successful  	[MsgId: MMSG-26390]
Action.c(223): web_reg_find started  	[MsgId: MMSG-26355]
Action.c(223): Registering web_reg_find was successful  	[MsgId: MMSG-26390]
Action.c(227): web_custom_request("itinerare.pl") started  	[MsgId: MMSG-26355]
Action.c(227): Error -35061: No match found for the requested parameter "ticketsPartID". Either the specified boundaries were not found in the response or the matched text is longer than current max html parameter size of 256 bytes. The total length of the response is 932 bytes. You can use "web_set_max_html_param_len" to increase the max parameter size.  	[MsgId: MERR-35061]
Action.c(227): Error -26366: "Text=<B>Faber Fabius
 's Flight Transaction Summary</B>" not found for web_reg_find  	[MsgId: MERR-26366]
End auto log messages stack.	[MsgId: MMSG-10544]


Start auto log messages stack - Iteration 46.	[MsgId: MMSG-10545]
Action.c(107): Notify: Transaction "viewing_receipts" ended with a "Pass" status (Duration: 5,1243 Think Time: 4,9993 Wasted Time: 0,0005).	[MsgId: MMSG-16870]
Action.c(203): Notify: Transaction "ñancel_reservation" started.	[MsgId: MMSG-16999]
Action.c(205): lr_think_time: 5,00 seconds.	[MsgId: MMSG-15948]
Action.c(207): web_add_header("Origin") started  	[MsgId: MMSG-26355]
Action.c(207): web_add_header("Origin") was successful  	[MsgId: MMSG-26392]
Action.c(212): web_reg_save_param_ex started  	[MsgId: MMSG-26355]
Action.c(212): Registering web_reg_save_param_ex was successful  	[MsgId: MMSG-26390]
Action.c(223): web_reg_find started  	[MsgId: MMSG-26355]
Action.c(223): Registering web_reg_find was successful  	[MsgId: MMSG-26390]
Action.c(227): web_custom_request("itinerare.pl") started  	[MsgId: MMSG-26355]
Action.c(227): Error -35061: No match found for the requested parameter "ticketsPartID". Either the specified boundaries were not found in the response or the matched text is longer than current max html parameter size of 256 bytes. The total length of the response is 932 bytes. You can use "web_set_max_html_param_len" to increase the max parameter size.  	[MsgId: MERR-35061]
Action.c(227): Error -26366: "Text=<B>Gabbey Gabriels
 's Flight Transaction Summary</B>" not found for web_reg_find  	[MsgId: MERR-26366]
End auto log messages stack.	[MsgId: MMSG-10544]


