Start auto log messages stack - Iteration 10.	[MsgId: MMSG-10545]
Action.c(97):     <h1>Internal Server Error</h1>\n
Action.c(97):     <p>The server encountered an internal error or\n
Action.c(97):     misconfiguration and was unable to complete\n
Action.c(97):     your request.</p>\n
Action.c(97):     <p>Please contact the server administrator,\n
Action.c(97):      admin@localhost and inform them of the time the error occurred,\n
Action.c(97):     and anything you might have done that may have\n
Action.c(97):     caused the error.</p>\n
Action.c(97):     <p>More information about this error may be available\n
Action.c(97):     in the server error log.</p>\n
Action.c(97):     </body></html>\n
Action.c(97): Error -26612: HTTP Status-Code=500 (Internal Server Error) for "http://localhost:1080/cgi-bin/itinerary.pl"  	[MsgId: MERR-26612]
Action.c(97): Error -35061: No match found for the requested parameter "arrayFlightID". Either the specified boundaries were not found in the response or the matched text is longer than current max html parameter size of 256 bytes. The total length of the response is 4029 bytes. You can use "web_set_max_html_param_len" to increase the max parameter size.  	[MsgId: MERR-35061]
End auto log messages stack.	[MsgId: MMSG-10544]


Start auto log messages stack - Iteration 10.	[MsgId: MMSG-10545]
Action.c(97): Notify: Saving Parameter "arrayFlightID_count = 0".	[MsgId: MMSG-13798]
Action.c(97): Error -35061: No match found for the requested parameter "array_cgifields". Either the specified boundaries were not found in the response or the matched text is longer than current max html parameter size of 256 bytes. The total length of the response is 4029 bytes. You can use "web_set_max_html_param_len" to increase the max parameter size.  	[MsgId: MERR-35061]
End auto log messages stack.	[MsgId: MMSG-10544]


Start auto log messages stack - Iteration 10.	[MsgId: MMSG-10545]
Action.c(97): Notify: Saving Parameter "array_cgifields_count = 0".	[MsgId: MMSG-13798]
Action.c(97): Error -26366: "Text=<B>Sasha Otis
 's Flight Transaction Summary</B>" not found for web_reg_find  	[MsgId: MERR-26366]
End auto log messages stack.	[MsgId: MMSG-10544]


Start auto log messages stack - Iteration 1.	[MsgId: MMSG-10545]
Action.c(227):     </style><BR/><BR/><h1>&nbsp;&nbsp;<b>Itinerary</b></h1>\n
Action.c(227):     <blockquote><P break>Unfortunately, we could not delete your entire itinerary because of a
Action.c(227):      database synchronization error.  If you could please re-load your itinerary and try again
Action.c(227):     , we would appreciate it.  Thank you for your patience.</blockquote>\n
Action.c(227):     </body>\n
Action.c(227):     </html>
Action.c(227): t=2152111ms: 5-byte chunked response overhead for "http://localhost:1080/cgi-bin/itinerary.pl" (RelFrameId=1, Internal ID=24)
Action.c(227):     0\r\n
Action.c(227):     \r\n
Action.c(227): Error -35061: No match found for the requested parameter "ticketsPartID". Either the specified boundaries were not found in the response or the matched text is longer than current max html parameter size of 256 bytes. The total length of the response is 932 bytes. You can use "web_set_max_html_param_len" to increase the max parameter size.  	[MsgId: MERR-35061]
End auto log messages stack.	[MsgId: MMSG-10544]


Start auto log messages stack - Iteration 1.	[MsgId: MMSG-10545]
Action.c(227): Notify: Saving Parameter "ticketsPartID_count = 0".	[MsgId: MMSG-13798]
Action.c(227): Error -26366: "Text=<B>Sasha Carrington
 's Flight Transaction Summary</B>" not found for web_reg_find  	[MsgId: MERR-26366]
End auto log messages stack.	[MsgId: MMSG-10544]


