Start auto log messages stack - Iteration 1.	[MsgId: MMSG-10545]
Action.c(107): Notify: Transaction "viewing_receipts" ended with a "Pass" status (Duration: 5,1429 Think Time: 5,0013 Wasted Time: 0,0009).	[MsgId: MMSG-16870]
Action.c(203): Notify: Transaction "ñancel_reservation" started.	[MsgId: MMSG-16999]
Action.c(205): lr_think_time: 5,00 seconds.	[MsgId: MMSG-15948]
Action.c(207): web_add_header("Origin") started  	[MsgId: MMSG-26355]
Action.c(207): web_add_header("Origin") was successful  	[MsgId: MMSG-26392]
Action.c(212): web_reg_save_param_ex started  	[MsgId: MMSG-26355]
Action.c(212): Registering web_reg_save_param_ex was successful  	[MsgId: MMSG-26390]
Action.c(223): web_reg_find started  	[MsgId: MMSG-26355]
Action.c(223): Registering web_reg_find was successful  	[MsgId: MMSG-26390]
Action.c(227): web_custom_request("itinerare.pl") started  	[MsgId: MMSG-26355]
Action.c(227): Error -35061: No match found for the requested parameter "ticketsPartID". Either the specified boundaries were not found in the response or the matched text is longer than current max html parameter size of 256 bytes. The total length of the response is 932 bytes. You can use "web_set_max_html_param_len" to increase the max parameter size.  	[MsgId: MERR-35061]
Action.c(227): Error -26366: "Text=<B>Sasha Carrington
 's Flight Transaction Summary</B>" not found for web_reg_find  	[MsgId: MERR-26366]
End auto log messages stack.	[MsgId: MMSG-10544]


Start auto log messages stack - Iteration 1.	[MsgId: MMSG-10545]
Action.c(107): Notify: Transaction "viewing_receipts" ended with a "Pass" status (Duration: 5,1283 Think Time: 5,0003 Wasted Time: 0,0010).	[MsgId: MMSG-16870]
Action.c(203): Notify: Transaction "ñancel_reservation" started.	[MsgId: MMSG-16999]
Action.c(205): lr_think_time: 5,00 seconds.	[MsgId: MMSG-15948]
Action.c(207): web_add_header("Origin") started  	[MsgId: MMSG-26355]
Action.c(207): web_add_header("Origin") was successful  	[MsgId: MMSG-26392]
Action.c(212): web_reg_save_param_ex started  	[MsgId: MMSG-26355]
Action.c(212): Registering web_reg_save_param_ex was successful  	[MsgId: MMSG-26390]
Action.c(223): web_reg_find started  	[MsgId: MMSG-26355]
Action.c(223): Registering web_reg_find was successful  	[MsgId: MMSG-26390]
Action.c(227): web_custom_request("itinerare.pl") started  	[MsgId: MMSG-26355]
Action.c(227): Error -35061: No match found for the requested parameter "ticketsPartID". Either the specified boundaries were not found in the response or the matched text is longer than current max html parameter size of 256 bytes. The total length of the response is 932 bytes. You can use "web_set_max_html_param_len" to increase the max parameter size.  	[MsgId: MERR-35061]
Action.c(227): Error -26366: "Text=<B>Sasha Carrington
 's Flight Transaction Summary</B>" not found for web_reg_find  	[MsgId: MERR-26366]
End auto log messages stack.	[MsgId: MMSG-10544]


Start auto log messages stack - Iteration 2.	[MsgId: MMSG-10545]
Action.c(107): Notify: Transaction "viewing_receipts" ended with a "Pass" status (Duration: 5,1282 Think Time: 5,0004 Wasted Time: 0,0009).	[MsgId: MMSG-16870]
Action.c(203): Notify: Transaction "ñancel_reservation" started.	[MsgId: MMSG-16999]
Action.c(205): lr_think_time: 5,00 seconds.	[MsgId: MMSG-15948]
Action.c(207): web_add_header("Origin") started  	[MsgId: MMSG-26355]
Action.c(207): web_add_header("Origin") was successful  	[MsgId: MMSG-26392]
Action.c(212): web_reg_save_param_ex started  	[MsgId: MMSG-26355]
Action.c(212): Registering web_reg_save_param_ex was successful  	[MsgId: MMSG-26390]
Action.c(223): web_reg_find started  	[MsgId: MMSG-26355]
Action.c(223): Registering web_reg_find was successful  	[MsgId: MMSG-26390]
Action.c(227): web_custom_request("itinerare.pl") started  	[MsgId: MMSG-26355]
Action.c(227): Error -35061: No match found for the requested parameter "ticketsPartID". Either the specified boundaries were not found in the response or the matched text is longer than current max html parameter size of 256 bytes. The total length of the response is 932 bytes. You can use "web_set_max_html_param_len" to increase the max parameter size.  	[MsgId: MERR-35061]
Action.c(227): Error -26366: "Text=<B>Vanya Cramer
 's Flight Transaction Summary</B>" not found for web_reg_find  	[MsgId: MERR-26366]
End auto log messages stack.	[MsgId: MMSG-10544]


Start auto log messages stack - Iteration 2.	[MsgId: MMSG-10545]
Action.c(107): Notify: Transaction "viewing_receipts" ended with a "Pass" status (Duration: 5,1285 Think Time: 5,0014 Wasted Time: 0,0009).	[MsgId: MMSG-16870]
Action.c(203): Notify: Transaction "ñancel_reservation" started.	[MsgId: MMSG-16999]
Action.c(205): lr_think_time: 5,00 seconds.	[MsgId: MMSG-15948]
Action.c(207): web_add_header("Origin") started  	[MsgId: MMSG-26355]
Action.c(207): web_add_header("Origin") was successful  	[MsgId: MMSG-26392]
Action.c(212): web_reg_save_param_ex started  	[MsgId: MMSG-26355]
Action.c(212): Registering web_reg_save_param_ex was successful  	[MsgId: MMSG-26390]
Action.c(223): web_reg_find started  	[MsgId: MMSG-26355]
Action.c(223): Registering web_reg_find was successful  	[MsgId: MMSG-26390]
Action.c(227): web_custom_request("itinerare.pl") started  	[MsgId: MMSG-26355]
Action.c(227): Error -35061: No match found for the requested parameter "ticketsPartID". Either the specified boundaries were not found in the response or the matched text is longer than current max html parameter size of 256 bytes. The total length of the response is 932 bytes. You can use "web_set_max_html_param_len" to increase the max parameter size.  	[MsgId: MERR-35061]
Action.c(227): Error -26366: "Text=<B>Vanya Cramer
 's Flight Transaction Summary</B>" not found for web_reg_find  	[MsgId: MERR-26366]
End auto log messages stack.	[MsgId: MMSG-10544]


Start auto log messages stack - Iteration 3.	[MsgId: MMSG-10545]
Action.c(107): Notify: Transaction "viewing_receipts" ended with a "Pass" status (Duration: 5,1284 Think Time: 5,0003 Wasted Time: 0,0009).	[MsgId: MMSG-16870]
Action.c(203): Notify: Transaction "ñancel_reservation" started.	[MsgId: MMSG-16999]
Action.c(205): lr_think_time: 5,00 seconds.	[MsgId: MMSG-15948]
Action.c(207): web_add_header("Origin") started  	[MsgId: MMSG-26355]
Action.c(207): web_add_header("Origin") was successful  	[MsgId: MMSG-26392]
Action.c(212): web_reg_save_param_ex started  	[MsgId: MMSG-26355]
Action.c(212): Registering web_reg_save_param_ex was successful  	[MsgId: MMSG-26390]
Action.c(223): web_reg_find started  	[MsgId: MMSG-26355]
Action.c(223): Registering web_reg_find was successful  	[MsgId: MMSG-26390]
Action.c(227): web_custom_request("itinerare.pl") started  	[MsgId: MMSG-26355]
Action.c(227): Error -35061: No match found for the requested parameter "ticketsPartID". Either the specified boundaries were not found in the response or the matched text is longer than current max html parameter size of 256 bytes. The total length of the response is 932 bytes. You can use "web_set_max_html_param_len" to increase the max parameter size.  	[MsgId: MERR-35061]
Action.c(227): Error -26366: "Text=<B>Lil Ivanov
 's Flight Transaction Summary</B>" not found for web_reg_find  	[MsgId: MERR-26366]
End auto log messages stack.	[MsgId: MMSG-10544]


Start auto log messages stack - Iteration 12.	[MsgId: MMSG-10545]
Action.c(107): Notify: Transaction "viewing_receipts" ended with a "Pass" status (Duration: 5,1301 Think Time: 5,0009 Wasted Time: 0,0008).	[MsgId: MMSG-16870]
Action.c(203): Notify: Transaction "ñancel_reservation" started.	[MsgId: MMSG-16999]
Action.c(205): lr_think_time: 5,00 seconds.	[MsgId: MMSG-15948]
Action.c(207): web_add_header("Origin") started  	[MsgId: MMSG-26355]
Action.c(207): web_add_header("Origin") was successful  	[MsgId: MMSG-26392]
Action.c(212): web_reg_save_param_ex started  	[MsgId: MMSG-26355]
Action.c(212): Registering web_reg_save_param_ex was successful  	[MsgId: MMSG-26390]
Action.c(223): web_reg_find started  	[MsgId: MMSG-26355]
Action.c(223): Registering web_reg_find was successful  	[MsgId: MMSG-26390]
Action.c(227): web_custom_request("itinerare.pl") started  	[MsgId: MMSG-26355]
Action.c(227): Error -35061: No match found for the requested parameter "ticketsPartID". Either the specified boundaries were not found in the response or the matched text is longer than current max html parameter size of 256 bytes. The total length of the response is 932 bytes. You can use "web_set_max_html_param_len" to increase the max parameter size.  	[MsgId: MERR-35061]
Action.c(227): Error -26366: "Text=<B>Anton Duncan
 's Flight Transaction Summary</B>" not found for web_reg_find  	[MsgId: MERR-26366]
End auto log messages stack.	[MsgId: MMSG-10544]


Start auto log messages stack - Iteration 12.	[MsgId: MMSG-10545]
Action.c(107): Notify: Transaction "viewing_receipts" ended with a "Pass" status (Duration: 5,1311 Think Time: 5,0007 Wasted Time: 0,0009).	[MsgId: MMSG-16870]
Action.c(203): Notify: Transaction "ñancel_reservation" started.	[MsgId: MMSG-16999]
Action.c(205): lr_think_time: 5,00 seconds.	[MsgId: MMSG-15948]
Action.c(207): web_add_header("Origin") started  	[MsgId: MMSG-26355]
Action.c(207): web_add_header("Origin") was successful  	[MsgId: MMSG-26392]
Action.c(212): web_reg_save_param_ex started  	[MsgId: MMSG-26355]
Action.c(212): Registering web_reg_save_param_ex was successful  	[MsgId: MMSG-26390]
Action.c(223): web_reg_find started  	[MsgId: MMSG-26355]
Action.c(223): Registering web_reg_find was successful  	[MsgId: MMSG-26390]
Action.c(227): web_custom_request("itinerare.pl") started  	[MsgId: MMSG-26355]
Action.c(227): Error -35061: No match found for the requested parameter "ticketsPartID". Either the specified boundaries were not found in the response or the matched text is longer than current max html parameter size of 256 bytes. The total length of the response is 932 bytes. You can use "web_set_max_html_param_len" to increase the max parameter size.  	[MsgId: MERR-35061]
Action.c(227): Error -26366: "Text=<B>Anton Duncan
 's Flight Transaction Summary</B>" not found for web_reg_find  	[MsgId: MERR-26366]
End auto log messages stack.	[MsgId: MMSG-10544]


Start auto log messages stack - Iteration 1.	[MsgId: MMSG-10545]
Action.c(107): Notify: Transaction "viewing_receipts" ended with a "Pass" status (Duration: 5,1441 Think Time: 5,0004 Wasted Time: 0,0011).	[MsgId: MMSG-16870]
Action.c(203): Notify: Transaction "ñancel_reservation" started.	[MsgId: MMSG-16999]
Action.c(205): lr_think_time: 5,00 seconds.	[MsgId: MMSG-15948]
Action.c(207): web_add_header("Origin") started  	[MsgId: MMSG-26355]
Action.c(207): web_add_header("Origin") was successful  	[MsgId: MMSG-26392]
Action.c(212): web_reg_save_param_ex started  	[MsgId: MMSG-26355]
Action.c(212): Registering web_reg_save_param_ex was successful  	[MsgId: MMSG-26390]
Action.c(223): web_reg_find started  	[MsgId: MMSG-26355]
Action.c(223): Registering web_reg_find was successful  	[MsgId: MMSG-26390]
Action.c(227): web_custom_request("itinerare.pl") started  	[MsgId: MMSG-26355]
Action.c(227): Error -35061: No match found for the requested parameter "ticketsPartID". Either the specified boundaries were not found in the response or the matched text is longer than current max html parameter size of 256 bytes. The total length of the response is 932 bytes. You can use "web_set_max_html_param_len" to increase the max parameter size.  	[MsgId: MERR-35061]
Action.c(227): Error -26366: "Text=<B>Sasha Carrington
 's Flight Transaction Summary</B>" not found for web_reg_find  	[MsgId: MERR-26366]
End auto log messages stack.	[MsgId: MMSG-10544]


Start auto log messages stack - Iteration 1.	[MsgId: MMSG-10545]
Action.c(107): Notify: Transaction "viewing_receipts" ended with a "Pass" status (Duration: 5,1251 Think Time: 5,0005 Wasted Time: 0,0010).	[MsgId: MMSG-16870]
Action.c(203): Notify: Transaction "ñancel_reservation" started.	[MsgId: MMSG-16999]
Action.c(205): lr_think_time: 5,00 seconds.	[MsgId: MMSG-15948]
Action.c(207): web_add_header("Origin") started  	[MsgId: MMSG-26355]
Action.c(207): web_add_header("Origin") was successful  	[MsgId: MMSG-26392]
Action.c(212): web_reg_save_param_ex started  	[MsgId: MMSG-26355]
Action.c(212): Registering web_reg_save_param_ex was successful  	[MsgId: MMSG-26390]
Action.c(223): web_reg_find started  	[MsgId: MMSG-26355]
Action.c(223): Registering web_reg_find was successful  	[MsgId: MMSG-26390]
Action.c(227): web_custom_request("itinerare.pl") started  	[MsgId: MMSG-26355]
Action.c(227): Error -35061: No match found for the requested parameter "ticketsPartID". Either the specified boundaries were not found in the response or the matched text is longer than current max html parameter size of 256 bytes. The total length of the response is 932 bytes. You can use "web_set_max_html_param_len" to increase the max parameter size.  	[MsgId: MERR-35061]
Action.c(227): Error -26366: "Text=<B>Sasha Carrington
 's Flight Transaction Summary</B>" not found for web_reg_find  	[MsgId: MERR-26366]
End auto log messages stack.	[MsgId: MMSG-10544]


Start auto log messages stack - Iteration 12.	[MsgId: MMSG-10545]
Action.c(107): Notify: Transaction "viewing_receipts" ended with a "Pass" status (Duration: 5,1296 Think Time: 5,0013 Wasted Time: 0,0009).	[MsgId: MMSG-16870]
Action.c(203): Notify: Transaction "ñancel_reservation" started.	[MsgId: MMSG-16999]
Action.c(205): lr_think_time: 5,00 seconds.	[MsgId: MMSG-15948]
Action.c(207): web_add_header("Origin") started  	[MsgId: MMSG-26355]
Action.c(207): web_add_header("Origin") was successful  	[MsgId: MMSG-26392]
Action.c(212): web_reg_save_param_ex started  	[MsgId: MMSG-26355]
Action.c(212): Registering web_reg_save_param_ex was successful  	[MsgId: MMSG-26390]
Action.c(223): web_reg_find started  	[MsgId: MMSG-26355]
Action.c(223): Registering web_reg_find was successful  	[MsgId: MMSG-26390]
Action.c(227): web_custom_request("itinerare.pl") started  	[MsgId: MMSG-26355]
Action.c(227): Error -35061: No match found for the requested parameter "ticketsPartID". Either the specified boundaries were not found in the response or the matched text is longer than current max html parameter size of 256 bytes. The total length of the response is 932 bytes. You can use "web_set_max_html_param_len" to increase the max parameter size.  	[MsgId: MERR-35061]
Action.c(227): Error -26366: "Text=<B>Anton Duncan
 's Flight Transaction Summary</B>" not found for web_reg_find  	[MsgId: MERR-26366]
End auto log messages stack.	[MsgId: MMSG-10544]


Start auto log messages stack - Iteration 12.	[MsgId: MMSG-10545]
Action.c(107): Notify: Transaction "viewing_receipts" ended with a "Pass" status (Duration: 5,1220 Think Time: 5,0004 Wasted Time: 0,0006).	[MsgId: MMSG-16870]
Action.c(203): Notify: Transaction "ñancel_reservation" started.	[MsgId: MMSG-16999]
Action.c(205): lr_think_time: 5,00 seconds.	[MsgId: MMSG-15948]
Action.c(207): web_add_header("Origin") started  	[MsgId: MMSG-26355]
Action.c(207): web_add_header("Origin") was successful  	[MsgId: MMSG-26392]
Action.c(212): web_reg_save_param_ex started  	[MsgId: MMSG-26355]
Action.c(212): Registering web_reg_save_param_ex was successful  	[MsgId: MMSG-26390]
Action.c(223): web_reg_find started  	[MsgId: MMSG-26355]
Action.c(223): Registering web_reg_find was successful  	[MsgId: MMSG-26390]
Action.c(227): web_custom_request("itinerare.pl") started  	[MsgId: MMSG-26355]
Action.c(227): Error -35061: No match found for the requested parameter "ticketsPartID". Either the specified boundaries were not found in the response or the matched text is longer than current max html parameter size of 256 bytes. The total length of the response is 932 bytes. You can use "web_set_max_html_param_len" to increase the max parameter size.  	[MsgId: MERR-35061]
Action.c(227): Error -26366: "Text=<B>Anton Duncan
 's Flight Transaction Summary</B>" not found for web_reg_find  	[MsgId: MERR-26366]
End auto log messages stack.	[MsgId: MMSG-10544]


Start auto log messages stack - Iteration 26.	[MsgId: MMSG-10545]
Action.c(107): Notify: Transaction "viewing_receipts" ended with a "Pass" status (Duration: 5,1223 Think Time: 5,0011 Wasted Time: 0,0004).	[MsgId: MMSG-16870]
Action.c(203): Notify: Transaction "ñancel_reservation" started.	[MsgId: MMSG-16999]
Action.c(205): lr_think_time: 5,00 seconds.	[MsgId: MMSG-15948]
Action.c(207): web_add_header("Origin") started  	[MsgId: MMSG-26355]
Action.c(207): web_add_header("Origin") was successful  	[MsgId: MMSG-26392]
Action.c(212): web_reg_save_param_ex started  	[MsgId: MMSG-26355]
Action.c(212): Registering web_reg_save_param_ex was successful  	[MsgId: MMSG-26390]
Action.c(223): web_reg_find started  	[MsgId: MMSG-26355]
Action.c(223): Registering web_reg_find was successful  	[MsgId: MMSG-26390]
Action.c(227): web_custom_request("itinerare.pl") started  	[MsgId: MMSG-26355]
Action.c(227): Error -35061: No match found for the requested parameter "ticketsPartID". Either the specified boundaries were not found in the response or the matched text is longer than current max html parameter size of 256 bytes. The total length of the response is 932 bytes. You can use "web_set_max_html_param_len" to increase the max parameter size.  	[MsgId: MERR-35061]
Action.c(227): Error -26366: "Text=<B>Anton Duncan
 's Flight Transaction Summary</B>" not found for web_reg_find  	[MsgId: MERR-26366]
End auto log messages stack.	[MsgId: MMSG-10544]


Start auto log messages stack - Iteration 26.	[MsgId: MMSG-10545]
Action.c(107): Notify: Transaction "viewing_receipts" ended with a "Pass" status (Duration: 5,1318 Think Time: 5,0017 Wasted Time: 0,0009).	[MsgId: MMSG-16870]
Action.c(203): Notify: Transaction "ñancel_reservation" started.	[MsgId: MMSG-16999]
Action.c(205): lr_think_time: 5,00 seconds.	[MsgId: MMSG-15948]
Action.c(207): web_add_header("Origin") started  	[MsgId: MMSG-26355]
Action.c(207): web_add_header("Origin") was successful  	[MsgId: MMSG-26392]
Action.c(212): web_reg_save_param_ex started  	[MsgId: MMSG-26355]
Action.c(212): Registering web_reg_save_param_ex was successful  	[MsgId: MMSG-26390]
Action.c(223): web_reg_find started  	[MsgId: MMSG-26355]
Action.c(223): Registering web_reg_find was successful  	[MsgId: MMSG-26390]
Action.c(227): web_custom_request("itinerare.pl") started  	[MsgId: MMSG-26355]
Action.c(227): Error -35061: No match found for the requested parameter "ticketsPartID". Either the specified boundaries were not found in the response or the matched text is longer than current max html parameter size of 256 bytes. The total length of the response is 932 bytes. You can use "web_set_max_html_param_len" to increase the max parameter size.  	[MsgId: MERR-35061]
Action.c(227): Error -26366: "Text=<B>Anton Duncan
 's Flight Transaction Summary</B>" not found for web_reg_find  	[MsgId: MERR-26366]
End auto log messages stack.	[MsgId: MMSG-10544]


Start auto log messages stack - Iteration 26.	[MsgId: MMSG-10545]
Action.c(107): Notify: Transaction "viewing_receipts" ended with a "Pass" status (Duration: 5,1310 Think Time: 5,0011 Wasted Time: 0,0010).	[MsgId: MMSG-16870]
Action.c(203): Notify: Transaction "ñancel_reservation" started.	[MsgId: MMSG-16999]
Action.c(205): lr_think_time: 5,00 seconds.	[MsgId: MMSG-15948]
Action.c(207): web_add_header("Origin") started  	[MsgId: MMSG-26355]
Action.c(207): web_add_header("Origin") was successful  	[MsgId: MMSG-26392]
Action.c(212): web_reg_save_param_ex started  	[MsgId: MMSG-26355]
Action.c(212): Registering web_reg_save_param_ex was successful  	[MsgId: MMSG-26390]
Action.c(223): web_reg_find started  	[MsgId: MMSG-26355]
Action.c(223): Registering web_reg_find was successful  	[MsgId: MMSG-26390]
Action.c(227): web_custom_request("itinerare.pl") started  	[MsgId: MMSG-26355]
Action.c(227): Error -35061: No match found for the requested parameter "ticketsPartID". Either the specified boundaries were not found in the response or the matched text is longer than current max html parameter size of 256 bytes. The total length of the response is 932 bytes. You can use "web_set_max_html_param_len" to increase the max parameter size.  	[MsgId: MERR-35061]
Action.c(227): Error -26366: "Text=<B>Anton Duncan
 's Flight Transaction Summary</B>" not found for web_reg_find  	[MsgId: MERR-26366]
End auto log messages stack.	[MsgId: MMSG-10544]


Start auto log messages stack - Iteration 9.	[MsgId: MMSG-10545]
Action.c(97): Detected non-resource "http://localhost:1080/cgi-bin/itinerary.pl" in "http://localhost:1080/cgi-bin/welcome.pl?page=itinerary"  	[MsgId: MMSG-26574]
Action.c(97): Resource "http://localhost:1080/WebTours/images/flights.gif" is in the cache already and will not be downloaded again  	[MsgId: MMSG-26655]
Action.c(97): Found resource "http://localhost:1080/WebTours/images/in_itinerary.gif" in HTML "http://localhost:1080/cgi-bin/nav.pl?page=menu&in=itinerary"  	[MsgId: MMSG-26659]
Action.c(97): Found resource "http://localhost:1080/WebTours/images/home.gif" in HTML "http://localhost:1080/cgi-bin/nav.pl?page=menu&in=itinerary"  	[MsgId: MMSG-26659]
Action.c(97): Resource "http://localhost:1080/WebTours/images/signoff.gif" is in the cache already and will not be downloaded again  	[MsgId: MMSG-26655]
Action.c(97): Error -26612: HTTP Status-Code=500 (Internal Server Error) for "http://localhost:1080/cgi-bin/itinerary.pl"  	[MsgId: MERR-26612]
Action.c(97): Error -35061: No match found for the requested parameter "arrayFlightID". Either the specified boundaries were not found in the response or the matched text is longer than current max html parameter size of 256 bytes. The total length of the response is 4029 bytes. You can use "web_set_max_html_param_len" to increase the max parameter size.  	[MsgId: MERR-35061]
Action.c(97): Error -35061: No match found for the requested parameter "array_cgifields". Either the specified boundaries were not found in the response or the matched text is longer than current max html parameter size of 256 bytes. The total length of the response is 4029 bytes. You can use "web_set_max_html_param_len" to increase the max parameter size.  	[MsgId: MERR-35061]
Action.c(97): Error -26366: "Text=<B>Alex Nevill
 's Flight Transaction Summary</B>" not found for web_reg_find  	[MsgId: MERR-26366]
End auto log messages stack.	[MsgId: MMSG-10544]


Start auto log messages stack - Iteration 1.	[MsgId: MMSG-10545]
Action.c(107): Notify: Transaction "viewing_receipts" ended with a "Pass" status (Duration: 5,1455 Think Time: 5,0004 Wasted Time: 0,0011).	[MsgId: MMSG-16870]
Action.c(203): Notify: Transaction "ñancel_reservation" started.	[MsgId: MMSG-16999]
Action.c(205): lr_think_time: 5,00 seconds.	[MsgId: MMSG-15948]
Action.c(207): web_add_header("Origin") started  	[MsgId: MMSG-26355]
Action.c(207): web_add_header("Origin") was successful  	[MsgId: MMSG-26392]
Action.c(212): web_reg_save_param_ex started  	[MsgId: MMSG-26355]
Action.c(212): Registering web_reg_save_param_ex was successful  	[MsgId: MMSG-26390]
Action.c(223): web_reg_find started  	[MsgId: MMSG-26355]
Action.c(223): Registering web_reg_find was successful  	[MsgId: MMSG-26390]
Action.c(227): web_custom_request("itinerare.pl") started  	[MsgId: MMSG-26355]
Action.c(227): Error -35061: No match found for the requested parameter "ticketsPartID". Either the specified boundaries were not found in the response or the matched text is longer than current max html parameter size of 256 bytes. The total length of the response is 932 bytes. You can use "web_set_max_html_param_len" to increase the max parameter size.  	[MsgId: MERR-35061]
Action.c(227): Error -26366: "Text=<B>Sasha Carrington
 's Flight Transaction Summary</B>" not found for web_reg_find  	[MsgId: MERR-26366]
End auto log messages stack.	[MsgId: MMSG-10544]


Start auto log messages stack - Iteration 12.	[MsgId: MMSG-10545]
Action.c(107): Notify: Transaction "viewing_receipts" ended with a "Pass" status (Duration: 5,1282 Think Time: 5,0004 Wasted Time: 0,0009).	[MsgId: MMSG-16870]
Action.c(203): Notify: Transaction "ñancel_reservation" started.	[MsgId: MMSG-16999]
Action.c(205): lr_think_time: 5,00 seconds.	[MsgId: MMSG-15948]
Action.c(207): web_add_header("Origin") started  	[MsgId: MMSG-26355]
Action.c(207): web_add_header("Origin") was successful  	[MsgId: MMSG-26392]
Action.c(212): web_reg_save_param_ex started  	[MsgId: MMSG-26355]
Action.c(212): Registering web_reg_save_param_ex was successful  	[MsgId: MMSG-26390]
Action.c(223): web_reg_find started  	[MsgId: MMSG-26355]
Action.c(223): Registering web_reg_find was successful  	[MsgId: MMSG-26390]
Action.c(227): web_custom_request("itinerare.pl") started  	[MsgId: MMSG-26355]
Action.c(227): Error -35061: No match found for the requested parameter "ticketsPartID". Either the specified boundaries were not found in the response or the matched text is longer than current max html parameter size of 256 bytes. The total length of the response is 932 bytes. You can use "web_set_max_html_param_len" to increase the max parameter size.  	[MsgId: MERR-35061]
Action.c(227): Error -26366: "Text=<B>Anton Duncan
 's Flight Transaction Summary</B>" not found for web_reg_find  	[MsgId: MERR-26366]
End auto log messages stack.	[MsgId: MMSG-10544]


Start auto log messages stack - Iteration 12.	[MsgId: MMSG-10545]
Action.c(107): Notify: Transaction "viewing_receipts" ended with a "Pass" status (Duration: 5,1233 Think Time: 5,0004 Wasted Time: 0,0005).	[MsgId: MMSG-16870]
Action.c(203): Notify: Transaction "ñancel_reservation" started.	[MsgId: MMSG-16999]
Action.c(205): lr_think_time: 5,00 seconds.	[MsgId: MMSG-15948]
Action.c(207): web_add_header("Origin") started  	[MsgId: MMSG-26355]
Action.c(207): web_add_header("Origin") was successful  	[MsgId: MMSG-26392]
Action.c(212): web_reg_save_param_ex started  	[MsgId: MMSG-26355]
Action.c(212): Registering web_reg_save_param_ex was successful  	[MsgId: MMSG-26390]
Action.c(223): web_reg_find started  	[MsgId: MMSG-26355]
Action.c(223): Registering web_reg_find was successful  	[MsgId: MMSG-26390]
Action.c(227): web_custom_request("itinerare.pl") started  	[MsgId: MMSG-26355]
Action.c(227): Error -35061: No match found for the requested parameter "ticketsPartID". Either the specified boundaries were not found in the response or the matched text is longer than current max html parameter size of 256 bytes. The total length of the response is 932 bytes. You can use "web_set_max_html_param_len" to increase the max parameter size.  	[MsgId: MERR-35061]
Action.c(227): Error -26366: "Text=<B>Anton Duncan
 's Flight Transaction Summary</B>" not found for web_reg_find  	[MsgId: MERR-26366]
End auto log messages stack.	[MsgId: MMSG-10544]


Start auto log messages stack - Iteration 22.	[MsgId: MMSG-10545]
Action.c(107): Notify: Transaction "viewing_receipts" ended with a "Pass" status (Duration: 5,1457 Think Time: 5,0012 Wasted Time: 0,0009).	[MsgId: MMSG-16870]
Action.c(203): Notify: Transaction "ñancel_reservation" started.	[MsgId: MMSG-16999]
Action.c(205): lr_think_time: 5,00 seconds.	[MsgId: MMSG-15948]
Action.c(207): web_add_header("Origin") started  	[MsgId: MMSG-26355]
Action.c(207): web_add_header("Origin") was successful  	[MsgId: MMSG-26392]
Action.c(212): web_reg_save_param_ex started  	[MsgId: MMSG-26355]
Action.c(212): Registering web_reg_save_param_ex was successful  	[MsgId: MMSG-26390]
Action.c(223): web_reg_find started  	[MsgId: MMSG-26355]
Action.c(223): Registering web_reg_find was successful  	[MsgId: MMSG-26390]
Action.c(227): web_custom_request("itinerare.pl") started  	[MsgId: MMSG-26355]
Action.c(227): Error -35061: No match found for the requested parameter "ticketsPartID". Either the specified boundaries were not found in the response or the matched text is longer than current max html parameter size of 256 bytes. The total length of the response is 932 bytes. You can use "web_set_max_html_param_len" to increase the max parameter size.  	[MsgId: MERR-35061]
Action.c(227): Error -26366: "Text=<B>Olya Oldman
 's Flight Transaction Summary</B>" not found for web_reg_find  	[MsgId: MERR-26366]
End auto log messages stack.	[MsgId: MMSG-10544]


Start auto log messages stack - Iteration 14.	[MsgId: MMSG-10545]
Action.c(107): Notify: Transaction "viewing_receipts" ended with a "Pass" status (Duration: 5,1287 Think Time: 5,0009 Wasted Time: 0,0009).	[MsgId: MMSG-16870]
Action.c(203): Notify: Transaction "ñancel_reservation" started.	[MsgId: MMSG-16999]
Action.c(205): lr_think_time: 5,00 seconds.	[MsgId: MMSG-15948]
Action.c(207): web_add_header("Origin") started  	[MsgId: MMSG-26355]
Action.c(207): web_add_header("Origin") was successful  	[MsgId: MMSG-26392]
Action.c(212): web_reg_save_param_ex started  	[MsgId: MMSG-26355]
Action.c(212): Registering web_reg_save_param_ex was successful  	[MsgId: MMSG-26390]
Action.c(223): web_reg_find started  	[MsgId: MMSG-26355]
Action.c(223): Registering web_reg_find was successful  	[MsgId: MMSG-26390]
Action.c(227): web_custom_request("itinerare.pl") started  	[MsgId: MMSG-26355]
Action.c(227): Error -35061: No match found for the requested parameter "ticketsPartID". Either the specified boundaries were not found in the response or the matched text is longer than current max html parameter size of 256 bytes. The total length of the response is 932 bytes. You can use "web_set_max_html_param_len" to increase the max parameter size.  	[MsgId: MERR-35061]
Action.c(227): Error -26366: "Text=<B>Vova Dyson
 's Flight Transaction Summary</B>" not found for web_reg_find  	[MsgId: MERR-26366]
End auto log messages stack.	[MsgId: MMSG-10544]


Start auto log messages stack - Iteration 26.	[MsgId: MMSG-10545]
Action.c(107): Notify: Transaction "viewing_receipts" ended with a "Pass" status (Duration: 5,1224 Think Time: 5,0001 Wasted Time: 0,0005).	[MsgId: MMSG-16870]
Action.c(203): Notify: Transaction "ñancel_reservation" started.	[MsgId: MMSG-16999]
Action.c(205): lr_think_time: 5,00 seconds.	[MsgId: MMSG-15948]
Action.c(207): web_add_header("Origin") started  	[MsgId: MMSG-26355]
Action.c(207): web_add_header("Origin") was successful  	[MsgId: MMSG-26392]
Action.c(212): web_reg_save_param_ex started  	[MsgId: MMSG-26355]
Action.c(212): Registering web_reg_save_param_ex was successful  	[MsgId: MMSG-26390]
Action.c(223): web_reg_find started  	[MsgId: MMSG-26355]
Action.c(223): Registering web_reg_find was successful  	[MsgId: MMSG-26390]
Action.c(227): web_custom_request("itinerare.pl") started  	[MsgId: MMSG-26355]
Action.c(227): Error -35061: No match found for the requested parameter "ticketsPartID". Either the specified boundaries were not found in the response or the matched text is longer than current max html parameter size of 256 bytes. The total length of the response is 932 bytes. You can use "web_set_max_html_param_len" to increase the max parameter size.  	[MsgId: MERR-35061]
Action.c(227): Error -26366: "Text=<B>Anton Duncan
 's Flight Transaction Summary</B>" not found for web_reg_find  	[MsgId: MERR-26366]
End auto log messages stack.	[MsgId: MMSG-10544]


Start auto log messages stack - Iteration 26.	[MsgId: MMSG-10545]
Action.c(107): Notify: Transaction "viewing_receipts" ended with a "Pass" status (Duration: 5,1275 Think Time: 5,0004 Wasted Time: 0,0009).	[MsgId: MMSG-16870]
Action.c(203): Notify: Transaction "ñancel_reservation" started.	[MsgId: MMSG-16999]
Action.c(205): lr_think_time: 5,00 seconds.	[MsgId: MMSG-15948]
Action.c(207): web_add_header("Origin") started  	[MsgId: MMSG-26355]
Action.c(207): web_add_header("Origin") was successful  	[MsgId: MMSG-26392]
Action.c(212): web_reg_save_param_ex started  	[MsgId: MMSG-26355]
Action.c(212): Registering web_reg_save_param_ex was successful  	[MsgId: MMSG-26390]
Action.c(223): web_reg_find started  	[MsgId: MMSG-26355]
Action.c(223): Registering web_reg_find was successful  	[MsgId: MMSG-26390]
Action.c(227): web_custom_request("itinerare.pl") started  	[MsgId: MMSG-26355]
Action.c(227): Error -35061: No match found for the requested parameter "ticketsPartID". Either the specified boundaries were not found in the response or the matched text is longer than current max html parameter size of 256 bytes. The total length of the response is 932 bytes. You can use "web_set_max_html_param_len" to increase the max parameter size.  	[MsgId: MERR-35061]
Action.c(227): Error -26366: "Text=<B>Anton Duncan
 's Flight Transaction Summary</B>" not found for web_reg_find  	[MsgId: MERR-26366]
End auto log messages stack.	[MsgId: MMSG-10544]


Start auto log messages stack - Iteration 18.	[MsgId: MMSG-10545]
Action.c(107): Notify: Transaction "viewing_receipts" ended with a "Pass" status (Duration: 5,1286 Think Time: 5,0000 Wasted Time: 0,0008).	[MsgId: MMSG-16870]
Action.c(203): Notify: Transaction "ñancel_reservation" started.	[MsgId: MMSG-16999]
Action.c(205): lr_think_time: 5,00 seconds.	[MsgId: MMSG-15948]
Action.c(207): web_add_header("Origin") started  	[MsgId: MMSG-26355]
Action.c(207): web_add_header("Origin") was successful  	[MsgId: MMSG-26392]
Action.c(212): web_reg_save_param_ex started  	[MsgId: MMSG-26355]
Action.c(212): Registering web_reg_save_param_ex was successful  	[MsgId: MMSG-26390]
Action.c(223): web_reg_find started  	[MsgId: MMSG-26355]
Action.c(223): Registering web_reg_find was successful  	[MsgId: MMSG-26390]
Action.c(227): web_custom_request("itinerare.pl") started  	[MsgId: MMSG-26355]
Action.c(227): Error -35061: No match found for the requested parameter "ticketsPartID". Either the specified boundaries were not found in the response or the matched text is longer than current max html parameter size of 256 bytes. The total length of the response is 887 bytes. You can use "web_set_max_html_param_len" to increase the max parameter size.  	[MsgId: MERR-35061]
Action.c(227): Error -26366: "Text=<B>Gena Bukin
 's Flight Transaction Summary</B>" not found for web_reg_find  	[MsgId: MERR-26366]
End auto log messages stack.	[MsgId: MMSG-10544]


Start auto log messages stack - Iteration 18.	[MsgId: MMSG-10545]
Action.c(97): Detected non-resource "http://localhost:1080/cgi-bin/itinerary.pl" in "http://localhost:1080/cgi-bin/welcome.pl?page=itinerary"  	[MsgId: MMSG-26574]
Action.c(97): Resource "http://localhost:1080/WebTours/images/flights.gif" is in the cache already and will not be downloaded again  	[MsgId: MMSG-26655]
Action.c(97): Found resource "http://localhost:1080/WebTours/images/in_itinerary.gif" in HTML "http://localhost:1080/cgi-bin/nav.pl?page=menu&in=itinerary"  	[MsgId: MMSG-26659]
Action.c(97): Found resource "http://localhost:1080/WebTours/images/home.gif" in HTML "http://localhost:1080/cgi-bin/nav.pl?page=menu&in=itinerary"  	[MsgId: MMSG-26659]
Action.c(97): Resource "http://localhost:1080/WebTours/images/signoff.gif" is in the cache already and will not be downloaded again  	[MsgId: MMSG-26655]
Action.c(97): Error -35061: No match found for the requested parameter "arrayFlightID". Either the specified boundaries were not found in the response or the matched text is longer than current max html parameter size of 256 bytes. The total length of the response is 4381 bytes. You can use "web_set_max_html_param_len" to increase the max parameter size.  	[MsgId: MERR-35061]
Action.c(97): Error -35061: No match found for the requested parameter "array_cgifields". Either the specified boundaries were not found in the response or the matched text is longer than current max html parameter size of 256 bytes. The total length of the response is 4381 bytes. You can use "web_set_max_html_param_len" to increase the max parameter size.  	[MsgId: MERR-35061]
Action.c(97): Error -26366: "Text=<B>Gena Bukin
 's Flight Transaction Summary</B>" not found for web_reg_find  	[MsgId: MERR-26366]
End auto log messages stack.	[MsgId: MMSG-10544]


Start auto log messages stack - Iteration 38.	[MsgId: MMSG-10545]
Action.c(107): Notify: Transaction "viewing_receipts" ended with a "Pass" status (Duration: 5,1289 Think Time: 5,0010 Wasted Time: 0,0008).	[MsgId: MMSG-16870]
Action.c(203): Notify: Transaction "ñancel_reservation" started.	[MsgId: MMSG-16999]
Action.c(205): lr_think_time: 5,00 seconds.	[MsgId: MMSG-15948]
Action.c(207): web_add_header("Origin") started  	[MsgId: MMSG-26355]
Action.c(207): web_add_header("Origin") was successful  	[MsgId: MMSG-26392]
Action.c(212): web_reg_save_param_ex started  	[MsgId: MMSG-26355]
Action.c(212): Registering web_reg_save_param_ex was successful  	[MsgId: MMSG-26390]
Action.c(223): web_reg_find started  	[MsgId: MMSG-26355]
Action.c(223): Registering web_reg_find was successful  	[MsgId: MMSG-26390]
Action.c(227): web_custom_request("itinerare.pl") started  	[MsgId: MMSG-26355]
Action.c(227): Error -35061: No match found for the requested parameter "ticketsPartID". Either the specified boundaries were not found in the response or the matched text is longer than current max html parameter size of 256 bytes. The total length of the response is 887 bytes. You can use "web_set_max_html_param_len" to increase the max parameter size.  	[MsgId: MERR-35061]
Action.c(227): Error -26366: "Text=<B>Sasha Otis
 's Flight Transaction Summary</B>" not found for web_reg_find  	[MsgId: MERR-26366]
End auto log messages stack.	[MsgId: MMSG-10544]


Start auto log messages stack - Iteration 12.	[MsgId: MMSG-10545]
Action.c(107): Notify: Transaction "viewing_receipts" ended with a "Pass" status (Duration: 5,1331 Think Time: 4,9998 Wasted Time: 0,0011).	[MsgId: MMSG-16870]
Action.c(203): Notify: Transaction "ñancel_reservation" started.	[MsgId: MMSG-16999]
Action.c(205): lr_think_time: 5,00 seconds.	[MsgId: MMSG-15948]
Action.c(207): web_add_header("Origin") started  	[MsgId: MMSG-26355]
Action.c(207): web_add_header("Origin") was successful  	[MsgId: MMSG-26392]
Action.c(212): web_reg_save_param_ex started  	[MsgId: MMSG-26355]
Action.c(212): Registering web_reg_save_param_ex was successful  	[MsgId: MMSG-26390]
Action.c(223): web_reg_find started  	[MsgId: MMSG-26355]
Action.c(223): Registering web_reg_find was successful  	[MsgId: MMSG-26390]
Action.c(227): web_custom_request("itinerare.pl") started  	[MsgId: MMSG-26355]
Action.c(227): Error -35061: No match found for the requested parameter "ticketsPartID". Either the specified boundaries were not found in the response or the matched text is longer than current max html parameter size of 256 bytes. The total length of the response is 932 bytes. You can use "web_set_max_html_param_len" to increase the max parameter size.  	[MsgId: MERR-35061]
Action.c(227): Error -26366: "Text=<B>Anton Duncan
 's Flight Transaction Summary</B>" not found for web_reg_find  	[MsgId: MERR-26366]
End auto log messages stack.	[MsgId: MMSG-10544]


Start auto log messages stack - Iteration 12.	[MsgId: MMSG-10545]
Action.c(107): Notify: Transaction "viewing_receipts" ended with a "Pass" status (Duration: 5,1305 Think Time: 5,0009 Wasted Time: 0,0010).	[MsgId: MMSG-16870]
Action.c(203): Notify: Transaction "ñancel_reservation" started.	[MsgId: MMSG-16999]
Action.c(205): lr_think_time: 5,00 seconds.	[MsgId: MMSG-15948]
Action.c(207): web_add_header("Origin") started  	[MsgId: MMSG-26355]
Action.c(207): web_add_header("Origin") was successful  	[MsgId: MMSG-26392]
Action.c(212): web_reg_save_param_ex started  	[MsgId: MMSG-26355]
Action.c(212): Registering web_reg_save_param_ex was successful  	[MsgId: MMSG-26390]
Action.c(223): web_reg_find started  	[MsgId: MMSG-26355]
Action.c(223): Registering web_reg_find was successful  	[MsgId: MMSG-26390]
Action.c(227): web_custom_request("itinerare.pl") started  	[MsgId: MMSG-26355]
Action.c(227): Error -35061: No match found for the requested parameter "ticketsPartID". Either the specified boundaries were not found in the response or the matched text is longer than current max html parameter size of 256 bytes. The total length of the response is 932 bytes. You can use "web_set_max_html_param_len" to increase the max parameter size.  	[MsgId: MERR-35061]
Action.c(227): Error -26366: "Text=<B>Anton Duncan
 's Flight Transaction Summary</B>" not found for web_reg_find  	[MsgId: MERR-26366]
End auto log messages stack.	[MsgId: MMSG-10544]


Start auto log messages stack - Iteration 39.	[MsgId: MMSG-10545]
Action.c(107): Notify: Transaction "viewing_receipts" ended with a "Pass" status (Duration: 5,1296 Think Time: 5,0003 Wasted Time: 0,0009).	[MsgId: MMSG-16870]
Action.c(203): Notify: Transaction "ñancel_reservation" started.	[MsgId: MMSG-16999]
Action.c(205): lr_think_time: 5,00 seconds.	[MsgId: MMSG-15948]
Action.c(207): web_add_header("Origin") started  	[MsgId: MMSG-26355]
Action.c(207): web_add_header("Origin") was successful  	[MsgId: MMSG-26392]
Action.c(212): web_reg_save_param_ex started  	[MsgId: MMSG-26355]
Action.c(212): Registering web_reg_save_param_ex was successful  	[MsgId: MMSG-26390]
Action.c(223): web_reg_find started  	[MsgId: MMSG-26355]
Action.c(223): Registering web_reg_find was successful  	[MsgId: MMSG-26390]
Action.c(227): web_custom_request("itinerare.pl") started  	[MsgId: MMSG-26355]
Action.c(227): Error -35061: No match found for the requested parameter "ticketsPartID". Either the specified boundaries were not found in the response or the matched text is longer than current max html parameter size of 256 bytes. The total length of the response is 932 bytes. You can use "web_set_max_html_param_len" to increase the max parameter size.  	[MsgId: MERR-35061]
Action.c(227): Error -26366: "Text=<B>Lena Bukina
 's Flight Transaction Summary</B>" not found for web_reg_find  	[MsgId: MERR-26366]
End auto log messages stack.	[MsgId: MMSG-10544]


Start auto log messages stack - Iteration 22.	[MsgId: MMSG-10545]
Action.c(107): Notify: Transaction "viewing_receipts" ended with a "Pass" status (Duration: 5,1287 Think Time: 5,0008 Wasted Time: 0,0009).	[MsgId: MMSG-16870]
Action.c(203): Notify: Transaction "ñancel_reservation" started.	[MsgId: MMSG-16999]
Action.c(205): lr_think_time: 5,00 seconds.	[MsgId: MMSG-15948]
Action.c(207): web_add_header("Origin") started  	[MsgId: MMSG-26355]
Action.c(207): web_add_header("Origin") was successful  	[MsgId: MMSG-26392]
Action.c(212): web_reg_save_param_ex started  	[MsgId: MMSG-26355]
Action.c(212): Registering web_reg_save_param_ex was successful  	[MsgId: MMSG-26390]
Action.c(223): web_reg_find started  	[MsgId: MMSG-26355]
Action.c(223): Registering web_reg_find was successful  	[MsgId: MMSG-26390]
Action.c(227): web_custom_request("itinerare.pl") started  	[MsgId: MMSG-26355]
Action.c(227): Error -35061: No match found for the requested parameter "ticketsPartID". Either the specified boundaries were not found in the response or the matched text is longer than current max html parameter size of 256 bytes. The total length of the response is 932 bytes. You can use "web_set_max_html_param_len" to increase the max parameter size.  	[MsgId: MERR-35061]
Action.c(227): Error -26366: "Text=<B>Olya Oldman
 's Flight Transaction Summary</B>" not found for web_reg_find  	[MsgId: MERR-26366]
End auto log messages stack.	[MsgId: MMSG-10544]


Start auto log messages stack - Iteration 22.	[MsgId: MMSG-10545]
Action.c(107): Notify: Transaction "viewing_receipts" ended with a "Pass" status (Duration: 5,1409 Think Time: 5,0002 Wasted Time: 0,0008).	[MsgId: MMSG-16870]
Action.c(203): Notify: Transaction "ñancel_reservation" started.	[MsgId: MMSG-16999]
Action.c(205): lr_think_time: 5,00 seconds.	[MsgId: MMSG-15948]
Action.c(207): web_add_header("Origin") started  	[MsgId: MMSG-26355]
Action.c(207): web_add_header("Origin") was successful  	[MsgId: MMSG-26392]
Action.c(212): web_reg_save_param_ex started  	[MsgId: MMSG-26355]
Action.c(212): Registering web_reg_save_param_ex was successful  	[MsgId: MMSG-26390]
Action.c(223): web_reg_find started  	[MsgId: MMSG-26355]
Action.c(223): Registering web_reg_find was successful  	[MsgId: MMSG-26390]
Action.c(227): web_custom_request("itinerare.pl") started  	[MsgId: MMSG-26355]
Action.c(227): Error -35061: No match found for the requested parameter "ticketsPartID". Either the specified boundaries were not found in the response or the matched text is longer than current max html parameter size of 256 bytes. The total length of the response is 932 bytes. You can use "web_set_max_html_param_len" to increase the max parameter size.  	[MsgId: MERR-35061]
Action.c(227): Error -26366: "Text=<B>Olya Oldman
 's Flight Transaction Summary</B>" not found for web_reg_find  	[MsgId: MERR-26366]
End auto log messages stack.	[MsgId: MMSG-10544]


Start auto log messages stack - Iteration 40.	[MsgId: MMSG-10545]
Action.c(107): Notify: Transaction "viewing_receipts" ended with a "Pass" status (Duration: 5,1238 Think Time: 4,9993 Wasted Time: 0,0010).	[MsgId: MMSG-16870]
Action.c(203): Notify: Transaction "ñancel_reservation" started.	[MsgId: MMSG-16999]
Action.c(205): lr_think_time: 5,00 seconds.	[MsgId: MMSG-15948]
Action.c(207): web_add_header("Origin") started  	[MsgId: MMSG-26355]
Action.c(207): web_add_header("Origin") was successful  	[MsgId: MMSG-26392]
Action.c(212): web_reg_save_param_ex started  	[MsgId: MMSG-26355]
Action.c(212): Registering web_reg_save_param_ex was successful  	[MsgId: MMSG-26390]
Action.c(223): web_reg_find started  	[MsgId: MMSG-26355]
Action.c(223): Registering web_reg_find was successful  	[MsgId: MMSG-26390]
Action.c(227): web_custom_request("itinerare.pl") started  	[MsgId: MMSG-26355]
Action.c(227): Error -35061: No match found for the requested parameter "ticketsPartID". Either the specified boundaries were not found in the response or the matched text is longer than current max html parameter size of 256 bytes. The total length of the response is 932 bytes. You can use "web_set_max_html_param_len" to increase the max parameter size.  	[MsgId: MERR-35061]
Action.c(227): Error -26366: "Text=<B>Anton Duncan
 's Flight Transaction Summary</B>" not found for web_reg_find  	[MsgId: MERR-26366]
End auto log messages stack.	[MsgId: MMSG-10544]


Start auto log messages stack - Iteration 40.	[MsgId: MMSG-10545]
Action.c(107): Notify: Transaction "viewing_receipts" ended with a "Pass" status (Duration: 5,1440 Think Time: 5,0002 Wasted Time: 0,0010).	[MsgId: MMSG-16870]
Action.c(203): Notify: Transaction "ñancel_reservation" started.	[MsgId: MMSG-16999]
Action.c(205): lr_think_time: 5,00 seconds.	[MsgId: MMSG-15948]
Action.c(207): web_add_header("Origin") started  	[MsgId: MMSG-26355]
Action.c(207): web_add_header("Origin") was successful  	[MsgId: MMSG-26392]
Action.c(212): web_reg_save_param_ex started  	[MsgId: MMSG-26355]
Action.c(212): Registering web_reg_save_param_ex was successful  	[MsgId: MMSG-26390]
Action.c(223): web_reg_find started  	[MsgId: MMSG-26355]
Action.c(223): Registering web_reg_find was successful  	[MsgId: MMSG-26390]
Action.c(227): web_custom_request("itinerare.pl") started  	[MsgId: MMSG-26355]
Action.c(227): Error -35061: No match found for the requested parameter "ticketsPartID". Either the specified boundaries were not found in the response or the matched text is longer than current max html parameter size of 256 bytes. The total length of the response is 932 bytes. You can use "web_set_max_html_param_len" to increase the max parameter size.  	[MsgId: MERR-35061]
Action.c(227): Error -26366: "Text=<B>Anton Duncan
 's Flight Transaction Summary</B>" not found for web_reg_find  	[MsgId: MERR-26366]
End auto log messages stack.	[MsgId: MMSG-10544]


Start auto log messages stack - Iteration 40.	[MsgId: MMSG-10545]
Action.c(107): Notify: Transaction "viewing_receipts" ended with a "Pass" status (Duration: 5,1302 Think Time: 5,0000 Wasted Time: 0,0010).	[MsgId: MMSG-16870]
Action.c(203): Notify: Transaction "ñancel_reservation" started.	[MsgId: MMSG-16999]
Action.c(205): lr_think_time: 5,00 seconds.	[MsgId: MMSG-15948]
Action.c(207): web_add_header("Origin") started  	[MsgId: MMSG-26355]
Action.c(207): web_add_header("Origin") was successful  	[MsgId: MMSG-26392]
Action.c(212): web_reg_save_param_ex started  	[MsgId: MMSG-26355]
Action.c(212): Registering web_reg_save_param_ex was successful  	[MsgId: MMSG-26390]
Action.c(223): web_reg_find started  	[MsgId: MMSG-26355]
Action.c(223): Registering web_reg_find was successful  	[MsgId: MMSG-26390]
Action.c(227): web_custom_request("itinerare.pl") started  	[MsgId: MMSG-26355]
Action.c(227): Error -35061: No match found for the requested parameter "ticketsPartID". Either the specified boundaries were not found in the response or the matched text is longer than current max html parameter size of 256 bytes. The total length of the response is 932 bytes. You can use "web_set_max_html_param_len" to increase the max parameter size.  	[MsgId: MERR-35061]
Action.c(227): Error -26366: "Text=<B>Anton Duncan
 's Flight Transaction Summary</B>" not found for web_reg_find  	[MsgId: MERR-26366]
End auto log messages stack.	[MsgId: MMSG-10544]


Start auto log messages stack - Iteration 14.	[MsgId: MMSG-10545]
Action.c(107): Notify: Transaction "viewing_receipts" ended with a "Pass" status (Duration: 5,1279 Think Time: 5,0004 Wasted Time: 0,0008).	[MsgId: MMSG-16870]
Action.c(203): Notify: Transaction "ñancel_reservation" started.	[MsgId: MMSG-16999]
Action.c(205): lr_think_time: 5,00 seconds.	[MsgId: MMSG-15948]
Action.c(207): web_add_header("Origin") started  	[MsgId: MMSG-26355]
Action.c(207): web_add_header("Origin") was successful  	[MsgId: MMSG-26392]
Action.c(212): web_reg_save_param_ex started  	[MsgId: MMSG-26355]
Action.c(212): Registering web_reg_save_param_ex was successful  	[MsgId: MMSG-26390]
Action.c(223): web_reg_find started  	[MsgId: MMSG-26355]
Action.c(223): Registering web_reg_find was successful  	[MsgId: MMSG-26390]
Action.c(227): web_custom_request("itinerare.pl") started  	[MsgId: MMSG-26355]
Action.c(227): Error -35061: No match found for the requested parameter "ticketsPartID". Either the specified boundaries were not found in the response or the matched text is longer than current max html parameter size of 256 bytes. The total length of the response is 932 bytes. You can use "web_set_max_html_param_len" to increase the max parameter size.  	[MsgId: MERR-35061]
Action.c(227): Error -26366: "Text=<B>Vova Dyson
 's Flight Transaction Summary</B>" not found for web_reg_find  	[MsgId: MERR-26366]
End auto log messages stack.	[MsgId: MMSG-10544]


Start auto log messages stack - Iteration 41.	[MsgId: MMSG-10545]
Action.c(107): Notify: Transaction "viewing_receipts" ended with a "Pass" status (Duration: 5,0867 Think Time: 5,0004 Wasted Time: 0,0010).	[MsgId: MMSG-16870]
Action.c(203): Notify: Transaction "ñancel_reservation" started.	[MsgId: MMSG-16999]
Action.c(205): lr_think_time: 5,00 seconds.	[MsgId: MMSG-15948]
Action.c(207): web_add_header("Origin") started  	[MsgId: MMSG-26355]
Action.c(207): web_add_header("Origin") was successful  	[MsgId: MMSG-26392]
Action.c(212): web_reg_save_param_ex started  	[MsgId: MMSG-26355]
Action.c(212): Registering web_reg_save_param_ex was successful  	[MsgId: MMSG-26390]
Action.c(223): web_reg_find started  	[MsgId: MMSG-26355]
Action.c(223): Registering web_reg_find was successful  	[MsgId: MMSG-26390]
Action.c(227): web_custom_request("itinerare.pl") started  	[MsgId: MMSG-26355]
Action.c(227): Error -35061: No match found for the requested parameter "ticketsPartID". Either the specified boundaries were not found in the response or the matched text is longer than current max html parameter size of 256 bytes. The total length of the response is 887 bytes. You can use "web_set_max_html_param_len" to increase the max parameter size.  	[MsgId: MERR-35061]
Action.c(227): Error -26366: "Text=<B>Lee Doltun
 's Flight Transaction Summary</B>" not found for web_reg_find  	[MsgId: MERR-26366]
End auto log messages stack.	[MsgId: MMSG-10544]


Start auto log messages stack - Iteration 32.	[MsgId: MMSG-10545]
Action.c(107): Notify: Transaction "viewing_receipts" ended with a "Pass" status (Duration: 5,0920 Think Time: 5,0003 Wasted Time: 0,0008).	[MsgId: MMSG-16870]
Action.c(203): Notify: Transaction "ñancel_reservation" started.	[MsgId: MMSG-16999]
Action.c(205): lr_think_time: 5,00 seconds.	[MsgId: MMSG-15948]
Action.c(207): web_add_header("Origin") started  	[MsgId: MMSG-26355]
Action.c(207): web_add_header("Origin") was successful  	[MsgId: MMSG-26392]
Action.c(212): web_reg_save_param_ex started  	[MsgId: MMSG-26355]
Action.c(212): Registering web_reg_save_param_ex was successful  	[MsgId: MMSG-26390]
Action.c(223): web_reg_find started  	[MsgId: MMSG-26355]
Action.c(223): Registering web_reg_find was successful  	[MsgId: MMSG-26390]
Action.c(227): web_custom_request("itinerare.pl") started  	[MsgId: MMSG-26355]
Action.c(227): Error -35061: No match found for the requested parameter "ticketsPartID". Either the specified boundaries were not found in the response or the matched text is longer than current max html parameter size of 256 bytes. The total length of the response is 887 bytes. You can use "web_set_max_html_param_len" to increase the max parameter size.  	[MsgId: MERR-35061]
Action.c(227): Error -26366: "Text=<B>Gena Bukin
 's Flight Transaction Summary</B>" not found for web_reg_find  	[MsgId: MERR-26366]
End auto log messages stack.	[MsgId: MMSG-10544]


Start auto log messages stack - Iteration 41.	[MsgId: MMSG-10545]
Action.c(107): Notify: Transaction "viewing_receipts" ended with a "Pass" status (Duration: 5,1277 Think Time: 5,0009 Wasted Time: 0,0007).	[MsgId: MMSG-16870]
Action.c(203): Notify: Transaction "ñancel_reservation" started.	[MsgId: MMSG-16999]
Action.c(205): lr_think_time: 5,00 seconds.	[MsgId: MMSG-15948]
Action.c(207): web_add_header("Origin") started  	[MsgId: MMSG-26355]
Action.c(207): web_add_header("Origin") was successful  	[MsgId: MMSG-26392]
Action.c(212): web_reg_save_param_ex started  	[MsgId: MMSG-26355]
Action.c(212): Registering web_reg_save_param_ex was successful  	[MsgId: MMSG-26390]
Action.c(223): web_reg_find started  	[MsgId: MMSG-26355]
Action.c(223): Registering web_reg_find was successful  	[MsgId: MMSG-26390]
Action.c(227): web_custom_request("itinerare.pl") started  	[MsgId: MMSG-26355]
Action.c(227): Error -35061: No match found for the requested parameter "ticketsPartID". Either the specified boundaries were not found in the response or the matched text is longer than current max html parameter size of 256 bytes. The total length of the response is 932 bytes. You can use "web_set_max_html_param_len" to increase the max parameter size.  	[MsgId: MERR-35061]
Action.c(227): Error -26366: "Text=<B>Lee Doltun
 's Flight Transaction Summary</B>" not found for web_reg_find  	[MsgId: MERR-26366]
End auto log messages stack.	[MsgId: MMSG-10544]


Start auto log messages stack - Iteration 24.	[MsgId: MMSG-10545]
Action.c(97): Detected non-resource "http://localhost:1080/cgi-bin/itinerary.pl" in "http://localhost:1080/cgi-bin/welcome.pl?page=itinerary"  	[MsgId: MMSG-26574]
Action.c(97): Resource "http://localhost:1080/WebTours/images/flights.gif" is in the cache already and will not be downloaded again  	[MsgId: MMSG-26655]
Action.c(97): Found resource "http://localhost:1080/WebTours/images/in_itinerary.gif" in HTML "http://localhost:1080/cgi-bin/nav.pl?page=menu&in=itinerary"  	[MsgId: MMSG-26659]
Action.c(97): Found resource "http://localhost:1080/WebTours/images/home.gif" in HTML "http://localhost:1080/cgi-bin/nav.pl?page=menu&in=itinerary"  	[MsgId: MMSG-26659]
Action.c(97): Resource "http://localhost:1080/WebTours/images/signoff.gif" is in the cache already and will not be downloaded again  	[MsgId: MMSG-26655]
Action.c(97): Error -35061: No match found for the requested parameter "arrayFlightID". Either the specified boundaries were not found in the response or the matched text is longer than current max html parameter size of 256 bytes. The total length of the response is 4381 bytes. You can use "web_set_max_html_param_len" to increase the max parameter size.  	[MsgId: MERR-35061]
Action.c(97): Error -35061: No match found for the requested parameter "array_cgifields". Either the specified boundaries were not found in the response or the matched text is longer than current max html parameter size of 256 bytes. The total length of the response is 4381 bytes. You can use "web_set_max_html_param_len" to increase the max parameter size.  	[MsgId: MERR-35061]
Action.c(97): Error -26366: "Text=<B>Sasha Otis
 's Flight Transaction Summary</B>" not found for web_reg_find  	[MsgId: MERR-26366]
End auto log messages stack.	[MsgId: MMSG-10544]


Start auto log messages stack - Iteration 24.	[MsgId: MMSG-10545]
Action.c(97): Detected non-resource "http://localhost:1080/cgi-bin/itinerary.pl" in "http://localhost:1080/cgi-bin/welcome.pl?page=itinerary"  	[MsgId: MMSG-26574]
Action.c(97): Resource "http://localhost:1080/WebTours/images/flights.gif" is in the cache already and will not be downloaded again  	[MsgId: MMSG-26655]
Action.c(97): Found resource "http://localhost:1080/WebTours/images/in_itinerary.gif" in HTML "http://localhost:1080/cgi-bin/nav.pl?page=menu&in=itinerary"  	[MsgId: MMSG-26659]
Action.c(97): Found resource "http://localhost:1080/WebTours/images/home.gif" in HTML "http://localhost:1080/cgi-bin/nav.pl?page=menu&in=itinerary"  	[MsgId: MMSG-26659]
Action.c(97): Resource "http://localhost:1080/WebTours/images/signoff.gif" is in the cache already and will not be downloaded again  	[MsgId: MMSG-26655]
Action.c(97): Error -35061: No match found for the requested parameter "arrayFlightID". Either the specified boundaries were not found in the response or the matched text is longer than current max html parameter size of 256 bytes. The total length of the response is 4381 bytes. You can use "web_set_max_html_param_len" to increase the max parameter size.  	[MsgId: MERR-35061]
Action.c(97): Error -35061: No match found for the requested parameter "array_cgifields". Either the specified boundaries were not found in the response or the matched text is longer than current max html parameter size of 256 bytes. The total length of the response is 4381 bytes. You can use "web_set_max_html_param_len" to increase the max parameter size.  	[MsgId: MERR-35061]
Action.c(97): Error -26366: "Text=<B>Sasha Otis
 's Flight Transaction Summary</B>" not found for web_reg_find  	[MsgId: MERR-26366]
End auto log messages stack.	[MsgId: MMSG-10544]


Start auto log messages stack - Iteration 42.	[MsgId: MMSG-10545]
Action.c(107): Notify: Transaction "viewing_receipts" ended with a "Pass" status (Duration: 5,1302 Think Time: 5,0001 Wasted Time: 0,0008).	[MsgId: MMSG-16870]
Action.c(203): Notify: Transaction "ñancel_reservation" started.	[MsgId: MMSG-16999]
Action.c(205): lr_think_time: 5,00 seconds.	[MsgId: MMSG-15948]
Action.c(207): web_add_header("Origin") started  	[MsgId: MMSG-26355]
Action.c(207): web_add_header("Origin") was successful  	[MsgId: MMSG-26392]
Action.c(212): web_reg_save_param_ex started  	[MsgId: MMSG-26355]
Action.c(212): Registering web_reg_save_param_ex was successful  	[MsgId: MMSG-26390]
Action.c(223): web_reg_find started  	[MsgId: MMSG-26355]
Action.c(223): Registering web_reg_find was successful  	[MsgId: MMSG-26390]
Action.c(227): web_custom_request("itinerare.pl") started  	[MsgId: MMSG-26355]
Action.c(227): Error -35061: No match found for the requested parameter "ticketsPartID". Either the specified boundaries were not found in the response or the matched text is longer than current max html parameter size of 256 bytes. The total length of the response is 932 bytes. You can use "web_set_max_html_param_len" to increase the max parameter size.  	[MsgId: MERR-35061]
Action.c(227): Error -26366: "Text=<B>Vova Dyson
 's Flight Transaction Summary</B>" not found for web_reg_find  	[MsgId: MERR-26366]
End auto log messages stack.	[MsgId: MMSG-10544]


Start auto log messages stack - Iteration 42.	[MsgId: MMSG-10545]
Action.c(107): Notify: Transaction "viewing_receipts" ended with a "Pass" status (Duration: 5,1266 Think Time: 5,0001 Wasted Time: 0,0005).	[MsgId: MMSG-16870]
Action.c(203): Notify: Transaction "ñancel_reservation" started.	[MsgId: MMSG-16999]
Action.c(205): lr_think_time: 5,00 seconds.	[MsgId: MMSG-15948]
Action.c(207): web_add_header("Origin") started  	[MsgId: MMSG-26355]
Action.c(207): web_add_header("Origin") was successful  	[MsgId: MMSG-26392]
Action.c(212): web_reg_save_param_ex started  	[MsgId: MMSG-26355]
Action.c(212): Registering web_reg_save_param_ex was successful  	[MsgId: MMSG-26390]
Action.c(223): web_reg_find started  	[MsgId: MMSG-26355]
Action.c(223): Registering web_reg_find was successful  	[MsgId: MMSG-26390]
Action.c(227): web_custom_request("itinerare.pl") started  	[MsgId: MMSG-26355]
Action.c(227): Error -35061: No match found for the requested parameter "ticketsPartID". Either the specified boundaries were not found in the response or the matched text is longer than current max html parameter size of 256 bytes. The total length of the response is 932 bytes. You can use "web_set_max_html_param_len" to increase the max parameter size.  	[MsgId: MERR-35061]
Action.c(227): Error -26366: "Text=<B>Vova Dyson
 's Flight Transaction Summary</B>" not found for web_reg_find  	[MsgId: MERR-26366]
End auto log messages stack.	[MsgId: MMSG-10544]


Start auto log messages stack - Iteration 43.	[MsgId: MMSG-10545]
Action.c(107): Notify: Transaction "viewing_receipts" ended with a "Pass" status (Duration: 5,1288 Think Time: 5,0004 Wasted Time: 0,0009).	[MsgId: MMSG-16870]
Action.c(203): Notify: Transaction "ñancel_reservation" started.	[MsgId: MMSG-16999]
Action.c(205): lr_think_time: 5,00 seconds.	[MsgId: MMSG-15948]
Action.c(207): web_add_header("Origin") started  	[MsgId: MMSG-26355]
Action.c(207): web_add_header("Origin") was successful  	[MsgId: MMSG-26392]
Action.c(212): web_reg_save_param_ex started  	[MsgId: MMSG-26355]
Action.c(212): Registering web_reg_save_param_ex was successful  	[MsgId: MMSG-26390]
Action.c(223): web_reg_find started  	[MsgId: MMSG-26355]
Action.c(223): Registering web_reg_find was successful  	[MsgId: MMSG-26390]
Action.c(227): web_custom_request("itinerare.pl") started  	[MsgId: MMSG-26355]
Action.c(227): Error -35061: No match found for the requested parameter "ticketsPartID". Either the specified boundaries were not found in the response or the matched text is longer than current max html parameter size of 256 bytes. The total length of the response is 932 bytes. You can use "web_set_max_html_param_len" to increase the max parameter size.  	[MsgId: MERR-35061]
Action.c(227): Error -26366: "Text=<B>Sasha Carrington
 's Flight Transaction Summary</B>" not found for web_reg_find  	[MsgId: MERR-26366]
End auto log messages stack.	[MsgId: MMSG-10544]


Start auto log messages stack - Iteration 17.	[MsgId: MMSG-10545]
Action.c(107): Notify: Transaction "viewing_receipts" ended with a "Pass" status (Duration: 5,1283 Think Time: 5,0004 Wasted Time: 0,0007).	[MsgId: MMSG-16870]
Action.c(203): Notify: Transaction "ñancel_reservation" started.	[MsgId: MMSG-16999]
Action.c(205): lr_think_time: 5,00 seconds.	[MsgId: MMSG-15948]
Action.c(207): web_add_header("Origin") started  	[MsgId: MMSG-26355]
Action.c(207): web_add_header("Origin") was successful  	[MsgId: MMSG-26392]
Action.c(212): web_reg_save_param_ex started  	[MsgId: MMSG-26355]
Action.c(212): Registering web_reg_save_param_ex was successful  	[MsgId: MMSG-26390]
Action.c(223): web_reg_find started  	[MsgId: MMSG-26355]
Action.c(223): Registering web_reg_find was successful  	[MsgId: MMSG-26390]
Action.c(227): web_custom_request("itinerare.pl") started  	[MsgId: MMSG-26355]
Action.c(227): Error -35061: No match found for the requested parameter "ticketsPartID". Either the specified boundaries were not found in the response or the matched text is longer than current max html parameter size of 256 bytes. The total length of the response is 887 bytes. You can use "web_set_max_html_param_len" to increase the max parameter size.  	[MsgId: MERR-35061]
Action.c(227): Error -26366: "Text=<B>Lil Ivanov
 's Flight Transaction Summary</B>" not found for web_reg_find  	[MsgId: MERR-26366]
End auto log messages stack.	[MsgId: MMSG-10544]


Start auto log messages stack - Iteration 17.	[MsgId: MMSG-10545]
Action.c(97): Detected non-resource "http://localhost:1080/cgi-bin/itinerary.pl" in "http://localhost:1080/cgi-bin/welcome.pl?page=itinerary"  	[MsgId: MMSG-26574]
Action.c(97): Resource "http://localhost:1080/WebTours/images/flights.gif" is in the cache already and will not be downloaded again  	[MsgId: MMSG-26655]
Action.c(97): Found resource "http://localhost:1080/WebTours/images/in_itinerary.gif" in HTML "http://localhost:1080/cgi-bin/nav.pl?page=menu&in=itinerary"  	[MsgId: MMSG-26659]
Action.c(97): Found resource "http://localhost:1080/WebTours/images/home.gif" in HTML "http://localhost:1080/cgi-bin/nav.pl?page=menu&in=itinerary"  	[MsgId: MMSG-26659]
Action.c(97): Resource "http://localhost:1080/WebTours/images/signoff.gif" is in the cache already and will not be downloaded again  	[MsgId: MMSG-26655]
Action.c(97): Error -35061: No match found for the requested parameter "arrayFlightID". Either the specified boundaries were not found in the response or the matched text is longer than current max html parameter size of 256 bytes. The total length of the response is 4381 bytes. You can use "web_set_max_html_param_len" to increase the max parameter size.  	[MsgId: MERR-35061]
Action.c(97): Error -35061: No match found for the requested parameter "array_cgifields". Either the specified boundaries were not found in the response or the matched text is longer than current max html parameter size of 256 bytes. The total length of the response is 4381 bytes. You can use "web_set_max_html_param_len" to increase the max parameter size.  	[MsgId: MERR-35061]
Action.c(97): Error -26366: "Text=<B>Lil Ivanov
 's Flight Transaction Summary</B>" not found for web_reg_find  	[MsgId: MERR-26366]
End auto log messages stack.	[MsgId: MMSG-10544]


Start auto log messages stack - Iteration 26.	[MsgId: MMSG-10545]
Action.c(107): Notify: Transaction "viewing_receipts" ended with a "Pass" status (Duration: 5,1251 Think Time: 5,0006 Wasted Time: 0,0005).	[MsgId: MMSG-16870]
Action.c(203): Notify: Transaction "ñancel_reservation" started.	[MsgId: MMSG-16999]
Action.c(205): lr_think_time: 5,00 seconds.	[MsgId: MMSG-15948]
Action.c(207): web_add_header("Origin") started  	[MsgId: MMSG-26355]
Action.c(207): web_add_header("Origin") was successful  	[MsgId: MMSG-26392]
Action.c(212): web_reg_save_param_ex started  	[MsgId: MMSG-26355]
Action.c(212): Registering web_reg_save_param_ex was successful  	[MsgId: MMSG-26390]
Action.c(223): web_reg_find started  	[MsgId: MMSG-26355]
Action.c(223): Registering web_reg_find was successful  	[MsgId: MMSG-26390]
Action.c(227): web_custom_request("itinerare.pl") started  	[MsgId: MMSG-26355]
Action.c(227): Error -35061: No match found for the requested parameter "ticketsPartID". Either the specified boundaries were not found in the response or the matched text is longer than current max html parameter size of 256 bytes. The total length of the response is 932 bytes. You can use "web_set_max_html_param_len" to increase the max parameter size.  	[MsgId: MERR-35061]
Action.c(227): Error -26366: "Text=<B>Anton Duncan
 's Flight Transaction Summary</B>" not found for web_reg_find  	[MsgId: MERR-26366]
End auto log messages stack.	[MsgId: MMSG-10544]


Start auto log messages stack - Iteration 26.	[MsgId: MMSG-10545]
Action.c(107): Notify: Transaction "viewing_receipts" ended with a "Pass" status (Duration: 5,1314 Think Time: 4,9999 Wasted Time: 0,0007).	[MsgId: MMSG-16870]
Action.c(203): Notify: Transaction "ñancel_reservation" started.	[MsgId: MMSG-16999]
Action.c(205): lr_think_time: 5,00 seconds.	[MsgId: MMSG-15948]
Action.c(207): web_add_header("Origin") started  	[MsgId: MMSG-26355]
Action.c(207): web_add_header("Origin") was successful  	[MsgId: MMSG-26392]
Action.c(212): web_reg_save_param_ex started  	[MsgId: MMSG-26355]
Action.c(212): Registering web_reg_save_param_ex was successful  	[MsgId: MMSG-26390]
Action.c(223): web_reg_find started  	[MsgId: MMSG-26355]
Action.c(223): Registering web_reg_find was successful  	[MsgId: MMSG-26390]
Action.c(227): web_custom_request("itinerare.pl") started  	[MsgId: MMSG-26355]
Action.c(227): Error -35061: No match found for the requested parameter "ticketsPartID". Either the specified boundaries were not found in the response or the matched text is longer than current max html parameter size of 256 bytes. The total length of the response is 932 bytes. You can use "web_set_max_html_param_len" to increase the max parameter size.  	[MsgId: MERR-35061]
Action.c(227): Error -26366: "Text=<B>Anton Duncan
 's Flight Transaction Summary</B>" not found for web_reg_find  	[MsgId: MERR-26366]
End auto log messages stack.	[MsgId: MMSG-10544]


Start auto log messages stack - Iteration 18.	[MsgId: MMSG-10545]
Action.c(97): Detected non-resource "http://localhost:1080/cgi-bin/itinerary.pl" in "http://localhost:1080/cgi-bin/welcome.pl?page=itinerary"  	[MsgId: MMSG-26574]
Action.c(97): Resource "http://localhost:1080/WebTours/images/flights.gif" is in the cache already and will not be downloaded again  	[MsgId: MMSG-26655]
Action.c(97): Found resource "http://localhost:1080/WebTours/images/in_itinerary.gif" in HTML "http://localhost:1080/cgi-bin/nav.pl?page=menu&in=itinerary"  	[MsgId: MMSG-26659]
Action.c(97): Found resource "http://localhost:1080/WebTours/images/home.gif" in HTML "http://localhost:1080/cgi-bin/nav.pl?page=menu&in=itinerary"  	[MsgId: MMSG-26659]
Action.c(97): Resource "http://localhost:1080/WebTours/images/signoff.gif" is in the cache already and will not be downloaded again  	[MsgId: MMSG-26655]
Action.c(97): Error -35061: No match found for the requested parameter "arrayFlightID". Either the specified boundaries were not found in the response or the matched text is longer than current max html parameter size of 256 bytes. The total length of the response is 4381 bytes. You can use "web_set_max_html_param_len" to increase the max parameter size.  	[MsgId: MERR-35061]
Action.c(97): Error -35061: No match found for the requested parameter "array_cgifields". Either the specified boundaries were not found in the response or the matched text is longer than current max html parameter size of 256 bytes. The total length of the response is 4381 bytes. You can use "web_set_max_html_param_len" to increase the max parameter size.  	[MsgId: MERR-35061]
Action.c(97): Error -26366: "Text=<B>Gena Bukin
 's Flight Transaction Summary</B>" not found for web_reg_find  	[MsgId: MERR-26366]
End auto log messages stack.	[MsgId: MMSG-10544]


Start auto log messages stack - Iteration 18.	[MsgId: MMSG-10545]
Action.c(97): Detected non-resource "http://localhost:1080/cgi-bin/itinerary.pl" in "http://localhost:1080/cgi-bin/welcome.pl?page=itinerary"  	[MsgId: MMSG-26574]
Action.c(97): Resource "http://localhost:1080/WebTours/images/flights.gif" is in the cache already and will not be downloaded again  	[MsgId: MMSG-26655]
Action.c(97): Found resource "http://localhost:1080/WebTours/images/in_itinerary.gif" in HTML "http://localhost:1080/cgi-bin/nav.pl?page=menu&in=itinerary"  	[MsgId: MMSG-26659]
Action.c(97): Found resource "http://localhost:1080/WebTours/images/home.gif" in HTML "http://localhost:1080/cgi-bin/nav.pl?page=menu&in=itinerary"  	[MsgId: MMSG-26659]
Action.c(97): Resource "http://localhost:1080/WebTours/images/signoff.gif" is in the cache already and will not be downloaded again  	[MsgId: MMSG-26655]
Action.c(97): Error -35061: No match found for the requested parameter "arrayFlightID". Either the specified boundaries were not found in the response or the matched text is longer than current max html parameter size of 256 bytes. The total length of the response is 4381 bytes. You can use "web_set_max_html_param_len" to increase the max parameter size.  	[MsgId: MERR-35061]
Action.c(97): Error -35061: No match found for the requested parameter "array_cgifields". Either the specified boundaries were not found in the response or the matched text is longer than current max html parameter size of 256 bytes. The total length of the response is 4381 bytes. You can use "web_set_max_html_param_len" to increase the max parameter size.  	[MsgId: MERR-35061]
Action.c(97): Error -26366: "Text=<B>Gena Bukin
 's Flight Transaction Summary</B>" not found for web_reg_find  	[MsgId: MERR-26366]
End auto log messages stack.	[MsgId: MMSG-10544]


Start auto log messages stack - Iteration 27.	[MsgId: MMSG-10545]
Action.c(107): Notify: Transaction "viewing_receipts" ended with a "Pass" status (Duration: 5,1231 Think Time: 5,0001 Wasted Time: 0,0003).	[MsgId: MMSG-16870]
Action.c(203): Notify: Transaction "ñancel_reservation" started.	[MsgId: MMSG-16999]
Action.c(205): lr_think_time: 5,00 seconds.	[MsgId: MMSG-15948]
Action.c(207): web_add_header("Origin") started  	[MsgId: MMSG-26355]
Action.c(207): web_add_header("Origin") was successful  	[MsgId: MMSG-26392]
Action.c(212): web_reg_save_param_ex started  	[MsgId: MMSG-26355]
Action.c(212): Registering web_reg_save_param_ex was successful  	[MsgId: MMSG-26390]
Action.c(223): web_reg_find started  	[MsgId: MMSG-26355]
Action.c(223): Registering web_reg_find was successful  	[MsgId: MMSG-26390]
Action.c(227): web_custom_request("itinerare.pl") started  	[MsgId: MMSG-26355]
Action.c(227): Error -35061: No match found for the requested parameter "ticketsPartID". Either the specified boundaries were not found in the response or the matched text is longer than current max html parameter size of 256 bytes. The total length of the response is 887 bytes. You can use "web_set_max_html_param_len" to increase the max parameter size.  	[MsgId: MERR-35061]
Action.c(227): Error -26366: "Text=<B>Lee Doltun
 's Flight Transaction Summary</B>" not found for web_reg_find  	[MsgId: MERR-26366]
End auto log messages stack.	[MsgId: MMSG-10544]


Start auto log messages stack - Iteration 27.	[MsgId: MMSG-10545]
Action.c(97): Detected non-resource "http://localhost:1080/cgi-bin/itinerary.pl" in "http://localhost:1080/cgi-bin/welcome.pl?page=itinerary"  	[MsgId: MMSG-26574]
Action.c(97): Resource "http://localhost:1080/WebTours/images/flights.gif" is in the cache already and will not be downloaded again  	[MsgId: MMSG-26655]
Action.c(97): Found resource "http://localhost:1080/WebTours/images/in_itinerary.gif" in HTML "http://localhost:1080/cgi-bin/nav.pl?page=menu&in=itinerary"  	[MsgId: MMSG-26659]
Action.c(97): Found resource "http://localhost:1080/WebTours/images/home.gif" in HTML "http://localhost:1080/cgi-bin/nav.pl?page=menu&in=itinerary"  	[MsgId: MMSG-26659]
Action.c(97): Resource "http://localhost:1080/WebTours/images/signoff.gif" is in the cache already and will not be downloaded again  	[MsgId: MMSG-26655]
Action.c(97): Error -35061: No match found for the requested parameter "arrayFlightID". Either the specified boundaries were not found in the response or the matched text is longer than current max html parameter size of 256 bytes. The total length of the response is 4381 bytes. You can use "web_set_max_html_param_len" to increase the max parameter size.  	[MsgId: MERR-35061]
Action.c(97): Error -35061: No match found for the requested parameter "array_cgifields". Either the specified boundaries were not found in the response or the matched text is longer than current max html parameter size of 256 bytes. The total length of the response is 4381 bytes. You can use "web_set_max_html_param_len" to increase the max parameter size.  	[MsgId: MERR-35061]
Action.c(97): Error -26366: "Text=<B>Lee Doltun
 's Flight Transaction Summary</B>" not found for web_reg_find  	[MsgId: MERR-26366]
End auto log messages stack.	[MsgId: MMSG-10544]


Start auto log messages stack - Iteration 45.	[MsgId: MMSG-10545]
Action.c(107): Notify: Transaction "viewing_receipts" ended with a "Pass" status (Duration: 5,0890 Think Time: 5,0001 Wasted Time: 0,0004).	[MsgId: MMSG-16870]
Action.c(203): Notify: Transaction "ñancel_reservation" started.	[MsgId: MMSG-16999]
Action.c(205): lr_think_time: 5,00 seconds.	[MsgId: MMSG-15948]
Action.c(207): web_add_header("Origin") started  	[MsgId: MMSG-26355]
Action.c(207): web_add_header("Origin") was successful  	[MsgId: MMSG-26392]
Action.c(212): web_reg_save_param_ex started  	[MsgId: MMSG-26355]
Action.c(212): Registering web_reg_save_param_ex was successful  	[MsgId: MMSG-26390]
Action.c(223): web_reg_find started  	[MsgId: MMSG-26355]
Action.c(223): Registering web_reg_find was successful  	[MsgId: MMSG-26390]
Action.c(227): web_custom_request("itinerare.pl") started  	[MsgId: MMSG-26355]
Action.c(227): Error -35061: No match found for the requested parameter "ticketsPartID". Either the specified boundaries were not found in the response or the matched text is longer than current max html parameter size of 256 bytes. The total length of the response is 887 bytes. You can use "web_set_max_html_param_len" to increase the max parameter size.  	[MsgId: MERR-35061]
Action.c(227): Error -26366: "Text=<B>Lil Ivanov
 's Flight Transaction Summary</B>" not found for web_reg_find  	[MsgId: MERR-26366]
End auto log messages stack.	[MsgId: MMSG-10544]


Start auto log messages stack - Iteration 45.	[MsgId: MMSG-10545]
Action.c(97): Detected non-resource "http://localhost:1080/cgi-bin/itinerary.pl" in "http://localhost:1080/cgi-bin/welcome.pl?page=itinerary"  	[MsgId: MMSG-26574]
Action.c(97): Resource "http://localhost:1080/WebTours/images/flights.gif" is in the cache already and will not be downloaded again  	[MsgId: MMSG-26655]
Action.c(97): Found resource "http://localhost:1080/WebTours/images/in_itinerary.gif" in HTML "http://localhost:1080/cgi-bin/nav.pl?page=menu&in=itinerary"  	[MsgId: MMSG-26659]
Action.c(97): Found resource "http://localhost:1080/WebTours/images/home.gif" in HTML "http://localhost:1080/cgi-bin/nav.pl?page=menu&in=itinerary"  	[MsgId: MMSG-26659]
Action.c(97): Resource "http://localhost:1080/WebTours/images/signoff.gif" is in the cache already and will not be downloaded again  	[MsgId: MMSG-26655]
Action.c(97): Error -35061: No match found for the requested parameter "arrayFlightID". Either the specified boundaries were not found in the response or the matched text is longer than current max html parameter size of 256 bytes. The total length of the response is 4381 bytes. You can use "web_set_max_html_param_len" to increase the max parameter size.  	[MsgId: MERR-35061]
Action.c(97): Error -35061: No match found for the requested parameter "array_cgifields". Either the specified boundaries were not found in the response or the matched text is longer than current max html parameter size of 256 bytes. The total length of the response is 4381 bytes. You can use "web_set_max_html_param_len" to increase the max parameter size.  	[MsgId: MERR-35061]
Action.c(97): Error -26366: "Text=<B>Lil Ivanov
 's Flight Transaction Summary</B>" not found for web_reg_find  	[MsgId: MERR-26366]
End auto log messages stack.	[MsgId: MMSG-10544]


