Start auto log messages stack - Iteration 5.	[MsgId: MMSG-10545]
..\\QueryLibrary\\login_request.h(32): Found resource "http://localhost:1080/WebTours/images/flights.gif" in HTML "http://localhost:1080/cgi-bin/nav.pl?page=menu&in=home"  	[MsgId: MMSG-26659]
..\\QueryLibrary\\login_request.h(32): Found resource "http://localhost:1080/WebTours/images/itinerary.gif" in HTML "http://localhost:1080/cgi-bin/nav.pl?page=menu&in=home"  	[MsgId: MMSG-26659]
..\\QueryLibrary\\login_request.h(32): Found resource "http://localhost:1080/WebTours/images/in_home.gif" in HTML "http://localhost:1080/cgi-bin/nav.pl?page=menu&in=home"  	[MsgId: MMSG-26659]
..\\QueryLibrary\\login_request.h(32): Found resource "http://localhost:1080/WebTours/images/signoff.gif" in HTML "http://localhost:1080/cgi-bin/nav.pl?page=menu&in=home"  	[MsgId: MMSG-26659]
..\\QueryLibrary\\login_request.h(32): Error -26612: HTTP Status-Code=500 (Internal Server Error) for "http://localhost:1080/cgi-bin/login.pl?intro=true"  	[MsgId: MERR-26612]
..\\QueryLibrary\\login_request.h(32): Error -26366: "Text=Welcome, <b>Barre</b>, to the Web Tours reservation pages." not found for web_reg_find  	[MsgId: MERR-26366]
End auto log messages stack.	[MsgId: MMSG-10544]


Start auto log messages stack - Iteration 9.	[MsgId: MMSG-10545]
Action.c(107): Notify: Transaction "viewing_receipts" ended with a "Pass" status (Duration: 5,1647 Think Time: 5,0000 Wasted Time: 0,0011).	[MsgId: MMSG-16870]
Action.c(203): Notify: Transaction "ñancel_reservation" started.	[MsgId: MMSG-16999]
Action.c(205): lr_think_time: 5,00 seconds.	[MsgId: MMSG-15948]
Action.c(207): web_add_header("Origin") started  	[MsgId: MMSG-26355]
Action.c(207): web_add_header("Origin") was successful  	[MsgId: MMSG-26392]
Action.c(212): web_reg_save_param_ex started  	[MsgId: MMSG-26355]
Action.c(212): Registering web_reg_save_param_ex was successful  	[MsgId: MMSG-26390]
Action.c(223): web_reg_find started  	[MsgId: MMSG-26355]
Action.c(223): Registering web_reg_find was successful  	[MsgId: MMSG-26390]
Action.c(227): web_custom_request("itinerare.pl") started  	[MsgId: MMSG-26355]
Action.c(227): Error -35061: No match found for the requested parameter "ticketsPartID". Either the specified boundaries were not found in the response or the matched text is longer than current max html parameter size of 256 bytes. The total length of the response is 932 bytes. You can use "web_set_max_html_param_len" to increase the max parameter size.  	[MsgId: MERR-35061]
Action.c(227): Error -26366: "Text=<B>Olya Oldman
 's Flight Transaction Summary</B>" not found for web_reg_find  	[MsgId: MERR-26366]
End auto log messages stack.	[MsgId: MMSG-10544]


Start auto log messages stack - Iteration 12.	[MsgId: MMSG-10545]
Action.c(107): Notify: Transaction "viewing_receipts" ended with a "Pass" status (Duration: 5,1516 Think Time: 4,9998 Wasted Time: 0,0008).	[MsgId: MMSG-16870]
Action.c(203): Notify: Transaction "ñancel_reservation" started.	[MsgId: MMSG-16999]
Action.c(205): lr_think_time: 5,00 seconds.	[MsgId: MMSG-15948]
Action.c(207): web_add_header("Origin") started  	[MsgId: MMSG-26355]
Action.c(207): web_add_header("Origin") was successful  	[MsgId: MMSG-26392]
Action.c(212): web_reg_save_param_ex started  	[MsgId: MMSG-26355]
Action.c(212): Registering web_reg_save_param_ex was successful  	[MsgId: MMSG-26390]
Action.c(223): web_reg_find started  	[MsgId: MMSG-26355]
Action.c(223): Registering web_reg_find was successful  	[MsgId: MMSG-26390]
Action.c(227): web_custom_request("itinerare.pl") started  	[MsgId: MMSG-26355]
Action.c(227): Error -35061: No match found for the requested parameter "ticketsPartID". Either the specified boundaries were not found in the response or the matched text is longer than current max html parameter size of 256 bytes. The total length of the response is 932 bytes. You can use "web_set_max_html_param_len" to increase the max parameter size.  	[MsgId: MERR-35061]
Action.c(227): Error -26366: "Text=<B>Alex Nevill
 's Flight Transaction Summary</B>" not found for web_reg_find  	[MsgId: MERR-26366]
End auto log messages stack.	[MsgId: MMSG-10544]


Start auto log messages stack - Iteration 17.	[MsgId: MMSG-10545]
Action.c(227): Resource "http://localhost:1080/WebTours/images/cancelreservation.gif" is in the cache already and will not be downloaded again  	[MsgId: MMSG-26655]
Action.c(227): Resource "http://localhost:1080/WebTours/images/cancelallreservations.gif" is in the cache already and will not be downloaded again  	[MsgId: MMSG-26655]
Action.c(227): Registered web_reg_find successful for "Text=<B>Eachern Eagar
 's Flight Transaction Summary</B>" (count=1)  	[MsgId: MMSG-26364]
Action.c(227): web_custom_request("itinerare.pl") was successful, 33638 body bytes, 256 header bytes, 75 chunking overhead bytes  	[MsgId: MMSG-26385]
Action.c(261): Notify: Transaction "ñancel_reservation" ended with a "Fail" status (Duration: 5,0574 Think Time: 5,0003 Wasted Time: 0,0003).	[MsgId: MMSG-16870]
Action.c(261): Notify: Transaction "ñancel_reservation" has 0 error message(s).	[MsgId: MMSG-16818]
Action.c(267): Error: Failed to end Transaction "ñancel_reservation" (by name). Please check that you made a call to start transaction operation.	[MsgId: MERR-16985]
End auto log messages stack.	[MsgId: MMSG-10544]


Start auto log messages stack - Iteration 20.	[MsgId: MMSG-10545]
Action.c(212): web_reg_save_param_ex started  	[MsgId: MMSG-26355]
Action.c(212): Registering web_reg_save_param_ex was successful  	[MsgId: MMSG-26390]
Action.c(223): web_reg_find started  	[MsgId: MMSG-26355]
Action.c(223): Registering web_reg_find was successful  	[MsgId: MMSG-26390]
Action.c(227): web_custom_request("itinerare.pl") started  	[MsgId: MMSG-26355]
Action.c(227): Resource "http://localhost:1080/WebTours/images/cancelreservation.gif" is in the cache already and will not be downloaded again  	[MsgId: MMSG-26655]
Action.c(227): Resource "http://localhost:1080/WebTours/images/cancelallreservations.gif" is in the cache already and will not be downloaded again  	[MsgId: MMSG-26655]
Action.c(227): Error -26366: "Text=<B>Eachern Eagar
 's Flight Transaction Summary</B>" not found for web_reg_find  	[MsgId: MERR-26366]
End auto log messages stack.	[MsgId: MMSG-10544]


Start auto log messages stack - Iteration 23.	[MsgId: MMSG-10545]
Action.c(97): Found resource "http://localhost:1080/WebTours/images/in_itinerary.gif" in HTML "http://localhost:1080/cgi-bin/nav.pl?page=menu&in=itinerary"  	[MsgId: MMSG-26659]
Action.c(97): Found resource "http://localhost:1080/WebTours/images/home.gif" in HTML "http://localhost:1080/cgi-bin/nav.pl?page=menu&in=itinerary"  	[MsgId: MMSG-26659]
Action.c(97): Resource "http://localhost:1080/WebTours/images/signoff.gif" is in the cache already and will not be downloaded again  	[MsgId: MMSG-26655]
Action.c(97): Found resource "http://localhost:1080/WebTours/images/cancelreservation.gif" in HTML "http://localhost:1080/cgi-bin/itinerary.pl"  	[MsgId: MMSG-26659]
Action.c(97): Found resource "http://localhost:1080/WebTours/images/cancelallreservations.gif" in HTML "http://localhost:1080/cgi-bin/itinerary.pl"  	[MsgId: MMSG-26659]
Action.c(97): Error -26366: "Text=<B>Eachern Eagar
 's Flight Transaction Summary</B>" not found for web_reg_find  	[MsgId: MERR-26366]
End auto log messages stack.	[MsgId: MMSG-10544]


Start auto log messages stack - Iteration 26.	[MsgId: MMSG-10545]
Action.c(97): Found resource "http://localhost:1080/WebTours/images/in_itinerary.gif" in HTML "http://localhost:1080/cgi-bin/nav.pl?page=menu&in=itinerary"  	[MsgId: MMSG-26659]
Action.c(97): Found resource "http://localhost:1080/WebTours/images/home.gif" in HTML "http://localhost:1080/cgi-bin/nav.pl?page=menu&in=itinerary"  	[MsgId: MMSG-26659]
Action.c(97): Resource "http://localhost:1080/WebTours/images/signoff.gif" is in the cache already and will not be downloaded again  	[MsgId: MMSG-26655]
Action.c(97): Found resource "http://localhost:1080/WebTours/images/cancelreservation.gif" in HTML "http://localhost:1080/cgi-bin/itinerary.pl"  	[MsgId: MMSG-26659]
Action.c(97): Found resource "http://localhost:1080/WebTours/images/cancelallreservations.gif" in HTML "http://localhost:1080/cgi-bin/itinerary.pl"  	[MsgId: MMSG-26659]
Action.c(97): Error -26366: "Text=<B>Eachern Eagar
 's Flight Transaction Summary</B>" not found for web_reg_find  	[MsgId: MERR-26366]
End auto log messages stack.	[MsgId: MMSG-10544]


Start auto log messages stack - Iteration 31.	[MsgId: MMSG-10545]
Action.c(107): Notify: Transaction "viewing_receipts" ended with a "Pass" status (Duration: 5,1445 Think Time: 4,9999 Wasted Time: 0,0010).	[MsgId: MMSG-16870]
Action.c(203): Notify: Transaction "ñancel_reservation" started.	[MsgId: MMSG-16999]
Action.c(205): lr_think_time: 5,00 seconds.	[MsgId: MMSG-15948]
Action.c(207): web_add_header("Origin") started  	[MsgId: MMSG-26355]
Action.c(207): web_add_header("Origin") was successful  	[MsgId: MMSG-26392]
Action.c(212): web_reg_save_param_ex started  	[MsgId: MMSG-26355]
Action.c(212): Registering web_reg_save_param_ex was successful  	[MsgId: MMSG-26390]
Action.c(223): web_reg_find started  	[MsgId: MMSG-26355]
Action.c(223): Registering web_reg_find was successful  	[MsgId: MMSG-26390]
Action.c(227): web_custom_request("itinerare.pl") started  	[MsgId: MMSG-26355]
Action.c(227): Error -35061: No match found for the requested parameter "ticketsPartID". Either the specified boundaries were not found in the response or the matched text is longer than current max html parameter size of 256 bytes. The total length of the response is 932 bytes. You can use "web_set_max_html_param_len" to increase the max parameter size.  	[MsgId: MERR-35061]
Action.c(227): Error -26366: "Text=<B>Dabbs Dabolt
 's Flight Transaction Summary</B>" not found for web_reg_find  	[MsgId: MERR-26366]
End auto log messages stack.	[MsgId: MMSG-10544]


Start auto log messages stack - Iteration 33.	[MsgId: MMSG-10545]
Action.c(107): Notify: Transaction "viewing_receipts" ended with a "Pass" status (Duration: 5,1403 Think Time: 4,9999 Wasted Time: 0,0007).	[MsgId: MMSG-16870]
Action.c(203): Notify: Transaction "ñancel_reservation" started.	[MsgId: MMSG-16999]
Action.c(205): lr_think_time: 5,00 seconds.	[MsgId: MMSG-15948]
Action.c(207): web_add_header("Origin") started  	[MsgId: MMSG-26355]
Action.c(207): web_add_header("Origin") was successful  	[MsgId: MMSG-26392]
Action.c(212): web_reg_save_param_ex started  	[MsgId: MMSG-26355]
Action.c(212): Registering web_reg_save_param_ex was successful  	[MsgId: MMSG-26390]
Action.c(223): web_reg_find started  	[MsgId: MMSG-26355]
Action.c(223): Registering web_reg_find was successful  	[MsgId: MMSG-26390]
Action.c(227): web_custom_request("itinerare.pl") started  	[MsgId: MMSG-26355]
Action.c(227): Error -35061: No match found for the requested parameter "ticketsPartID". Either the specified boundaries were not found in the response or the matched text is longer than current max html parameter size of 256 bytes. The total length of the response is 932 bytes. You can use "web_set_max_html_param_len" to increase the max parameter size.  	[MsgId: MERR-35061]
Action.c(227): Error -26366: "Text=<B>Daberath Dacoma
 's Flight Transaction Summary</B>" not found for web_reg_find  	[MsgId: MERR-26366]
End auto log messages stack.	[MsgId: MMSG-10544]


Start auto log messages stack - Iteration 34.	[MsgId: MMSG-10545]
Action.c(107): Notify: Transaction "viewing_receipts" ended with a "Pass" status (Duration: 5,1193 Think Time: 4,9999 Wasted Time: 0,0010).	[MsgId: MMSG-16870]
Action.c(203): Notify: Transaction "ñancel_reservation" started.	[MsgId: MMSG-16999]
Action.c(205): lr_think_time: 5,00 seconds.	[MsgId: MMSG-15948]
Action.c(207): web_add_header("Origin") started  	[MsgId: MMSG-26355]
Action.c(207): web_add_header("Origin") was successful  	[MsgId: MMSG-26392]
Action.c(212): web_reg_save_param_ex started  	[MsgId: MMSG-26355]
Action.c(212): Registering web_reg_save_param_ex was successful  	[MsgId: MMSG-26390]
Action.c(223): web_reg_find started  	[MsgId: MMSG-26355]
Action.c(223): Registering web_reg_find was successful  	[MsgId: MMSG-26390]
Action.c(227): web_custom_request("itinerare.pl") started  	[MsgId: MMSG-26355]
Action.c(227): Error -35061: No match found for the requested parameter "ticketsPartID". Either the specified boundaries were not found in the response or the matched text is longer than current max html parameter size of 256 bytes. The total length of the response is 932 bytes. You can use "web_set_max_html_param_len" to increase the max parameter size.  	[MsgId: MERR-35061]
Action.c(227): Error -26366: "Text=<B>Dace Dacula
 's Flight Transaction Summary</B>" not found for web_reg_find  	[MsgId: MERR-26366]
End auto log messages stack.	[MsgId: MMSG-10544]


Start auto log messages stack - Iteration 34.	[MsgId: MMSG-10545]
Action.c(227): Resource "http://localhost:1080/WebTours/images/cancelreservation.gif" is in the cache already and will not be downloaded again  	[MsgId: MMSG-26655]
Action.c(227): Resource "http://localhost:1080/WebTours/images/cancelallreservations.gif" is in the cache already and will not be downloaded again  	[MsgId: MMSG-26655]
Action.c(227): Registered web_reg_find successful for "Text=<B>Aaren Abbottstown
 's Flight Transaction Summary</B>" (count=1)  	[MsgId: MMSG-26364]
Action.c(227): web_custom_request("itinerare.pl") was successful, 46303 body bytes, 256 header bytes, 99 chunking overhead bytes  	[MsgId: MMSG-26385]
Action.c(261): Notify: Transaction "ñancel_reservation" ended with a "Fail" status (Duration: 5,0625 Think Time: 4,9995 Wasted Time: 0,0005).	[MsgId: MMSG-16870]
Action.c(261): Notify: Transaction "ñancel_reservation" has 0 error message(s).	[MsgId: MMSG-16818]
Action.c(261): Error: Failed to end Transaction "ñancel_reservation" (by name). Please check that you made a call to start transaction operation.	[MsgId: MERR-16985]
Action.c(261): Error: Failed to end Transaction "ñancel_reservation" (by name). Please check that you made a call to start transaction operation.	[MsgId: MERR-16985]
Action.c(261): Error: Failed to end Transaction "ñancel_reservation" (by name). Please check that you made a call to start transaction operation.	[MsgId: MERR-16985]
Action.c(261): Error: Failed to end Transaction "ñancel_reservation" (by name). Please check that you made a call to start transaction operation.	[MsgId: MERR-16985]
Action.c(261): Error: Failed to end Transaction "ñancel_reservation" (by name). Please check that you made a call to start transaction operation.	[MsgId: MERR-16985]
Action.c(267): Error: Failed to end Transaction "ñancel_reservation" (by name). Please check that you made a call to start transaction operation.	[MsgId: MERR-16985]
End auto log messages stack.	[MsgId: MMSG-10544]


Start auto log messages stack - Iteration 41.	[MsgId: MMSG-10545]
Action.c(107): Notify: Transaction "viewing_receipts" ended with a "Pass" status (Duration: 5,1668 Think Time: 4,9999 Wasted Time: 0,0010).	[MsgId: MMSG-16870]
Action.c(203): Notify: Transaction "ñancel_reservation" started.	[MsgId: MMSG-16999]
Action.c(205): lr_think_time: 5,00 seconds.	[MsgId: MMSG-15948]
Action.c(207): web_add_header("Origin") started  	[MsgId: MMSG-26355]
Action.c(207): web_add_header("Origin") was successful  	[MsgId: MMSG-26392]
Action.c(212): web_reg_save_param_ex started  	[MsgId: MMSG-26355]
Action.c(212): Registering web_reg_save_param_ex was successful  	[MsgId: MMSG-26390]
Action.c(223): web_reg_find started  	[MsgId: MMSG-26355]
Action.c(223): Registering web_reg_find was successful  	[MsgId: MMSG-26390]
Action.c(227): web_custom_request("itinerare.pl") started  	[MsgId: MMSG-26355]
Action.c(227): Error -35061: No match found for the requested parameter "ticketsPartID". Either the specified boundaries were not found in the response or the matched text is longer than current max html parameter size of 256 bytes. The total length of the response is 932 bytes. You can use "web_set_max_html_param_len" to increase the max parameter size.  	[MsgId: MERR-35061]
Action.c(227): Error -26366: "Text=<B>Fabi Fabyan
 's Flight Transaction Summary</B>" not found for web_reg_find  	[MsgId: MERR-26366]
End auto log messages stack.	[MsgId: MMSG-10544]


Start auto log messages stack - Iteration 45.	[MsgId: MMSG-10545]
Action.c(97): Found resource "http://localhost:1080/WebTours/images/in_itinerary.gif" in HTML "http://localhost:1080/cgi-bin/nav.pl?page=menu&in=itinerary"  	[MsgId: MMSG-26659]
Action.c(97): Found resource "http://localhost:1080/WebTours/images/home.gif" in HTML "http://localhost:1080/cgi-bin/nav.pl?page=menu&in=itinerary"  	[MsgId: MMSG-26659]
Action.c(97): Resource "http://localhost:1080/WebTours/images/signoff.gif" is in the cache already and will not be downloaded again  	[MsgId: MMSG-26655]
Action.c(97): Found resource "http://localhost:1080/WebTours/images/cancelreservation.gif" in HTML "http://localhost:1080/cgi-bin/itinerary.pl"  	[MsgId: MMSG-26659]
Action.c(97): Found resource "http://localhost:1080/WebTours/images/cancelallreservations.gif" in HTML "http://localhost:1080/cgi-bin/itinerary.pl"  	[MsgId: MMSG-26659]
Action.c(97): Error -26366: "Text=<B>Eachern Eagar
 's Flight Transaction Summary</B>" not found for web_reg_find  	[MsgId: MERR-26366]
End auto log messages stack.	[MsgId: MMSG-10544]


Start auto log messages stack - Iteration 46.	[MsgId: MMSG-10545]
Action.c(97): Found resource "http://localhost:1080/WebTours/images/in_itinerary.gif" in HTML "http://localhost:1080/cgi-bin/nav.pl?page=menu&in=itinerary"  	[MsgId: MMSG-26659]
Action.c(97): Found resource "http://localhost:1080/WebTours/images/home.gif" in HTML "http://localhost:1080/cgi-bin/nav.pl?page=menu&in=itinerary"  	[MsgId: MMSG-26659]
Action.c(97): Resource "http://localhost:1080/WebTours/images/signoff.gif" is in the cache already and will not be downloaded again  	[MsgId: MMSG-26655]
Action.c(97): Found resource "http://localhost:1080/WebTours/images/cancelreservation.gif" in HTML "http://localhost:1080/cgi-bin/itinerary.pl"  	[MsgId: MMSG-26659]
Action.c(97): Found resource "http://localhost:1080/WebTours/images/cancelallreservations.gif" in HTML "http://localhost:1080/cgi-bin/itinerary.pl"  	[MsgId: MMSG-26659]
Action.c(97): Error -26366: "Text=<B>Eachern Eagar
 's Flight Transaction Summary</B>" not found for web_reg_find  	[MsgId: MERR-26366]
End auto log messages stack.	[MsgId: MMSG-10544]


