Start auto log messages stack - Iteration 13.	[MsgId: MMSG-10545]
Action.c(227):     </style><BR/><BR/><h1>&nbsp;&nbsp;<b>Itinerary</b></h1>\n
Action.c(227):     <blockquote><P break>Unfortunately, we could not delete your entire itinerary because of a
Action.c(227):      database synchronization error.  If you could please re-load your itinerary and try again
Action.c(227):     , we would appreciate it.  Thank you for your patience.</blockquote>\n
Action.c(227):     </body>\n
Action.c(227):     </html>
Action.c(227): t=735583ms: 5-byte chunked response overhead for "http://localhost:1080/cgi-bin/itinerary.pl" (RelFrameId=1, Internal ID=348)
Action.c(227):     0\r\n
Action.c(227):     \r\n
Action.c(227): Error -35061: No match found for the requested parameter "ticketsPartID". Either the specified boundaries were not found in the response or the matched text is longer than current max html parameter size of 256 bytes. The total length of the response is 932 bytes. You can use "web_set_max_html_param_len" to increase the max parameter size.  	[MsgId: MERR-35061]
End auto log messages stack.	[MsgId: MMSG-10544]


Start auto log messages stack - Iteration 13.	[MsgId: MMSG-10545]
Action.c(227): Notify: Saving Parameter "ticketsPartID_count = 0".	[MsgId: MMSG-13798]
Action.c(227): Error -26366: "Text=<B>Sasha Otis
 's Flight Transaction Summary</B>" not found for web_reg_find  	[MsgId: MERR-26366]
End auto log messages stack.	[MsgId: MMSG-10544]


Start auto log messages stack - Iteration 20.	[MsgId: MMSG-10545]
Action.c(227):     </style><BR/><BR/><h1>&nbsp;&nbsp;<b>Itinerary</b></h1>\n
Action.c(227):     <blockquote><P break>Unfortunately, we could not delete your entire itinerary because of a
Action.c(227):      database synchronization error.  If you could please re-load your itinerary and try again
Action.c(227):     , we would appreciate it.  Thank you for your patience.</blockquote>\n
Action.c(227):     </body>\n
Action.c(227):     </html>
Action.c(227): t=2399605ms: 5-byte chunked response overhead for "http://localhost:1080/cgi-bin/itinerary.pl" (RelFrameId=1, Internal ID=537)
Action.c(227):     0\r\n
Action.c(227):     \r\n
Action.c(227): Error -35061: No match found for the requested parameter "ticketsPartID". Either the specified boundaries were not found in the response or the matched text is longer than current max html parameter size of 256 bytes. The total length of the response is 932 bytes. You can use "web_set_max_html_param_len" to increase the max parameter size.  	[MsgId: MERR-35061]
End auto log messages stack.	[MsgId: MMSG-10544]


Start auto log messages stack - Iteration 20.	[MsgId: MMSG-10545]
Action.c(227): Notify: Saving Parameter "ticketsPartID_count = 0".	[MsgId: MMSG-13798]
Action.c(227): Error -26366: "Text=<B>Eachern Eagar
 's Flight Transaction Summary</B>" not found for web_reg_find  	[MsgId: MERR-26366]
End auto log messages stack.	[MsgId: MMSG-10544]


Start auto log messages stack - Iteration 21.	[MsgId: MMSG-10545]
Action.c(227):     </style><BR/><BR/><h1>&nbsp;&nbsp;<b>Itinerary</b></h1>\n
Action.c(227):     <blockquote><P break>Unfortunately, we could not delete your entire itinerary because of a
Action.c(227):      database synchronization error.  If you could please re-load your itinerary and try again
Action.c(227):     , we would appreciate it.  Thank you for your patience.</blockquote>\n
Action.c(227):     </body>\n
Action.c(227):     </html>
Action.c(227): t=2459602ms: 5-byte chunked response overhead for "http://localhost:1080/cgi-bin/itinerary.pl" (RelFrameId=1, Internal ID=561)
Action.c(227):     0\r\n
Action.c(227):     \r\n
Action.c(227): Error -35061: No match found for the requested parameter "ticketsPartID". Either the specified boundaries were not found in the response or the matched text is longer than current max html parameter size of 256 bytes. The total length of the response is 932 bytes. You can use "web_set_max_html_param_len" to increase the max parameter size.  	[MsgId: MERR-35061]
End auto log messages stack.	[MsgId: MMSG-10544]


Start auto log messages stack - Iteration 21.	[MsgId: MMSG-10545]
Action.c(227): Notify: Saving Parameter "ticketsPartID_count = 0".	[MsgId: MMSG-13798]
Action.c(227): Error -26366: "Text=<B>Eada Eagarville
 's Flight Transaction Summary</B>" not found for web_reg_find  	[MsgId: MERR-26366]
End auto log messages stack.	[MsgId: MMSG-10544]


Start auto log messages stack - Iteration 31.	[MsgId: MMSG-10545]
Action.c(250): Notify: Parameter Substitution: parameter "ticketsPartID_33" =  "0"	[MsgId: MMSG-13992]
Action.c(248): Notify: Parameter Substitution: parameter "arrayFlightID_34" =  "0-261796918-33"	[MsgId: MMSG-13992]
Action.c(250): Notify: Parameter Substitution: parameter "ticketsPartID_34" =  "0"	[MsgId: MMSG-13992]
Action.c(248): Notify: Parameter Substitution: parameter "arrayFlightID_34" =  "0-261796918-33"	[MsgId: MMSG-13992]
Action.c(250): Notify: Parameter Substitution: parameter "ticketsPartID_35" =  "0"	[MsgId: MMSG-13992]
Action.c(248): Notify: Parameter Substitution: parameter "arrayFlightID_34" =  "0-261796918-33"	[MsgId: MMSG-13992]
Action.c(250): Notify: Parameter Substitution: parameter "ticketsPartID_36" =  "0"	[MsgId: MMSG-13992]
Action.c(248): Notify: Parameter Substitution: parameter "arrayFlightID_34" =  "0-261796918-33"	[MsgId: MMSG-13992]
Action.c(250): Notify: Parameter Substitution: parameter "ticketsPartID_37" =  "0"	[MsgId: MMSG-13992]
Action.c(248): Notify: Parameter Substitution: parameter "arrayFlightID_34" =  "0-261796918-33"	[MsgId: MMSG-13992]
Action.c(250): Notify: Parameter Substitution: parameter "ticketsPartID_38" =  "0"	[MsgId: MMSG-13992]
Action.c(261): Notify: Transaction "ñancel_reservation" ended with a "Fail" status (Duration: 5,0588 Think Time: 5,0006 Wasted Time: 0,0004).	[MsgId: MMSG-16870]
Action.c(261): Notify: Transaction "ñancel_reservation" has 0 error message(s).	[MsgId: MMSG-16818]
Action.c(248): Notify: Parameter Substitution: parameter "arrayFlightID_34" =  "0-261796918-33"	[MsgId: MMSG-13992]
Action.c(250): Notify: Parameter Substitution: parameter "ticketsPartID_39" =  "0"	[MsgId: MMSG-13992]
Action.c(261): Error: Failed to end Transaction "ñancel_reservation" (by name). Please check that you made a call to start transaction operation.	[MsgId: MERR-16985]
End auto log messages stack.	[MsgId: MMSG-10544]


Start auto log messages stack - Iteration 31.	[MsgId: MMSG-10545]
Action.c(248): Notify: Parameter Substitution: parameter "arrayFlightID_34" =  "0-261796918-33"	[MsgId: MMSG-13992]
Action.c(250): Notify: Parameter Substitution: parameter "ticketsPartID_40" =  "0"	[MsgId: MMSG-13992]
Action.c(261): Error: Failed to end Transaction "ñancel_reservation" (by name). Please check that you made a call to start transaction operation.	[MsgId: MERR-16985]
End auto log messages stack.	[MsgId: MMSG-10544]


Start auto log messages stack - Iteration 31.	[MsgId: MMSG-10545]
Action.c(248): Notify: Parameter Substitution: parameter "arrayFlightID_34" =  "0-261796918-33"	[MsgId: MMSG-13992]
Action.c(250): Notify: Parameter Substitution: parameter "ticketsPartID_41" =  "0"	[MsgId: MMSG-13992]
Action.c(261): Error: Failed to end Transaction "ñancel_reservation" (by name). Please check that you made a call to start transaction operation.	[MsgId: MERR-16985]
End auto log messages stack.	[MsgId: MMSG-10544]


Start auto log messages stack - Iteration 31.	[MsgId: MMSG-10545]
Action.c(248): Notify: Parameter Substitution: parameter "arrayFlightID_35" =  "104947041-2-AA"	[MsgId: MMSG-13992]
Action.c(250): Notify: Parameter Substitution: parameter "ticketsPartID_34" =  "0"	[MsgId: MMSG-13992]
Action.c(248): Notify: Parameter Substitution: parameter "arrayFlightID_35" =  "104947041-2-AA"	[MsgId: MMSG-13992]
Action.c(250): Notify: Parameter Substitution: parameter "ticketsPartID_35" =  "0"	[MsgId: MMSG-13992]
Action.c(248): Notify: Parameter Substitution: parameter "arrayFlightID_35" =  "104947041-2-AA"	[MsgId: MMSG-13992]
Action.c(250): Notify: Parameter Substitution: parameter "ticketsPartID_36" =  "0"	[MsgId: MMSG-13992]
Action.c(248): Notify: Parameter Substitution: parameter "arrayFlightID_35" =  "104947041-2-AA"	[MsgId: MMSG-13992]
Action.c(250): Notify: Parameter Substitution: parameter "ticketsPartID_37" =  "0"	[MsgId: MMSG-13992]
Action.c(248): Notify: Parameter Substitution: parameter "arrayFlightID_35" =  "104947041-2-AA"	[MsgId: MMSG-13992]
Action.c(250): Notify: Parameter Substitution: parameter "ticketsPartID_38" =  "0"	[MsgId: MMSG-13992]
Action.c(248): Notify: Parameter Substitution: parameter "arrayFlightID_35" =  "104947041-2-AA"	[MsgId: MMSG-13992]
Action.c(250): Notify: Parameter Substitution: parameter "ticketsPartID_39" =  "0"	[MsgId: MMSG-13992]
Action.c(248): Notify: Parameter Substitution: parameter "arrayFlightID_35" =  "104947041-2-AA"	[MsgId: MMSG-13992]
Action.c(250): Notify: Parameter Substitution: parameter "ticketsPartID_40" =  "0"	[MsgId: MMSG-13992]
Action.c(248): Notify: Parameter Substitution: parameter "arrayFlightID_35" =  "104947041-2-AA"	[MsgId: MMSG-13992]
Action.c(250): Notify: Parameter Substitution: parameter "ticketsPartID_41" =  "0"	[MsgId: MMSG-13992]
Action.c(267): Error: Failed to end Transaction "ñancel_reservation" (by name). Please check that you made a call to start transaction operation.	[MsgId: MERR-16985]
End auto log messages stack.	[MsgId: MMSG-10544]


Start auto log messages stack - Iteration 17.	[MsgId: MMSG-10545]
Action.c(227): t=3471826ms: 5-byte chunked response overhead for "http://localhost:1080/cgi-bin/itinerary.pl" (RelFrameId=1, Internal ID=456)
Action.c(227):     0\r\n
Action.c(227):     \r\n
Action.c(227): Notify: Saving Parameter "ticketsPartID_1 = 0".	[MsgId: MMSG-13798]
Action.c(227): Notify: Saving Parameter "ticketsPartID_2 = 0".	[MsgId: MMSG-13798]
Action.c(227): Notify: Saving Parameter "ticketsPartID_3 = 0".	[MsgId: MMSG-13798]
Action.c(227): Notify: Saving Parameter "ticketsPartID_4 = 0".	[MsgId: MMSG-13798]
Action.c(227): Notify: Saving Parameter "ticketsPartID_5 = 286".	[MsgId: MMSG-13798]
Action.c(227): Notify: Saving Parameter "ticketsPartID_6 = 12017".	[MsgId: MMSG-13798]
Action.c(227): Notify: Saving Parameter "ticketsPartID_7 = 0".	[MsgId: MMSG-13798]
Action.c(227): Notify: Saving Parameter "ticketsPartID_8 = 0".	[MsgId: MMSG-13798]
Action.c(227): Notify: Saving Parameter "ticketsPartID_9 = 0".	[MsgId: MMSG-13798]
Action.c(227): Notify: Saving Parameter "ticketsPartID_count = 9".	[MsgId: MMSG-13798]
Action.c(227): Error -26366: "Text=<B>Eachern Eagar
 's Flight Transaction Summary</B>" not found for web_reg_find  	[MsgId: MERR-26366]
End auto log messages stack.	[MsgId: MMSG-10544]


Start auto log messages stack - Iteration 42.	[MsgId: MMSG-10545]
Action.c(97):     Last-Modified: Thu, 12 Jan 2012 13:30:27 GMT\r\n
Action.c(97):     ETag: "30000000286d5-2b0-4b654c052c2c0"\r\n
Action.c(97):     Accept-Ranges: bytes\r\n
Action.c(97):     Content-Length: 688\r\n
Action.c(97):     Keep-Alive: timeout=5, max=100\r\n
Action.c(97):     Connection: Keep-Alive\r\n
Action.c(97):     Content-Type: image/gif\r\n
Action.c(97):     \r\n
Action.c(97): t=3743908ms: 688-byte response body for "http://localhost:1080/WebTours/images/home.gif" (RelFrameId=, Internal ID=1128)
Action.c(97): Notify: Saving Parameter "arrayFlightID_count = 13".	[MsgId: MMSG-13798]
Action.c(97): Notify: Saving Parameter "array_cgifields_count = 13".	[MsgId: MMSG-13798]
Action.c(97): Error -26366: "Text=<B>Eachern Eagar
 's Flight Transaction Summary</B>" not found for web_reg_find  	[MsgId: MERR-26366]
End auto log messages stack.	[MsgId: MMSG-10544]


Start auto log messages stack - Iteration 1.	[MsgId: MMSG-10545]
Action.c(97):     Last-Modified: Thu, 12 Jan 2012 13:30:27 GMT\r\n
Action.c(97):     ETag: "30000000286cf-2e6-4b654c052c2c0"\r\n
Action.c(97):     Accept-Ranges: bytes\r\n
Action.c(97):     Content-Length: 742\r\n
Action.c(97):     Keep-Alive: timeout=5, max=99\r\n
Action.c(97):     Connection: Keep-Alive\r\n
Action.c(97):     Content-Type: image/gif\r\n
Action.c(97):     \r\n
Action.c(97): t=3753108ms: 742-byte response body for "http://localhost:1080/WebTours/images/cancelallreservations.gif" (RelFrameId=, Internal ID=23)
Action.c(97): Notify: Saving Parameter "arrayFlightID_count = 13".	[MsgId: MMSG-13798]
Action.c(97): Notify: Saving Parameter "array_cgifields_count = 13".	[MsgId: MMSG-13798]
Action.c(97): Error -26366: "Text=<B>Eachern Eagar
 's Flight Transaction Summary</B>" not found for web_reg_find  	[MsgId: MERR-26366]
End auto log messages stack.	[MsgId: MMSG-10544]


Start auto log messages stack - Iteration 63.	[MsgId: MMSG-10545]
Action.c(227):     </style><BR/><BR/><h1>&nbsp;&nbsp;<b>Itinerary</b></h1>\n
Action.c(227):     <blockquote><P break>Unfortunately, we could not delete your entire itinerary because of a
Action.c(227):      database synchronization error.  If you could please re-load your itinerary and try again
Action.c(227):     , we would appreciate it.  Thank you for your patience.</blockquote>\n
Action.c(227):     </body>\n
Action.c(227):     </html>
Action.c(227): t=3768066ms: 5-byte chunked response overhead for "http://localhost:1080/cgi-bin/itinerary.pl" (RelFrameId=1, Internal ID=1698)
Action.c(227):     0\r\n
Action.c(227):     \r\n
Action.c(227): Error -35061: No match found for the requested parameter "ticketsPartID". Either the specified boundaries were not found in the response or the matched text is longer than current max html parameter size of 256 bytes. The total length of the response is 932 bytes. You can use "web_set_max_html_param_len" to increase the max parameter size.  	[MsgId: MERR-35061]
End auto log messages stack.	[MsgId: MMSG-10544]


Start auto log messages stack - Iteration 63.	[MsgId: MMSG-10545]
Action.c(227): Notify: Saving Parameter "ticketsPartID_count = 0".	[MsgId: MMSG-13798]
Action.c(227): Error -26366: "Text=<B>Ian Ickesburg
 's Flight Transaction Summary</B>" not found for web_reg_find  	[MsgId: MERR-26366]
End auto log messages stack.	[MsgId: MMSG-10544]


Start auto log messages stack - Iteration 23.	[MsgId: MMSG-10545]
Action.c(97):     Last-Modified: Thu, 12 Jan 2012 13:30:27 GMT\r\n
Action.c(97):     ETag: "30000000286d5-2b0-4b654c052c2c0"\r\n
Action.c(97):     Accept-Ranges: bytes\r\n
Action.c(97):     Content-Length: 688\r\n
Action.c(97):     Keep-Alive: timeout=5, max=100\r\n
Action.c(97):     Connection: Keep-Alive\r\n
Action.c(97):     Content-Type: image/gif\r\n
Action.c(97):     \r\n
Action.c(97): t=3846416ms: 688-byte response body for "http://localhost:1080/WebTours/images/home.gif" (RelFrameId=, Internal ID=612)
Action.c(97): Notify: Saving Parameter "arrayFlightID_count = 13".	[MsgId: MMSG-13798]
Action.c(97): Notify: Saving Parameter "array_cgifields_count = 13".	[MsgId: MMSG-13798]
Action.c(97): Error -26366: "Text=<B>Eachern Eagar
 's Flight Transaction Summary</B>" not found for web_reg_find  	[MsgId: MERR-26366]
End auto log messages stack.	[MsgId: MMSG-10544]


Start auto log messages stack - Iteration 4.	[MsgId: MMSG-10545]
Action.c(97):     Last-Modified: Thu, 12 Jan 2012 13:30:27 GMT\r\n
Action.c(97):     ETag: "30000000286d5-2b0-4b654c052c2c0"\r\n
Action.c(97):     Accept-Ranges: bytes\r\n
Action.c(97):     Content-Length: 688\r\n
Action.c(97):     Keep-Alive: timeout=5, max=100\r\n
Action.c(97):     Connection: Keep-Alive\r\n
Action.c(97):     Content-Type: image/gif\r\n
Action.c(97):     \r\n
Action.c(97): t=3956049ms: 688-byte response body for "http://localhost:1080/WebTours/images/home.gif" (RelFrameId=, Internal ID=102)
Action.c(97): Notify: Saving Parameter "arrayFlightID_count = 13".	[MsgId: MMSG-13798]
Action.c(97): Notify: Saving Parameter "array_cgifields_count = 13".	[MsgId: MMSG-13798]
Action.c(97): Error -26366: "Text=<B>Eachern Eagar
 's Flight Transaction Summary</B>" not found for web_reg_find  	[MsgId: MERR-26366]
End auto log messages stack.	[MsgId: MMSG-10544]


Start auto log messages stack - Iteration 25.	[MsgId: MMSG-10545]
Action.c(227):     </style><BR/><BR/><h1>&nbsp;&nbsp;<b>Itinerary</b></h1>\n
Action.c(227):     <blockquote><P break>Unfortunately, we could not delete your entire itinerary because of a
Action.c(227):      database synchronization error.  If you could please re-load your itinerary and try again
Action.c(227):     , we would appreciate it.  Thank you for your patience.</blockquote>\n
Action.c(227):     </body>\n
Action.c(227):     </html>
Action.c(227): t=4000738ms: 5-byte chunked response overhead for "http://localhost:1080/cgi-bin/itinerary.pl" (RelFrameId=1, Internal ID=665)
Action.c(227):     0\r\n
Action.c(227):     \r\n
Action.c(227): Error -35061: No match found for the requested parameter "ticketsPartID". Either the specified boundaries were not found in the response or the matched text is longer than current max html parameter size of 256 bytes. The total length of the response is 932 bytes. You can use "web_set_max_html_param_len" to increase the max parameter size.  	[MsgId: MERR-35061]
End auto log messages stack.	[MsgId: MMSG-10544]


Start auto log messages stack - Iteration 25.	[MsgId: MMSG-10545]
Action.c(227): Notify: Saving Parameter "ticketsPartID_count = 0".	[MsgId: MMSG-13798]
Action.c(227): Error -26366: "Text=<B>Vanya Cramer
 's Flight Transaction Summary</B>" not found for web_reg_find  	[MsgId: MERR-26366]
End auto log messages stack.	[MsgId: MMSG-10544]


Start auto log messages stack - Iteration 26.	[MsgId: MMSG-10545]
Action.c(227):     </style><BR/><BR/><h1>&nbsp;&nbsp;<b>Itinerary</b></h1>\n
Action.c(227):     <blockquote><P break>Unfortunately, we could not delete your entire itinerary because of a
Action.c(227):      database synchronization error.  If you could please re-load your itinerary and try again
Action.c(227):     , we would appreciate it.  Thank you for your patience.</blockquote>\n
Action.c(227):     </body>\n
Action.c(227):     </html>
Action.c(227): t=4060408ms: 5-byte chunked response overhead for "http://localhost:1080/cgi-bin/itinerary.pl" (RelFrameId=1, Internal ID=689)
Action.c(227):     0\r\n
Action.c(227):     \r\n
Action.c(227): Error -35061: No match found for the requested parameter "ticketsPartID". Either the specified boundaries were not found in the response or the matched text is longer than current max html parameter size of 256 bytes. The total length of the response is 932 bytes. You can use "web_set_max_html_param_len" to increase the max parameter size.  	[MsgId: MERR-35061]
End auto log messages stack.	[MsgId: MMSG-10544]


Start auto log messages stack - Iteration 26.	[MsgId: MMSG-10545]
Action.c(227): Notify: Saving Parameter "ticketsPartID_count = 0".	[MsgId: MMSG-13798]
Action.c(227): Error -26366: "Text=<B>Gena Bukin
 's Flight Transaction Summary</B>" not found for web_reg_find  	[MsgId: MERR-26366]
End auto log messages stack.	[MsgId: MMSG-10544]


Start auto log messages stack - Iteration 48.	[MsgId: MMSG-10545]
Action.c(227):     </style><BR/><BR/><h1>&nbsp;&nbsp;<b>Itinerary</b></h1>\n
Action.c(227):     <blockquote><P break>Unfortunately, we could not delete your entire itinerary because of a
Action.c(227):      database synchronization error.  If you could please re-load your itinerary and try again
Action.c(227):     , we would appreciate it.  Thank you for your patience.</blockquote>\n
Action.c(227):     </body>\n
Action.c(227):     </html>
Action.c(227): t=4168474ms: 5-byte chunked response overhead for "http://localhost:1080/cgi-bin/itinerary.pl" (RelFrameId=1, Internal ID=1289)
Action.c(227):     0\r\n
Action.c(227):     \r\n
Action.c(227): Error -35061: No match found for the requested parameter "ticketsPartID". Either the specified boundaries were not found in the response or the matched text is longer than current max html parameter size of 256 bytes. The total length of the response is 932 bytes. You can use "web_set_max_html_param_len" to increase the max parameter size.  	[MsgId: MERR-35061]
End auto log messages stack.	[MsgId: MMSG-10544]


Start auto log messages stack - Iteration 48.	[MsgId: MMSG-10545]
Action.c(227): Notify: Saving Parameter "ticketsPartID_count = 0".	[MsgId: MMSG-13798]
Action.c(227): Error -26366: "Text=<B>Aalst Abbeville
 's Flight Transaction Summary</B>" not found for web_reg_find  	[MsgId: MERR-26366]
End auto log messages stack.	[MsgId: MMSG-10544]


Start auto log messages stack - Iteration 70.	[MsgId: MMSG-10545]
Action.c(97):     Last-Modified: Thu, 12 Jan 2012 13:30:27 GMT\r\n
Action.c(97):     ETag: "30000000286d5-2b0-4b654c052c2c0"\r\n
Action.c(97):     Accept-Ranges: bytes\r\n
Action.c(97):     Content-Length: 688\r\n
Action.c(97):     Keep-Alive: timeout=5, max=100\r\n
Action.c(97):     Connection: Keep-Alive\r\n
Action.c(97):     Content-Type: image/gif\r\n
Action.c(97):     \r\n
Action.c(97): t=4225560ms: 688-byte response body for "http://localhost:1080/WebTours/images/home.gif" (RelFrameId=, Internal ID=1881)
Action.c(97): Notify: Saving Parameter "arrayFlightID_count = 13".	[MsgId: MMSG-13798]
Action.c(97): Notify: Saving Parameter "array_cgifields_count = 13".	[MsgId: MMSG-13798]
Action.c(97): Error -26366: "Text=<B>Eachern Eagar
 's Flight Transaction Summary</B>" not found for web_reg_find  	[MsgId: MERR-26366]
End auto log messages stack.	[MsgId: MMSG-10544]


Start auto log messages stack - Iteration 30.	[MsgId: MMSG-10545]
Action.c(227):     </style><BR/><BR/><h1>&nbsp;&nbsp;<b>Itinerary</b></h1>\n
Action.c(227):     <blockquote><P break>Unfortunately, we could not delete your entire itinerary because of a
Action.c(227):      database synchronization error.  If you could please re-load your itinerary and try again
Action.c(227):     , we would appreciate it.  Thank you for your patience.</blockquote>\n
Action.c(227):     </body>\n
Action.c(227):     </html>
Action.c(227): t=4305070ms: 5-byte chunked response overhead for "http://localhost:1080/cgi-bin/itinerary.pl" (RelFrameId=1, Internal ID=794)
Action.c(227):     0\r\n
Action.c(227):     \r\n
Action.c(227): Error -35061: No match found for the requested parameter "ticketsPartID". Either the specified boundaries were not found in the response or the matched text is longer than current max html parameter size of 256 bytes. The total length of the response is 932 bytes. You can use "web_set_max_html_param_len" to increase the max parameter size.  	[MsgId: MERR-35061]
End auto log messages stack.	[MsgId: MMSG-10544]


Start auto log messages stack - Iteration 30.	[MsgId: MMSG-10545]
Action.c(227): Notify: Saving Parameter "ticketsPartID_count = 0".	[MsgId: MMSG-13798]
Action.c(227): Error -26366: "Text=<B>Cacilia Cabery
 's Flight Transaction Summary</B>" not found for web_reg_find  	[MsgId: MERR-26366]
End auto log messages stack.	[MsgId: MMSG-10544]


Start auto log messages stack - Iteration 10.	[MsgId: MMSG-10545]
Action.c(227):     </style><BR/><BR/><h1>&nbsp;&nbsp;<b>Itinerary</b></h1>\n
Action.c(227):     <blockquote><P break>Unfortunately, we could not delete your entire itinerary because of a
Action.c(227):      database synchronization error.  If you could please re-load your itinerary and try again
Action.c(227):     , we would appreciate it.  Thank you for your patience.</blockquote>\n
Action.c(227):     </body>\n
Action.c(227):     </html>
Action.c(227): t=4354529ms: 5-byte chunked response overhead for "http://localhost:1080/cgi-bin/itinerary.pl" (RelFrameId=1, Internal ID=263)
Action.c(227):     0\r\n
Action.c(227):     \r\n
Action.c(227): Error -35061: No match found for the requested parameter "ticketsPartID". Either the specified boundaries were not found in the response or the matched text is longer than current max html parameter size of 256 bytes. The total length of the response is 932 bytes. You can use "web_set_max_html_param_len" to increase the max parameter size.  	[MsgId: MERR-35061]
End auto log messages stack.	[MsgId: MMSG-10544]


Start auto log messages stack - Iteration 10.	[MsgId: MMSG-10545]
Action.c(227): Notify: Saving Parameter "ticketsPartID_count = 0".	[MsgId: MMSG-13798]
Action.c(227): Error -26366: "Text=<B>Gabbert Gabbs
 's Flight Transaction Summary</B>" not found for web_reg_find  	[MsgId: MERR-26366]
End auto log messages stack.	[MsgId: MMSG-10544]


Start auto log messages stack - Iteration 11.	[MsgId: MMSG-10545]
Action.c(227):     </style><BR/><BR/><h1>&nbsp;&nbsp;<b>Itinerary</b></h1>\n
Action.c(227):     <blockquote><P break>Unfortunately, we could not delete your entire itinerary because of a
Action.c(227):      database synchronization error.  If you could please re-load your itinerary and try again
Action.c(227):     , we would appreciate it.  Thank you for your patience.</blockquote>\n
Action.c(227):     </body>\n
Action.c(227):     </html>
Action.c(227): t=4419378ms: 5-byte chunked response overhead for "http://localhost:1080/cgi-bin/itinerary.pl" (RelFrameId=1, Internal ID=287)
Action.c(227):     0\r\n
Action.c(227):     \r\n
Action.c(227): Error -35061: No match found for the requested parameter "ticketsPartID". Either the specified boundaries were not found in the response or the matched text is longer than current max html parameter size of 256 bytes. The total length of the response is 932 bytes. You can use "web_set_max_html_param_len" to increase the max parameter size.  	[MsgId: MERR-35061]
End auto log messages stack.	[MsgId: MMSG-10544]


Start auto log messages stack - Iteration 11.	[MsgId: MMSG-10545]
Action.c(227): Notify: Saving Parameter "ticketsPartID_count = 0".	[MsgId: MMSG-13798]
Action.c(227): Error -26366: "Text=<B>Cacilia Cabery
 's Flight Transaction Summary</B>" not found for web_reg_find  	[MsgId: MERR-26366]
End auto log messages stack.	[MsgId: MMSG-10544]


Start auto log messages stack - Iteration 15.	[MsgId: MMSG-10545]
Action.c(227):     </style><BR/><BR/><h1>&nbsp;&nbsp;<b>Itinerary</b></h1>\n
Action.c(227):     <blockquote><P break>Unfortunately, we could not delete your entire itinerary because of a
Action.c(227):      database synchronization error.  If you could please re-load your itinerary and try again
Action.c(227):     , we would appreciate it.  Thank you for your patience.</blockquote>\n
Action.c(227):     </body>\n
Action.c(227):     </html>
Action.c(227): t=4664006ms: 5-byte chunked response overhead for "http://localhost:1080/cgi-bin/itinerary.pl" (RelFrameId=1, Internal ID=392)
Action.c(227):     0\r\n
Action.c(227):     \r\n
Action.c(227): Error -35061: No match found for the requested parameter "ticketsPartID". Either the specified boundaries were not found in the response or the matched text is longer than current max html parameter size of 256 bytes. The total length of the response is 932 bytes. You can use "web_set_max_html_param_len" to increase the max parameter size.  	[MsgId: MERR-35061]
End auto log messages stack.	[MsgId: MMSG-10544]


Start auto log messages stack - Iteration 15.	[MsgId: MMSG-10545]
Action.c(227): Notify: Saving Parameter "ticketsPartID_count = 0".	[MsgId: MMSG-13798]
Action.c(227): Error -26366: "Text=<B>Lena Bukina
 's Flight Transaction Summary</B>" not found for web_reg_find  	[MsgId: MERR-26366]
End auto log messages stack.	[MsgId: MMSG-10544]


Start auto log messages stack - Iteration 79.	[MsgId: MMSG-10545]
Action.c(97):     Last-Modified: Thu, 12 Jan 2012 13:30:27 GMT\r\n
Action.c(97):     ETag: "30000000286cf-2e6-4b654c052c2c0"\r\n
Action.c(97):     Accept-Ranges: bytes\r\n
Action.c(97):     Content-Length: 742\r\n
Action.c(97):     Keep-Alive: timeout=5, max=100\r\n
Action.c(97):     Connection: Keep-Alive\r\n
Action.c(97):     Content-Type: image/gif\r\n
Action.c(97):     \r\n
Action.c(97): t=4792453ms: 742-byte response body for "http://localhost:1080/WebTours/images/cancelallreservations.gif" (RelFrameId=, Internal ID=2122)
Action.c(97): Notify: Saving Parameter "arrayFlightID_count = 13".	[MsgId: MMSG-13798]
Action.c(97): Notify: Saving Parameter "array_cgifields_count = 13".	[MsgId: MMSG-13798]
Action.c(97): Error -26366: "Text=<B>Eachern Eagar
 's Flight Transaction Summary</B>" not found for web_reg_find  	[MsgId: MERR-26366]
End auto log messages stack.	[MsgId: MMSG-10544]


Start auto log messages stack - Iteration 83.	[MsgId: MMSG-10545]
Action.c(97):     Last-Modified: Thu, 12 Jan 2012 13:30:27 GMT\r\n
Action.c(97):     ETag: "30000000286cf-2e6-4b654c052c2c0"\r\n
Action.c(97):     Accept-Ranges: bytes\r\n
Action.c(97):     Content-Length: 742\r\n
Action.c(97):     Keep-Alive: timeout=5, max=100\r\n
Action.c(97):     Connection: Keep-Alive\r\n
Action.c(97):     Content-Type: image/gif\r\n
Action.c(97):     \r\n
Action.c(97): t=5060736ms: 742-byte response body for "http://localhost:1080/WebTours/images/cancelallreservations.gif" (RelFrameId=, Internal ID=2226)
Action.c(97): Notify: Saving Parameter "arrayFlightID_count = 13".	[MsgId: MMSG-13798]
Action.c(97): Notify: Saving Parameter "array_cgifields_count = 13".	[MsgId: MMSG-13798]
Action.c(97): Error -26366: "Text=<B>Eachern Eagar
 's Flight Transaction Summary</B>" not found for web_reg_find  	[MsgId: MERR-26366]
End auto log messages stack.	[MsgId: MMSG-10544]


Start auto log messages stack - Iteration 85.	[MsgId: MMSG-10545]
Action.c(227):     </style><BR/><BR/><h1>&nbsp;&nbsp;<b>Itinerary</b></h1>\n
Action.c(227):     <blockquote><P break>Unfortunately, we could not delete your entire itinerary because of a
Action.c(227):      database synchronization error.  If you could please re-load your itinerary and try again
Action.c(227):     , we would appreciate it.  Thank you for your patience.</blockquote>\n
Action.c(227):     </body>\n
Action.c(227):     </html>
Action.c(227): t=5328782ms: 5-byte chunked response overhead for "http://localhost:1080/cgi-bin/itinerary.pl" (RelFrameId=1, Internal ID=2289)
Action.c(227):     0\r\n
Action.c(227):     \r\n
Action.c(227): Error -35061: No match found for the requested parameter "ticketsPartID". Either the specified boundaries were not found in the response or the matched text is longer than current max html parameter size of 256 bytes. The total length of the response is 932 bytes. You can use "web_set_max_html_param_len" to increase the max parameter size.  	[MsgId: MERR-35061]
End auto log messages stack.	[MsgId: MMSG-10544]


Start auto log messages stack - Iteration 85.	[MsgId: MMSG-10545]
Action.c(227): Notify: Saving Parameter "ticketsPartID_count = 0".	[MsgId: MMSG-13798]
Action.c(227): Error -26366: "Text=<B>Vanya Cramer
 's Flight Transaction Summary</B>" not found for web_reg_find  	[MsgId: MERR-26366]
End auto log messages stack.	[MsgId: MMSG-10544]


Start auto log messages stack - Iteration 46.	[MsgId: MMSG-10545]
Action.c(227):     </style><BR/><BR/><h1>&nbsp;&nbsp;<b>Itinerary</b></h1>\n
Action.c(227):     <blockquote><P break>Unfortunately, we could not delete your entire itinerary because of a
Action.c(227):      database synchronization error.  If you could please re-load your itinerary and try again
Action.c(227):     , we would appreciate it.  Thank you for your patience.</blockquote>\n
Action.c(227):     </body>\n
Action.c(227):     </html>
Action.c(227): t=5444847ms: 5-byte chunked response overhead for "http://localhost:1080/cgi-bin/itinerary.pl" (RelFrameId=1, Internal ID=1223)
Action.c(227):     0\r\n
Action.c(227):     \r\n
Action.c(227): Error -35061: No match found for the requested parameter "ticketsPartID". Either the specified boundaries were not found in the response or the matched text is longer than current max html parameter size of 256 bytes. The total length of the response is 932 bytes. You can use "web_set_max_html_param_len" to increase the max parameter size.  	[MsgId: MERR-35061]
End auto log messages stack.	[MsgId: MMSG-10544]


Start auto log messages stack - Iteration 46.	[MsgId: MMSG-10545]
Action.c(227): Notify: Saving Parameter "ticketsPartID_count = 0".	[MsgId: MMSG-13798]
Action.c(227): Error -26366: "Text=<B>Aaberg Aaronsburg
 's Flight Transaction Summary</B>" not found for web_reg_find  	[MsgId: MERR-26366]
End auto log messages stack.	[MsgId: MMSG-10544]


Start auto log messages stack - Iteration 25.	[MsgId: MMSG-10545]
Action.c(97):     Last-Modified: Thu, 12 Jan 2012 13:30:27 GMT\r\n
Action.c(97):     ETag: "30000000286d5-2b0-4b654c052c2c0"\r\n
Action.c(97):     Accept-Ranges: bytes\r\n
Action.c(97):     Content-Length: 688\r\n
Action.c(97):     Keep-Alive: timeout=5, max=100\r\n
Action.c(97):     Connection: Keep-Alive\r\n
Action.c(97):     Content-Type: image/gif\r\n
Action.c(97):     \r\n
Action.c(97): t=5466178ms: 688-byte response body for "http://localhost:1080/WebTours/images/home.gif" (RelFrameId=, Internal ID=667)
Action.c(97): Notify: Saving Parameter "arrayFlightID_count = 16".	[MsgId: MMSG-13798]
Action.c(97): Notify: Saving Parameter "array_cgifields_count = 16".	[MsgId: MMSG-13798]
Action.c(97): Error -26366: "Text=<B>Eachern Eagar
 's Flight Transaction Summary</B>" not found for web_reg_find  	[MsgId: MERR-26366]
End auto log messages stack.	[MsgId: MMSG-10544]


Start auto log messages stack - Iteration 29.	[MsgId: MMSG-10545]
Action.c(227):     </style><BR/><BR/><h1>&nbsp;&nbsp;<b>Itinerary</b></h1>\n
Action.c(227):     <blockquote><P break>Unfortunately, we could not delete your entire itinerary because of a
Action.c(227):      database synchronization error.  If you could please re-load your itinerary and try again
Action.c(227):     , we would appreciate it.  Thank you for your patience.</blockquote>\n
Action.c(227):     </body>\n
Action.c(227):     </html>
Action.c(227): t=5695038ms: 5-byte chunked response overhead for "http://localhost:1080/cgi-bin/itinerary.pl" (RelFrameId=1, Internal ID=767)
Action.c(227):     0\r\n
Action.c(227):     \r\n
Action.c(227): Error -35061: No match found for the requested parameter "ticketsPartID". Either the specified boundaries were not found in the response or the matched text is longer than current max html parameter size of 256 bytes. The total length of the response is 932 bytes. You can use "web_set_max_html_param_len" to increase the max parameter size.  	[MsgId: MERR-35061]
End auto log messages stack.	[MsgId: MMSG-10544]


Start auto log messages stack - Iteration 29.	[MsgId: MMSG-10545]
Action.c(227): Notify: Saving Parameter "ticketsPartID_count = 0".	[MsgId: MMSG-13798]
Action.c(227): Error -26366: "Text=<B>Haakon Hackettstown
 's Flight Transaction Summary</B>" not found for web_reg_find  	[MsgId: MERR-26366]
End auto log messages stack.	[MsgId: MMSG-10544]


Start auto log messages stack - Iteration 70.	[MsgId: MMSG-10545]
Action.c(227):     </style><BR/><BR/><h1>&nbsp;&nbsp;<b>Itinerary</b></h1>\n
Action.c(227):     <blockquote><P break>Unfortunately, we could not delete your entire itinerary because of a
Action.c(227):      database synchronization error.  If you could please re-load your itinerary and try again
Action.c(227):     , we would appreciate it.  Thank you for your patience.</blockquote>\n
Action.c(227):     </body>\n
Action.c(227):     </html>
Action.c(227): t=5707499ms: 5-byte chunked response overhead for "http://localhost:1080/cgi-bin/itinerary.pl" (RelFrameId=1, Internal ID=1881)
Action.c(227):     0\r\n
Action.c(227):     \r\n
Action.c(227): Error -35061: No match found for the requested parameter "ticketsPartID". Either the specified boundaries were not found in the response or the matched text is longer than current max html parameter size of 256 bytes. The total length of the response is 932 bytes. You can use "web_set_max_html_param_len" to increase the max parameter size.  	[MsgId: MERR-35061]
End auto log messages stack.	[MsgId: MMSG-10544]


Start auto log messages stack - Iteration 70.	[MsgId: MMSG-10545]
Action.c(227): Notify: Saving Parameter "ticketsPartID_count = 0".	[MsgId: MMSG-13798]
Action.c(227): Error -26366: "Text=<B>Fabian Fackler
 's Flight Transaction Summary</B>" not found for web_reg_find  	[MsgId: MERR-26366]
End auto log messages stack.	[MsgId: MMSG-10544]


Start auto log messages stack - Iteration 10.	[MsgId: MMSG-10545]
Action.c(227):     </style><BR/><BR/><h1>&nbsp;&nbsp;<b>Itinerary</b></h1>\n
Action.c(227):     <blockquote><P break>Unfortunately, we could not delete your entire itinerary because of a
Action.c(227):      database synchronization error.  If you could please re-load your itinerary and try again
Action.c(227):     , we would appreciate it.  Thank you for your patience.</blockquote>\n
Action.c(227):     </body>\n
Action.c(227):     </html>
Action.c(227): t=5749915ms: 5-byte chunked response overhead for "http://localhost:1080/cgi-bin/itinerary.pl" (RelFrameId=1, Internal ID=267)
Action.c(227):     0\r\n
Action.c(227):     \r\n
Action.c(227): Error -35061: No match found for the requested parameter "ticketsPartID". Either the specified boundaries were not found in the response or the matched text is longer than current max html parameter size of 256 bytes. The total length of the response is 932 bytes. You can use "web_set_max_html_param_len" to increase the max parameter size.  	[MsgId: MERR-35061]
End auto log messages stack.	[MsgId: MMSG-10544]


Start auto log messages stack - Iteration 10.	[MsgId: MMSG-10545]
Action.c(227): Notify: Saving Parameter "ticketsPartID_count = 0".	[MsgId: MMSG-13798]
Action.c(227): Error -26366: "Text=<B>Lil Ivanov
 's Flight Transaction Summary</B>" not found for web_reg_find  	[MsgId: MERR-26366]
End auto log messages stack.	[MsgId: MMSG-10544]


Start auto log messages stack - Iteration 71.	[MsgId: MMSG-10545]
Action.c(97):     Last-Modified: Thu, 12 Jan 2012 13:30:27 GMT\r\n
Action.c(97):     ETag: "30000000286cf-2e6-4b654c052c2c0"\r\n
Action.c(97):     Accept-Ranges: bytes\r\n
Action.c(97):     Content-Length: 742\r\n
Action.c(97):     Keep-Alive: timeout=5, max=100\r\n
Action.c(97):     Connection: Keep-Alive\r\n
Action.c(97):     Content-Type: image/gif\r\n
Action.c(97):     \r\n
Action.c(97): t=5768764ms: 742-byte response body for "http://localhost:1080/WebTours/images/cancelallreservations.gif" (RelFrameId=, Internal ID=1904)
Action.c(97): Notify: Saving Parameter "arrayFlightID_count = 16".	[MsgId: MMSG-13798]
Action.c(97): Notify: Saving Parameter "array_cgifields_count = 16".	[MsgId: MMSG-13798]
Action.c(97): Error -26366: "Text=<B>Eachern Eagar
 's Flight Transaction Summary</B>" not found for web_reg_find  	[MsgId: MERR-26366]
End auto log messages stack.	[MsgId: MMSG-10544]


Start auto log messages stack - Iteration 51.	[MsgId: MMSG-10545]
Action.c(227):     </style><BR/><BR/><h1>&nbsp;&nbsp;<b>Itinerary</b></h1>\n
Action.c(227):     <blockquote><P break>Unfortunately, we could not delete your entire itinerary because of a
Action.c(227):      database synchronization error.  If you could please re-load your itinerary and try again
Action.c(227):     , we would appreciate it.  Thank you for your patience.</blockquote>\n
Action.c(227):     </body>\n
Action.c(227):     </html>
Action.c(227): t=5837811ms: 5-byte chunked response overhead for "http://localhost:1080/cgi-bin/itinerary.pl" (RelFrameId=1, Internal ID=1355)
Action.c(227):     0\r\n
Action.c(227):     \r\n
Action.c(227): Error -35061: No match found for the requested parameter "ticketsPartID". Either the specified boundaries were not found in the response or the matched text is longer than current max html parameter size of 256 bytes. The total length of the response is 932 bytes. You can use "web_set_max_html_param_len" to increase the max parameter size.  	[MsgId: MERR-35061]
End auto log messages stack.	[MsgId: MMSG-10544]


Start auto log messages stack - Iteration 51.	[MsgId: MMSG-10545]
Action.c(227): Notify: Saving Parameter "ticketsPartID_count = 0".	[MsgId: MMSG-13798]
Action.c(227): Error -26366: "Text=<B>Fabiano Factoryville
 's Flight Transaction Summary</B>" not found for web_reg_find  	[MsgId: MERR-26366]
End auto log messages stack.	[MsgId: MMSG-10544]


Start auto log messages stack - Iteration 93.	[MsgId: MMSG-10545]
Action.c(227):     </style><BR/><BR/><h1>&nbsp;&nbsp;<b>Itinerary</b></h1>\n
Action.c(227):     <blockquote><P break>Unfortunately, we could not delete your entire itinerary because of a
Action.c(227):      database synchronization error.  If you could please re-load your itinerary and try again
Action.c(227):     , we would appreciate it.  Thank you for your patience.</blockquote>\n
Action.c(227):     </body>\n
Action.c(227):     </html>
Action.c(227): t=5854876ms: 5-byte chunked response overhead for "http://localhost:1080/cgi-bin/itinerary.pl" (RelFrameId=1, Internal ID=2493)
Action.c(227):     0\r\n
Action.c(227):     \r\n
Action.c(227): Error -35061: No match found for the requested parameter "ticketsPartID". Either the specified boundaries were not found in the response or the matched text is longer than current max html parameter size of 256 bytes. The total length of the response is 932 bytes. You can use "web_set_max_html_param_len" to increase the max parameter size.  	[MsgId: MERR-35061]
End auto log messages stack.	[MsgId: MMSG-10544]


Start auto log messages stack - Iteration 93.	[MsgId: MMSG-10545]
Action.c(227): Notify: Saving Parameter "ticketsPartID_count = 0".	[MsgId: MMSG-13798]
Action.c(227): Error -26366: "Text=<B>Babara Baconton
 's Flight Transaction Summary</B>" not found for web_reg_find  	[MsgId: MERR-26366]
End auto log messages stack.	[MsgId: MMSG-10544]


Start auto log messages stack - Iteration 12.	[MsgId: MMSG-10545]
Action.c(227):     </style><BR/><BR/><h1>&nbsp;&nbsp;<b>Itinerary</b></h1>\n
Action.c(227):     <blockquote><P break>Unfortunately, we could not delete your entire itinerary because of a
Action.c(227):      database synchronization error.  If you could please re-load your itinerary and try again
Action.c(227):     , we would appreciate it.  Thank you for your patience.</blockquote>\n
Action.c(227):     </body>\n
Action.c(227):     </html>
Action.c(227): t=5896212ms: 5-byte chunked response overhead for "http://localhost:1080/cgi-bin/itinerary.pl" (RelFrameId=1, Internal ID=318)
Action.c(227):     0\r\n
Action.c(227):     \r\n
Action.c(227): Error -35061: No match found for the requested parameter "ticketsPartID". Either the specified boundaries were not found in the response or the matched text is longer than current max html parameter size of 256 bytes. The total length of the response is 932 bytes. You can use "web_set_max_html_param_len" to increase the max parameter size.  	[MsgId: MERR-35061]
End auto log messages stack.	[MsgId: MMSG-10544]


Start auto log messages stack - Iteration 12.	[MsgId: MMSG-10545]
Action.c(227): Notify: Saving Parameter "ticketsPartID_count = 0".	[MsgId: MMSG-13798]
Action.c(227): Error -26366: "Text=<B>Baalman Backus
 's Flight Transaction Summary</B>" not found for web_reg_find  	[MsgId: MERR-26366]
End auto log messages stack.	[MsgId: MMSG-10544]


Start auto log messages stack - Iteration 14.	[MsgId: MMSG-10545]
Action.c(97):     Last-Modified: Thu, 12 Jan 2012 13:30:27 GMT\r\n
Action.c(97):     ETag: "30000000286cf-2e6-4b654c052c2c0"\r\n
Action.c(97):     Accept-Ranges: bytes\r\n
Action.c(97):     Content-Length: 742\r\n
Action.c(97):     Keep-Alive: timeout=5, max=100\r\n
Action.c(97):     Connection: Keep-Alive\r\n
Action.c(97):     Content-Type: image/gif\r\n
Action.c(97):     \r\n
Action.c(97): t=6037602ms: 742-byte response body for "http://localhost:1080/WebTours/images/cancelallreservations.gif" (RelFrameId=, Internal ID=368)
Action.c(97): Notify: Saving Parameter "arrayFlightID_count = 16".	[MsgId: MMSG-13798]
Action.c(97): Notify: Saving Parameter "array_cgifields_count = 16".	[MsgId: MMSG-13798]
Action.c(97): Error -26366: "Text=<B>Eachern Eagar
 's Flight Transaction Summary</B>" not found for web_reg_find  	[MsgId: MERR-26366]
End auto log messages stack.	[MsgId: MMSG-10544]


Start auto log messages stack - Iteration 74.	[MsgId: MMSG-10545]
Action.c(227):     </style><BR/><BR/><h1>&nbsp;&nbsp;<b>Itinerary</b></h1>\n
Action.c(227):     <blockquote><P break>Unfortunately, we could not delete your entire itinerary because of a
Action.c(227):      database synchronization error.  If you could please re-load your itinerary and try again
Action.c(227):     , we would appreciate it.  Thank you for your patience.</blockquote>\n
Action.c(227):     </body>\n
Action.c(227):     </html>
Action.c(227): t=6060747ms: 5-byte chunked response overhead for "http://localhost:1080/cgi-bin/itinerary.pl" (RelFrameId=1, Internal ID=1988)
Action.c(227):     0\r\n
Action.c(227):     \r\n
Action.c(227): Error -35061: No match found for the requested parameter "ticketsPartID". Either the specified boundaries were not found in the response or the matched text is longer than current max html parameter size of 256 bytes. The total length of the response is 932 bytes. You can use "web_set_max_html_param_len" to increase the max parameter size.  	[MsgId: MERR-35061]
End auto log messages stack.	[MsgId: MMSG-10544]


Start auto log messages stack - Iteration 74.	[MsgId: MMSG-10545]
Action.c(227): Notify: Saving Parameter "ticketsPartID_count = 0".	[MsgId: MMSG-13798]
Action.c(227): Error -26366: "Text=<B>Gabbie Gadsden
 's Flight Transaction Summary</B>" not found for web_reg_find  	[MsgId: MERR-26366]
End auto log messages stack.	[MsgId: MMSG-10544]


