Start auto log messages stack - Iteration 41.	[MsgId: MMSG-10545]
Action.c(250): Notify: Parameter Substitution: parameter "ticketsPartID_12" =  "0"	[MsgId: MMSG-13992]
Action.c(248): Notify: Parameter Substitution: parameter "arrayFlightID_8" =  "0-6-2"	[MsgId: MMSG-13992]
Action.c(250): Notify: Parameter Substitution: parameter "ticketsPartID_13" =  "0"	[MsgId: MMSG-13992]
Action.c(248): Notify: Parameter Substitution: parameter "arrayFlightID_8" =  "0-6-2"	[MsgId: MMSG-13992]
Action.c(250): Notify: Parameter Substitution: parameter "ticketsPartID_14" =  "0"	[MsgId: MMSG-13992]
Action.c(248): Notify: Parameter Substitution: parameter "arrayFlightID_8" =  "0-6-2"	[MsgId: MMSG-13992]
Action.c(250): Notify: Parameter Substitution: parameter "ticketsPartID_15" =  "0"	[MsgId: MMSG-13992]
Action.c(248): Notify: Parameter Substitution: parameter "arrayFlightID_8" =  "0-6-2"	[MsgId: MMSG-13992]
Action.c(250): Notify: Parameter Substitution: parameter "ticketsPartID_16" =  "0"	[MsgId: MMSG-13992]
Action.c(248): Notify: Parameter Substitution: parameter "arrayFlightID_8" =  "0-6-2"	[MsgId: MMSG-13992]
Action.c(250): Notify: Parameter Substitution: parameter "ticketsPartID_17" =  "0"	[MsgId: MMSG-13992]
Action.c(248): Notify: Parameter Substitution: parameter "arrayFlightID_8" =  "0-6-2"	[MsgId: MMSG-13992]
Action.c(250): Notify: Parameter Substitution: parameter "ticketsPartID_18" =  "0"	[MsgId: MMSG-13992]
Action.c(261): Notify: Transaction "ñancel_reservation" ended with a "Fail" status (Duration: 5,0446 Think Time: 4,9997).	[MsgId: MMSG-16872]
Action.c(261): Notify: Transaction "ñancel_reservation" has 0 error message(s).	[MsgId: MMSG-16818]
Action.c(248): Notify: Parameter Substitution: parameter "arrayFlightID_8" =  "0-6-2"	[MsgId: MMSG-13992]
Action.c(250): Notify: Parameter Substitution: parameter "ticketsPartID_19" =  "5"	[MsgId: MMSG-13992]
Action.c(267): Error: Failed to end Transaction "ñancel_reservation" (by name). Please check that you made a call to start transaction operation.	[MsgId: MERR-16985]
End auto log messages stack.	[MsgId: MMSG-10544]


Start auto log messages stack - Iteration 30.	[MsgId: MMSG-10545]
Action.c(227):     </style><BR/><BR/><h1>&nbsp;&nbsp;<b>Itinerary</b></h1>\n
Action.c(227):     <blockquote><P break>Unfortunately, we could not delete your entire itinerary because of a
Action.c(227):      database synchronization error.  If you could please re-load your itinerary and try again
Action.c(227):     , we would appreciate it.  Thank you for your patience.</blockquote>\n
Action.c(227):     </body>\n
Action.c(227):     </html>
Action.c(227): t=3843694ms: 5-byte chunked response overhead for "http://localhost:1080/cgi-bin/itinerary.pl" (RelFrameId=1, Internal ID=807)
Action.c(227):     0\r\n
Action.c(227):     \r\n
Action.c(227): Error -35061: No match found for the requested parameter "ticketsPartID". Either the specified boundaries were not found in the response or the matched text is longer than current max html parameter size of 256 bytes. The total length of the response is 932 bytes. You can use "web_set_max_html_param_len" to increase the max parameter size.  	[MsgId: MERR-35061]
End auto log messages stack.	[MsgId: MMSG-10544]


Start auto log messages stack - Iteration 30.	[MsgId: MMSG-10545]
Action.c(227): Notify: Saving Parameter "ticketsPartID_count = 0".	[MsgId: MMSG-13798]
Action.c(227): Error -26366: "Text=<B>Gabbi Gackle
 's Flight Transaction Summary</B>" not found for web_reg_find  	[MsgId: MERR-26366]
End auto log messages stack.	[MsgId: MMSG-10544]


Start auto log messages stack - Iteration 48.	[MsgId: MMSG-10545]
Action.c(227):     </style><BR/><BR/><h1>&nbsp;&nbsp;<b>Itinerary</b></h1>\n
Action.c(227):     <blockquote><P break>Unfortunately, we could not delete your entire itinerary because of a
Action.c(227):      database synchronization error.  If you could please re-load your itinerary and try again
Action.c(227):     , we would appreciate it.  Thank you for your patience.</blockquote>\n
Action.c(227):     </body>\n
Action.c(227):     </html>
Action.c(227): t=3965549ms: 5-byte chunked response overhead for "http://localhost:1080/cgi-bin/itinerary.pl" (RelFrameId=1, Internal ID=1293)
Action.c(227):     0\r\n
Action.c(227):     \r\n
Action.c(227): Error -35061: No match found for the requested parameter "ticketsPartID". Either the specified boundaries were not found in the response or the matched text is longer than current max html parameter size of 256 bytes. The total length of the response is 932 bytes. You can use "web_set_max_html_param_len" to increase the max parameter size.  	[MsgId: MERR-35061]
End auto log messages stack.	[MsgId: MMSG-10544]


Start auto log messages stack - Iteration 48.	[MsgId: MMSG-10545]
Action.c(227): Notify: Saving Parameter "ticketsPartID_count = 0".	[MsgId: MMSG-13798]
Action.c(227): Error -26366: "Text=<B>Gabbie Gadsden
 's Flight Transaction Summary</B>" not found for web_reg_find  	[MsgId: MERR-26366]
End auto log messages stack.	[MsgId: MMSG-10544]


Start auto log messages stack - Iteration 41.	[MsgId: MMSG-10545]
Action.c(227):     </style><BR/><BR/><h1>&nbsp;&nbsp;<b>Itinerary</b></h1>\n
Action.c(227):     <blockquote><P break>Unfortunately, we could not delete your entire itinerary because of a
Action.c(227):      database synchronization error.  If you could please re-load your itinerary and try again
Action.c(227):     , we would appreciate it.  Thank you for your patience.</blockquote>\n
Action.c(227):     </body>\n
Action.c(227):     </html>
Action.c(227): t=4739518ms: 5-byte chunked response overhead for "http://localhost:1080/cgi-bin/itinerary.pl" (RelFrameId=1, Internal ID=1104)
Action.c(227):     0\r\n
Action.c(227):     \r\n
Action.c(227): Error -35061: No match found for the requested parameter "ticketsPartID". Either the specified boundaries were not found in the response or the matched text is longer than current max html parameter size of 256 bytes. The total length of the response is 932 bytes. You can use "web_set_max_html_param_len" to increase the max parameter size.  	[MsgId: MERR-35061]
End auto log messages stack.	[MsgId: MMSG-10544]


Start auto log messages stack - Iteration 41.	[MsgId: MMSG-10545]
Action.c(227): Notify: Saving Parameter "ticketsPartID_count = 0".	[MsgId: MMSG-13798]
Action.c(227): Error -26366: "Text=<B>Fabi Fabyan
 's Flight Transaction Summary</B>" not found for web_reg_find  	[MsgId: MERR-26366]
End auto log messages stack.	[MsgId: MMSG-10544]


Start auto log messages stack - Iteration 59.	[MsgId: MMSG-10545]
Action.c(227):     </style><BR/><BR/><h1>&nbsp;&nbsp;<b>Itinerary</b></h1>\n
Action.c(227):     <blockquote><P break>Unfortunately, we could not delete your entire itinerary because of a
Action.c(227):      database synchronization error.  If you could please re-load your itinerary and try again
Action.c(227):     , we would appreciate it.  Thank you for your patience.</blockquote>\n
Action.c(227):     </body>\n
Action.c(227):     </html>
Action.c(227): t=4917453ms: 5-byte chunked response overhead for "http://localhost:1080/cgi-bin/itinerary.pl" (RelFrameId=1, Internal ID=1590)
Action.c(227):     0\r\n
Action.c(227):     \r\n
Action.c(227): Error -35061: No match found for the requested parameter "ticketsPartID". Either the specified boundaries were not found in the response or the matched text is longer than current max html parameter size of 256 bytes. The total length of the response is 932 bytes. You can use "web_set_max_html_param_len" to increase the max parameter size.  	[MsgId: MERR-35061]
End auto log messages stack.	[MsgId: MMSG-10544]


Start auto log messages stack - Iteration 59.	[MsgId: MMSG-10545]
Action.c(227): Notify: Saving Parameter "ticketsPartID_count = 0".	[MsgId: MMSG-13798]
Action.c(227): Error -26366: "Text=<B>Stepan Oakman
 's Flight Transaction Summary</B>" not found for web_reg_find  	[MsgId: MERR-26366]
End auto log messages stack.	[MsgId: MMSG-10544]


Start auto log messages stack - Iteration 45.	[MsgId: MMSG-10545]
Action.c(227):     </style><BR/><BR/><h1>&nbsp;&nbsp;<b>Itinerary</b></h1>\n
Action.c(227):     <blockquote><P break>Unfortunately, we could not delete your entire itinerary because of a
Action.c(227):      database synchronization error.  If you could please re-load your itinerary and try again
Action.c(227):     , we would appreciate it.  Thank you for your patience.</blockquote>\n
Action.c(227):     </body>\n
Action.c(227):     </html>
Action.c(227): t=5075527ms: 5-byte chunked response overhead for "http://localhost:1080/cgi-bin/itinerary.pl" (RelFrameId=1, Internal ID=1209)
Action.c(227):     0\r\n
Action.c(227):     \r\n
Action.c(227): Error -35061: No match found for the requested parameter "ticketsPartID". Either the specified boundaries were not found in the response or the matched text is longer than current max html parameter size of 256 bytes. The total length of the response is 932 bytes. You can use "web_set_max_html_param_len" to increase the max parameter size.  	[MsgId: MERR-35061]
End auto log messages stack.	[MsgId: MMSG-10544]


Start auto log messages stack - Iteration 45.	[MsgId: MMSG-10545]
Action.c(227): Notify: Saving Parameter "ticketsPartID_count = 0".	[MsgId: MMSG-13798]
Action.c(227): Error -26366: "Text=<B>Lena Bukina
 's Flight Transaction Summary</B>" not found for web_reg_find  	[MsgId: MERR-26366]
End auto log messages stack.	[MsgId: MMSG-10544]


Start auto log messages stack - Iteration 62.	[MsgId: MMSG-10545]
Action.c(227):     </style><BR/><BR/><h1>&nbsp;&nbsp;<b>Itinerary</b></h1>\n
Action.c(227):     <blockquote><P break>Unfortunately, we could not delete your entire itinerary because of a
Action.c(227):      database synchronization error.  If you could please re-load your itinerary and try again
Action.c(227):     , we would appreciate it.  Thank you for your patience.</blockquote>\n
Action.c(227):     </body>\n
Action.c(227):     </html>
Action.c(227): t=5169451ms: 5-byte chunked response overhead for "http://localhost:1080/cgi-bin/itinerary.pl" (RelFrameId=1, Internal ID=1668)
Action.c(227):     0\r\n
Action.c(227):     \r\n
Action.c(227): Error -35061: No match found for the requested parameter "ticketsPartID". Either the specified boundaries were not found in the response or the matched text is longer than current max html parameter size of 256 bytes. The total length of the response is 932 bytes. You can use "web_set_max_html_param_len" to increase the max parameter size.  	[MsgId: MERR-35061]
End auto log messages stack.	[MsgId: MMSG-10544]


Start auto log messages stack - Iteration 62.	[MsgId: MMSG-10545]
Action.c(227): Notify: Saving Parameter "ticketsPartID_count = 0".	[MsgId: MMSG-13798]
Action.c(227): Error -26366: "Text=<B>Anton Duncan
 's Flight Transaction Summary</B>" not found for web_reg_find  	[MsgId: MERR-26366]
End auto log messages stack.	[MsgId: MMSG-10544]


Start auto log messages stack - Iteration 64.	[MsgId: MMSG-10545]
Action.c(227):     </style><BR/><BR/><h1>&nbsp;&nbsp;<b>Itinerary</b></h1>\n
Action.c(227):     <blockquote><P break>Unfortunately, we could not delete your entire itinerary because of a
Action.c(227):      database synchronization error.  If you could please re-load your itinerary and try again
Action.c(227):     , we would appreciate it.  Thank you for your patience.</blockquote>\n
Action.c(227):     </body>\n
Action.c(227):     </html>
Action.c(227): t=5337491ms: 5-byte chunked response overhead for "http://localhost:1080/cgi-bin/itinerary.pl" (RelFrameId=1, Internal ID=1719)
Action.c(227):     0\r\n
Action.c(227):     \r\n
Action.c(227): Error -35061: No match found for the requested parameter "ticketsPartID". Either the specified boundaries were not found in the response or the matched text is longer than current max html parameter size of 256 bytes. The total length of the response is 932 bytes. You can use "web_set_max_html_param_len" to increase the max parameter size.  	[MsgId: MERR-35061]
End auto log messages stack.	[MsgId: MMSG-10544]


Start auto log messages stack - Iteration 64.	[MsgId: MMSG-10545]
Action.c(227): Notify: Saving Parameter "ticketsPartID_count = 0".	[MsgId: MMSG-13798]
Action.c(227): Error -26366: "Text=<B>Stepan Oakman
 's Flight Transaction Summary</B>" not found for web_reg_find  	[MsgId: MERR-26366]
End auto log messages stack.	[MsgId: MMSG-10544]


Start auto log messages stack - Iteration 17.	[MsgId: MMSG-10545]
Action.c(227):     </style><BR/><BR/><h1>&nbsp;&nbsp;<b>Itinerary</b></h1>\n
Action.c(227):     <blockquote><P break>Unfortunately, we could not delete your entire itinerary because of a
Action.c(227):      database synchronization error.  If you could please re-load your itinerary and try again
Action.c(227):     , we would appreciate it.  Thank you for your patience.</blockquote>\n
Action.c(227):     </body>\n
Action.c(227):     </html>
Action.c(227): t=5451072ms: 5-byte chunked response overhead for "http://localhost:1080/cgi-bin/itinerary.pl" (RelFrameId=1, Internal ID=456)
Action.c(227):     0\r\n
Action.c(227):     \r\n
Action.c(227): Error -35061: No match found for the requested parameter "ticketsPartID". Either the specified boundaries were not found in the response or the matched text is longer than current max html parameter size of 256 bytes. The total length of the response is 932 bytes. You can use "web_set_max_html_param_len" to increase the max parameter size.  	[MsgId: MERR-35061]
End auto log messages stack.	[MsgId: MMSG-10544]


Start auto log messages stack - Iteration 17.	[MsgId: MMSG-10545]
Action.c(227): Notify: Saving Parameter "ticketsPartID_count = 0".	[MsgId: MMSG-13798]
Action.c(227): Error -26366: "Text=<B>Stepan Oakman
 's Flight Transaction Summary</B>" not found for web_reg_find  	[MsgId: MERR-26366]
End auto log messages stack.	[MsgId: MMSG-10544]


Start auto log messages stack - Iteration 18.	[MsgId: MMSG-10545]
Action.c(227):     </style><BR/><BR/><h1>&nbsp;&nbsp;<b>Itinerary</b></h1>\n
Action.c(227):     <blockquote><P break>Unfortunately, we could not delete your entire itinerary because of a
Action.c(227):      database synchronization error.  If you could please re-load your itinerary and try again
Action.c(227):     , we would appreciate it.  Thank you for your patience.</blockquote>\n
Action.c(227):     </body>\n
Action.c(227):     </html>
Action.c(227): t=5542717ms: 5-byte chunked response overhead for "http://localhost:1080/cgi-bin/itinerary.pl" (RelFrameId=1, Internal ID=480)
Action.c(227):     0\r\n
Action.c(227):     \r\n
Action.c(227): Error -35061: No match found for the requested parameter "ticketsPartID". Either the specified boundaries were not found in the response or the matched text is longer than current max html parameter size of 256 bytes. The total length of the response is 932 bytes. You can use "web_set_max_html_param_len" to increase the max parameter size.  	[MsgId: MERR-35061]
End auto log messages stack.	[MsgId: MMSG-10544]


Start auto log messages stack - Iteration 18.	[MsgId: MMSG-10545]
Action.c(227): Notify: Saving Parameter "ticketsPartID_count = 0".	[MsgId: MMSG-13798]
Action.c(227): Error -26366: "Text=<B>Aalst Abbeville
 's Flight Transaction Summary</B>" not found for web_reg_find  	[MsgId: MERR-26366]
End auto log messages stack.	[MsgId: MMSG-10544]


Start auto log messages stack - Iteration 67.	[MsgId: MMSG-10545]
Action.c(227):     </style><BR/><BR/><h1>&nbsp;&nbsp;<b>Itinerary</b></h1>\n
Action.c(227):     <blockquote><P break>Unfortunately, we could not delete your entire itinerary because of a
Action.c(227):      database synchronization error.  If you could please re-load your itinerary and try again
Action.c(227):     , we would appreciate it.  Thank you for your patience.</blockquote>\n
Action.c(227):     </body>\n
Action.c(227):     </html>
Action.c(227): t=5584254ms: 5-byte chunked response overhead for "http://localhost:1080/cgi-bin/itinerary.pl" (RelFrameId=1, Internal ID=1803)
Action.c(227):     0\r\n
Action.c(227):     \r\n
Action.c(227): Error -35061: No match found for the requested parameter "ticketsPartID". Either the specified boundaries were not found in the response or the matched text is longer than current max html parameter size of 256 bytes. The total length of the response is 932 bytes. You can use "web_set_max_html_param_len" to increase the max parameter size.  	[MsgId: MERR-35061]
End auto log messages stack.	[MsgId: MMSG-10544]


Start auto log messages stack - Iteration 67.	[MsgId: MMSG-10545]
Action.c(227): Notify: Saving Parameter "ticketsPartID_count = 0".	[MsgId: MMSG-13798]
Action.c(227): Error -26366: "Text=<B>Vanya Cramer
 's Flight Transaction Summary</B>" not found for web_reg_find  	[MsgId: MERR-26366]
End auto log messages stack.	[MsgId: MMSG-10544]


Start auto log messages stack - Iteration 36.	[MsgId: MMSG-10545]
Action.c(227):     </style><BR/><BR/><h1>&nbsp;&nbsp;<b>Itinerary</b></h1>\n
Action.c(227):     <blockquote><P break>Unfortunately, we could not delete your entire itinerary because of a
Action.c(227):      database synchronization error.  If you could please re-load your itinerary and try again
Action.c(227):     , we would appreciate it.  Thank you for your patience.</blockquote>\n
Action.c(227):     </body>\n
Action.c(227):     </html>
Action.c(227): t=5742839ms: 5-byte chunked response overhead for "http://localhost:1080/cgi-bin/itinerary.pl" (RelFrameId=1, Internal ID=969)
Action.c(227):     0\r\n
Action.c(227):     \r\n
Action.c(227): Error -35061: No match found for the requested parameter "ticketsPartID". Either the specified boundaries were not found in the response or the matched text is longer than current max html parameter size of 256 bytes. The total length of the response is 932 bytes. You can use "web_set_max_html_param_len" to increase the max parameter size.  	[MsgId: MERR-35061]
End auto log messages stack.	[MsgId: MMSG-10544]


Start auto log messages stack - Iteration 36.	[MsgId: MMSG-10545]
Action.c(227): Notify: Saving Parameter "ticketsPartID_count = 0".	[MsgId: MMSG-13798]
Action.c(227): Error -26366: "Text=<B>Sasha Otis
 's Flight Transaction Summary</B>" not found for web_reg_find  	[MsgId: MERR-26366]
End auto log messages stack.	[MsgId: MMSG-10544]


Start auto log messages stack - Iteration 53.	[MsgId: MMSG-10545]
Action.c(227):     </style><BR/><BR/><h1>&nbsp;&nbsp;<b>Itinerary</b></h1>\n
Action.c(227):     <blockquote><P break>Unfortunately, we could not delete your entire itinerary because of a
Action.c(227):      database synchronization error.  If you could please re-load your itinerary and try again
Action.c(227):     , we would appreciate it.  Thank you for your patience.</blockquote>\n
Action.c(227):     </body>\n
Action.c(227):     </html>
Action.c(227): t=5792173ms: 5-byte chunked response overhead for "http://localhost:1080/cgi-bin/itinerary.pl" (RelFrameId=1, Internal ID=1422)
Action.c(227):     0\r\n
Action.c(227):     \r\n
Action.c(227): Error -35061: No match found for the requested parameter "ticketsPartID". Either the specified boundaries were not found in the response or the matched text is longer than current max html parameter size of 256 bytes. The total length of the response is 932 bytes. You can use "web_set_max_html_param_len" to increase the max parameter size.  	[MsgId: MERR-35061]
End auto log messages stack.	[MsgId: MMSG-10544]


Start auto log messages stack - Iteration 53.	[MsgId: MMSG-10545]
Action.c(227): Notify: Saving Parameter "ticketsPartID_count = 0".	[MsgId: MMSG-13798]
Action.c(227): Error -26366: "Text=<B>Lena Bukina
 's Flight Transaction Summary</B>" not found for web_reg_find  	[MsgId: MERR-26366]
End auto log messages stack.	[MsgId: MMSG-10544]


Start auto log messages stack - Iteration 56.	[MsgId: MMSG-10545]
Action.c(227):     </style><BR/><BR/><h1>&nbsp;&nbsp;<b>Itinerary</b></h1>\n
Action.c(227):     <blockquote><P break>Unfortunately, we could not delete your entire itinerary because of a
Action.c(227):      database synchronization error.  If you could please re-load your itinerary and try again
Action.c(227):     , we would appreciate it.  Thank you for your patience.</blockquote>\n
Action.c(227):     </body>\n
Action.c(227):     </html>
Action.c(227): t=6081725ms: 5-byte chunked response overhead for "http://localhost:1080/cgi-bin/itinerary.pl" (RelFrameId=1, Internal ID=1506)
Action.c(227):     0\r\n
Action.c(227):     \r\n
Action.c(227): Error -35061: No match found for the requested parameter "ticketsPartID". Either the specified boundaries were not found in the response or the matched text is longer than current max html parameter size of 256 bytes. The total length of the response is 932 bytes. You can use "web_set_max_html_param_len" to increase the max parameter size.  	[MsgId: MERR-35061]
End auto log messages stack.	[MsgId: MMSG-10544]


Start auto log messages stack - Iteration 56.	[MsgId: MMSG-10545]
Action.c(227): Notify: Saving Parameter "ticketsPartID_count = 0".	[MsgId: MMSG-13798]
Action.c(227): Error -26366: "Text=<B>Stepan Oakman
 's Flight Transaction Summary</B>" not found for web_reg_find  	[MsgId: MERR-26366]
End auto log messages stack.	[MsgId: MMSG-10544]


Start auto log messages stack - Iteration 24.	[MsgId: MMSG-10545]
Action.c(227):     </style><BR/><BR/><h1>&nbsp;&nbsp;<b>Itinerary</b></h1>\n
Action.c(227):     <blockquote><P break>Unfortunately, we could not delete your entire itinerary because of a
Action.c(227):      database synchronization error.  If you could please re-load your itinerary and try again
Action.c(227):     , we would appreciate it.  Thank you for your patience.</blockquote>\n
Action.c(227):     </body>\n
Action.c(227):     </html>
Action.c(227): t=6101905ms: 5-byte chunked response overhead for "http://localhost:1080/cgi-bin/itinerary.pl" (RelFrameId=1, Internal ID=645)
Action.c(227):     0\r\n
Action.c(227):     \r\n
Action.c(227): Error -35061: No match found for the requested parameter "ticketsPartID". Either the specified boundaries were not found in the response or the matched text is longer than current max html parameter size of 256 bytes. The total length of the response is 932 bytes. You can use "web_set_max_html_param_len" to increase the max parameter size.  	[MsgId: MERR-35061]
End auto log messages stack.	[MsgId: MMSG-10544]


Start auto log messages stack - Iteration 24.	[MsgId: MMSG-10545]
Action.c(227): Notify: Saving Parameter "ticketsPartID_count = 0".	[MsgId: MMSG-13798]
Action.c(227): Error -26366: "Text=<B>Stepan Oakman
 's Flight Transaction Summary</B>" not found for web_reg_find  	[MsgId: MERR-26366]
End auto log messages stack.	[MsgId: MMSG-10544]


Start auto log messages stack - Iteration 74.	[MsgId: MMSG-10545]
Action.c(227):     </style><BR/><BR/><h1>&nbsp;&nbsp;<b>Itinerary</b></h1>\n
Action.c(227):     <blockquote><P break>Unfortunately, we could not delete your entire itinerary because of a
Action.c(227):      database synchronization error.  If you could please re-load your itinerary and try again
Action.c(227):     , we would appreciate it.  Thank you for your patience.</blockquote>\n
Action.c(227):     </body>\n
Action.c(227):     </html>
Action.c(227): t=6226447ms: 5-byte chunked response overhead for "http://localhost:1080/cgi-bin/itinerary.pl" (RelFrameId=1, Internal ID=1986)
Action.c(227):     0\r\n
Action.c(227):     \r\n
Action.c(227): Error -35061: No match found for the requested parameter "ticketsPartID". Either the specified boundaries were not found in the response or the matched text is longer than current max html parameter size of 256 bytes. The total length of the response is 932 bytes. You can use "web_set_max_html_param_len" to increase the max parameter size.  	[MsgId: MERR-35061]
End auto log messages stack.	[MsgId: MMSG-10544]


Start auto log messages stack - Iteration 74.	[MsgId: MMSG-10545]
Action.c(227): Notify: Saving Parameter "ticketsPartID_count = 0".	[MsgId: MMSG-13798]
Action.c(227): Error -26366: "Text=<B>Stepan Oakman
 's Flight Transaction Summary</B>" not found for web_reg_find  	[MsgId: MERR-26366]
End auto log messages stack.	[MsgId: MMSG-10544]


Start auto log messages stack - Iteration 27.	[MsgId: MMSG-10545]
Action.c(227):     </style><BR/><BR/><h1>&nbsp;&nbsp;<b>Itinerary</b></h1>\n
Action.c(227):     <blockquote><P break>Unfortunately, we could not delete your entire itinerary because of a
Action.c(227):      database synchronization error.  If you could please re-load your itinerary and try again
Action.c(227):     , we would appreciate it.  Thank you for your patience.</blockquote>\n
Action.c(227):     </body>\n
Action.c(227):     </html>
Action.c(227): t=6329670ms: 5-byte chunked response overhead for "http://localhost:1080/cgi-bin/itinerary.pl" (RelFrameId=1, Internal ID=720)
Action.c(227):     0\r\n
Action.c(227):     \r\n
Action.c(227): Error -35061: No match found for the requested parameter "ticketsPartID". Either the specified boundaries were not found in the response or the matched text is longer than current max html parameter size of 256 bytes. The total length of the response is 932 bytes. You can use "web_set_max_html_param_len" to increase the max parameter size.  	[MsgId: MERR-35061]
End auto log messages stack.	[MsgId: MMSG-10544]


Start auto log messages stack - Iteration 27.	[MsgId: MMSG-10545]
Action.c(227): Notify: Saving Parameter "ticketsPartID_count = 0".	[MsgId: MMSG-13798]
Action.c(227): Error -26366: "Text=<B>Cacie Cabazon
 's Flight Transaction Summary</B>" not found for web_reg_find  	[MsgId: MERR-26366]
End auto log messages stack.	[MsgId: MMSG-10544]


Start auto log messages stack - Iteration 77.	[MsgId: MMSG-10545]
Action.c(227):     </style><BR/><BR/><h1>&nbsp;&nbsp;<b>Itinerary</b></h1>\n
Action.c(227):     <blockquote><P break>Unfortunately, we could not delete your entire itinerary because of a
Action.c(227):      database synchronization error.  If you could please re-load your itinerary and try again
Action.c(227):     , we would appreciate it.  Thank you for your patience.</blockquote>\n
Action.c(227):     </body>\n
Action.c(227):     </html>
Action.c(227): t=6484402ms: 5-byte chunked response overhead for "http://localhost:1080/cgi-bin/itinerary.pl" (RelFrameId=1, Internal ID=2064)
Action.c(227):     0\r\n
Action.c(227):     \r\n
Action.c(227): Error -35061: No match found for the requested parameter "ticketsPartID". Either the specified boundaries were not found in the response or the matched text is longer than current max html parameter size of 256 bytes. The total length of the response is 932 bytes. You can use "web_set_max_html_param_len" to increase the max parameter size.  	[MsgId: MERR-35061]
End auto log messages stack.	[MsgId: MMSG-10544]


Start auto log messages stack - Iteration 77.	[MsgId: MMSG-10545]
Action.c(227): Notify: Saving Parameter "ticketsPartID_count = 0".	[MsgId: MMSG-13798]
Action.c(227): Error -26366: "Text=<B>Stepan Oakman
 's Flight Transaction Summary</B>" not found for web_reg_find  	[MsgId: MERR-26366]
End auto log messages stack.	[MsgId: MMSG-10544]


Start auto log messages stack - Iteration 61.	[MsgId: MMSG-10545]
Action.c(227):     </style><BR/><BR/><h1>&nbsp;&nbsp;<b>Itinerary</b></h1>\n
Action.c(227):     <blockquote><P break>Unfortunately, we could not delete your entire itinerary because of a
Action.c(227):      database synchronization error.  If you could please re-load your itinerary and try again
Action.c(227):     , we would appreciate it.  Thank you for your patience.</blockquote>\n
Action.c(227):     </body>\n
Action.c(227):     </html>
Action.c(227): t=6499514ms: 5-byte chunked response overhead for "http://localhost:1080/cgi-bin/itinerary.pl" (RelFrameId=1, Internal ID=1638)
Action.c(227):     0\r\n
Action.c(227):     \r\n
Action.c(227): Error -35061: No match found for the requested parameter "ticketsPartID". Either the specified boundaries were not found in the response or the matched text is longer than current max html parameter size of 256 bytes. The total length of the response is 932 bytes. You can use "web_set_max_html_param_len" to increase the max parameter size.  	[MsgId: MERR-35061]
End auto log messages stack.	[MsgId: MMSG-10544]


Start auto log messages stack - Iteration 61.	[MsgId: MMSG-10545]
Action.c(227): Notify: Saving Parameter "ticketsPartID_count = 0".	[MsgId: MMSG-13798]
Action.c(227): Error -26366: "Text=<B>Stepan Oakman
 's Flight Transaction Summary</B>" not found for web_reg_find  	[MsgId: MERR-26366]
End auto log messages stack.	[MsgId: MMSG-10544]


Start auto log messages stack - Iteration 30.	[MsgId: MMSG-10545]
Action.c(227):     </style><BR/><BR/><h1>&nbsp;&nbsp;<b>Itinerary</b></h1>\n
Action.c(227):     <blockquote><P break>Unfortunately, we could not delete your entire itinerary because of a
Action.c(227):      database synchronization error.  If you could please re-load your itinerary and try again
Action.c(227):     , we would appreciate it.  Thank you for your patience.</blockquote>\n
Action.c(227):     </body>\n
Action.c(227):     </html>
Action.c(227): t=6589039ms: 5-byte chunked response overhead for "http://localhost:1080/cgi-bin/itinerary.pl" (RelFrameId=1, Internal ID=798)
Action.c(227):     0\r\n
Action.c(227):     \r\n
Action.c(227): Error -35061: No match found for the requested parameter "ticketsPartID". Either the specified boundaries were not found in the response or the matched text is longer than current max html parameter size of 256 bytes. The total length of the response is 932 bytes. You can use "web_set_max_html_param_len" to increase the max parameter size.  	[MsgId: MERR-35061]
End auto log messages stack.	[MsgId: MMSG-10544]


Start auto log messages stack - Iteration 30.	[MsgId: MMSG-10545]
Action.c(227): Notify: Saving Parameter "ticketsPartID_count = 0".	[MsgId: MMSG-13798]
Action.c(227): Error -26366: "Text=<B>Olya Oldman
 's Flight Transaction Summary</B>" not found for web_reg_find  	[MsgId: MERR-26366]
End auto log messages stack.	[MsgId: MMSG-10544]


Start auto log messages stack - Iteration 79.	[MsgId: MMSG-10545]
Action.c(227):     </style><BR/><BR/><h1>&nbsp;&nbsp;<b>Itinerary</b></h1>\n
Action.c(227):     <blockquote><P break>Unfortunately, we could not delete your entire itinerary because of a
Action.c(227):      database synchronization error.  If you could please re-load your itinerary and try again
Action.c(227):     , we would appreciate it.  Thank you for your patience.</blockquote>\n
Action.c(227):     </body>\n
Action.c(227):     </html>
Action.c(227): t=6653578ms: 5-byte chunked response overhead for "http://localhost:1080/cgi-bin/itinerary.pl" (RelFrameId=1, Internal ID=2115)
Action.c(227):     0\r\n
Action.c(227):     \r\n
Action.c(227): Error -35061: No match found for the requested parameter "ticketsPartID". Either the specified boundaries were not found in the response or the matched text is longer than current max html parameter size of 256 bytes. The total length of the response is 932 bytes. You can use "web_set_max_html_param_len" to increase the max parameter size.  	[MsgId: MERR-35061]
End auto log messages stack.	[MsgId: MMSG-10544]


Start auto log messages stack - Iteration 79.	[MsgId: MMSG-10545]
Action.c(227): Notify: Saving Parameter "ticketsPartID_count = 0".	[MsgId: MMSG-13798]
Action.c(227): Error -26366: "Text=<B>Baalbeer Bache
 's Flight Transaction Summary</B>" not found for web_reg_find  	[MsgId: MERR-26366]
End auto log messages stack.	[MsgId: MMSG-10544]


